Mon Jun 29 11:48:15 CDT 2020
Tri-fin dawn patrol: Compiling maximal v4.33.


                                               < cleanup_set_all >
Surf wave report summary: 
._                                                                                                                            
\\\_M                                                                                                                         
\\\\\_H                                                                                            \v/                        
\\\\\\\_A_________.~~.o.~"~._.~`"~._.~"~._.~"~._.~"~._.~`"~._.~"~._.~"~._^_.~"~._.~"~._.~"~._.~`"~.-0-.~"~._.~"~._.~"~._.~"~._
```````^:^````````                                                                                 /|\                        
First and last runs:
v4.33	Jun 29 11:48:20 2020	 x0	1000	0.510	NDG: 0 	RND:	         waves/seals/vnd_ex3_Dmela.txt (+) ( 956 bp) REC:1000	M: 4	-
v4.33	Jun 29 11:49:05 2020	 x1	1000	0.477	NDG: 0 	RND:	waves/tubespit/seq-161-wuhCor1-03-synth2.txt (-) (  44 bp) REC:1000	M: 2	bslip sum 1

Number of tests initiated:         816

Number of tests completed:         816

Number of tests w/ PASS 1000:      816

Number of tests w/ REC. 1000:      816

Number of tests w/ nudging:        0

Number of tests w/ checktransit:   0

WCR average: 0.504137

Tests with PASS < 1000 (if any):

Tests with REC. < 1000 (if any):

Tests with nudging (if any):

Tests canceled (if any, w/ preceding run for context):

Line counts:
    1972 src/mha_v4.33.c
    1369 src/microhom-cinc.h
     139 src/microhom-devl.h
     113 src/microhom-skor.h
    1918 src/microhom-tela.h
    1715 src/microhomology.h
    7226 total

Commit WCR average (PISO = 5): 0.504137 (chowder-free)
Commit WCR average (PISO = 4): 0.500634 (chowder-free)
Commit WCR average (PISO = 3): 0.492961 (chowder-free)


                                               < eat chowder >
Surf wave report summary: 
._                                                                                                                            
\\\_M                                                                                                                         
\\\\\_H                                                                                            \v/                        
\\\\\\\_A_________.~~.o.~"~._.~`"~._.~"~._.~"~._.~"~._.~`"~._.~"~._.~"~._^_.~"~._.~"~._.~"~._.~`"~.-0-.~"~._.~"~._.~"~._.~"~._
```````^:^````````                                                                                 /|\                        
First and last runs:
v4.33	Jun 29 11:51:38 2020	 x0	1000	0.470	NDG: 0 	RND:	         waves/chowder/flotsam_06F.txt (+) ( 100 bp) REC:1000	M: 4	-
v4.33	Jun 29 11:51:39 2020	 x0	1000	0.560	NDG: 0 	RND:	               waves/chowder/s40-k.txt (+) ( 100 bp) REC:1000	M: 2	-

Number of tests initiated:         82

Number of tests completed:         82

Number of tests w/ PASS 1000:      82

Number of tests w/ REC. 1000:      82

Number of tests w/ nudging:        0

Number of tests w/ checktransit:   0

WCR average: 0.468256

Tests with PASS < 1000 (if any):

Tests with REC. < 1000 (if any):

Tests with nudging (if any):

Tests canceled (if any, w/ preceding run for context):

Line counts:
    1972 src/mha_v4.33.c
    1369 src/microhom-cinc.h
     139 src/microhom-devl.h
     113 src/microhom-skor.h
    1918 src/microhom-tela.h
    1715 src/microhomology.h
    7226 total

Current commit WCR average of 82 (PISO=5|4|3): 0.468256 (chowder-free)


                                               < eat chowdah: cinch-k k=1 only >
Surf wave report summary: 
._                                                                                                                            
\\\_M                                                                                                                         
\\\\\_H                                                                                            \v/                        
\\\\\\\_A_________.~~.o.~"~._.~`"~._.~"~._.~"~._.~"~._.~`"~._.~"~._.~"~._^_.~"~._.~"~._.~"~._.~`"~.-0-.~"~._.~"~._.~"~._.~"~._
```````^:^````````                                                                                 /|\                        
First and last runs:
v4.33	Jun 29 11:51:44 2020	 x0	1000	0.470	NDG: 0 	RND:	         waves/chowder/flotsam_06F.txt (+) ( 100 bp) REC:1000	M: 4	-
v4.33	Jun 29 11:51:46 2020	 x0	1000	0.580	NDG: 0 	RND:	               waves/chowder/s40-k.txt (+) ( 100 bp) REC:1000	M: 2	-

Number of tests initiated:         82

Number of tests completed:         82

Number of tests w/ PASS 1000:      82

Number of tests w/ REC. 1000:      82

Number of tests w/ nudging:        0

Number of tests w/ checktransit:   0

WCR average: 0.473622

Tests with PASS < 1000 (if any):

Tests with REC. < 1000 (if any):

Tests with nudging (if any):

Tests canceled (if any, w/ preceding run for context):

Line counts:
    1972 src/mha_v4.33.c
    1369 src/microhom-cinc.h
     139 src/microhom-devl.h
     113 src/microhom-skor.h
    1918 src/microhom-tela.h
    1715 src/microhomology.h
    7226 total

Current commit WCR average of 82, allowing only k = 1 in cinch-k (PISO=5|4|3): 0.473622 (chowdah-free)


                                               < eat nuggets >
Surf wave report summary: 
._                                                                                                                            
\\\_M                                                                                                                         
\\\\\_H                                                                                            \v/                        
\\\\\\\_A_________.~~.o.~"~._.~`"~._.~"~._.~"~._.~"~._.~`"~._.~"~._.~"~._^_.~"~._.~"~._.~"~._.~`"~.-0-.~"~._.~"~._.~"~._.~"~._
```````^:^````````                                                                                 /|\                        
First and last runs:
v4.33	Jun 29 11:51:50 2020	 x0	1000	0.460	NDG: 0 	RND:	        waves/chowder/nugget-42356.txt (+) ( 100 bp) REC:1000	M: 4	-
v4.33	Jun 29 11:51:51 2020	 x0	1000	0.400	NDG: 0 	RND:	        waves/chowder/nugget-00008.txt (+) ( 100 bp) REC:1000	M: 2	-

Number of tests initiated:         11

Number of tests completed:         11

Number of tests w/ PASS 1000:      11

Number of tests w/ REC. 1000:      11

Number of tests w/ nudging:        0

Number of tests w/ checktransit:   0

WCR average: 0.453636

Tests with PASS < 1000 (if any):

Tests with REC. < 1000 (if any):

Tests with nudging (if any):

Tests canceled (if any, w/ preceding run for context):

Line counts:
    1972 src/mha_v4.33.c
    1369 src/microhom-cinc.h
     139 src/microhom-devl.h
     113 src/microhom-skor.h
    1918 src/microhom-tela.h
    1715 src/microhomology.h
    7226 total

Commit WCR average of 11 (PISO = 5|4|3): 0.451818 <-> 0.453636 (chowder-free)


                                               < fractal_splitting >
Surf wave report summary: 
._                                                                                                                            
\\\_M                                                                                                                         
\\\\\_H                                                                                            \v/                        
\\\\\\\_A_________.~~.o.~"~._.~`"~._.~"~._.~"~._.~"~._.~`"~._.~"~._.~"~._^_.~"~._.~"~._.~"~._.~`"~.-0-.~"~._.~"~._.~"~._.~"~._
```````^:^````````                                                                                 /|\                        
First and last runs:
v4.33	Jun 29 11:51:53 2020	 x0	1000	0.471	NDG: 0 	RND:	       waves/chowder/seq26-snippet.txt (+) (  68 bp) REC:1000	M: 3	-
v4.33	Jun 29 11:51:55 2020	 x0	1000	0.484	NDG: 0 	RND:	waves/chowder/snippet-seq-014-cycle3.txt (+) (  31 bp) REC:1000	M: 4	-

Number of tests initiated:         6

Number of tests completed:         6

Number of tests w/ PASS 1000:      6

Number of tests w/ REC. 1000:      6

Number of tests w/ nudging:        0

Number of tests w/ checktransit:   0

WCR average: 0.372

Tests with PASS < 1000 (if any):

Tests with REC. < 1000 (if any):

Tests with nudging (if any):

Tests canceled (if any, w/ preceding run for context):

Line counts:
    1972 src/mha_v4.33.c
    1369 src/microhom-cinc.h
     139 src/microhom-devl.h
     113 src/microhom-skor.h
    1918 src/microhom-tela.h
    1715 src/microhomology.h
    7226 total

Current commit WCR average of 6 (PISO = 5|4|3): 0.372 (chowder-free)


                                               < sand_dunes >
Surf wave report summary: 
._                                                                                                                            
\\\_M                                                                                                                         
\\\\\_H                                                                                            \v/                        
\\\\\\\_A_________.~~.o.~"~._.~`"~._.~"~._.~"~._.~"~._.~`"~._.~"~._.~"~._^_.~"~._.~"~._.~"~._.~`"~.-0-.~"~._.~"~._.~"~._.~"~._
```````^:^````````                                                                                 /|\                        
First and last runs:
v4.33	Jun 29 11:51:57 2020	 x0	1000	0.590	NDG: 0 	RND:	    waves/tubespit/seq-017-variant.txt (+) (  39 bp) REC:1000	M: 2	-
v4.33	Jun 29 11:52:04 2020	 x0	1000	0.136	NDG: 0 	RND:	        waves/chowder/abba_zabba_4.txt (+) (  22 ch) REC:1000	M: 2	-

Number of tests initiated:         22

Number of tests completed:         22

Number of tests w/ PASS 1000:      22

Number of tests w/ REC. 1000:      22

Number of tests w/ nudging:        0

Number of tests w/ checktransit:   0

WCR average: 0.373591

Tests with PASS < 1000 (if any):

Tests with REC. < 1000 (if any):

Tests with nudging (if any):

Tests canceled (if any, w/ preceding run for context):

Line counts:
    1972 src/mha_v4.33.c
    1369 src/microhom-cinc.h
     139 src/microhom-devl.h
     113 src/microhom-skor.h
    1918 src/microhom-tela.h
    1715 src/microhomology.h
    7226 total

Current commit WCR average of 22 (PISO = 5|4|3): 0.373591 (chowder-free)


                                               < churly churly >
Surf wave report summary: 
._                                                                                                                            
\\\_M                                                                                                                         
\\\\\_H                                                                                            \v/                        
\\\\\\\_A_________.~~.o.~"~._.~`"~._.~"~._.~"~._.~"~._.~`"~._.~"~._.~"~._^_.~"~._.~"~._.~"~._.~`"~.-0-.~"~._.~"~._.~"~._.~"~._
```````^:^````````                                                                                 /|\                        
First and last runs:
v4.33	Jun 29 11:52:08 2020	 x0	1000	0.510	NDG: 0 	RND:	           waves/chowder/churly-01.txt (+) ( 100 bp) REC:1000	M: 4	-
v4.33	Jun 29 11:52:13 2020	 x0	1000	0.510	NDG: 0 	RND:	           waves/chowder/churly-21.txt (+) ( 100 bp) REC:1000	M: 3	-

Number of tests initiated:         21

Number of tests completed:         21

Number of tests w/ PASS 1000:      21

Number of tests w/ REC. 1000:      21

Number of tests w/ nudging:        0

Number of tests w/ checktransit:   0

WCR average: 0.457619

Tests with PASS < 1000 (if any):

Tests with REC. < 1000 (if any):

Tests with nudging (if any):

Tests canceled (if any, w/ preceding run for context):

Line counts:
    1972 src/mha_v4.33.c
    1369 src/microhom-cinc.h
     139 src/microhom-devl.h
     113 src/microhom-skor.h
    1918 src/microhom-tela.h
    1715 src/microhomology.h
    7226 total

Commit WCR average of 21 (PISO = 5|4|3): 0.457619 (chowder-free)

                                               < vnd_getworked_ragdoll >
Mon Jun 29 11:59:05 CDT 2020
Tri-fin dawn patrol: Compiling maximal v4.33.

Surf wave report summary: 
._                                                                                                                            
\\\_M                                                                                                                         
\\\\\_H                                                                                            \v/                        
\\\\\\\_A_________.~~.o.~"~._.~`"~._.~"~._.~"~._.~"~._.~`"~._.~"~._.~"~._^_.~"~._.~"~._.~"~._.~`"~.-0-.~"~._.~"~._.~"~._.~"~._
```````^:^````````                                                                                 /|\                        
First and last runs:
v4.33	Jun 29 11:59:09 2020	 x0	1000	0.480	NDG: 0 	RND:XX	         waves/seals/vnd_ex3_Dmela.txt (+) ( 100 bp) REC:1000	M: 2	-
v4.33	Jun 29 12:55:10 2020	 x0	1000	0.620	NDG: 0 	RND:XX	        waves/sharks/vnd_NEE_Dsuzu.txt (-) ( 100 bp) REC:1000	M: 2	-

Number of tests initiated:         150000

Number of tests completed:         150000

Number of tests w/ PASS 1000:      150000

Number of tests w/ REC. 1000:      150000

Number of tests w/ nudging:        0

Number of tests w/ checktransit:   0

WCR average: 0.519381

Tests with PASS < 1000 (if any):

Tests with REC. < 1000 (if any):

Tests with nudging (if any):

Tests canceled (if any, w/ preceding run for context):

Line counts:
    1972 src/mha_v4.33.c
    1369 src/microhom-cinc.h
     139 src/microhom-devl.h
     113 src/microhom-skor.h
    1918 src/microhom-tela.h
    1715 src/microhomology.h
    7226 total

                                               < ragdoll washing machine >
Mon Jun 29 12:56:02 CDT 2020
Tri-fin dawn patrol: Compiling maximal v4.33.

Surf wave report summary: 
._                                                                                                                            
\\\_M                                                                                                                         
\\\\\_H                                                                                            \v/                        
\\\\\\\_A_________.~~.o.~"~._.~`"~._.~"~._.~"~._.~"~._.~`"~._.~"~._.~"~._^_.~"~._.~"~._.~"~._.~`"~.-0-.~"~._.~"~._.~"~._.~"~._
```````^:^````````                                                                                 /|\                        
First and last runs:
v4.33	Jun 29 12:56:07 2020	 x0	1000	0.490	NDG: 0 	RND:XX	waves/experimental/pattern-1a-20pc_GC.txt (+) ( 100 bp) REC:1000	M: 3	-
v4.33	Jun 29 13:19:59 2020	 x0	1000	0.580	NDG: 0 	RND:XX	waves/experimental/pattern-3b-60pc_GC.txt (+) ( 100 bp) REC:1000	M: 2	-

Number of tests initiated:         60000

Number of tests completed:         60000

Number of tests w/ PASS 1000:      59999

Number of tests w/ REC. 1000:      59999

Number of tests w/ nudging:        4

Number of tests w/ checktransit:   0

WCR average: 0.463797

Tests with PASS < 1000 (if any):
v4.33	Jun 29 13:05:34 2020	 x0	 976	0.420	NDG: 1 	RND:XX	waves/experimental/pattern-1b-80pc_GC.txt (+) ( 100 bp) REC: 990	M: 4	bslip sum 30

Tests with REC. < 1000 (if any):
v4.33	Jun 29 13:05:34 2020	 x0	 976	0.420	NDG: 1 	RND:XX	waves/experimental/pattern-1b-80pc_GC.txt (+) ( 100 bp) REC: 990	M: 4	bslip sum 30

Tests with nudging (if any):
v4.33	Jun 29 13:05:34 2020	 x0	 976	0.420	NDG: 1 	RND:XX	waves/experimental/pattern-1b-80pc_GC.txt (+) ( 100 bp) REC: 990	M: 4	bslip sum 30
v4.33	Jun 29 13:12:40 2020	 x0	1000	0.450	NDG: 2 	RND:XX	waves/experimental/pattern-1a-20pc_GC.txt (+) ( 100 bp) REC:1000	M: 4	-
v4.33	Jun 29 13:12:40 2020	 x0	1000	0.450	NDG: 2 	RND:XX	waves/experimental/pattern-2a-50pc_GC.txt (+) ( 100 bp) REC:1000	M: 4	-
v4.33	Jun 29 13:18:11 2020	 x0	1000	0.520	NDG: 3 	RND:XX	waves/experimental/pattern-1b-80pc_GC.txt (+) ( 100 bp) REC:1000	M: 2	-

Tests canceled (if any, w/ preceding run for context):

Line counts:
    1972 src/mha_v4.33.c
    1369 src/microhom-cinc.h
     139 src/microhom-devl.h
     113 src/microhom-skor.h
    1918 src/microhom-tela.h
    1715 src/microhomology.h
    7226 total


                                               < churly churly >
Surf wave report summary: 
._                                                                                                                            
\\\_M                                                                                                                         
\\\\\_H                                                                                            \v/                        
\\\\\\\_A_________.~~.o.~"~._.~`"~._.~"~._.~"~._.~"~._.~`"~._.~"~._.~"~._^_.~"~._.~"~._.~"~._.~`"~.-0-.~"~._.~"~._.~"~._.~"~._
```````^:^````````                                                                                 /|\                        
First and last runs:
v4.33	Jun 29 15:16:51 2020	 x0	 979	0.420	NDG: 1 	RND:	           waves/chowder/churly-22.txt (+) ( 100 bp) REC: 990	M: 4	bslip sum 30
v4.33	Jun 29 15:16:59 2020	 x0	1000	0.510	NDG: 0 	RND:	           waves/chowder/churly-21.txt (+) ( 100 bp) REC:1000	M: 3	-

Number of tests initiated:         25

Number of tests completed:         25

Number of tests w/ PASS 1000:      24

Number of tests w/ REC. 1000:      24

Number of tests w/ nudging:        4

Number of tests w/ checktransit:   0

WCR average: 0.458

Tests with PASS < 1000 (if any):
v4.33	Jun 29 15:16:51 2020	 x0	 979	0.420	NDG: 1 	RND:	           waves/chowder/churly-22.txt (+) ( 100 bp) REC: 990	M: 4	bslip sum 30

Tests with REC. < 1000 (if any):
v4.33	Jun 29 15:16:51 2020	 x0	 979	0.420	NDG: 1 	RND:	           waves/chowder/churly-22.txt (+) ( 100 bp) REC: 990	M: 4	bslip sum 30

Tests with nudging (if any):
v4.33	Jun 29 15:16:51 2020	 x0	 979	0.420	NDG: 1 	RND:	           waves/chowder/churly-22.txt (+) ( 100 bp) REC: 990	M: 4	bslip sum 30
v4.33	Jun 29 15:16:54 2020	 x0	1000	0.450	NDG: 2 	RND:	           waves/chowder/churly-23.txt (+) ( 100 bp) REC:1000	M: 4	-
v4.33	Jun 29 15:16:55 2020	 x0	1000	0.450	NDG: 2 	RND:	           waves/chowder/churly-24.txt (+) ( 100 bp) REC:1000	M: 4	-
v4.33	Jun 29 15:16:55 2020	 x0	1000	0.520	NDG: 3 	RND:	           waves/chowder/churly-25.txt (+) ( 100 bp) REC:1000	M: 2	-

Tests canceled (if any, w/ preceding run for context):

Line counts:
    1972 src/mha_v4.33.c
    1369 src/microhom-cinc.h
     139 src/microhom-devl.h
     113 src/microhom-skor.h
    1918 src/microhom-tela.h
    1715 src/microhomology.h
    7226 total

Commit WCR average of (first) 21 (PISO = 5|4|3): 0.457619 (chowder-free)

