v4.04	Jan  5 17:02:26 2020	 x0	1000	0.422	CYC:  0 (k=0)	RND:	  waves/animals/seal_vnd_ex3_Dmela.txt -1 ( 956 bp) REC:1000	403	N/A
v4.04	Jan  5 17:02:27 2020	 x0	1000	0.356	CYC:  0 (k=0)	RND:	 waves/tubespit/tubespit-00-orig_a.txt -1 (  87 ch) REC:1000	 31	N/A
v4.04	Jan  5 17:02:27 2020	 x0	1000	0.381	CYC:  0 (k=0)	RND:	 waves/tubespit/tubespit-00-orig_b.txt -1 (  84 ch) REC:1000	 32	N/A
v4.04	Jan  5 17:02:27 2020	 x0	1000	0.255	CYC:  0 (k=0)	RND:	 waves/tubespit/tubespit-00-orig_c.txt -1 ( 102 ch) REC:1000	 26	N/A
v4.04	Jan  5 17:02:27 2020	 x0	1000	0.554	CYC:  0 (k=0)	RND:	 waves/tubespit/tubespit-00-orig_d.txt -1 ( 121 ch) REC:1000	 67	bslip sum 5
v4.04	Jan  5 17:02:27 2020	 x0	1000	0.413	CYC:  0 (k=0)	RND:	 waves/tubespit/tubespit-00-orig_e.txt -1 ( 109 ch) REC:1000	 45	N/A
v4.04	Jan  5 17:02:27 2020	 x0	1000	0.269	CYC:  0 (k=0)	RND:	 waves/tubespit/tubespit-00-orig_f.txt -1 ( 156 ch) REC:1000	 42	bslip sum 5
v4.04	Jan  5 17:02:27 2020	 x0	1000	0.533	CYC:  0 (k=0)	RND:	 waves/tubespit/tubespit-00-orig_g.txt -1 (  45 ch) REC:1000	 24	N/A
v4.04	Jan  5 17:02:27 2020	 x0	1000	0.522	CYC:  0 (k=0)	RND:	 waves/tubespit/tubespit-00-orig_h.txt -1 (  69 bp) REC:1000	 36	N/A
v4.04	Jan  5 17:02:27 2020	 x0	1000	0.418	CYC:  0 (k=0)	RND:	  waves/animals/seal_vnd_ex3_Dmaur.txt -1 ( 956 bp) REC:1000	400	N/A
v4.04	Jan  5 17:02:27 2020	 x0	1000	0.409	CYC:  0 (k=0)	RND:	  waves/animals/seal_vnd_ex3_Dsech.txt -1 ( 956 bp) REC:1000	391	N/A
v4.04	Jan  5 17:02:27 2020	 x0	1000	0.407	CYC:  0 (k=0)	RND:	  waves/animals/seal_vnd_ex3_Dsimu.txt -1 ( 956 bp) REC:1000	389	N/A
v4.04	Jan  5 17:02:28 2020	 x0	1000	0.405	CYC:  0 (k=0)	RND:	  waves/animals/seal_vnd_ex3_Derec.txt -1 ( 962 bp) REC:1000	390	N/A
v4.04	Jan  5 17:02:28 2020	 x0	1000	0.394	CYC:  1 (k=3)	RND:	  waves/animals/seal_vnd_ex3_Dsant.txt -1 ( 959 bp) REC:1000	378	bslip sum 5
v4.04	Jan  5 17:02:29 2020	 x0	1000	0.395	CYC:  1 (k=3)	RND:	  waves/animals/seal_vnd_ex3_Dyaku.txt -1 ( 957 bp) REC:1000	378	bslip sum 5
v4.04	Jan  5 17:02:29 2020	 x0	1000	0.396	CYC:  0 (k=0)	RND:	  waves/animals/seal_vnd_ex3_Dbiar.txt -1 ( 974 bp) REC:1000	386	bslip sum 100
v4.04	Jan  5 17:02:29 2020	 x0	1000	0.378	CYC:  0 (k=0)	RND:	  waves/animals/seal_vnd_ex3_Dsuzu.txt -1 ( 980 bp) REC:1000	370	bslip sum 100
v4.04	Jan  5 17:02:30 2020	 x0	1000	0.369	CYC:  0 (k=0)	RND:	  waves/animals/seal_vnd_ex3_Danan.txt -1 ( 962 bp) REC:1000	355	bslip sum 5
v4.04	Jan  5 17:02:30 2020	 x0	1000	0.379	CYC:  0 (k=0)	RND:	  waves/animals/seal_vnd_ex3_Dbipe.txt -1 ( 950 bp) REC:1000	360	N/A
v4.04	Jan  5 17:02:30 2020	 x0	1000	0.440	CYC:  0 (k=0)	RND:	 waves/animals/shark_vnd_NEE_Dmela.txt -1 (1008 bp) REC:1000	444	N/A
v4.04	Jan  5 17:02:31 2020	 x0	1000	0.461	CYC:  0 (k=0)	RND:	 waves/animals/shark_vnd_NEE_Dmaur.txt -1 (1006 bp) REC:1000	464	N/A
v4.04	Jan  5 17:02:31 2020	 x0	1000	0.451	CYC:  0 (k=0)	RND:	 waves/animals/shark_vnd_NEE_Dsech.txt -1 (1002 bp) REC:1000	452	bslip sum 5
v4.04	Jan  5 17:02:31 2020	 x0	1000	0.449	CYC:  0 (k=0)	RND:	 waves/animals/shark_vnd_NEE_Dsimu.txt -1 (1007 bp) REC:1000	452	N/A
v4.04	Jan  5 17:02:32 2020	 x0	1000	0.433	CYC:  0 (k=0)	RND:	 waves/animals/shark_vnd_NEE_Derec.txt -1 (1005 bp) REC:1000	435	N/A
v4.04	Jan  5 17:02:32 2020	 x0	1000	0.426	CYC:  0 (k=0)	RND:	 waves/animals/shark_vnd_NEE_Dsant.txt -1 (1093 bp) REC:1000	466	bslip sum 105
v4.04	Jan  5 17:02:32 2020	 x0	1000	0.424	CYC:  0 (k=0)	RND:	 waves/animals/shark_vnd_NEE_Dyaku.txt -1 (1063 bp) REC:1000	451	bslip sum 105
v4.04	Jan  5 17:02:33 2020	 x0	1000	0.437	CYC:  0 (k=0)	RND:	 waves/animals/shark_vnd_NEE_Dbiar.txt -1 (1063 bp) REC:1000	465	N/A
v4.04	Jan  5 17:02:33 2020	 x0	1000	0.439	CYC:  0 (k=0)	RND:	 waves/animals/shark_vnd_NEE_Dsuzu.txt -1 (1064 bp) REC:1000	467	N/A
v4.04	Jan  5 17:02:34 2020	 x0	1000	0.401	CYC:  0 (k=0)	RND:	waves/animals/shark_nab_DWME_Dmela.txt -1 ( 764 bp) REC:1000	306	N/A
v4.04	Jan  5 17:02:34 2020	 x0	1000	0.361	CYC:  0 (k=0)	RND:	 waves/tubespit/tubespit-01-toslip.txt -1 (  72 bp) REC:1000	 26	N/A
v4.04	Jan  5 17:02:34 2020	 x0	1000	0.364	CYC:  0 (k=0)	RND:	 waves/tubespit/tubespit-02-toslip.txt -1 (  66 bp) REC:1000	 24	N/A
v4.04	Jan  5 17:02:34 2020	 x0	1000	0.574	CYC:  0 (k=0)	RND:	 waves/tubespit/tubespit-03-tosSt1.txt -1 (  61 bp) REC:1000	 35	N/A
v4.04	Jan  5 17:02:34 2020	 x0	1000	0.437	CYC:  0 (k=0)	RND:	 waves/tubespit/tubespit-04-tos-ct.txt -1 (  71 bp) REC:1000	 31	bslip sum 5
v4.04	Jan  5 17:02:34 2020	 x0	1000	0.516	CYC:  0 (k=0)	RND:	 waves/tubespit/tubespit-05-koshp1.txt -1 (  62 bp) REC:1000	 32	N/A
v4.04	Jan  5 17:02:34 2020	 x0	1000	0.457	CYC:  0 (k=0)	RND:	 waves/tubespit/tubespit-06-koslip.txt -1 ( 138 bp) REC:1000	 63	bslip sum 5
v4.04	Jan  5 17:02:34 2020	 x0	1000	0.512	CYC:  0 (k=0)	RND:	 waves/tubespit/tubespit-07-koslip.txt -1 (  84 bp) REC:1000	 43	bslip sum 5
v4.04	Jan  5 17:02:34 2020	 x0	1000	0.395	CYC:  0 (k=0)	RND:	 waves/tubespit/tubespit-08-koslp2.txt -1 (  81 bp) REC:1000	 32	bslip sum 5
v4.04	Jan  5 17:02:34 2020	 x0	1000	0.508	CYC:  0 (k=0)	RND:	 waves/tubespit/tubespit-09-koslp3.txt -1 (  65 bp) REC:1000	 33	bslip sum 5
v4.04	Jan  5 17:02:34 2020	 x0	1000	0.425	CYC:  0 (k=0)	RND:	 waves/tubespit/tubespit-10-cycle1.txt -1 ( 106 bp) REC:1000	 45	N/A
v4.04	Jan  5 17:02:34 2020	 x0	1000	0.415	CYC:  0 (k=0)	RND:	 waves/tubespit/tubespit-11-cycle1.txt -1 ( 159 bp) REC:1000	 66	N/A
v4.04	Jan  5 17:02:34 2020	 x0	1000	0.418	CYC:  0 (k=0)	RND:	 waves/tubespit/tubespit-12-cycle1.txt -1 (  55 bp) REC:1000	 23	N/A
v4.04	Jan  5 17:02:34 2020	 x0	1000	0.439	CYC:  0 (k=0)	RND:	 waves/tubespit/tubespit-13-cycle2.txt -1 ( 123 bp) REC:1000	 54	bslip sum 5
v4.04	Jan  5 17:02:34 2020	 x0	1000	0.471	CYC:  2 (k=3)	RND:	 waves/tubespit/tubespit-14-cycle3.txt -1 ( 138 bp) REC:1000	 65	bslip sum 5
v4.04	Jan  5 17:02:34 2020	 x0	1000	0.516	CYC:  0 (k=0)	RND:	 waves/tubespit/tubespit-15-cycle4.txt -1 ( 157 bp) REC:1000	 81	N/A
v4.04	Jan  5 17:02:34 2020	 x0	1000	0.309	CYC:  0 (k=0)	RND:	 waves/tubespit/tubespit-16-cyc3_a.txt -1 (  68 bp) REC:1000	 21	N/A
v4.04	Jan  5 17:02:34 2020	 x0	1000	0.538	CYC:  0 (k=0)	RND:	 waves/tubespit/tubespit-17-cycle5.txt -1 (  39 bp) REC:1000	 21	N/A
v4.04	Jan  5 17:02:34 2020	 x0	1000	0.486	CYC:  0 (k=0)	RND:	 waves/tubespit/tubespit-18-koshp2.txt -1 (  74 bp) REC:1000	 36	N/A
v4.04	Jan  5 17:02:34 2020	 x0	1000	0.426	CYC:  0 (k=0)	RND:	 waves/tubespit/tubespit-19-koslp4.txt -1 (  68 bp) REC:1000	 29	N/A
v4.04	Jan  5 17:02:34 2020	 x0	1000	0.416	CYC:  0 (k=0)	RND:	 waves/tubespit/tubespit-20-cyc3_b.txt -1 (  77 bp) REC:1000	 32	N/A
v4.04	Jan  5 17:02:34 2020	 x0	1000	0.337	CYC:  0 (k=0)	RND:	 waves/tubespit/tubespit-21-cyc3_c.txt -1 (  95 bp) REC:1000	 32	N/A
v4.04	Jan  5 17:02:34 2020	 x0	1000	0.631	CYC:  0 (k=0)	RND:	 waves/tubespit/tubespit-22-tosSt2.txt -1 (  65 bp) REC:1000	 41	N/A
v4.04	Jan  5 17:02:34 2020	 x0	1000	0.500	CYC:  0 (k=0)	RND:	 waves/tubespit/tubespit-23-tosSt2.txt -1 (  84 bp) REC:1000	 42	N/A
v4.04	Jan  5 17:02:34 2020	 x0	1000	0.350	CYC:  0 (k=0)	RND:	 waves/tubespit/tubespit-24-tosSt2.txt -1 ( 100 bp) REC:1000	 35	N/A
v4.04	Jan  5 17:02:34 2020	 x0	1000	0.395	CYC:  2 (k=3)	RND:	 waves/tubespit/tubespit-25-tosSt2.txt -1 ( 195 bp) REC:1000	 77	bslip sum 5
v4.04	Jan  5 17:02:34 2020	 x0	1000	0.410	CYC:  2 (k=3)	RND:	 waves/tubespit/tubespit-26-tosSt2.txt -1 ( 400 bp) REC:1000	164	bslip sum 5
v4.04	Jan  5 17:02:34 2020	 x0	1000	0.407	CYC:  0 (k=0)	RND:	 waves/tubespit/tubespit-27-cycleX.txt -1 ( 400 bp) REC:1000	163	N/A
v4.04	Jan  5 17:02:35 2020	 x0	1000	0.346	CYC:  0 (k=0)	RND:	 waves/tubespit/tubespit-28-scrtch.txt -1 (  52 bp) REC:1000	 18	bslip sum 5
v4.04	Jan  5 17:02:35 2020	 x0	1000	0.421	CYC:  0 (k=0)	RND:	 waves/tubespit/tubespit-29-toslp2.txt -1 (  57 bp) REC:1000	 24	N/A
v4.04	Jan  5 17:02:35 2020	 x0	1000	0.500	CYC:  0 (k=0)	RND:	 waves/tubespit/tubespit-30-toslp2.txt -1 (  56 bp) REC:1000	 28	bslip sum 5
v4.04	Jan  5 17:02:35 2020	 x0	1000	0.297	CYC:  0 (k=0)	RND:	 waves/tubespit/tubespit-31-t0edge.txt -1 (  37 bp) REC:1000	 11	N/A
v4.04	Jan  5 17:02:35 2020	 x0	1000	0.415	CYC:  0 (k=0)	RND:	 waves/tubespit/tubespit-32-combo1.txt -1 ( 265 bp) REC:1000	110	N/A
v4.04	Jan  5 17:02:35 2020	 x0	1000	0.576	CYC:  0 (k=0)	RND:	 waves/tubespit/tubespit-33-imprf1.txt -1 (  66 bp) REC:1000	 38	N/A
v4.04	Jan  5 17:02:35 2020	 x0	1000	0.582	CYC:  0 (k=0)	RND:	 waves/tubespit/tubespit-34-imprf2.txt -1 (  67 bp) REC:1000	 39	N/A
v4.04	Jan  5 17:02:35 2020	 x0	1000	0.603	CYC:  0 (k=0)	RND:	 waves/tubespit/tubespit-35-imprf3.txt -1 (  58 bp) REC:1000	 35	N/A
v4.04	Jan  5 17:02:35 2020	 x0	1000	0.530	CYC:  0 (k=0)	RND:	 waves/tubespit/tubespit-36-imprf4.txt -1 (  83 bp) REC:1000	 44	N/A
v4.04	Jan  5 17:02:35 2020	 x0	1000	0.495	CYC:  0 (k=0)	RND:	 waves/tubespit/tubespit-37-imprfk.txt -1 (  93 bp) REC:1000	 46	bslip sum 5
v4.04	Jan  5 17:02:35 2020	 x0	1000	0.476	CYC:  0 (k=0)	RND:	 waves/tubespit/tubespit-38-imprft.txt -1 ( 103 bp) REC:1000	 49	bslip sum 5
v4.04	Jan  5 17:02:35 2020	 x0	1000	0.466	CYC:  0 (k=0)	RND:	 waves/tubespit/tubespit-39-imprfk.txt -1 ( 118 bp) REC:1000	 55	N/A
v4.04	Jan  5 17:02:35 2020	 x0	1000	0.404	CYC:  0 (k=0)	RND:	 waves/tubespit/tubespit-40-imprfk.txt -1 ( 104 bp) REC:1000	 42	N/A
v4.04	Jan  5 17:02:35 2020	 x0	1000	0.667	CYC:  0 (k=0)	RND:	 waves/tubespit/tubespit-41-RNAnuc.txt -1 (  42 nt) REC:1000	 28	N/A
v4.04	Jan  5 17:02:35 2020	 x0	1000	0.524	CYC:  0 (k=0)	RND:	 waves/tubespit/tubespit-41-notRNA.txt -1 (  42 ch) REC:1000	 22	N/A
v4.04	Jan  5 17:02:35 2020	 x0	1000	0.856	CYC:  0 (k=0)	RND:	 waves/tubespit/tubespit-41-protin.txt -1 ( 312 aa) REC:1000	267	N/A
v4.04	Jan  5 17:02:35 2020	 x0	1000	0.400	CYC:  0 (k=0)	RND:	 waves/tubespit/tubespit-42-fasta1.txt -1 ( 140 bp) REC:1000	 56	N/A
v4.04	Jan  5 17:02:35 2020	 x0	1000	0.856	CYC:  0 (k=0)	RND:	 waves/tubespit/tubespit-42-fasta2.txt -1 ( 312 aa) REC:1000	267	N/A
v4.04	Jan  5 17:02:35 2020	 x0	1000	0.559	CYC:  0 (k=0)	RND:	 waves/tubespit/tubespit-43-timprf.txt -1 (  34 bp) REC:1000	 19	N/A
v4.04	Jan  5 17:02:35 2020	 x0	1000	0.341	CYC:  0 (k=0)	RND:	 waves/tubespit/tubespit-44-tosimp.txt -1 (  88 bp) REC:1000	 30	N/A
v4.04	Jan  5 17:02:35 2020	 x0	1000	0.761	CYC:  0 (k=0)	RND:	 waves/tubespit/tubespit-45-cinky1.txt -1 ( 134 bp) REC:1000	102	N/A
v4.04	Jan  5 17:02:35 2020	 x0	1000	0.401	CYC:  0 (k=0)	RND:	 waves/tubespit/tubespit-46-cinky2.txt -1 ( 182 bp) REC:1000	 73	N/A
v4.04	Jan  5 17:02:35 2020	 x0	1000	0.400	CYC:  0 (k=0)	RND:	 waves/tubespit/tubespit-47-cycle6.txt -1 (  40 bp) REC:1000	 16	bslip sum 5
v4.04	Jan  5 17:02:35 2020	 x0	1000	0.426	CYC:  0 (k=0)	RND:	 waves/tubespit/tubespit-48-tbdslp.txt -1 ( 122 bp) REC:1000	 52	N/A
v4.04	Jan  5 17:02:35 2020	 x0	1000	0.436	CYC:  2 (k=3)	RND:	 waves/tubespit/tubespit-49-cyctip.txt -1 ( 800 bp) REC:1000	349	bslip sum 10
v4.04	Jan  5 17:02:35 2020	 x0	1000	0.501	CYC:  0 (k=0)	RND:	 waves/tubespit/tubespit-50-cyctip.txt -1 ( 800 bp) REC:1000	401	bslip sum 5
v4.04	Jan  5 17:02:35 2020	 x0	1000	0.341	CYC:  0 (k=0)	RND:	 waves/tubespit/tubespit-51-cyctip.txt -1 ( 800 bp) REC:1000	273	bslip sum 5
v4.04	Jan  5 17:02:36 2020	 x0	1000	0.387	CYC:  2 (k=3)	RND:	 waves/tubespit/tubespit-52-cyctip.txt -1 ( 800 bp) REC:1000	310	bslip sum 105
v4.04	Jan  5 17:02:36 2020	 x0	1000	0.419	CYC:  0 (k=0)	RND:	 waves/tubespit/tubespit-53-impkhp.txt -1 ( 800 bp) REC:1000	335	bslip sum 100
v4.04	Jan  5 17:02:36 2020	 x0	1000	0.364	CYC:  0 (k=0)	RND:	 waves/tubespit/tubespit-54-impkhp.txt -1 ( 800 bp) REC:1000	291	N/A
v4.04	Jan  5 17:02:36 2020	 x0	1000	0.465	CYC:  0 (k=0)	RND:	 waves/tubespit/tubespit-55-impkhp.txt -1 ( 800 bp) REC:1000	372	bslip sum 10
v4.04	Jan  5 17:02:37 2020	 x0	1000	0.405	CYC:  0 (k=0)	RND:	 waves/tubespit/tubespit-56-tbslp2.txt -1 ( 800 bp) REC:1000	324	bslip sum 10
v4.04	Jan  5 17:02:37 2020	 x0	1000	0.347	CYC:  0 (k=0)	RND:	 waves/tubespit/tubespit-57-tbslp2.txt -1 ( 800 bp) REC:1000	278	N/A
v4.04	Jan  5 17:02:37 2020	 x0	1000	0.434	CYC:  0 (k=0)	RND:	 waves/tubespit/tubespit-58-tcycle.txt -1 ( 800 bp) REC:1000	347	N/A
v4.04	Jan  5 17:02:37 2020	 x0	1000	0.463	CYC:  0 (k=0)	RND:	 waves/tubespit/tubespit-59-tcycle.txt -1 ( 800 bp) REC:1000	370	bslip sum 1
v4.04	Jan  5 17:02:38 2020	 x0	1000	0.426	CYC:  0 (k=0)	RND:	 waves/tubespit/tubespit-60-tbslp2.txt -1 ( 800 bp) REC:1000	341	N/A
v4.04	Jan  5 17:02:38 2020	 x0	1000	0.409	CYC:  0 (k=0)	RND:	 waves/tubespit/tubespit-61-tghost.txt -1 ( 800 bp) REC:1000	327	bslip sum 1
v4.04	Jan  5 17:02:38 2020	 x0	1000	0.380	CYC:  0 (k=0)	RND:	 waves/tubespit/tubespit-62-tuckup.txt -1 ( 100 bp) REC:1000	 38	N/A
v4.04	Jan  5 17:02:38 2020	 x0	1000	0.440	CYC:  0 (k=0)	RND:	 waves/tubespit/tubespit-63-cnudge.txt -1 ( 100 bp) REC:1000	 44	N/A
v4.04	Jan  5 17:02:38 2020	 x0	1000	0.470	CYC:  0 (k=0)	RND:	 waves/tubespit/tubespit-64-sndge0.txt -1 ( 100 bp) REC:1000	 47	bslip sum 5
v4.04	Jan  5 17:02:38 2020	 x0	1000	0.510	CYC:  0 (k=0)	RND:	 waves/tubespit/tubespit-64-sndge1.txt -1 ( 100 bp) REC:1000	 51	N/A
v4.04	Jan  5 17:02:38 2020	 x0	1000	0.360	CYC:  0 (k=0)	RND:	 waves/tubespit/tubespit-64-sndge2.txt -1 ( 100 bp) REC:1000	 36	N/A
v4.04	Jan  5 17:02:38 2020	 x0	1000	0.430	CYC:  0 (k=0)	RND:	 waves/tubespit/tubespit-64-sndge3.txt -1 ( 100 bp) REC:1000	 43	N/A
v4.04	Jan  5 17:02:38 2020	 x0	1000	0.360	CYC:  0 (k=0)	RND:	 waves/tubespit/tubespit-64-sndge4.txt -1 ( 100 bp) REC:1000	 36	N/A
v4.04	Jan  5 17:02:38 2020	 x0	1000	0.380	CYC:  0 (k=0)	RND:	 waves/tubespit/tubespit-64-sndge5.txt -1 ( 100 bp) REC:1000	 38	N/A
v4.04	Jan  5 17:02:38 2020	 x0	1000	0.430	CYC:  0 (k=0)	RND:	 waves/tubespit/tubespit-64-sndge6.txt -1 ( 100 bp) REC:1000	 43	N/A
v4.04	Jan  5 17:02:38 2020	 x0	1000	0.370	CYC:  0 (k=0)	RND:	 waves/tubespit/tubespit-64-sndge7.txt -1 ( 100 bp) REC:1000	 37	N/A
v4.04	Jan  5 17:02:38 2020	 x0	1000	0.530	CYC:  0 (k=0)	RND:	 waves/tubespit/tubespit-64-sndge8.txt -1 ( 100 bp) REC:1000	 53	N/A
v4.04	Jan  5 17:02:38 2020	 x0	1000	0.340	CYC:  0 (k=0)	RND:	 waves/tubespit/tubespit-64-sndge9.txt -1 ( 100 bp) REC:1000	 34	N/A
v4.04	Jan  5 17:02:38 2020	 x0	1000	0.320	CYC:  0 (k=0)	RND:	 waves/tubespit/tubespit-65-consen.txt -1 ( 100 bp) REC:1000	 32	N/A
v4.04	Jan  5 17:02:38 2020	 x0	1000	0.250	CYC:  0 (k=0)	RND:	 waves/tubespit/tubespit-66-consen.txt -1 ( 100 bp) REC:1000	 25	bslip sum 5
v4.04	Jan  5 17:02:38 2020	 x0	1000	0.380	CYC:  0 (k=0)	RND:	 waves/tubespit/tubespit-67-bslclr.txt -1 ( 100 bp) REC:1000	 38	N/A
v4.04	Jan  5 17:02:38 2020	 x0	1000	0.400	CYC:  0 (k=0)	RND:	 waves/tubespit/tubespit-68-dRaggd.txt -1 ( 100 bp) REC:1000	 40	bslip sum 5
v4.04	Jan  5 17:02:38 2020	 x0	1000	0.500	CYC:  0 (k=0)	RND:	 waves/tubespit/tubespit-69-ktrans.txt -1 ( 100 bp) REC:1000	 50	N/A
v4.04	Jan  5 17:02:38 2020	 x0	1000	0.420	CYC:  0 (k=0)	RND:	 waves/tubespit/tubespit-70-ktrans.txt -1 ( 100 bp) REC:1000	 42	N/A
v4.04	Jan  5 17:02:38 2020	 x0	1000	0.430	CYC:  0 (k=0)	RND:	 waves/tubespit/tubespit-71-ktrans.txt -1 ( 100 bp) REC:1000	 43	N/A
v4.04	Jan  5 17:02:38 2020	 x0	1000	0.300	CYC:  0 (k=0)	RND:	 waves/tubespit/tubespit-72-ktrans.txt -1 ( 100 bp) REC:1000	 30	N/A
v4.04	Jan  5 17:02:38 2020	 x0	1000	0.410	CYC:  0 (k=0)	RND:	 waves/tubespit/tubespit-73-ktrans.txt -1 ( 100 bp) REC:1000	 41	N/A
v4.04	Jan  5 17:02:38 2020	 x0	1000	0.430	CYC:  0 (k=0)	RND:	 waves/tubespit/tubespit-74-ktrans.txt -1 ( 100 bp) REC:1000	 43	N/A
v4.04	Jan  5 17:02:39 2020	 x0	1000	0.370	CYC:  0 (k=0)	RND:	 waves/tubespit/tubespit-75-ktrans.txt -1 ( 100 bp) REC:1000	 37	N/A
v4.04	Jan  5 17:02:39 2020	 x0	1000	0.390	CYC:  0 (k=0)	RND:	 waves/tubespit/tubespit-76-ktrans.txt -1 ( 100 bp) REC:1000	 39	N/A
v4.04	Jan  5 17:02:39 2020	 x0	1000	0.490	CYC:  0 (k=0)	RND:	 waves/tubespit/tubespit-77-ktrans.txt -1 ( 100 bp) REC:1000	 49	N/A
v4.04	Jan  5 17:02:39 2020	 x0	1000	0.420	CYC:  0 (k=0)	RND:	 waves/tubespit/tubespit-78-ktrans.txt -1 ( 100 bp) REC:1000	 42	N/A
v4.04	Jan  5 17:02:39 2020	 x0	1000	0.490	CYC:  0 (k=0)	RND:	 waves/tubespit/tubespit-79-kcheck.txt -1 ( 100 bp) REC:1000	 49	N/A
v4.04	Jan  5 17:02:39 2020	 x0	1000	0.410	CYC:  0 (k=0)	RND:	 waves/tubespit/tubespit-80-kcheck.txt -1 ( 100 bp) REC:1000	 41	N/A
v4.04	Jan  5 17:02:39 2020	 x0	1000	0.380	CYC:  0 (k=0)	RND:	 waves/tubespit/tubespit-81-kcheck.txt -1 ( 100 bp) REC:1000	 38	N/A
v4.04	Jan  5 17:02:39 2020	 x0	1000	0.520	CYC:  0 (k=0)	RND:	 waves/tubespit/tubespit-82-kcheck.txt -1 ( 100 bp) REC:1000	 52	N/A
v4.04	Jan  5 17:02:39 2020	 x0	1000	0.420	CYC:  0 (k=0)	RND:	 waves/tubespit/tubespit-83-shadow.txt -1 ( 100 bp) REC:1000	 42	N/A
v4.04	Jan  5 17:02:39 2020	 x0	1000	0.490	CYC:  0 (k=0)	RND:	 waves/tubespit/tubespit-84-shadow.txt -1 ( 100 bp) REC:1000	 49	N/A
v4.04	Jan  5 17:02:39 2020	 x0	1000	0.430	CYC:  0 (k=0)	RND:	 waves/tubespit/tubespit-85-adjDTH.txt -1 ( 100 bp) REC:1000	 43	N/A
v4.04	Jan  5 17:02:39 2020	 x0	1000	0.500	CYC:  0 (k=0)	RND:	 waves/tubespit/tubespit-86-adjDTH.txt -1 ( 100 bp) REC:1000	 50	N/A
v4.04	Jan  5 17:02:39 2020	 x0	1000	0.410	CYC:  0 (k=0)	RND:	 waves/tubespit/tubespit-87-adjDTH.txt -1 ( 100 bp) REC:1000	 41	N/A
v4.04	Jan  5 17:02:39 2020	 x0	1000	0.500	CYC:  0 (k=0)	RND:	 waves/tubespit/tubespit-88-ndgLst.txt -1 (  16 bp) REC:1000	  8	N/A
v4.04	Jan  5 17:02:39 2020	 x0	1000	0.340	CYC:  0 (k=0)	RND:	 waves/tubespit/tubespit-89-ktrans.txt -1 ( 100 bp) REC:1000	 34	N/A
v4.04	Jan  5 17:02:39 2020	 x0	1000	0.580	CYC:  0 (k=0)	RND:	   waves/tubespit/tubespit_v327_52.txt -1 ( 100 bp) REC:1000	 58	N/A
v4.04	Jan  5 17:02:39 2020	 x0	1000	0.430	CYC:  0 (k=0)	RND:	   waves/tubespit/tubespit_v343_01.txt -1 ( 100 bp) REC:1000	 43	N/A
v4.04	Jan  5 17:02:39 2020	 x0	1000	0.570	CYC:  0 (k=0)	RND:	   waves/tubespit/tubespit_v343_02.txt -1 ( 100 bp) REC:1000	 57	N/A
v4.04	Jan  5 17:02:39 2020	 x0	1000	0.340	CYC:  0 (k=0)	RND:	   waves/tubespit/tubespit_v343_03.txt -1 ( 100 bp) REC:1000	 34	N/A
v4.04	Jan  5 17:02:39 2020	 x0	1000	0.380	CYC:  0 (k=0)	RND:	   waves/tubespit/tubespit_v343_04.txt -1 ( 100 bp) REC:1000	 38	N/A
v4.04	Jan  5 17:02:39 2020	 x0	1000	0.480	CYC:  0 (k=0)	RND:	   waves/tubespit/tubespit_v343_05.txt -1 ( 100 bp) REC:1000	 48	bslip sum 5
v4.04	Jan  5 17:02:39 2020	 x0	1000	0.440	CYC:  0 (k=0)	RND:	   waves/tubespit/tubespit_v343_06.txt -1 ( 100 bp) REC:1000	 44	N/A
v4.04	Jan  5 17:02:39 2020	 x0	1000	0.450	CYC:  0 (k=0)	RND:	   waves/tubespit/tubespit_v343_07.txt -1 ( 100 bp) REC:1000	 45	N/A
v4.04	Jan  5 17:02:39 2020	 x0	1000	0.390	CYC:  0 (k=0)	RND:	   waves/tubespit/tubespit_v343_08.txt -1 ( 100 bp) REC:1000	 39	N/A
v4.04	Jan  5 17:02:39 2020	 x0	1000	0.260	CYC:  0 (k=0)	RND:	   waves/tubespit/tubespit_v343_09.txt -1 ( 100 bp) REC:1000	 26	N/A
v4.04	Jan  5 17:02:39 2020	 x0	1000	0.280	CYC:  0 (k=0)	RND:	   waves/tubespit/tubespit_v343_10.txt -1 ( 100 bp) REC:1000	 28	N/A
v4.04	Jan  5 17:02:39 2020	 x0	1000	0.330	CYC:  0 (k=0)	RND:	   waves/tubespit/tubespit_v343_11.txt -1 ( 100 bp) REC:1000	 33	N/A
v4.04	Jan  5 17:02:39 2020	 x0	1000	0.470	CYC:  0 (k=0)	RND:	   waves/tubespit/tubespit_v343_12.txt -1 ( 100 bp) REC:1000	 47	N/A
v4.04	Jan  5 17:02:39 2020	 x0	1000	0.380	CYC:  0 (k=0)	RND:	   waves/tubespit/tubespit_v343_13.txt -1 ( 100 bp) REC:1000	 38	N/A
v4.04	Jan  5 17:02:39 2020	 x0	1000	0.410	CYC:  0 (k=0)	RND:	   waves/tubespit/tubespit_v343_14.txt -1 ( 100 bp) REC:1000	 41	N/A
v4.04	Jan  5 17:02:39 2020	 x0	1000	0.430	CYC:  0 (k=0)	RND:	   waves/tubespit/tubespit_v343_17.txt -1 ( 100 bp) REC:1000	 43	N/A
v4.04	Jan  5 17:02:39 2020	 x0	1000	0.520	CYC:  0 (k=0)	RND:	   waves/tubespit/tubespit_v343_18.txt -1 ( 100 bp) REC:1000	 52	bslip sum 5
v4.04	Jan  5 17:02:39 2020	 x0	1000	0.370	CYC:  0 (k=0)	RND:	   waves/tubespit/tubespit_v343_19.txt -1 ( 100 bp) REC:1000	 37	N/A
v4.04	Jan  5 17:02:39 2020	 x0	1000	0.540	CYC:  0 (k=0)	RND:	   waves/tubespit/tubespit_v343_20.txt -1 ( 100 bp) REC:1000	 54	N/A
v4.04	Jan  5 17:02:39 2020	 x0	1000	0.550	CYC:  0 (k=0)	RND:	   waves/tubespit/tubespit_v343_21.txt -1 ( 100 bp) REC:1000	 55	N/A
v4.04	Jan  5 17:02:39 2020	 x0	1000	0.500	CYC:  0 (k=0)	RND:	   waves/tubespit/tubespit_v343_22.txt -1 ( 100 bp) REC:1000	 50	N/A
v4.04	Jan  5 17:02:39 2020	 x0	1000	0.500	CYC:  0 (k=0)	RND:	   waves/tubespit/tubespit_v343_23.txt -1 ( 100 bp) REC:1000	 50	bslip sum 5
v4.04	Jan  5 17:02:39 2020	 x0	1000	0.320	CYC:  0 (k=0)	RND:	   waves/tubespit/tubespit_v343_24.txt -1 ( 100 bp) REC:1000	 32	N/A
v4.04	Jan  5 17:02:39 2020	 x0	1000	0.400	CYC:  0 (k=0)	RND:	   waves/tubespit/tubespit_v343_25.txt -1 ( 100 bp) REC:1000	 40	N/A
v4.04	Jan  5 17:02:39 2020	 x0	1000	0.430	CYC:  0 (k=0)	RND:	   waves/tubespit/tubespit_v344_03.txt -1 ( 100 bp) REC:1000	 43	N/A
v4.04	Jan  5 17:02:39 2020	 x0	1000	0.290	CYC:  0 (k=0)	RND:	   waves/tubespit/tubespit_v344_05.txt -1 ( 100 bp) REC:1000	 29	N/A
v4.04	Jan  5 17:02:39 2020	 x0	1000	0.500	CYC:  0 (k=0)	RND:	   waves/tubespit/tubespit_v344_06.txt -1 ( 100 bp) REC:1000	 50	N/A
v4.04	Jan  5 17:02:39 2020	 x0	1000	0.430	CYC:  0 (k=0)	RND:	   waves/tubespit/tubespit_v344_01.txt -1 ( 100 bp) REC:1000	 43	bslip sum 50
v4.04	Jan  5 17:02:39 2020	 x0	1000	0.460	CYC:  0 (k=0)	RND:	   waves/tubespit/tubespit_v344_02.txt -1 ( 100 bp) REC:1000	 46	N/A
v4.04	Jan  5 17:02:39 2020	 x0	1000	0.470	CYC:  0 (k=0)	RND:	   waves/tubespit/tubespit_v344_04.txt -1 ( 100 bp) REC:1000	 47	N/A
v4.04	Jan  5 17:02:39 2020	 x0	1000	0.430	CYC:  0 (k=0)	RND:	   waves/tubespit/tubespit_v344_07.txt -1 ( 100 bp) REC:1000	 43	bslip sum 100
v4.04	Jan  5 17:02:39 2020	 x0	1000	0.470	CYC:  0 (k=0)	RND:	   waves/tubespit/tubespit_v344_08.txt -1 ( 100 bp) REC:1000	 47	N/A
v4.04	Jan  5 17:02:39 2020	 x0	1000	0.430	CYC:  0 (k=0)	RND:	   waves/tubespit/tubespit_v344_09.txt -1 ( 100 bp) REC:1000	 43	N/A
v4.04	Jan  5 17:02:40 2020	 x0	1000	0.540	CYC:  0 (k=0)	RND:	   waves/tubespit/tubespit_v344_10.txt -1 ( 100 bp) REC:1000	 54	N/A
v4.04	Jan  5 17:02:40 2020	 x0	1000	0.450	CYC:  0 (k=0)	RND:	   waves/tubespit/tubespit_v344_11.txt -1 ( 100 bp) REC:1000	 45	N/A
v4.04	Jan  5 17:02:40 2020	 x0	1000	0.490	CYC:  0 (k=0)	RND:	   waves/tubespit/tubespit_v344_12.txt -1 ( 100 bp) REC:1000	 49	bslip sum 5
v4.04	Jan  5 17:02:40 2020	 x0	1000	0.460	CYC:  0 (k=0)	RND:	   waves/tubespit/tubespit_v344_13.txt -1 ( 100 bp) REC:1000	 46	N/A
v4.04	Jan  5 17:02:40 2020	 x0	1000	0.320	CYC:  0 (k=0)	RND:	   waves/tubespit/tubespit_v344_14.txt -1 ( 100 bp) REC:1000	 32	N/A
v4.04	Jan  5 17:02:40 2020	 x0	1000	0.390	CYC:  0 (k=0)	RND:	   waves/tubespit/tubespit_v344_15.txt -1 ( 100 bp) REC:1000	 39	N/A
v4.04	Jan  5 17:02:40 2020	 x0	1000	0.360	CYC:  0 (k=0)	RND:	   waves/tubespit/tubespit_v344_16.txt -1 ( 100 bp) REC:1000	 36	N/A
v4.04	Jan  5 17:02:40 2020	 x0	1000	0.520	CYC:  0 (k=0)	RND:	   waves/tubespit/tubespit_v344_17.txt -1 ( 100 bp) REC:1000	 52	N/A
v4.04	Jan  5 17:02:40 2020	 x0	1000	0.400	CYC:  0 (k=0)	RND:	   waves/tubespit/tubespit_v344_18.txt -1 ( 100 bp) REC:1000	 40	N/A
v4.04	Jan  5 17:02:40 2020	 x0	1000	0.440	CYC:  0 (k=0)	RND:	   waves/tubespit/tubespit_v344_19.txt -1 ( 100 bp) REC:1000	 44	N/A
v4.04	Jan  5 17:02:40 2020	 x0	1000	0.430	CYC:  0 (k=0)	RND:	   waves/tubespit/tubespit_v344_20.txt -1 ( 100 bp) REC:1000	 43	N/A
v4.04	Jan  5 17:02:40 2020	 x0	1000	0.260	CYC:  0 (k=0)	RND:	   waves/tubespit/tubespit_v344_21.txt -1 ( 100 bp) REC:1000	 26	N/A
v4.04	Jan  5 17:02:40 2020	 x0	1000	0.340	CYC:  0 (k=0)	RND:	   waves/tubespit/tubespit_v344_22.txt -1 ( 100 bp) REC:1000	 34	N/A
v4.04	Jan  5 17:02:40 2020	 x0	1000	0.490	CYC:  0 (k=0)	RND:	   waves/tubespit/tubespit_v344_23.txt -1 ( 100 bp) REC:1000	 49	N/A
v4.04	Jan  5 17:02:40 2020	 x0	1000	0.460	CYC:  0 (k=0)	RND:	   waves/tubespit/tubespit_v344_24.txt -1 ( 100 bp) REC:1000	 46	N/A
v4.04	Jan  5 17:02:40 2020	 x0	1000	0.270	CYC:  0 (k=0)	RND:	   waves/tubespit/tubespit_v344_25.txt -1 ( 100 bp) REC:1000	 27	N/A
v4.04	Jan  5 17:02:40 2020	 x0	1000	0.580	CYC:  0 (k=0)	RND:	   waves/tubespit/tubespit_v344_26.txt -1 ( 100 bp) REC:1000	 58	N/A
v4.04	Jan  5 17:02:40 2020	 x0	1000	0.420	CYC:  0 (k=0)	RND:	   waves/tubespit/tubespit_v344_27.txt -1 ( 100 bp) REC:1000	 42	bslip sum 100
v4.04	Jan  5 17:02:40 2020	 x0	1000	0.380	CYC:  0 (k=0)	RND:	   waves/tubespit/tubespit_v344_28.txt -1 ( 100 bp) REC:1000	 38	N/A
v4.04	Jan  5 17:02:40 2020	 x0	1000	0.470	CYC:  0 (k=0)	RND:	   waves/tubespit/tubespit_v344_29.txt -1 ( 100 bp) REC:1000	 47	N/A
v4.04	Jan  5 17:02:40 2020	 x0	1000	0.410	CYC:  0 (k=0)	RND:	   waves/tubespit/tubespit_v344_30.txt -1 ( 100 bp) REC:1000	 41	N/A
v4.04	Jan  5 17:02:40 2020	 x0	1000	0.490	CYC:  0 (k=0)	RND:	   waves/tubespit/tubespit_v344_31.txt -1 ( 100 bp) REC:1000	 49	N/A
v4.04	Jan  5 17:02:40 2020	 x0	1000	0.450	CYC:  0 (k=0)	RND:	   waves/tubespit/tubespit_v344_32.txt -1 ( 100 bp) REC:1000	 45	N/A
v4.04	Jan  5 17:02:40 2020	 x0	1000	0.430	CYC:  0 (k=0)	RND:	   waves/tubespit/tubespit_v344_33.txt -1 ( 100 bp) REC:1000	 43	N/A
v4.04	Jan  5 17:02:40 2020	 x0	1000	0.490	CYC:  0 (k=0)	RND:	   waves/tubespit/tubespit_v344_34.txt -1 ( 100 bp) REC:1000	 49	bslip sum 5
v4.04	Jan  5 17:02:40 2020	 x0	1000	0.370	CYC:  0 (k=0)	RND:	   waves/tubespit/tubespit_v344_35.txt -1 ( 100 bp) REC:1000	 37	N/A
v4.04	Jan  5 17:02:40 2020	 x0	1000	0.520	CYC:  0 (k=0)	RND:	   waves/tubespit/tubespit_v344_36.txt -1 ( 100 bp) REC:1000	 52	N/A
v4.04	Jan  5 17:02:40 2020	 x0	1000	0.647	CYC:  0 (k=0)	RND:	waves/tubespit/tubespit_v377_cycAB_01.txt -1 (  17 bp) REC:1000	 11	N/A
v4.04	Jan  5 17:02:40 2020	 x0	1000	0.529	CYC:  0 (k=0)	RND:	waves/tubespit/tubespit_v377_cycAB_02.txt -1 (  17 bp) REC:1000	  9	N/A
v4.04	Jan  5 17:02:40 2020	 x0	1000	0.412	CYC:  0 (k=0)	RND:	waves/tubespit/tubespit_v377_cycAB_03.txt -1 (  17 bp) REC:1000	  7	N/A
v4.04	Jan  5 17:02:40 2020	 x0	1000	0.294	CYC:  0 (k=0)	RND:	waves/tubespit/tubespit_v377_cycAB_04.txt -1 (  17 bp) REC:1000	  5	N/A
v4.04	Jan  5 17:02:40 2020	 x1	1000	0.356	CYC:  0 (k=0)	RND:	 waves/tubespit/tubespit-00-orig_a.txt -1 (  87 ch) REC:1000	 31	N/A
v4.04	Jan  5 17:02:40 2020	 x1	1000	0.381	CYC:  0 (k=0)	RND:	 waves/tubespit/tubespit-00-orig_b.txt -1 (  84 ch) REC:1000	 32	N/A
v4.04	Jan  5 17:02:40 2020	 x1	1000	0.255	CYC:  0 (k=0)	RND:	 waves/tubespit/tubespit-00-orig_c.txt -1 ( 102 ch) REC:1000	 26	N/A
v4.04	Jan  5 17:02:40 2020	 x1	1000	0.554	CYC:  0 (k=0)	RND:	 waves/tubespit/tubespit-00-orig_d.txt -1 ( 121 ch) REC:1000	 67	bslip sum 5
v4.04	Jan  5 17:02:40 2020	 x1	1000	0.413	CYC:  0 (k=0)	RND:	 waves/tubespit/tubespit-00-orig_e.txt -1 ( 109 ch) REC:1000	 45	N/A
v4.04	Jan  5 17:02:40 2020	 x1	1000	0.269	CYC:  0 (k=0)	RND:	 waves/tubespit/tubespit-00-orig_f.txt -1 ( 156 ch) REC:1000	 42	bslip sum 5
v4.04	Jan  5 17:02:40 2020	 x1	1000	0.533	CYC:  0 (k=0)	RND:	 waves/tubespit/tubespit-00-orig_g.txt -1 (  45 ch) REC:1000	 24	N/A
v4.04	Jan  5 17:02:40 2020	 x1	1000	0.580	CYC:  0 (k=0)	RND:	 waves/tubespit/tubespit-00-orig_h.txt -1 (  69 bp) REC:1000	 40	bslip sum 3
v4.04	Jan  5 17:02:40 2020	 x1	1000	0.424	CYC:  0 (k=0)	RND:	  waves/animals/seal_vnd_ex3_Dmela.txt -1 ( 956 bp) REC:1000	405	bslip sum 5
v4.04	Jan  5 17:02:41 2020	 x1	1000	0.432	CYC:  0 (k=0)	RND:	  waves/animals/seal_vnd_ex3_Dmaur.txt -1 ( 956 bp) REC:1000	413	bslip sum 5
v4.04	Jan  5 17:02:41 2020	 x1	1000	0.422	CYC:  0 (k=0)	RND:	  waves/animals/seal_vnd_ex3_Dsech.txt -1 ( 956 bp) REC:1000	403	bslip sum 5
v4.04	Jan  5 17:02:41 2020	 x1	1000	0.417	CYC:  0 (k=0)	RND:	  waves/animals/seal_vnd_ex3_Dsimu.txt -1 ( 956 bp) REC:1000	399	bslip sum 5
v4.04	Jan  5 17:02:41 2020	 x1	1000	0.405	CYC:  0 (k=0)	RND:	  waves/animals/seal_vnd_ex3_Derec.txt -1 ( 962 bp) REC:1000	390	bslip sum 5
v4.04	Jan  5 17:02:42 2020	 x1	1000	0.398	CYC:  5 (k=3)	RND:	  waves/animals/seal_vnd_ex3_Dsant.txt -1 ( 959 bp) REC:1000	382	bslip sum 5
v4.04	Jan  5 17:02:42 2020	 x1	1000	0.395	CYC:  3 (k=3)	RND:	  waves/animals/seal_vnd_ex3_Dyaku.txt -1 ( 957 bp) REC:1000	378	bslip sum 5
v4.04	Jan  5 17:02:42 2020	 x1	1000	0.390	CYC:  0 (k=0)	RND:	  waves/animals/seal_vnd_ex3_Dbiar.txt -1 ( 974 bp) REC:1000	380	bslip sum 5
v4.04	Jan  5 17:02:43 2020	 x1	1000	0.385	CYC:  0 (k=0)	RND:	  waves/animals/seal_vnd_ex3_Dsuzu.txt -1 ( 980 bp) REC:1000	377	bslip sum 5
v4.04	Jan  5 17:02:43 2020	 x1	1000	0.366	CYC:  3 (k=3)	RND:	  waves/animals/seal_vnd_ex3_Danan.txt -1 ( 962 bp) REC:1000	352	bslip sum 5
v4.04	Jan  5 17:02:43 2020	 x1	1000	0.381	CYC:  0 (k=0)	RND:	  waves/animals/seal_vnd_ex3_Dbipe.txt -1 ( 950 bp) REC:1000	362	bslip sum 5
v4.04	Jan  5 17:02:44 2020	 x1	1000	0.435	CYC:  3 (k=3)	RND:	 waves/animals/shark_vnd_NEE_Dmela.txt -1 (1008 bp) REC:1000	438	bslip sum 5
v4.04	Jan  5 17:02:44 2020	 x1	1000	0.460	CYC:  3 (k=3)	RND:	 waves/animals/shark_vnd_NEE_Dmaur.txt -1 (1006 bp) REC:1000	463	bslip sum 5
v4.04	Jan  5 17:02:44 2020	 x1	1000	0.452	CYC:  3 (k=3)	RND:	 waves/animals/shark_vnd_NEE_Dsech.txt -1 (1002 bp) REC:1000	453	bslip sum 10
v4.04	Jan  5 17:02:45 2020	 x1	1000	0.448	CYC:  3 (k=3)	RND:	 waves/animals/shark_vnd_NEE_Dsimu.txt -1 (1007 bp) REC:1000	451	bslip sum 5
v4.04	Jan  5 17:02:45 2020	 x1	1000	0.433	CYC:  0 (k=0)	RND:	 waves/animals/shark_vnd_NEE_Derec.txt -1 (1005 bp) REC:1000	435	bslip sum 5
v4.04	Jan  5 17:02:45 2020	 x1	1000	0.425	CYC:  8 (k=3)	RND:	 waves/animals/shark_vnd_NEE_Dsant.txt -1 (1093 bp) REC:1000	464	bslip sum 5
v4.04	Jan  5 17:02:46 2020	 x1	1000	0.415	CYC:  5 (k=3)	RND:	 waves/animals/shark_vnd_NEE_Dyaku.txt -1 (1063 bp) REC:1000	441	bslip sum 10
v4.04	Jan  5 17:02:46 2020	 x1	1000	0.456	CYC:  0 (k=0)	RND:	 waves/animals/shark_vnd_NEE_Dbiar.txt -1 (1063 bp) REC:1000	485	bslip sum 8
v4.04	Jan  5 17:02:47 2020	 x1	1000	0.453	CYC:  0 (k=0)	RND:	 waves/animals/shark_vnd_NEE_Dsuzu.txt -1 (1064 bp) REC:1000	482	bslip sum 11
v4.04	Jan  5 17:02:47 2020	 x1	1000	0.406	CYC:  0 (k=0)	RND:	waves/animals/shark_nab_DWME_Dmela.txt -1 ( 764 bp) REC:1000	310	N/A
v4.04	Jan  5 17:02:47 2020	 x1	1000	0.375	CYC:  0 (k=0)	RND:	 waves/tubespit/tubespit-01-toslip.txt -1 (  72 bp) REC:1000	 27	N/A
v4.04	Jan  5 17:02:47 2020	 x1	1000	0.364	CYC:  0 (k=0)	RND:	 waves/tubespit/tubespit-02-toslip.txt -1 (  66 bp) REC:1000	 24	N/A
v4.04	Jan  5 17:02:47 2020	 x1	1000	0.574	CYC:  0 (k=0)	RND:	 waves/tubespit/tubespit-03-tosSt1.txt -1 (  61 bp) REC:1000	 35	N/A
v4.04	Jan  5 17:02:47 2020	 x1	1000	0.437	CYC:  0 (k=0)	RND:	 waves/tubespit/tubespit-04-tos-ct.txt -1 (  71 bp) REC:1000	 31	bslip sum 5
v4.04	Jan  5 17:02:47 2020	 x1	1000	0.532	CYC:  0 (k=0)	RND:	 waves/tubespit/tubespit-05-koshp1.txt -1 (  62 bp) REC:1000	 33	bslip sum 3
v4.04	Jan  5 17:02:47 2020	 x1	1000	0.442	CYC:  0 (k=0)	RND:	 waves/tubespit/tubespit-06-koslip.txt -1 ( 138 bp) REC:1000	 61	bslip sum 5
v4.04	Jan  5 17:02:47 2020	 x1	1000	0.536	CYC:  0 (k=0)	RND:	 waves/tubespit/tubespit-07-koslip.txt -1 (  84 bp) REC:1000	 45	bslip sum 5
v4.04	Jan  5 17:02:47 2020	 x1	1000	0.494	CYC:  0 (k=0)	RND:	 waves/tubespit/tubespit-08-koslp2.txt -1 (  81 bp) REC:1000	 40	bslip sum 5
v4.04	Jan  5 17:02:47 2020	 x1	1000	0.508	CYC:  0 (k=0)	RND:	 waves/tubespit/tubespit-09-koslp3.txt -1 (  65 bp) REC:1000	 33	bslip sum 5
v4.04	Jan  5 17:02:47 2020	 x1	1000	0.415	CYC:  0 (k=0)	RND:	 waves/tubespit/tubespit-10-cycle1.txt -1 ( 106 bp) REC:1000	 44	N/A
v4.04	Jan  5 17:02:47 2020	 x1	1000	0.396	CYC:  0 (k=0)	RND:	 waves/tubespit/tubespit-11-cycle1.txt -1 ( 159 bp) REC:1000	 63	bslip sum 3
v4.04	Jan  5 17:02:47 2020	 x1	1000	0.491	CYC:  0 (k=0)	RND:	 waves/tubespit/tubespit-12-cycle1.txt -1 (  55 bp) REC:1000	 27	bslip sum 3
v4.04	Jan  5 17:02:47 2020	 x1	1000	0.423	CYC:  0 (k=0)	RND:	 waves/tubespit/tubespit-13-cycle2.txt -1 ( 123 bp) REC:1000	 52	bslip sum 5
v4.04	Jan  5 17:02:47 2020	 x1	1000	0.507	CYC:  1 (k=3)	RND:	 waves/tubespit/tubespit-14-cycle3.txt -1 ( 138 bp) REC:1000	 70	bslip sum 5
v4.04	Jan  5 17:02:47 2020	 x1	1000	0.548	CYC:  0 (k=0)	RND:	 waves/tubespit/tubespit-15-cycle4.txt -1 ( 157 bp) REC:1000	 86	bslip sum 5
v4.04	Jan  5 17:02:47 2020	 x1	1000	0.353	CYC:  0 (k=0)	RND:	 waves/tubespit/tubespit-16-cyc3_a.txt -1 (  68 bp) REC:1000	 24	N/A
v4.04	Jan  5 17:02:47 2020	 x1	1000	0.590	CYC:  0 (k=0)	RND:	 waves/tubespit/tubespit-17-cycle5.txt -1 (  39 bp) REC:1000	 23	bslip sum 8
v4.04	Jan  5 17:02:47 2020	 x1	1000	0.514	CYC:  1 (k=3)	RND:	 waves/tubespit/tubespit-18-koshp2.txt -1 (  74 bp) REC:1000	 38	bslip sum 5
v4.04	Jan  5 17:02:47 2020	 x1	1000	0.441	CYC:  0 (k=0)	RND:	 waves/tubespit/tubespit-19-koslp4.txt -1 (  68 bp) REC:1000	 30	bslip sum 5
v4.04	Jan  5 17:02:47 2020	 x1	1000	0.403	CYC:  0 (k=0)	RND:	 waves/tubespit/tubespit-20-cyc3_b.txt -1 (  77 bp) REC:1000	 31	N/A
v4.04	Jan  5 17:02:47 2020	 x1	1000	0.316	CYC:  0 (k=0)	RND:	 waves/tubespit/tubespit-21-cyc3_c.txt -1 (  95 bp) REC:1000	 30	bslip sum 5
v4.04	Jan  5 17:02:47 2020	 x1	1000	0.631	CYC:  0 (k=0)	RND:	 waves/tubespit/tubespit-22-tosSt2.txt -1 (  65 bp) REC:1000	 41	N/A
v4.04	Jan  5 17:02:47 2020	 x1	1000	0.512	CYC:  0 (k=0)	RND:	 waves/tubespit/tubespit-23-tosSt2.txt -1 (  84 bp) REC:1000	 43	N/A
v4.04	Jan  5 17:02:47 2020	 x1	1000	0.440	CYC:  0 (k=0)	RND:	 waves/tubespit/tubespit-24-tosSt2.txt -1 ( 100 bp) REC:1000	 44	N/A
v4.04	Jan  5 17:02:47 2020	 x1	1000	0.436	CYC:  4 (k=3)	RND:	 waves/tubespit/tubespit-25-tosSt2.txt -1 ( 195 bp) REC:1000	 85	bslip sum 8
v4.04	Jan  5 17:02:48 2020	 x1	1000	0.435	CYC:  0 (k=0)	RND:	 waves/tubespit/tubespit-26-tosSt2.txt -1 ( 400 bp) REC:1000	174	bslip sum 10
v4.04	Jan  5 17:02:48 2020	 x1	1000	0.425	CYC:  0 (k=0)	RND:	 waves/tubespit/tubespit-27-cycleX.txt -1 ( 400 bp) REC:1000	170	bslip sum 5
v4.04	Jan  5 17:02:48 2020	 x1	1000	0.288	CYC:  0 (k=0)	RND:	 waves/tubespit/tubespit-28-scrtch.txt -1 (  52 bp) REC:1000	 15	bslip sum 6
v4.04	Jan  5 17:02:48 2020	 x1	1000	0.386	CYC:  0 (k=0)	RND:	 waves/tubespit/tubespit-29-toslp2.txt -1 (  57 bp) REC:1000	 22	N/A
v4.04	Jan  5 17:02:48 2020	 x1	1000	0.500	CYC:  0 (k=0)	RND:	 waves/tubespit/tubespit-30-toslp2.txt -1 (  56 bp) REC:1000	 28	bslip sum 5
v4.04	Jan  5 17:02:48 2020	 x1	1000	0.297	CYC:  0 (k=0)	RND:	 waves/tubespit/tubespit-31-t0edge.txt -1 (  37 bp) REC:1000	 11	N/A
v4.04	Jan  5 17:02:48 2020	 x1	1000	0.400	CYC:  0 (k=0)	RND:	 waves/tubespit/tubespit-32-combo1.txt -1 ( 265 bp) REC:1000	106	bslip sum 3
v4.04	Jan  5 17:02:48 2020	 x1	1000	0.561	CYC:  0 (k=0)	RND:	 waves/tubespit/tubespit-33-imprf1.txt -1 (  66 bp) REC:1000	 37	N/A
v4.04	Jan  5 17:02:48 2020	 x1	1000	0.567	CYC:  0 (k=0)	RND:	 waves/tubespit/tubespit-34-imprf2.txt -1 (  67 bp) REC:1000	 38	N/A
v4.04	Jan  5 17:02:48 2020	 x1	1000	0.638	CYC:  0 (k=0)	RND:	 waves/tubespit/tubespit-35-imprf3.txt -1 (  58 bp) REC:1000	 37	N/A
v4.04	Jan  5 17:02:48 2020	 x1	1000	0.578	CYC:  0 (k=0)	RND:	 waves/tubespit/tubespit-36-imprf4.txt -1 (  83 bp) REC:1000	 48	N/A
v4.04	Jan  5 17:02:48 2020	 x1	1000	0.559	CYC:  0 (k=0)	RND:	 waves/tubespit/tubespit-37-imprfk.txt -1 (  93 bp) REC:1000	 52	bslip sum 5
v4.04	Jan  5 17:02:48 2020	 x1	1000	0.534	CYC:  0 (k=0)	RND:	 waves/tubespit/tubespit-38-imprft.txt -1 ( 103 bp) REC:1000	 55	bslip sum 10
v4.04	Jan  5 17:02:48 2020	 x1	1000	0.449	CYC:  0 (k=0)	RND:	 waves/tubespit/tubespit-39-imprfk.txt -1 ( 118 bp) REC:1000	 53	N/A
v4.04	Jan  5 17:02:48 2020	 x1	1000	0.433	CYC:  0 (k=0)	RND:	 waves/tubespit/tubespit-40-imprfk.txt -1 ( 104 bp) REC:1000	 45	N/A
v4.04	Jan  5 17:02:48 2020	 x1	1000	0.667	CYC:  0 (k=0)	RND:	 waves/tubespit/tubespit-41-RNAnuc.txt -1 (  42 nt) REC:1000	 28	N/A
v4.04	Jan  5 17:02:48 2020	 x1	1000	0.524	CYC:  0 (k=0)	RND:	 waves/tubespit/tubespit-41-notRNA.txt -1 (  42 ch) REC:1000	 22	N/A
v4.04	Jan  5 17:02:48 2020	 x1	1000	0.856	CYC:  0 (k=0)	RND:	 waves/tubespit/tubespit-41-protin.txt -1 ( 312 aa) REC:1000	267	N/A
v4.04	Jan  5 17:02:48 2020	 x1	1000	0.429	CYC:  0 (k=0)	RND:	 waves/tubespit/tubespit-42-fasta1.txt -1 ( 140 bp) REC:1000	 60	N/A
v4.04	Jan  5 17:02:48 2020	 x1	1000	0.856	CYC:  0 (k=0)	RND:	 waves/tubespit/tubespit-42-fasta2.txt -1 ( 312 aa) REC:1000	267	N/A
v4.04	Jan  5 17:02:48 2020	 x1	1000	0.559	CYC:  0 (k=0)	RND:	 waves/tubespit/tubespit-43-timprf.txt -1 (  34 bp) REC:1000	 19	N/A
v4.04	Jan  5 17:02:48 2020	 x1	1000	0.330	CYC:  0 (k=0)	RND:	 waves/tubespit/tubespit-44-tosimp.txt -1 (  88 bp) REC:1000	 29	N/A
v4.04	Jan  5 17:02:48 2020	 x1	1000	0.575	CYC:  0 (k=0)	RND:	 waves/tubespit/tubespit-45-cinky1.txt -1 ( 134 bp) REC:1000	 77	N/A
v4.04	Jan  5 17:02:48 2020	 x1	1000	0.401	CYC:  0 (k=0)	RND:	 waves/tubespit/tubespit-46-cinky2.txt -1 ( 182 bp) REC:1000	 73	bslip sum 6
v4.04	Jan  5 17:02:48 2020	 x1	1000	0.525	CYC:  0 (k=0)	RND:	 waves/tubespit/tubespit-47-cycle6.txt -1 (  40 bp) REC:1000	 21	N/A
v4.04	Jan  5 17:02:48 2020	 x1	1000	0.402	CYC:  0 (k=0)	RND:	 waves/tubespit/tubespit-48-tbdslp.txt -1 ( 122 bp) REC:1000	 49	N/A
v4.04	Jan  5 17:02:48 2020	 x1	1000	0.431	CYC:  2 (k=3)	RND:	 waves/tubespit/tubespit-49-cyctip.txt -1 ( 800 bp) REC:1000	345	bslip sum 10
v4.04	Jan  5 17:02:48 2020	 x1	1000	0.509	CYC:  0 (k=0)	RND:	 waves/tubespit/tubespit-50-cyctip.txt -1 ( 800 bp) REC:1000	407	bslip sum 5
v4.04	Jan  5 17:02:48 2020	 x1	1000	0.360	CYC:  0 (k=0)	RND:	 waves/tubespit/tubespit-51-cyctip.txt -1 ( 800 bp) REC:1000	288	bslip sum 5
v4.04	Jan  5 17:02:49 2020	 x1	1000	0.396	CYC: 11 (k=3)	RND:	 waves/tubespit/tubespit-52-cyctip.txt -1 ( 800 bp) REC:1000	317	bslip sum 5
v4.04	Jan  5 17:02:49 2020	 x1	1000	0.423	CYC:  3 (k=3)	RND:	 waves/tubespit/tubespit-53-impkhp.txt -1 ( 800 bp) REC:1000	338	bslip sum 8
v4.04	Jan  5 17:02:49 2020	 x1	1000	0.363	CYC:  1 (k=3)	RND:	 waves/tubespit/tubespit-54-impkhp.txt -1 ( 800 bp) REC:1000	290	bslip sum 5
v4.04	Jan  5 17:02:49 2020	 x1	1000	0.486	CYC:  8 (k=3)	RND:	 waves/tubespit/tubespit-55-impkhp.txt -1 ( 800 bp) REC:1000	389	bslip sum 8
v4.04	Jan  5 17:02:50 2020	 x1	1000	0.403	CYC:  0 (k=0)	RND:	 waves/tubespit/tubespit-56-tbslp2.txt -1 ( 800 bp) REC:1000	322	bslip sum 10
v4.04	Jan  5 17:02:50 2020	 x1	1000	0.365	CYC:  0 (k=0)	RND:	 waves/tubespit/tubespit-57-tbslp2.txt -1 ( 800 bp) REC:1000	292	bslip sum 7
v4.04	Jan  5 17:02:50 2020	 x1	1000	0.426	CYC:  0 (k=0)	RND:	 waves/tubespit/tubespit-58-tcycle.txt -1 ( 800 bp) REC:1000	341	bslip sum 10
v4.04	Jan  5 17:02:50 2020	 x1	1000	0.469	CYC:  1 (k=3)	RND:	 waves/tubespit/tubespit-59-tcycle.txt -1 ( 800 bp) REC:1000	375	bslip sum 103
v4.04	Jan  5 17:02:51 2020	 x1	1000	0.431	CYC:  0 (k=0)	RND:	 waves/tubespit/tubespit-60-tbslp2.txt -1 ( 800 bp) REC:1000	345	bslip sum 5
v4.04	Jan  5 17:02:51 2020	 x1	1000	0.429	CYC:  0 (k=0)	RND:	 waves/tubespit/tubespit-61-tghost.txt -1 ( 800 bp) REC:1000	343	bslip sum 11
v4.04	Jan  5 17:02:51 2020	 x1	1000	0.370	CYC:  7 (k=3)	RND:	 waves/tubespit/tubespit-62-tuckup.txt -1 ( 100 bp) REC:1000	 37	bslip sum 1
v4.04	Jan  5 17:02:51 2020	 x1	1000	0.410	CYC:  0 (k=0)	RND:	 waves/tubespit/tubespit-63-cnudge.txt -1 ( 100 bp) REC:1000	 41	N/A
v4.04	Jan  5 17:02:51 2020	 x1	1000	0.430	CYC:  0 (k=0)	RND:	 waves/tubespit/tubespit-64-sndge0.txt -1 ( 100 bp) REC:1000	 43	bslip sum 5
v4.04	Jan  5 17:02:51 2020	 x1	1000	0.460	CYC:  0 (k=0)	RND:	 waves/tubespit/tubespit-64-sndge1.txt -1 ( 100 bp) REC:1000	 46	N/A
v4.04	Jan  5 17:02:51 2020	 x1	1000	0.420	CYC:  0 (k=0)	RND:	 waves/tubespit/tubespit-64-sndge2.txt -1 ( 100 bp) REC:1000	 42	bslip sum 5
v4.04	Jan  5 17:02:51 2020	 x1	1000	0.420	CYC:  0 (k=0)	RND:	 waves/tubespit/tubespit-64-sndge3.txt -1 ( 100 bp) REC:1000	 42	N/A
v4.04	Jan  5 17:02:51 2020	 x1	1000	0.360	CYC:  0 (k=0)	RND:	 waves/tubespit/tubespit-64-sndge4.txt -1 ( 100 bp) REC:1000	 36	N/A
v4.04	Jan  5 17:02:51 2020	 x1	1000	0.410	CYC:  0 (k=0)	RND:	 waves/tubespit/tubespit-64-sndge5.txt -1 ( 100 bp) REC:1000	 41	N/A
v4.04	Jan  5 17:02:51 2020	 x1	1000	0.470	CYC:  0 (k=0)	RND:	 waves/tubespit/tubespit-64-sndge6.txt -1 ( 100 bp) REC:1000	 47	N/A
v4.04	Jan  5 17:02:51 2020	 x1	1000	0.460	CYC:  0 (k=0)	RND:	 waves/tubespit/tubespit-64-sndge7.txt -1 ( 100 bp) REC:1000	 46	N/A
v4.04	Jan  5 17:02:51 2020	 x1	1000	0.470	CYC:  0 (k=0)	RND:	 waves/tubespit/tubespit-64-sndge8.txt -1 ( 100 bp) REC:1000	 47	N/A
v4.04	Jan  5 17:02:51 2020	 x1	1000	0.350	CYC:  0 (k=0)	RND:	 waves/tubespit/tubespit-64-sndge9.txt -1 ( 100 bp) REC:1000	 35	bslip sum 3
v4.04	Jan  5 17:02:51 2020	 x1	1000	0.380	CYC:  0 (k=0)	RND:	 waves/tubespit/tubespit-65-consen.txt -1 ( 100 bp) REC:1000	 38	bslip sum 5
v4.04	Jan  5 17:02:51 2020	 x1	1000	0.370	CYC:  0 (k=0)	RND:	 waves/tubespit/tubespit-66-consen.txt -1 ( 100 bp) REC:1000	 37	bslip sum 5
v4.04	Jan  5 17:02:51 2020	 x1	1000	0.430	CYC:  2 (k=3)	RND:	 waves/tubespit/tubespit-67-bslclr.txt -1 ( 100 bp) REC:1000	 43	bslip sum 5
v4.04	Jan  5 17:02:51 2020	 x1	1000	0.450	CYC:  0 (k=0)	RND:	 waves/tubespit/tubespit-68-dRaggd.txt -1 ( 100 bp) REC:1000	 45	bslip sum 5
v4.04	Jan  5 17:02:51 2020	 x1	1000	0.540	CYC:  0 (k=0)	RND:	 waves/tubespit/tubespit-69-ktrans.txt -1 ( 100 bp) REC:1000	 54	N/A
v4.04	Jan  5 17:02:51 2020	 x1	1000	0.450	CYC:  0 (k=0)	RND:	 waves/tubespit/tubespit-70-ktrans.txt -1 ( 100 bp) REC:1000	 45	N/A
v4.04	Jan  5 17:02:51 2020	 x1	1000	0.480	CYC:  0 (k=0)	RND:	 waves/tubespit/tubespit-71-ktrans.txt -1 ( 100 bp) REC:1000	 48	bslip sum 5
v4.04	Jan  5 17:02:51 2020	 x1	1000	0.320	CYC:  0 (k=0)	RND:	 waves/tubespit/tubespit-72-ktrans.txt -1 ( 100 bp) REC:1000	 32	N/A
v4.04	Jan  5 17:02:51 2020	 x1	1000	0.450	CYC:  0 (k=0)	RND:	 waves/tubespit/tubespit-73-ktrans.txt -1 ( 100 bp) REC:1000	 45	N/A
v4.04	Jan  5 17:02:51 2020	 x1	1000	0.420	CYC:  0 (k=0)	RND:	 waves/tubespit/tubespit-74-ktrans.txt -1 ( 100 bp) REC:1000	 42	bslip sum 500
v4.04	Jan  5 17:02:51 2020	 x1	1000	0.370	CYC:  0 (k=0)	RND:	 waves/tubespit/tubespit-75-ktrans.txt -1 ( 100 bp) REC:1000	 37	N/A
v4.04	Jan  5 17:02:51 2020	 x1	1000	0.440	CYC:  0 (k=0)	RND:	 waves/tubespit/tubespit-76-ktrans.txt -1 ( 100 bp) REC:1000	 44	bslip sum 5
v4.04	Jan  5 17:02:51 2020	 x1	1000	0.460	CYC:  0 (k=0)	RND:	 waves/tubespit/tubespit-77-ktrans.txt -1 ( 100 bp) REC:1000	 46	N/A
v4.04	Jan  5 17:02:51 2020	 x1	1000	0.490	CYC:  0 (k=0)	RND:	 waves/tubespit/tubespit-78-ktrans.txt -1 ( 100 bp) REC:1000	 49	N/A
v4.04	Jan  5 17:02:51 2020	 x1	1000	0.510	CYC:  0 (k=0)	RND:	 waves/tubespit/tubespit-79-kcheck.txt -1 ( 100 bp) REC:1000	 51	N/A
v4.04	Jan  5 17:02:51 2020	 x1	1000	0.440	CYC:  0 (k=0)	RND:	 waves/tubespit/tubespit-80-kcheck.txt -1 ( 100 bp) REC:1000	 44	bslip sum 105
v4.04	Jan  5 17:02:51 2020	 x1	1000	0.430	CYC:  0 (k=0)	RND:	 waves/tubespit/tubespit-81-kcheck.txt -1 ( 100 bp) REC:1000	 43	N/A
v4.04	Jan  5 17:02:51 2020	 x1	1000	0.420	CYC:  4 (k=3)	RND:	 waves/tubespit/tubespit-82-kcheck.txt -1 ( 100 bp) REC:1000	 42	N/A
v4.04	Jan  5 17:02:51 2020	 x1	1000	0.400	CYC:  1 (k=3)	RND:	 waves/tubespit/tubespit-83-shadow.txt -1 ( 100 bp) REC:1000	 40	bslip sum 5
v4.04	Jan  5 17:02:52 2020	 x1	1000	0.540	CYC:  0 (k=0)	RND:	 waves/tubespit/tubespit-84-shadow.txt -1 ( 100 bp) REC:1000	 54	N/A
v4.04	Jan  5 17:02:52 2020	 x1	1000	0.470	CYC:  0 (k=0)	RND:	 waves/tubespit/tubespit-85-adjDTH.txt -1 ( 100 bp) REC:1000	 47	bslip sum 10
v4.04	Jan  5 17:02:52 2020	 x1	1000	0.470	CYC:  0 (k=0)	RND:	 waves/tubespit/tubespit-86-adjDTH.txt -1 ( 100 bp) REC:1000	 47	bslip sum 100
v4.04	Jan  5 17:02:52 2020	 x1	1000	0.420	CYC:  0 (k=0)	RND:	 waves/tubespit/tubespit-87-adjDTH.txt -1 ( 100 bp) REC:1000	 42	N/A
v4.04	Jan  5 17:02:52 2020	 x1	1000	0.500	CYC:  0 (k=0)	RND:	 waves/tubespit/tubespit-88-ndgLst.txt -1 (  16 bp) REC:1000	  8	N/A
v4.04	Jan  5 17:02:52 2020	 x1	1000	0.340	CYC:  0 (k=0)	RND:	 waves/tubespit/tubespit-89-ktrans.txt -1 ( 100 bp) REC:1000	 34	N/A
v4.04	Jan  5 17:02:52 2020	 x1	1000	0.580	CYC:  0 (k=0)	RND:	   waves/tubespit/tubespit_v327_52.txt -1 ( 100 bp) REC:1000	 58	N/A
v4.04	Jan  5 17:02:52 2020	 x1	1000	0.450	CYC:  0 (k=0)	RND:	   waves/tubespit/tubespit_v343_01.txt -1 ( 100 bp) REC:1000	 45	N/A
v4.04	Jan  5 17:02:52 2020	 x1	1000	0.510	CYC:  0 (k=0)	RND:	   waves/tubespit/tubespit_v343_02.txt -1 ( 100 bp) REC:1000	 51	N/A
v4.04	Jan  5 17:02:52 2020	 x1	1000	0.360	CYC:  0 (k=0)	RND:	   waves/tubespit/tubespit_v343_03.txt -1 ( 100 bp) REC:1000	 36	bslip sum 5
v4.04	Jan  5 17:02:52 2020	 x1	1000	0.440	CYC:  0 (k=0)	RND:	   waves/tubespit/tubespit_v343_04.txt -1 ( 100 bp) REC:1000	 44	bslip sum 5
v4.04	Jan  5 17:02:52 2020	 x1	1000	0.460	CYC:  0 (k=0)	RND:	   waves/tubespit/tubespit_v343_05.txt -1 ( 100 bp) REC:1000	 46	bslip sum 5
v4.04	Jan  5 17:02:52 2020	 x1	1000	0.440	CYC:  0 (k=0)	RND:	   waves/tubespit/tubespit_v343_06.txt -1 ( 100 bp) REC:1000	 44	bslip sum 3
v4.04	Jan  5 17:02:52 2020	 x1	1000	0.470	CYC:  0 (k=0)	RND:	   waves/tubespit/tubespit_v343_07.txt -1 ( 100 bp) REC:1000	 47	N/A
v4.04	Jan  5 17:02:52 2020	 x1	1000	0.410	CYC:  0 (k=0)	RND:	   waves/tubespit/tubespit_v343_08.txt -1 ( 100 bp) REC:1000	 41	N/A
v4.04	Jan  5 17:02:52 2020	 x1	1000	0.370	CYC:  7 (k=3)	RND:	   waves/tubespit/tubespit_v343_09.txt -1 ( 100 bp) REC:1000	 37	bslip sum 5
v4.04	Jan  5 17:02:52 2020	 x1	1000	0.320	CYC:  2 (k=3)	RND:	   waves/tubespit/tubespit_v343_10.txt -1 ( 100 bp) REC:1000	 32	bslip sum 5
v4.04	Jan  5 17:02:52 2020	 x1	1000	0.360	CYC:  0 (k=0)	RND:	   waves/tubespit/tubespit_v343_11.txt -1 ( 100 bp) REC:1000	 36	bslip sum 8
v4.04	Jan  5 17:02:52 2020	 x1	1000	0.520	CYC:  0 (k=0)	RND:	   waves/tubespit/tubespit_v343_12.txt -1 ( 100 bp) REC:1000	 52	N/A
v4.04	Jan  5 17:02:52 2020	 x1	1000	0.370	CYC:  0 (k=0)	RND:	   waves/tubespit/tubespit_v343_13.txt -1 ( 100 bp) REC:1000	 37	bslip sum 5
v4.04	Jan  5 17:02:52 2020	 x1	1000	0.450	CYC:  0 (k=0)	RND:	   waves/tubespit/tubespit_v343_14.txt -1 ( 100 bp) REC:1000	 45	N/A
v4.04	Jan  5 17:02:52 2020	 x1	1000	0.430	CYC:  0 (k=0)	RND:	   waves/tubespit/tubespit_v343_17.txt -1 ( 100 bp) REC:1000	 43	bslip sum 100
v4.04	Jan  5 17:02:52 2020	 x1	1000	0.540	CYC:  0 (k=0)	RND:	   waves/tubespit/tubespit_v343_18.txt -1 ( 100 bp) REC:1000	 54	bslip sum 5
v4.04	Jan  5 17:02:52 2020	 x1	1000	0.450	CYC:  0 (k=0)	RND:	   waves/tubespit/tubespit_v343_19.txt -1 ( 100 bp) REC:1000	 45	bslip sum 5
v4.04	Jan  5 17:02:52 2020	 x1	1000	0.550	CYC:  0 (k=0)	RND:	   waves/tubespit/tubespit_v343_20.txt -1 ( 100 bp) REC:1000	 55	N/A
v4.04	Jan  5 17:02:52 2020	 x1	1000	0.530	CYC:  0 (k=0)	RND:	   waves/tubespit/tubespit_v343_21.txt -1 ( 100 bp) REC:1000	 53	N/A
v4.04	Jan  5 17:02:52 2020	 x1	1000	0.430	CYC:  0 (k=0)	RND:	   waves/tubespit/tubespit_v343_22.txt -1 ( 100 bp) REC:1000	 43	bslip sum 5
v4.04	Jan  5 17:02:52 2020	 x1	 823	0.510	CYC:  0 (k=0)	RND:	   waves/tubespit/tubespit_v343_23.txt -1 ( 100 bp) REC: 930	 51	bslip sum 10
v4.04	Jan  5 17:02:52 2020	 x1	1000	0.430	CYC:  0 (k=0)	RND:	   waves/tubespit/tubespit_v343_24.txt -1 ( 100 bp) REC:1000	 43	N/A
v4.04	Jan  5 17:02:52 2020	 x1	1000	0.460	CYC:  1 (k=3)	RND:	   waves/tubespit/tubespit_v343_25.txt -1 ( 100 bp) REC:1000	 46	bslip sum 5
v4.04	Jan  5 17:02:52 2020	 x1	1000	0.440	CYC:  0 (k=0)	RND:	   waves/tubespit/tubespit_v344_03.txt -1 ( 100 bp) REC:1000	 44	bslip sum 3
v4.04	Jan  5 17:02:52 2020	 x1	1000	0.340	CYC:  0 (k=0)	RND:	   waves/tubespit/tubespit_v344_05.txt -1 ( 100 bp) REC:1000	 34	bslip sum 1
v4.04	Jan  5 17:02:52 2020	 x1	1000	0.470	CYC:  0 (k=0)	RND:	   waves/tubespit/tubespit_v344_06.txt -1 ( 100 bp) REC:1000	 47	N/A
v4.04	Jan  5 17:02:52 2020	 x1	 897	0.490	CYC:  0 (k=0)	RND:	   waves/tubespit/tubespit_v344_01.txt -1 ( 100 bp) REC: 950	 49	bslip sum 10
v4.04	Jan  5 17:02:52 2020	 x1	1000	0.480	CYC:  0 (k=0)	RND:	   waves/tubespit/tubespit_v344_02.txt -1 ( 100 bp) REC:1000	 48	bslip sum 5
v4.04	Jan  5 17:02:52 2020	 x1	1000	0.540	CYC:  0 (k=0)	RND:	   waves/tubespit/tubespit_v344_04.txt -1 ( 100 bp) REC:1000	 54	N/A
v4.04	Jan  5 17:02:52 2020	 x1	1000	0.440	CYC:  0 (k=0)	RND:	   waves/tubespit/tubespit_v344_07.txt -1 ( 100 bp) REC:1000	 44	bslip sum 5
v4.04	Jan  5 17:02:52 2020	 x1	1000	0.520	CYC:  0 (k=0)	RND:	   waves/tubespit/tubespit_v344_08.txt -1 ( 100 bp) REC:1000	 52	bslip sum 5
v4.04	Jan  5 17:02:52 2020	 x1	1000	0.440	CYC:  0 (k=0)	RND:	   waves/tubespit/tubespit_v344_09.txt -1 ( 100 bp) REC:1000	 44	N/A
v4.04	Jan  5 17:02:52 2020	 x1	1000	0.530	CYC:  0 (k=0)	RND:	   waves/tubespit/tubespit_v344_10.txt -1 ( 100 bp) REC:1000	 53	N/A
v4.04	Jan  5 17:02:52 2020	 x1	1000	0.470	CYC:  0 (k=0)	RND:	   waves/tubespit/tubespit_v344_11.txt -1 ( 100 bp) REC:1000	 47	bslip sum 5
v4.04	Jan  5 17:02:52 2020	 x1	1000	0.540	CYC:  0 (k=0)	RND:	   waves/tubespit/tubespit_v344_12.txt -1 ( 100 bp) REC:1000	 54	bslip sum 8
v4.04	Jan  5 17:02:52 2020	 x1	1000	0.440	CYC:  0 (k=0)	RND:	   waves/tubespit/tubespit_v344_13.txt -1 ( 100 bp) REC:1000	 44	N/A
v4.04	Jan  5 17:02:52 2020	 x1	1000	0.380	CYC:  0 (k=0)	RND:	   waves/tubespit/tubespit_v344_14.txt -1 ( 100 bp) REC:1000	 38	N/A
v4.04	Jan  5 17:02:53 2020	 x1	1000	0.440	CYC:  0 (k=0)	RND:	   waves/tubespit/tubespit_v344_15.txt -1 ( 100 bp) REC:1000	 44	N/A
v4.04	Jan  5 17:02:53 2020	 x1	1000	0.410	CYC:  0 (k=0)	RND:	   waves/tubespit/tubespit_v344_16.txt -1 ( 100 bp) REC:1000	 41	bslip sum 105
v4.04	Jan  5 17:02:53 2020	 x1	1000	0.540	CYC:  0 (k=0)	RND:	   waves/tubespit/tubespit_v344_17.txt -1 ( 100 bp) REC:1000	 54	N/A
v4.04	Jan  5 17:02:53 2020	 x1	1000	0.440	CYC:  0 (k=0)	RND:	   waves/tubespit/tubespit_v344_18.txt -1 ( 100 bp) REC:1000	 44	bslip sum 5
v4.04	Jan  5 17:02:53 2020	 x1	1000	0.430	CYC:  0 (k=0)	RND:	   waves/tubespit/tubespit_v344_19.txt -1 ( 100 bp) REC:1000	 43	bslip sum 500
v4.04	Jan  5 17:02:53 2020	 x1	1000	0.440	CYC:  0 (k=0)	RND:	   waves/tubespit/tubespit_v344_20.txt -1 ( 100 bp) REC:1000	 44	bslip sum 3
v4.04	Jan  5 17:02:53 2020	 x1	1000	0.360	CYC:  0 (k=0)	RND:	   waves/tubespit/tubespit_v344_21.txt -1 ( 100 bp) REC:1000	 36	bslip sum 1
v4.04	Jan  5 17:02:53 2020	 x1	1000	0.360	CYC:  0 (k=0)	RND:	   waves/tubespit/tubespit_v344_22.txt -1 ( 100 bp) REC:1000	 36	N/A
v4.04	Jan  5 17:02:53 2020	 x1	1000	0.490	CYC:  0 (k=0)	RND:	   waves/tubespit/tubespit_v344_23.txt -1 ( 100 bp) REC:1000	 49	bslip sum 5
v4.04	Jan  5 17:02:53 2020	 x1	1000	0.540	CYC:  0 (k=0)	RND:	   waves/tubespit/tubespit_v344_24.txt -1 ( 100 bp) REC:1000	 54	N/A
v4.04	Jan  5 17:02:53 2020	 x1	1000	0.430	CYC:  0 (k=0)	RND:	   waves/tubespit/tubespit_v344_25.txt -1 ( 100 bp) REC:1000	 43	bslip sum 100
v4.04	Jan  5 17:02:53 2020	 x1	1000	0.550	CYC:  0 (k=0)	RND:	   waves/tubespit/tubespit_v344_26.txt -1 ( 100 bp) REC:1000	 55	N/A
v4.04	Jan  5 17:02:53 2020	 x1	1000	0.440	CYC:  2 (k=3)	RND:	   waves/tubespit/tubespit_v344_27.txt -1 ( 100 bp) REC:1000	 44	bslip sum 5
v4.04	Jan  5 17:02:53 2020	 x1	1000	0.340	CYC:  0 (k=0)	RND:	   waves/tubespit/tubespit_v344_28.txt -1 ( 100 bp) REC:1000	 34	bslip sum 5
v4.04	Jan  5 17:02:53 2020	 x1	1000	0.470	CYC:  0 (k=0)	RND:	   waves/tubespit/tubespit_v344_29.txt -1 ( 100 bp) REC:1000	 47	bslip sum 5
v4.04	Jan  5 17:02:53 2020	 x1	1000	0.460	CYC:  0 (k=0)	RND:	   waves/tubespit/tubespit_v344_30.txt -1 ( 100 bp) REC:1000	 46	bslip sum 10
v4.04	Jan  5 17:02:53 2020	 x1	1000	0.440	CYC:  0 (k=0)	RND:	   waves/tubespit/tubespit_v344_31.txt -1 ( 100 bp) REC:1000	 44	bslip sum 8
v4.04	Jan  5 17:02:53 2020	 x1	1000	0.500	CYC:  0 (k=0)	RND:	   waves/tubespit/tubespit_v344_32.txt -1 ( 100 bp) REC:1000	 50	bslip sum 100
v4.04	Jan  5 17:02:53 2020	 x1	1000	0.520	CYC:  0 (k=0)	RND:	   waves/tubespit/tubespit_v344_33.txt -1 ( 100 bp) REC:1000	 52	N/A
v4.04	Jan  5 17:02:53 2020	 x1	1000	0.540	CYC:  0 (k=0)	RND:	   waves/tubespit/tubespit_v344_34.txt -1 ( 100 bp) REC:1000	 54	bslip sum 8
v4.04	Jan  5 17:02:53 2020	 x1	1000	0.370	CYC:  0 (k=0)	RND:	   waves/tubespit/tubespit_v344_35.txt -1 ( 100 bp) REC:1000	 37	N/A
v4.04	Jan  5 17:02:53 2020	 x1	1000	0.490	CYC:  0 (k=0)	RND:	   waves/tubespit/tubespit_v344_36.txt -1 ( 100 bp) REC:1000	 49	N/A
v4.04	Jan  5 17:02:53 2020	 x1	1000	0.647	CYC:  0 (k=0)	RND:	waves/tubespit/tubespit_v377_cycAB_01.txt -1 (  17 bp) REC:1000	 11	N/A
v4.04	Jan  5 17:02:53 2020	 x1	1000	0.529	CYC:  0 (k=0)	RND:	waves/tubespit/tubespit_v377_cycAB_02.txt -1 (  17 bp) REC:1000	  9	N/A
v4.04	Jan  5 17:02:53 2020	 x1	1000	0.412	CYC:  0 (k=0)	RND:	waves/tubespit/tubespit_v377_cycAB_03.txt -1 (  17 bp) REC:1000	  7	N/A
v4.04	Jan  5 17:02:53 2020	 x1	1000	0.294	CYC:  0 (k=0)	RND:	waves/tubespit/tubespit_v377_cycAB_04.txt -1 (  17 bp) REC:1000	  5	N/A
