v3.81	Dec 21 10:17:41 2019	 x0	1000	0.356	CYC:  0 (k=0)	RND:	a                       example sequence (  87 ch) REC:1000	 31	N/A
v3.81	Dec 21 10:17:42 2019	 x0	1000	0.274	CYC:  0 (k=0)	RND:	b                       example sequence (  84 ch) REC:1000	 23	N/A
v3.81	Dec 21 10:17:42 2019	 x0	1000	0.255	CYC:  0 (k=0)	RND:	c                       example sequence ( 102 ch) REC:1000	 26	N/A
v3.81	Dec 21 10:17:42 2019	 x0	1000	0.488	CYC:  0 (k=0)	RND:	d                       example sequence ( 121 ch) REC:1000	 59	N/A
v3.81	Dec 21 10:17:42 2019	 x0	1000	0.413	CYC:  0 (k=0)	RND:	e                       example sequence ( 109 ch) REC:1000	 45	N/A
v3.81	Dec 21 10:17:43 2019	 x0	1000	0.269	CYC:  0 (k=0)	RND:	f                       example sequence ( 156 ch) REC:1000	 42	N/A
v3.81	Dec 21 10:17:43 2019	 x0	1000	0.533	CYC:  0 (k=0)	RND:	g                       example sequence (  45 ch) REC:1000	 24	N/A
v3.81	Dec 21 10:17:43 2019	 x0	1000	0.522	CYC:  0 (k=0)	RND:	h                       example sequence (  69 bp) REC:1000	 36	bslip type 1
v3.81	Dec 21 10:17:44 2019	 x0	1000	0.421	CYC:  0 (k=0)	RND:	i   waves/animals/seal_vnd_ex3_Dmela.txt ( 956 bp) REC:1000	402	N/A
v3.81	Dec 21 10:17:45 2019	 x0	1000	0.403	CYC:  0 (k=0)	RND:	i   waves/animals/seal_vnd_ex3_Dmaur.txt ( 956 bp) REC:1000	385	N/A
v3.81	Dec 21 10:17:47 2019	 x0	1000	0.415	CYC:  0 (k=0)	RND:	i   waves/animals/seal_vnd_ex3_Dsech.txt ( 956 bp) REC:1000	397	N/A
v3.81	Dec 21 10:17:48 2019	 x0	1000	0.413	CYC:  0 (k=0)	RND:	i   waves/animals/seal_vnd_ex3_Dsimu.txt ( 956 bp) REC:1000	395	N/A
v3.81	Dec 21 10:17:50 2019	 x0	1000	0.406	CYC:  0 (k=0)	RND:	i   waves/animals/seal_vnd_ex3_Derec.txt ( 962 bp) REC:1000	391	N/A
v3.81	Dec 21 10:17:52 2019	 x0	1000	0.382	CYC:  0 (k=0)	RND:	i   waves/animals/seal_vnd_ex3_Dsant.txt ( 959 bp) REC:1000	366	N/A
v3.81	Dec 21 10:17:53 2019	 x0	1000	0.392	CYC:  0 (k=0)	RND:	i   waves/animals/seal_vnd_ex3_Dyaku.txt ( 957 bp) REC:1000	375	N/A
v3.81	Dec 21 10:17:55 2019	 x0	1000	0.388	CYC:  4 (k=3)	RND:	i   waves/animals/seal_vnd_ex3_Dbiar.txt ( 974 bp) REC:1000	378	bslip type 10
v3.81	Dec 21 10:17:56 2019	 x0	1000	0.377	CYC:  0 (k=0)	RND:	i   waves/animals/seal_vnd_ex3_Dsuzu.txt ( 980 bp) REC:1000	369	bslip type 10
v3.81	Dec 21 10:17:58 2019	 x0	1000	0.393	CYC:  0 (k=0)	RND:	i   waves/animals/seal_vnd_ex3_Danan.txt ( 962 bp) REC:1000	378	bslip type 10
v3.81	Dec 21 10:18:00 2019	 x0	1000	0.393	CYC:  0 (k=0)	RND:	i   waves/animals/seal_vnd_ex3_Dbipe.txt ( 950 bp) REC:1000	373	N/A
v3.81	Dec 21 10:18:01 2019	 x0	1000	0.449	CYC:  0 (k=0)	RND:	i  waves/animals/shark_vnd_NEE_Dmela.txt (1008 bp) REC:1000	453	bslip type 10
v3.81	Dec 21 10:18:03 2019	 x0	1000	0.464	CYC:  0 (k=0)	RND:	i  waves/animals/shark_vnd_NEE_Dmaur.txt (1006 bp) REC:1000	467	bslip type 10
v3.81	Dec 21 10:18:04 2019	 x0	1000	0.457	CYC:  0 (k=0)	RND:	i  waves/animals/shark_vnd_NEE_Dsech.txt (1002 bp) REC:1000	458	bslip type 10
v3.81	Dec 21 10:18:06 2019	 x0	1000	0.455	CYC:  0 (k=0)	RND:	i  waves/animals/shark_vnd_NEE_Dsimu.txt (1007 bp) REC:1000	458	bslip type 10
v3.81	Dec 21 10:18:07 2019	 x0	1000	0.439	CYC:  0 (k=0)	RND:	i  waves/animals/shark_vnd_NEE_Derec.txt (1005 bp) REC:1000	441	N/A
v3.81	Dec 21 10:18:09 2019	 x0	1000	0.426	CYC:  4 (k=3)	RND:	i  waves/animals/shark_vnd_NEE_Dsant.txt (1093 bp) REC:1000	466	bslip type 10
v3.81	Dec 21 10:18:10 2019	 x0	1000	0.429	CYC:  0 (k=0)	RND:	i  waves/animals/shark_vnd_NEE_Dyaku.txt (1063 bp) REC:1000	456	bslip type 10
v3.81	Dec 21 10:18:12 2019	 x0	1000	0.437	CYC:  0 (k=0)	RND:	i  waves/animals/shark_vnd_NEE_Dbiar.txt (1063 bp) REC:1000	464	N/A
v3.81	Dec 21 10:18:14 2019	 x0	1000	0.436	CYC:  0 (k=0)	RND:	i  waves/animals/shark_vnd_NEE_Dsuzu.txt (1064 bp) REC:1000	464	N/A
v3.81	Dec 21 10:18:16 2019	 x0	1000	0.397	CYC:  0 (k=0)	RND:	i waves/animals/shark_nab_DWME_Dmela.txt ( 764 bp) REC:1000	303	bslip type 10
v3.81	Dec 21 10:18:17 2019	 x0	1000	0.361	CYC:  0 (k=0)	RND:	i  waves/tubespit/tubespit-01-toslip.txt (  72 bp) REC:1000	 26	bslip type 10
v3.81	Dec 21 10:18:17 2019	 x0	1000	0.364	CYC:  0 (k=0)	RND:	i  waves/tubespit/tubespit-02-toslip.txt (  66 bp) REC:1000	 24	N/A
v3.81	Dec 21 10:18:17 2019	 x0	1000	0.574	CYC:  0 (k=0)	RND:	i  waves/tubespit/tubespit-03-tosSt1.txt (  61 bp) REC:1000	 35	N/A
v3.81	Dec 21 10:18:18 2019	 x0	1000	0.408	CYC:  0 (k=0)	RND:	i  waves/tubespit/tubespit-04-tos-ct.txt (  71 bp) REC:1000	 29	bslip type 10
v3.81	Dec 21 10:18:18 2019	 x0	1000	0.516	CYC:  0 (k=0)	RND:	i  waves/tubespit/tubespit-05-koshp1.txt (  62 bp) REC:1000	 32	N/A
v3.81	Dec 21 10:18:18 2019	 x0	1000	0.449	CYC:  0 (k=0)	RND:	i  waves/tubespit/tubespit-06-koslip.txt ( 138 bp) REC:1000	 62	N/A
v3.81	Dec 21 10:18:18 2019	 x0	1000	0.512	CYC:  0 (k=0)	RND:	i  waves/tubespit/tubespit-07-koslip.txt (  84 bp) REC:1000	 43	bslip type 10
v3.81	Dec 21 10:18:19 2019	 x0	1000	0.370	CYC:  0 (k=0)	RND:	i  waves/tubespit/tubespit-08-koslp2.txt (  81 bp) REC:1000	 30	N/A
v3.81	Dec 21 10:18:19 2019	 x0	1000	0.477	CYC:  0 (k=0)	RND:	i  waves/tubespit/tubespit-09-koslp3.txt (  65 bp) REC:1000	 31	N/A
v3.81	Dec 21 10:18:19 2019	 x0	1000	0.443	CYC:  0 (k=0)	RND:	i  waves/tubespit/tubespit-10-cycle1.txt ( 106 bp) REC:1000	 47	bslip type 100
v3.81	Dec 21 10:18:20 2019	 x0	1000	0.415	CYC:  0 (k=0)	RND:	i  waves/tubespit/tubespit-11-cycle1.txt ( 159 bp) REC:1000	 66	N/A
v3.81	Dec 21 10:18:20 2019	 x0	1000	0.418	CYC:  0 (k=0)	RND:	i  waves/tubespit/tubespit-12-cycle1.txt (  55 bp) REC:1000	 23	bslip type 1
v3.81	Dec 21 10:18:20 2019	 x0	1000	0.439	CYC:  0 (k=0)	RND:	i  waves/tubespit/tubespit-13-cycle2.txt ( 123 bp) REC:1000	 54	bslip type 5
v3.81	Dec 21 10:18:20 2019	 x0	1000	0.507	CYC:  4 (k=3)	RND:	i  waves/tubespit/tubespit-14-cycle3.txt ( 138 bp) REC:1000	 70	N/A
v3.81	Dec 21 10:18:21 2019	 x0	1000	0.522	CYC:  4 (k=3)	RND:	i  waves/tubespit/tubespit-15-cycle4.txt ( 157 bp) REC:1000	 82	bslip type 10
v3.81	Dec 21 10:18:21 2019	 x0	1000	0.235	CYC:  0 (k=0)	RND:	i  waves/tubespit/tubespit-16-cyc3_a.txt (  68 bp) REC:1000	 16	N/A
v3.81	Dec 21 10:18:22 2019	 x0	1000	0.538	CYC:  0 (k=0)	RND:	i  waves/tubespit/tubespit-17-cycle5.txt (  39 bp) REC:1000	 21	N/A
v3.81	Dec 21 10:18:22 2019	 x0	1000	0.486	CYC:  0 (k=0)	RND:	i  waves/tubespit/tubespit-18-koshp2.txt (  74 bp) REC:1000	 36	N/A
v3.81	Dec 21 10:18:22 2019	 x0	1000	0.426	CYC:  0 (k=0)	RND:	i  waves/tubespit/tubespit-19-koslp4.txt (  68 bp) REC:1000	 29	N/A
v3.81	Dec 21 10:18:22 2019	 x0	1000	0.416	CYC:  0 (k=0)	RND:	i  waves/tubespit/tubespit-20-cyc3_b.txt (  77 bp) REC:1000	 32	bslip type 10
v3.81	Dec 21 10:18:23 2019	 x0	1000	0.284	CYC:  0 (k=0)	RND:	i  waves/tubespit/tubespit-21-cyc3_c.txt (  95 bp) REC:1000	 27	bslip type 100
v3.81	Dec 21 10:18:23 2019	 x0	1000	0.538	CYC:  0 (k=0)	RND:	i  waves/tubespit/tubespit-22-tosSt2.txt (  65 bp) REC:1000	 35	bslip type 1
v3.81	Dec 21 10:18:23 2019	 x0	1000	0.476	CYC:  0 (k=0)	RND:	i  waves/tubespit/tubespit-23-tosSt2.txt (  84 bp) REC:1000	 40	bslip type 1
v3.81	Dec 21 10:18:24 2019	 x0	1000	0.350	CYC:  0 (k=0)	RND:	i  waves/tubespit/tubespit-24-tosSt2.txt ( 100 bp) REC:1000	 35	bslip type 10
v3.81	Dec 21 10:18:24 2019	 x0	1000	0.338	CYC:  0 (k=0)	RND:	i  waves/tubespit/tubespit-25-tosSt2.txt ( 195 bp) REC:1000	 66	N/A
v3.81	Dec 21 10:18:24 2019	 x0	1000	0.355	CYC:  0 (k=0)	RND:	i  waves/tubespit/tubespit-26-tosSt2.txt ( 400 bp) REC:1000	142	N/A
v3.81	Dec 21 10:18:25 2019	 x0	1000	0.425	CYC:  0 (k=0)	RND:	i  waves/tubespit/tubespit-27-cycleX.txt ( 400 bp) REC:1000	170	bslip type 5
v3.81	Dec 21 10:18:25 2019	 x0	1000	0.308	CYC:  4 (k=3)	RND:	i  waves/tubespit/tubespit-28-scrtch.txt (  52 bp) REC:1000	 16	N/A
v3.81	Dec 21 10:18:26 2019	 x0	1000	0.421	CYC:  0 (k=0)	RND:	i  waves/tubespit/tubespit-29-toslp2.txt (  57 bp) REC:1000	 24	bslip type 10
v3.81	Dec 21 10:18:26 2019	 x0	1000	0.500	CYC:  0 (k=0)	RND:	i  waves/tubespit/tubespit-30-toslp2.txt (  56 bp) REC:1000	 28	bslip type 10
v3.81	Dec 21 10:18:26 2019	 x0	1000	0.297	CYC:  0 (k=0)	RND:	i  waves/tubespit/tubespit-31-t0edge.txt (  37 bp) REC:1000	 11	bslip type 5
v3.81	Dec 21 10:18:26 2019	 x0	1000	0.423	CYC:  0 (k=0)	RND:	i  waves/tubespit/tubespit-32-combo1.txt ( 265 bp) REC:1000	112	bslip type 100
v3.81	Dec 21 10:18:27 2019	 x0	1000	0.576	CYC:  0 (k=0)	RND:	i  waves/tubespit/tubespit-33-imprf1.txt (  66 bp) REC:1000	 38	N/A
v3.81	Dec 21 10:18:27 2019	 x0	1000	0.582	CYC:  0 (k=0)	RND:	i  waves/tubespit/tubespit-34-imprf2.txt (  67 bp) REC:1000	 39	N/A
v3.81	Dec 21 10:18:27 2019	 x0	1000	0.603	CYC:  0 (k=0)	RND:	i  waves/tubespit/tubespit-35-imprf3.txt (  58 bp) REC:1000	 35	N/A
v3.81	Dec 21 10:18:28 2019	 x0	1000	0.530	CYC:  0 (k=0)	RND:	i  waves/tubespit/tubespit-36-imprf4.txt (  83 bp) REC:1000	 44	N/A
v3.81	Dec 21 10:18:28 2019	 x0	1000	0.473	CYC:  0 (k=0)	RND:	i  waves/tubespit/tubespit-37-imprfk.txt (  93 bp) REC:1000	 44	N/A
v3.81	Dec 21 10:18:28 2019	 x0	1000	0.456	CYC:  0 (k=0)	RND:	i  waves/tubespit/tubespit-38-imprft.txt ( 103 bp) REC:1000	 47	N/A
v3.81	Dec 21 10:18:29 2019	 x0	1000	0.466	CYC:  0 (k=0)	RND:	i  waves/tubespit/tubespit-39-imprfk.txt ( 118 bp) REC:1000	 55	bslip type 10
v3.81	Dec 21 10:18:29 2019	 x0	1000	0.404	CYC:  0 (k=0)	RND:	i  waves/tubespit/tubespit-40-imprfk.txt ( 104 bp) REC:1000	 42	N/A
v3.81	Dec 21 10:18:29 2019	 x0	1000	0.667	CYC:  0 (k=0)	RND:	i  waves/tubespit/tubespit-41-RNAnuc.txt (  42 nt) REC:1000	 28	N/A
v3.81	Dec 21 10:18:29 2019	 x0	1000	0.524	CYC:  0 (k=0)	RND:	i  waves/tubespit/tubespit-41-notRNA.txt (  42 ch) REC:1000	 22	N/A
v3.81	Dec 21 10:18:30 2019	 x0	1000	0.856	CYC:  0 (k=0)	RND:	i  waves/tubespit/tubespit-41-protin.txt ( 312 aa) REC:1000	267	N/A
v3.81	Dec 21 10:18:30 2019	 x0	1000	0.400	CYC:  0 (k=0)	RND:	i  waves/tubespit/tubespit-42-fasta1.txt ( 140 bp) REC:1000	 56	N/A
v3.81	Dec 21 10:18:30 2019	 x0	1000	0.856	CYC:  0 (k=0)	RND:	i  waves/tubespit/tubespit-42-fasta2.txt ( 312 aa) REC:1000	267	N/A
v3.81	Dec 21 10:18:31 2019	 x0	1000	0.559	CYC:  0 (k=0)	RND:	i  waves/tubespit/tubespit-43-timprf.txt (  34 bp) REC:1000	 19	N/A
v3.81	Dec 21 10:18:31 2019	 x0	1000	0.341	CYC:  0 (k=0)	RND:	i  waves/tubespit/tubespit-44-tosimp.txt (  88 bp) REC:1000	 30	bslip type 10
v3.81	Dec 21 10:18:31 2019	 x0	1000	0.761	CYC:  0 (k=0)	RND:	i  waves/tubespit/tubespit-45-cinky1.txt ( 134 bp) REC:1000	102	N/A
v3.81	Dec 21 10:18:31 2019	 x0	1000	0.423	CYC:  0 (k=0)	RND:	i  waves/tubespit/tubespit-46-cinky2.txt ( 182 bp) REC:1000	 77	bslip type 10
v3.81	Dec 21 10:18:32 2019	 x0	1000	0.350	CYC:  0 (k=0)	RND:	i  waves/tubespit/tubespit-47-cycle6.txt (  40 bp) REC:1000	 14	bslip type 100
v3.81	Dec 21 10:18:32 2019	 x0	1000	0.344	CYC:  0 (k=0)	RND:	i  waves/tubespit/tubespit-48-tbdslp.txt ( 122 bp) REC:1000	 42	bslip type 10
v3.81	Dec 21 10:18:32 2019	 x0	1000	0.445	CYC:  5 (k=3)	RND:	i  waves/tubespit/tubespit-49-cyctip.txt ( 800 bp) REC:1000	356	bslip type 10
v3.81	Dec 21 10:18:33 2019	 x0	1000	0.506	CYC:  0 (k=0)	RND:	i  waves/tubespit/tubespit-50-cyctip.txt ( 800 bp) REC:1000	405	bslip type 10
v3.81	Dec 21 10:18:34 2019	 x0	1000	0.336	CYC:  3 (k=3)	RND:	i  waves/tubespit/tubespit-51-cyctip.txt ( 800 bp) REC:1000	269	bslip type 10
v3.81	Dec 21 10:18:36 2019	 x0	1000	0.417	CYC:  0 (k=0)	RND:	i  waves/tubespit/tubespit-52-cyctip.txt ( 800 bp) REC:1000	334	bslip type 5
v3.81	Dec 21 10:18:37 2019	 x0	1000	0.423	CYC:  0 (k=0)	RND:	i  waves/tubespit/tubespit-53-impkhp.txt ( 800 bp) REC:1000	338	bslip type 10
v3.81	Dec 21 10:18:38 2019	 x0	1000	0.368	CYC:  0 (k=0)	RND:	i  waves/tubespit/tubespit-54-impkhp.txt ( 800 bp) REC:1000	294	N/A
v3.81	Dec 21 10:18:39 2019	 x0	1000	0.469	CYC:  0 (k=0)	RND:	i  waves/tubespit/tubespit-55-impkhp.txt ( 800 bp) REC:1000	375	bslip type 10
v3.81	Dec 21 10:18:40 2019	 x0	1000	0.417	CYC:  0 (k=0)	RND:	i  waves/tubespit/tubespit-56-tbslp2.txt ( 800 bp) REC:1000	334	N/A
v3.81	Dec 21 10:18:41 2019	 x0	1000	0.350	CYC:  0 (k=0)	RND:	i  waves/tubespit/tubespit-57-tbslp2.txt ( 800 bp) REC:1000	280	N/A
v3.81	Dec 21 10:18:42 2019	 x0	1000	0.423	CYC:  0 (k=0)	RND:	i  waves/tubespit/tubespit-58-tcycle.txt ( 800 bp) REC:1000	338	bslip type 10
v3.81	Dec 21 10:18:43 2019	 x0	1000	0.452	CYC:  0 (k=0)	RND:	i  waves/tubespit/tubespit-59-tcycle.txt ( 800 bp) REC:1000	362	bslip type 100
v3.81	Dec 21 10:18:44 2019	 x0	1000	0.445	CYC:  0 (k=0)	RND:	i  waves/tubespit/tubespit-60-tbslp2.txt ( 800 bp) REC:1000	356	N/A
v3.81	Dec 21 10:18:46 2019	 x0	1000	0.389	CYC:  0 (k=0)	RND:	i  waves/tubespit/tubespit-61-tghost.txt ( 800 bp) REC:1000	311	N/A
v3.81	Dec 21 10:18:47 2019	 x0	1000	0.400	CYC:  0 (k=0)	RND:	i  waves/tubespit/tubespit-62-tuckup.txt ( 100 bp) REC:1000	 40	bslip type 10
v3.81	Dec 21 10:18:47 2019	 x0	1000	0.400	CYC:  0 (k=0)	RND:	i  waves/tubespit/tubespit-63-cnudge.txt ( 100 bp) REC:1000	 40	bslip type 10
v3.81	Dec 21 10:18:47 2019	 x0	1000	0.450	CYC:  0 (k=0)	RND:	i  waves/tubespit/tubespit-64-sndge0.txt ( 100 bp) REC:1000	 45	N/A
v3.81	Dec 21 10:18:48 2019	 x0	1000	0.510	CYC:  0 (k=0)	RND:	i  waves/tubespit/tubespit-64-sndge1.txt ( 100 bp) REC:1000	 51	N/A
v3.81	Dec 21 10:18:48 2019	 x0	1000	0.360	CYC:  0 (k=0)	RND:	i  waves/tubespit/tubespit-64-sndge2.txt ( 100 bp) REC:1000	 36	N/A
v3.81	Dec 21 10:18:48 2019	 x0	1000	0.430	CYC:  0 (k=0)	RND:	i  waves/tubespit/tubespit-64-sndge3.txt ( 100 bp) REC:1000	 43	N/A
v3.81	Dec 21 10:18:49 2019	 x0	1000	0.400	CYC:  0 (k=0)	RND:	i  waves/tubespit/tubespit-64-sndge4.txt ( 100 bp) REC:1000	 40	N/A
v3.81	Dec 21 10:18:49 2019	 x0	1000	0.380	CYC:  0 (k=0)	RND:	i  waves/tubespit/tubespit-64-sndge5.txt ( 100 bp) REC:1000	 38	N/A
v3.81	Dec 21 10:18:49 2019	 x0	1000	0.430	CYC:  0 (k=0)	RND:	i  waves/tubespit/tubespit-64-sndge6.txt ( 100 bp) REC:1000	 43	N/A
v3.81	Dec 21 10:18:49 2019	 x0	1000	0.480	CYC:  0 (k=0)	RND:	i  waves/tubespit/tubespit-64-sndge7.txt ( 100 bp) REC:1000	 48	N/A
v3.81	Dec 21 10:18:50 2019	 x0	1000	0.530	CYC:  0 (k=0)	RND:	i  waves/tubespit/tubespit-64-sndge8.txt ( 100 bp) REC:1000	 53	N/A
v3.81	Dec 21 10:18:50 2019	 x0	1000	0.340	CYC:  0 (k=0)	RND:	i  waves/tubespit/tubespit-64-sndge9.txt ( 100 bp) REC:1000	 34	N/A
v3.81	Dec 21 10:18:50 2019	 x0	1000	0.340	CYC:  0 (k=0)	RND:	i  waves/tubespit/tubespit-65-consen.txt ( 100 bp) REC:1000	 34	N/A
v3.81	Dec 21 10:18:51 2019	 x0	1000	0.250	CYC:  0 (k=0)	RND:	i  waves/tubespit/tubespit-66-consen.txt ( 100 bp) REC:1000	 25	bslip type 10
v3.81	Dec 21 10:18:51 2019	 x0	1000	0.380	CYC:  0 (k=0)	RND:	i  waves/tubespit/tubespit-67-bslclr.txt ( 100 bp) REC:1000	 38	N/A
v3.81	Dec 21 10:18:51 2019	 x0	1000	0.400	CYC:  0 (k=0)	RND:	i  waves/tubespit/tubespit-68-dRaggd.txt ( 100 bp) REC:1000	 40	N/A
v3.81	Dec 21 10:18:52 2019	 x0	1000	0.470	CYC:  0 (k=0)	RND:	i  waves/tubespit/tubespit-69-ktrans.txt ( 100 bp) REC:1000	 47	N/A
v3.81	Dec 21 10:18:52 2019	 x0	1000	0.420	CYC:  0 (k=0)	RND:	i  waves/tubespit/tubespit-70-ktrans.txt ( 100 bp) REC:1000	 42	N/A
v3.81	Dec 21 10:18:52 2019	 x0	1000	0.390	CYC:  0 (k=0)	RND:	i  waves/tubespit/tubespit-71-ktrans.txt ( 100 bp) REC:1000	 39	N/A
v3.81	Dec 21 10:18:52 2019	 x0	1000	0.340	CYC:  0 (k=0)	RND:	i  waves/tubespit/tubespit-72-ktrans.txt ( 100 bp) REC:1000	 34	N/A
v3.81	Dec 21 10:18:53 2019	 x0	1000	0.430	CYC:  0 (k=0)	RND:	i  waves/tubespit/tubespit-73-ktrans.txt ( 100 bp) REC:1000	 43	N/A
v3.81	Dec 21 10:18:53 2019	 x0	1000	0.460	CYC:  0 (k=0)	RND:	i  waves/tubespit/tubespit-74-ktrans.txt ( 100 bp) REC:1000	 46	N/A
v3.81	Dec 21 10:18:53 2019	 x0	1000	0.370	CYC:  0 (k=0)	RND:	i  waves/tubespit/tubespit-75-ktrans.txt ( 100 bp) REC:1000	 37	N/A
v3.81	Dec 21 10:18:54 2019	 x0	1000	0.410	CYC:  0 (k=0)	RND:	i  waves/tubespit/tubespit-76-ktrans.txt ( 100 bp) REC:1000	 41	N/A
v3.81	Dec 21 10:18:54 2019	 x0	1000	0.490	CYC:  0 (k=0)	RND:	i  waves/tubespit/tubespit-77-ktrans.txt ( 100 bp) REC:1000	 49	N/A
v3.81	Dec 21 10:18:54 2019	 x0	1000	0.420	CYC:  0 (k=0)	RND:	i  waves/tubespit/tubespit-78-ktrans.txt ( 100 bp) REC:1000	 42	N/A
v3.81	Dec 21 10:18:55 2019	 x0	1000	0.500	CYC:  0 (k=0)	RND:	i  waves/tubespit/tubespit-79-kcheck.txt ( 100 bp) REC:1000	 50	N/A
v3.81	Dec 21 10:18:55 2019	 x0	1000	0.410	CYC:  0 (k=0)	RND:	i  waves/tubespit/tubespit-80-kcheck.txt ( 100 bp) REC:1000	 41	N/A
v3.81	Dec 21 10:18:55 2019	 x0	1000	0.380	CYC:  0 (k=0)	RND:	i  waves/tubespit/tubespit-81-kcheck.txt ( 100 bp) REC:1000	 38	N/A
v3.81	Dec 21 10:18:55 2019	 x0	1000	0.520	CYC:  0 (k=0)	RND:	i  waves/tubespit/tubespit-82-kcheck.txt ( 100 bp) REC:1000	 52	bslip type 10
v3.81	Dec 21 10:18:56 2019	 x0	1000	0.420	CYC:  0 (k=0)	RND:	i  waves/tubespit/tubespit-83-shadow.txt ( 100 bp) REC:1000	 42	N/A
v3.81	Dec 21 10:18:56 2019	 x0	1000	0.490	CYC:  0 (k=0)	RND:	i  waves/tubespit/tubespit-84-shadow.txt ( 100 bp) REC:1000	 49	N/A
v3.81	Dec 21 10:18:56 2019	 x0	1000	0.430	CYC:  0 (k=0)	RND:	i  waves/tubespit/tubespit-85-adjDTH.txt ( 100 bp) REC:1000	 43	N/A
v3.81	Dec 21 10:18:57 2019	 x0	1000	0.430	CYC:  0 (k=0)	RND:	i  waves/tubespit/tubespit-86-adjDTH.txt ( 100 bp) REC:1000	 43	N/A
v3.81	Dec 21 10:18:57 2019	 x0	1000	0.440	CYC:  0 (k=0)	RND:	i  waves/tubespit/tubespit-87-adjDTH.txt ( 100 bp) REC:1000	 44	N/A
v3.81	Dec 21 10:18:57 2019	 x0	1000	0.500	CYC:  0 (k=0)	RND:	i  waves/tubespit/tubespit-88-ndgLst.txt (  16 bp) REC:1000	  8	N/A
v3.81	Dec 21 10:18:57 2019	 x0	1000	0.340	CYC:  0 (k=0)	RND:	i  waves/tubespit/tubespit-89-ktrans.txt ( 100 bp) REC:1000	 34	N/A
v3.81	Dec 21 10:18:58 2019	 x0	1000	0.580	CYC:  0 (k=0)	RND:	i    waves/tubespit/tubespit_v327_52.txt ( 100 bp) REC:1000	 58	N/A
v3.81	Dec 21 10:18:58 2019	 x0	1000	0.430	CYC:  0 (k=0)	RND:	i    waves/tubespit/tubespit_v343_01.txt ( 100 bp) REC:1000	 43	N/A
v3.81	Dec 21 10:18:58 2019	 x0	1000	0.570	CYC:  0 (k=0)	RND:	i    waves/tubespit/tubespit_v343_02.txt ( 100 bp) REC:1000	 57	N/A
v3.81	Dec 21 10:18:59 2019	 x0	1000	0.340	CYC:  0 (k=0)	RND:	i    waves/tubespit/tubespit_v343_03.txt ( 100 bp) REC:1000	 34	N/A
v3.81	Dec 21 10:18:59 2019	 x0	1000	0.380	CYC:  0 (k=0)	RND:	i    waves/tubespit/tubespit_v343_04.txt ( 100 bp) REC:1000	 38	N/A
v3.81	Dec 21 10:18:59 2019	 x0	1000	0.460	CYC:  0 (k=0)	RND:	i    waves/tubespit/tubespit_v343_05.txt ( 100 bp) REC:1000	 46	bslip type 100
v3.81	Dec 21 10:19:00 2019	 x0	1000	0.440	CYC:  0 (k=0)	RND:	i    waves/tubespit/tubespit_v343_06.txt ( 100 bp) REC:1000	 44	N/A
v3.81	Dec 21 10:19:00 2019	 x0	1000	0.410	CYC:  0 (k=0)	RND:	i    waves/tubespit/tubespit_v343_07.txt ( 100 bp) REC:1000	 41	N/A
v3.81	Dec 21 10:19:00 2019	 x0	1000	0.360	CYC:  0 (k=0)	RND:	i    waves/tubespit/tubespit_v343_08.txt ( 100 bp) REC:1000	 36	N/A
v3.81	Dec 21 10:19:00 2019	 x0	1000	0.310	CYC:  0 (k=0)	RND:	i    waves/tubespit/tubespit_v343_09.txt ( 100 bp) REC:1000	 31	bslip type 10
v3.81	Dec 21 10:19:01 2019	 x0	1000	0.280	CYC:  0 (k=0)	RND:	i    waves/tubespit/tubespit_v343_10.txt ( 100 bp) REC:1000	 28	N/A
v3.81	Dec 21 10:19:01 2019	 x0	1000	0.330	CYC:  0 (k=0)	RND:	i    waves/tubespit/tubespit_v343_11.txt ( 100 bp) REC:1000	 33	N/A
v3.81	Dec 21 10:19:01 2019	 x0	1000	0.470	CYC:  0 (k=0)	RND:	i    waves/tubespit/tubespit_v343_12.txt ( 100 bp) REC:1000	 47	N/A
v3.81	Dec 21 10:19:02 2019	 x0	1000	0.400	CYC:  0 (k=0)	RND:	i    waves/tubespit/tubespit_v343_13.txt ( 100 bp) REC:1000	 40	bslip type 10
v3.81	Dec 21 10:19:02 2019	 x0	1000	0.330	CYC:  0 (k=0)	RND:	i    waves/tubespit/tubespit_v343_14.txt ( 100 bp) REC:1000	 33	N/A
v3.81	Dec 21 10:19:02 2019	 x0	1000	0.370	CYC:  0 (k=0)	RND:	i    waves/tubespit/tubespit_v343_17.txt ( 100 bp) REC:1000	 37	N/A
v3.81	Dec 21 10:19:03 2019	 x0	1000	0.540	CYC:  0 (k=0)	RND:	i    waves/tubespit/tubespit_v343_18.txt ( 100 bp) REC:1000	 54	N/A
v3.81	Dec 21 10:19:03 2019	 x0	1000	0.420	CYC:  0 (k=0)	RND:	i    waves/tubespit/tubespit_v343_19.txt ( 100 bp) REC:1000	 42	N/A
v3.81	Dec 21 10:19:03 2019	 x0	1000	0.520	CYC:  0 (k=0)	RND:	i    waves/tubespit/tubespit_v343_20.txt ( 100 bp) REC:1000	 52	bslip type 100
v3.81	Dec 21 10:19:04 2019	 x0	1000	0.530	CYC:  0 (k=0)	RND:	i    waves/tubespit/tubespit_v343_21.txt ( 100 bp) REC:1000	 53	bslip type 100
v3.81	Dec 21 10:19:04 2019	 x0	1000	0.500	CYC:  0 (k=0)	RND:	i    waves/tubespit/tubespit_v343_22.txt ( 100 bp) REC:1000	 50	N/A
v3.81	Dec 21 10:19:04 2019	 x0	1000	0.480	CYC:  0 (k=0)	RND:	i    waves/tubespit/tubespit_v343_23.txt ( 100 bp) REC:1000	 48	bslip type 10
v3.81	Dec 21 10:19:05 2019	 x0	1000	0.360	CYC:  0 (k=0)	RND:	i    waves/tubespit/tubespit_v343_24.txt ( 100 bp) REC:1000	 36	N/A
v3.81	Dec 21 10:19:05 2019	 x0	1000	0.360	CYC:  0 (k=0)	RND:	i    waves/tubespit/tubespit_v343_25.txt ( 100 bp) REC:1000	 36	N/A
v3.81	Dec 21 10:19:05 2019	 x0	1000	0.430	CYC:  0 (k=0)	RND:	i    waves/tubespit/tubespit_v344_03.txt ( 100 bp) REC:1000	 43	N/A
v3.81	Dec 21 10:19:05 2019	 x0	1000	0.340	CYC:  0 (k=0)	RND:	i    waves/tubespit/tubespit_v344_05.txt ( 100 bp) REC:1000	 34	N/A
v3.81	Dec 21 10:19:06 2019	 x0	1000	0.500	CYC:  0 (k=0)	RND:	i    waves/tubespit/tubespit_v344_06.txt ( 100 bp) REC:1000	 50	N/A
v3.81	Dec 21 10:19:06 2019	 x0	1000	0.430	CYC:  0 (k=0)	RND:	i    waves/tubespit/tubespit_v344_01.txt ( 100 bp) REC:1000	 43	N/A
v3.81	Dec 21 10:19:06 2019	 x0	1000	0.530	CYC:  0 (k=0)	RND:	i    waves/tubespit/tubespit_v344_02.txt ( 100 bp) REC:1000	 53	bslip type 10
v3.81	Dec 21 10:19:07 2019	 x0	1000	0.470	CYC:  0 (k=0)	RND:	i    waves/tubespit/tubespit_v344_04.txt ( 100 bp) REC:1000	 47	bslip type 100
v3.81	Dec 21 10:19:07 2019	 x0	1000	0.420	CYC:  0 (k=0)	RND:	i    waves/tubespit/tubespit_v344_07.txt ( 100 bp) REC:1000	 42	N/A
v3.81	Dec 21 10:19:07 2019	 x0	1000	0.470	CYC:  0 (k=0)	RND:	i    waves/tubespit/tubespit_v344_08.txt ( 100 bp) REC:1000	 47	N/A
v3.81	Dec 21 10:19:07 2019	 x0	1000	0.390	CYC:  0 (k=0)	RND:	i    waves/tubespit/tubespit_v344_09.txt ( 100 bp) REC:1000	 39	N/A
v3.81	Dec 21 10:19:08 2019	 x0	1000	0.540	CYC:  0 (k=0)	RND:	i    waves/tubespit/tubespit_v344_10.txt ( 100 bp) REC:1000	 54	N/A
v3.81	Dec 21 10:19:08 2019	 x0	1000	0.450	CYC:  0 (k=0)	RND:	i    waves/tubespit/tubespit_v344_11.txt ( 100 bp) REC:1000	 45	N/A
v3.81	Dec 21 10:19:08 2019	 x0	1000	0.490	CYC:  0 (k=0)	RND:	i    waves/tubespit/tubespit_v344_12.txt ( 100 bp) REC:1000	 49	N/A
v3.81	Dec 21 10:19:09 2019	 x0	1000	0.430	CYC:  0 (k=0)	RND:	i    waves/tubespit/tubespit_v344_13.txt ( 100 bp) REC:1000	 43	N/A
v3.81	Dec 21 10:19:09 2019	 x0	1000	0.320	CYC:  0 (k=0)	RND:	i    waves/tubespit/tubespit_v344_14.txt ( 100 bp) REC:1000	 32	N/A
v3.81	Dec 21 10:19:09 2019	 x0	1000	0.390	CYC:  0 (k=0)	RND:	i    waves/tubespit/tubespit_v344_15.txt ( 100 bp) REC:1000	 39	N/A
v3.81	Dec 21 10:19:09 2019	 x0	1000	0.360	CYC:  0 (k=0)	RND:	i    waves/tubespit/tubespit_v344_16.txt ( 100 bp) REC:1000	 36	N/A
v3.81	Dec 21 10:19:10 2019	 x0	1000	0.520	CYC:  0 (k=0)	RND:	i    waves/tubespit/tubespit_v344_17.txt ( 100 bp) REC:1000	 52	N/A
v3.81	Dec 21 10:19:10 2019	 x0	1000	0.400	CYC:  0 (k=0)	RND:	i    waves/tubespit/tubespit_v344_18.txt ( 100 bp) REC:1000	 40	N/A
v3.81	Dec 21 10:19:10 2019	 x0	1000	0.440	CYC:  0 (k=0)	RND:	i    waves/tubespit/tubespit_v344_19.txt ( 100 bp) REC:1000	 44	N/A
v3.81	Dec 21 10:19:11 2019	 x0	1000	0.430	CYC:  0 (k=0)	RND:	i    waves/tubespit/tubespit_v344_20.txt ( 100 bp) REC:1000	 43	N/A
v3.81	Dec 21 10:19:11 2019	 x0	1000	0.280	CYC:  0 (k=0)	RND:	i    waves/tubespit/tubespit_v344_21.txt ( 100 bp) REC:1000	 28	N/A
v3.81	Dec 21 10:19:11 2019	 x0	1000	0.340	CYC:  0 (k=0)	RND:	i    waves/tubespit/tubespit_v344_22.txt ( 100 bp) REC:1000	 34	N/A
v3.81	Dec 21 10:19:12 2019	 x0	1000	0.490	CYC:  0 (k=0)	RND:	i    waves/tubespit/tubespit_v344_23.txt ( 100 bp) REC:1000	 49	bslip type 10
v3.81	Dec 21 10:19:12 2019	 x0	1000	0.460	CYC:  0 (k=0)	RND:	i    waves/tubespit/tubespit_v344_24.txt ( 100 bp) REC:1000	 46	N/A
v3.81	Dec 21 10:19:12 2019	 x0	1000	0.350	CYC:  0 (k=0)	RND:	i    waves/tubespit/tubespit_v344_25.txt ( 100 bp) REC:1000	 35	N/A
v3.81	Dec 21 10:19:12 2019	 x0	1000	0.580	CYC:  0 (k=0)	RND:	i    waves/tubespit/tubespit_v344_26.txt ( 100 bp) REC:1000	 58	N/A
v3.81	Dec 21 10:19:13 2019	 x0	1000	0.410	CYC:  0 (k=0)	RND:	i    waves/tubespit/tubespit_v344_27.txt ( 100 bp) REC:1000	 41	N/A
v3.81	Dec 21 10:19:13 2019	 x0	1000	0.380	CYC:  0 (k=0)	RND:	i    waves/tubespit/tubespit_v344_28.txt ( 100 bp) REC:1000	 38	N/A
v3.81	Dec 21 10:19:13 2019	 x0	1000	0.430	CYC:  0 (k=0)	RND:	i    waves/tubespit/tubespit_v344_29.txt ( 100 bp) REC:1000	 43	N/A
v3.81	Dec 21 10:19:14 2019	 x0	1000	0.390	CYC:  0 (k=0)	RND:	i    waves/tubespit/tubespit_v344_30.txt ( 100 bp) REC:1000	 39	bslip type 100
v3.81	Dec 21 10:19:14 2019	 x0	1000	0.490	CYC:  0 (k=0)	RND:	i    waves/tubespit/tubespit_v344_31.txt ( 100 bp) REC:1000	 49	N/A
v3.81	Dec 21 10:19:14 2019	 x0	1000	0.450	CYC:  0 (k=0)	RND:	i    waves/tubespit/tubespit_v344_32.txt ( 100 bp) REC:1000	 45	N/A
v3.81	Dec 21 10:19:14 2019	 x0	1000	0.370	CYC:  0 (k=0)	RND:	i    waves/tubespit/tubespit_v344_33.txt ( 100 bp) REC:1000	 37	bslip type 10
v3.81	Dec 21 10:19:15 2019	 x0	1000	0.490	CYC:  0 (k=0)	RND:	i    waves/tubespit/tubespit_v344_34.txt ( 100 bp) REC:1000	 49	N/A
v3.81	Dec 21 10:19:15 2019	 x0	1000	0.370	CYC:  0 (k=0)	RND:	i    waves/tubespit/tubespit_v344_35.txt ( 100 bp) REC:1000	 37	N/A
v3.81	Dec 21 10:19:15 2019	 x0	1000	0.520	CYC:  0 (k=0)	RND:	i    waves/tubespit/tubespit_v344_36.txt ( 100 bp) REC:1000	 52	N/A
v3.81	Dec 21 10:19:16 2019	 x0	1000	0.647	CYC:  0 (k=0)	RND:	i waves/tubespit/tubespit_v377_cycAB_01.txt (  17 bp) REC:1000	 11	bslip type 5
v3.81	Dec 21 10:19:16 2019	 x0	1000	0.529	CYC:  0 (k=0)	RND:	i waves/tubespit/tubespit_v377_cycAB_02.txt (  17 bp) REC:1000	  9	bslip type 1
v3.81	Dec 21 10:19:16 2019	 x0	1000	0.412	CYC:  0 (k=0)	RND:	i waves/tubespit/tubespit_v377_cycAB_03.txt (  17 bp) REC:1000	  7	bslip type 3
v3.81	Dec 21 10:19:16 2019	 x0	1000	0.294	CYC:  0 (k=0)	RND:	i waves/tubespit/tubespit_v377_cycAB_04.txt (  17 bp) REC:1000	  5	bslip type 1
