v3.56	Tue Mar 12 11:10:29 2019	 x0	1000	0.356	CYC: 0 (k=0)	RND:-	a example sequence (87 char) REC:1000	31	N/A: 0
v3.56	Tue Mar 12 11:10:29 2019	 x0	1000	0.250	CYC: 0 (k=0)	RND:-	b example sequence (84 char) REC:1000	21	N/A: 0
v3.56	Tue Mar 12 11:10:29 2019	 x0	1000	0.235	CYC: 0 (k=0)	RND:-	c example sequence (102 char) REC:1000	24	N/A: 0
v3.56	Tue Mar 12 11:10:30 2019	 x0	1000	0.455	CYC: 0 (k=0)	RND:-	d example sequence (121 char) REC:1000	55	N/A: 0
v3.56	Tue Mar 12 11:10:30 2019	 x0	1000	0.446	CYC: 0 (k=0)	RND:-	e example sequence (139 char) REC:1000	62	N/A: 0
v3.56	Tue Mar 12 11:10:30 2019	 x0	1000	0.231	CYC: 0 (k=0)	RND:-	f example sequence (156 char) REC:1000	36	N/A: 0
v3.56	Tue Mar 12 11:10:31 2019	 x0	1000	0.533	CYC: 0 (k=0)	RND:-	g example sequence (45 char) REC:1000	24	N/A: 0
v3.56	Tue Mar 12 11:10:31 2019	 x0	1000	0.507	CYC: 1 (k=2)	RND:-	h example sequence (69 bp) REC:1000	35	N/A: 0
v3.56	Tue Mar 12 11:10:32 2019	 x0	1000	0.429	CYC: 0 (k=0)	RND:-	i waves/animals/seal_vnd_ex3_Dmela.txt (956 bp) REC:1000	410	N/A: 0
v3.56	Tue Mar 12 11:10:34 2019	 x0	1000	0.424	CYC: 0 (k=0)	RND:-	i waves/animals/seal_vnd_ex3_Dmaur.txt (956 bp) REC:1000	405	N/A: 0
v3.56	Tue Mar 12 11:10:36 2019	 x0	1000	0.425	CYC: 0 (k=0)	RND:-	i waves/animals/seal_vnd_ex3_Dsech.txt (956 bp) REC:1000	406	N/A: 0
v3.56	Tue Mar 12 11:10:38 2019	 x0	1000	0.423	CYC: 0 (k=0)	RND:-	i waves/animals/seal_vnd_ex3_Dsimu.txt (956 bp) REC:1000	404	N/A: 0
v3.56	Tue Mar 12 11:10:40 2019	 x0	1000	0.407	CYC: 0 (k=0)	RND:-	i waves/animals/seal_vnd_ex3_Derec.txt (962 bp) REC:1000	392	check_raqia1: 1
v3.56	Tue Mar 12 11:10:43 2019	 x0	1000	0.381	CYC: 5 (k=3)	RND:-	i waves/animals/seal_vnd_ex3_Dsant.txt (959 bp) REC:1000	365	N/A: 0
v3.56	Tue Mar 12 11:10:45 2019	 x0	1000	0.393	CYC: 5 (k=3)	RND:-	i waves/animals/seal_vnd_ex3_Dyaku.txt (957 bp) REC:1000	376	N/A: 0
v3.56	Tue Mar 12 11:10:47 2019	 x0	1000	0.400	CYC: 0 (k=0)	RND:-	i waves/animals/seal_vnd_ex3_Dbiar.txt (974 bp) REC:1000	390	N/A: 0
v3.56	Tue Mar 12 11:10:50 2019	 x0	1000	0.376	CYC: 0 (k=0)	RND:-	i waves/animals/seal_vnd_ex3_Dsuzu.txt (980 bp) REC:1000	368	N/A: 0
v3.56	Tue Mar 12 11:10:52 2019	 x0	1000	0.384	CYC: 0 (k=0)	RND:-	i waves/animals/seal_vnd_ex3_Danan.txt (962 bp) REC:1000	369	N/A: 0
v3.56	Tue Mar 12 11:10:54 2019	 x0	1000	0.391	CYC: 0 (k=0)	RND:-	i waves/animals/seal_vnd_ex3_Dbipe.txt (950 bp) REC:1000	371	N/A: 0
v3.56	Tue Mar 12 11:10:56 2019	 x0	1000	0.445	CYC: 0 (k=0)	RND:-	i waves/animals/shark_vnd_NEE_Dmela.txt (1008 bp) REC:1000	449	N/A: 0
v3.56	Tue Mar 12 11:10:58 2019	 x0	1000	0.464	CYC: 0 (k=0)	RND:-	i waves/animals/shark_vnd_NEE_Dmaur.txt (1006 bp) REC:1000	467	N/A: 0
v3.56	Tue Mar 12 11:11:00 2019	 x0	1000	0.460	CYC: 0 (k=0)	RND:-	i waves/animals/shark_vnd_NEE_Dsech.txt (1002 bp) REC:1000	461	N/A: 0
v3.56	Tue Mar 12 11:11:02 2019	 x0	1000	0.460	CYC: 0 (k=0)	RND:-	i waves/animals/shark_vnd_NEE_Dsimu.txt (1007 bp) REC:1000	463	N/A: 0
v3.56	Tue Mar 12 11:11:05 2019	 x0	1000	0.435	CYC: 0 (k=0)	RND:-	i waves/animals/shark_vnd_NEE_Derec.txt (1005 bp) REC:1000	437	N/A: 0
v3.56	Tue Mar 12 11:11:07 2019	 x0	1000	0.420	CYC: 0 (k=0)	RND:-	i waves/animals/shark_vnd_NEE_Dsant.txt (1093 bp) REC:1000	459	check_raqia1: 1
v3.56	Tue Mar 12 11:11:09 2019	 x0	1000	0.422	CYC: 0 (k=0)	RND:-	i waves/animals/shark_vnd_NEE_Dyaku.txt (1063 bp) REC:1000	449	check_raqia1: 1
v3.56	Tue Mar 12 11:11:11 2019	 x0	1000	0.442	CYC: 0 (k=0)	RND:-	i waves/animals/shark_vnd_NEE_Dbiar.txt (1063 bp) REC:1000	470	N/A: 0
v3.56	Tue Mar 12 11:11:14 2019	 x0	1000	0.429	CYC: 0 (k=0)	RND:-	i waves/animals/shark_vnd_NEE_Dsuzu.txt (1064 bp) REC:1000	456	check_raqia1: 1
v3.56	Tue Mar 12 11:11:16 2019	 x0	1000	0.391	CYC: 0 (k=0)	RND:-	i waves/animals/shark_nab_DWME_Dmela.txt (764 bp) REC:1000	299	N/A: 0
v3.56	Tue Mar 12 11:11:18 2019	 x0	1000	0.361	CYC: 0 (k=0)	RND:-	i waves/tubespit/tubespit-01-toslip.txt (72 bp) REC:1000	26	N/A: 0
v3.56	Tue Mar 12 11:11:18 2019	 x0	1000	0.394	CYC: 0 (k=0)	RND:-	i waves/tubespit/tubespit-02-toslip.txt (66 bp) REC:1000	26	N/A: 0
v3.56	Tue Mar 12 11:11:18 2019	 x0	1000	0.574	CYC: 0 (k=0)	RND:-	i waves/tubespit/tubespit-03-tosSt1.txt (61 bp) REC:1000	35	N/A: 0
v3.56	Tue Mar 12 11:11:19 2019	 x0	1000	0.408	CYC: 0 (k=0)	RND:-	i waves/tubespit/tubespit-04-tos-ct.txt (71 bp) REC:1000	29	N/A: 0
v3.56	Tue Mar 12 11:11:19 2019	 x0	1000	0.516	CYC: 0 (k=0)	RND:-	i waves/tubespit/tubespit-05-koshp1.txt (62 bp) REC:1000	32	N/A: 0
v3.56	Tue Mar 12 11:11:20 2019	 x0	1000	0.449	CYC: 0 (k=0)	RND:-	i waves/tubespit/tubespit-06-koslip.txt (138 bp) REC:1000	62	N/A: 0
v3.56	Tue Mar 12 11:11:20 2019	 x0	1000	0.512	CYC: 0 (k=0)	RND:-	i waves/tubespit/tubespit-07-koslip.txt (84 bp) REC:1000	43	N/A: 0
v3.56	Tue Mar 12 11:11:20 2019	 x0	1000	0.370	CYC: 0 (k=0)	RND:-	i waves/tubespit/tubespit-08-koslp2.txt (81 bp) REC:1000	30	N/A: 0
v3.56	Tue Mar 12 11:11:21 2019	 x0	1000	0.477	CYC: 0 (k=0)	RND:-	i waves/tubespit/tubespit-09-koslp3.txt (65 bp) REC:1000	31	N/A: 0
v3.56	Tue Mar 12 11:11:21 2019	 x0	1000	0.425	CYC: 1 (k=2)	RND:-	i waves/tubespit/tubespit-10-cycle1.txt (106 bp) REC:1000	45	N/A: 0
v3.56	Tue Mar 12 11:11:22 2019	 x0	1000	0.428	CYC: 0 (k=0)	RND:-	i waves/tubespit/tubespit-11-cycle1.txt (159 bp) REC:1000	68	N/A: 0
v3.56	Tue Mar 12 11:11:22 2019	 x0	1000	0.400	CYC: 1 (k=2)	RND:-	i waves/tubespit/tubespit-12-cycle1.txt (55 bp) REC:1000	22	N/A: 0
v3.56	Tue Mar 12 11:11:23 2019	 x0	1000	0.415	CYC: 1 (k=2)	RND:-	i waves/tubespit/tubespit-13-cycle2.txt (123 bp) REC:1000	51	N/A: 0
v3.56	Tue Mar 12 11:11:23 2019	 x0	1000	0.493	CYC: 4 (k=3)	RND:-	i waves/tubespit/tubespit-14-cycle3.txt (138 bp) REC:1000	68	N/A: 0
v3.56	Tue Mar 12 11:11:24 2019	 x0	1000	0.516	CYC: 1 (k=2)	RND:-	i waves/tubespit/tubespit-15-cycle4.txt (157 bp) REC:1000	81	N/A: 0
v3.56	Tue Mar 12 11:11:24 2019	 x0	1000	0.265	CYC: 0 (k=0)	RND:-	i waves/tubespit/tubespit-16-cyc3_a.txt (68 bp) REC:1000	18	N/A: 0
v3.56	Tue Mar 12 11:11:24 2019	 x0	1000	0.538	CYC: 0 (k=0)	RND:-	i waves/tubespit/tubespit-17-cycle5.txt (39 bp) REC:1000	21	N/A: 0
v3.56	Tue Mar 12 11:11:25 2019	 x0	1000	0.486	CYC: 0 (k=0)	RND:-	i waves/tubespit/tubespit-18-koshp2.txt (74 bp) REC:1000	36	N/A: 0
v3.56	Tue Mar 12 11:11:25 2019	 x0	1000	0.426	CYC: 0 (k=0)	RND:-	i waves/tubespit/tubespit-19-koslp4.txt (68 bp) REC:1000	29	N/A: 0
v3.56	Tue Mar 12 11:11:26 2019	 x0	1000	0.416	CYC: 5 (k=3)	RND:-	i waves/tubespit/tubespit-20-cyc3_b.txt (77 bp) REC:1000	32	N/A: 0
v3.56	Tue Mar 12 11:11:26 2019	 x0	1000	0.284	CYC: 0 (k=0)	RND:-	i waves/tubespit/tubespit-21-cyc3_c.txt (95 bp) REC:1000	27	N/A: 0
v3.56	Tue Mar 12 11:11:26 2019	 x0	1000	0.538	CYC: 0 (k=0)	RND:-	i waves/tubespit/tubespit-22-tosSt2.txt (65 bp) REC:1000	35	N/A: 0
v3.56	Tue Mar 12 11:11:27 2019	 x0	1000	0.476	CYC: 0 (k=0)	RND:-	i waves/tubespit/tubespit-23-tosSt2.txt (84 bp) REC:1000	40	N/A: 0
v3.56	Tue Mar 12 11:11:27 2019	 x0	1000	0.360	CYC: 0 (k=0)	RND:-	i waves/tubespit/tubespit-24-tosSt2.txt (100 bp) REC:1000	36	N/A: 0
v3.56	Tue Mar 12 11:11:28 2019	 x0	1000	0.364	CYC: 0 (k=0)	RND:-	i waves/tubespit/tubespit-25-tosSt2.txt (195 bp) REC:1000	71	N/A: 0
v3.56	Tue Mar 12 11:11:28 2019	 x0	1000	0.357	CYC: 0 (k=0)	RND:-	i waves/tubespit/tubespit-26-tosSt2.txt (400 bp) REC:1000	143	N/A: 0
v3.56	Tue Mar 12 11:11:29 2019	 x0	1000	0.425	CYC: 1 (k=2)	RND:-	i waves/tubespit/tubespit-27-cycleX.txt (400 bp) REC:1000	170	N/A: 0
v3.56	Tue Mar 12 11:11:30 2019	 x0	1000	0.308	CYC: 4 (k=3)	RND:-	i waves/tubespit/tubespit-28-scrtch.txt (52 bp) REC:1000	16	N/A: 0
v3.56	Tue Mar 12 11:11:30 2019	 x0	1000	0.421	CYC: 0 (k=0)	RND:-	i waves/tubespit/tubespit-29-toslp2.txt (57 bp) REC:1000	24	N/A: 0
v3.56	Tue Mar 12 11:11:31 2019	 x0	1000	0.500	CYC: 0 (k=0)	RND:-	i waves/tubespit/tubespit-30-toslp2.txt (56 bp) REC:1000	28	N/A: 0
v3.56	Tue Mar 12 11:11:31 2019	 x0	1000	0.297	CYC: 1 (k=2)	RND:-	i waves/tubespit/tubespit-31-t0edge.txt (37 bp) REC:1000	11	N/A: 0
v3.56	Tue Mar 12 11:11:31 2019	 x0	1000	0.423	CYC: 1 (k=2)	RND:-	i waves/tubespit/tubespit-32-combo1.txt (265 bp) REC:1000	112	N/A: 0
v3.56	Tue Mar 12 11:11:32 2019	 x0	1000	0.576	CYC: 0 (k=0)	RND:-	i waves/tubespit/tubespit-33-imprf1.txt (66 bp) REC:1000	38	N/A: 0
v3.56	Tue Mar 12 11:11:32 2019	 x0	1000	0.582	CYC: 0 (k=0)	RND:-	i waves/tubespit/tubespit-34-imprf2.txt (67 bp) REC:1000	39	N/A: 0
v3.56	Tue Mar 12 11:11:33 2019	 x0	1000	0.603	CYC: 0 (k=0)	RND:-	i waves/tubespit/tubespit-35-imprf3.txt (58 bp) REC:1000	35	N/A: 0
v3.56	Tue Mar 12 11:11:33 2019	 x0	1000	0.530	CYC: 0 (k=0)	RND:-	i waves/tubespit/tubespit-36-imprf4.txt (83 bp) REC:1000	44	N/A: 0
v3.56	Tue Mar 12 11:11:34 2019	 x0	1000	0.473	CYC: 0 (k=0)	RND:-	i waves/tubespit/tubespit-37-imprfk.txt (93 bp) REC:1000	44	N/A: 0
v3.56	Tue Mar 12 11:11:34 2019	 x0	1000	0.456	CYC: 0 (k=0)	RND:-	i waves/tubespit/tubespit-38-imprft.txt (103 bp) REC:1000	47	N/A: 0
v3.56	Tue Mar 12 11:11:34 2019	 x0	1000	0.466	CYC: 0 (k=0)	RND:-	i waves/tubespit/tubespit-39-imprfk.txt (118 bp) REC:1000	55	N/A: 0
v3.56	Tue Mar 12 11:11:35 2019	 x0	1000	0.404	CYC: 0 (k=0)	RND:-	i waves/tubespit/tubespit-40-imprfk.txt (104 bp) REC:1000	42	N/A: 0
v3.56	Tue Mar 12 11:11:35 2019	 x0	1000	0.667	CYC: 0 (k=0)	RND:-	i waves/tubespit/tubespit-41-RNAnuc.txt (42 nt) REC:1000	28	N/A: 0
v3.56	Tue Mar 12 11:11:36 2019	 x0	1000	0.524	CYC: 0 (k=0)	RND:-	i waves/tubespit/tubespit-41-notRNA.txt (42 char) REC:1000	22	N/A: 0
v3.56	Tue Mar 12 11:11:36 2019	 x0	1000	0.846	CYC: 0 (k=0)	RND:-	i waves/tubespit/tubespit-41-protin.txt (312 aa) REC:1000	264	N/A: 0
v3.56	Tue Mar 12 11:11:37 2019	 x0	1000	0.400	CYC: 0 (k=0)	RND:-	i waves/tubespit/tubespit-42-fasta1.txt (140 bp) REC:1000	56	N/A: 0
v3.56	Tue Mar 12 11:11:37 2019	 x0	1000	0.846	CYC: 0 (k=0)	RND:-	i waves/tubespit/tubespit-42-fasta2.txt (312 aa) REC:1000	264	N/A: 0
v3.56	Tue Mar 12 11:11:38 2019	 x0	1000	0.559	CYC: 0 (k=0)	RND:-	i waves/tubespit/tubespit-43-timprf.txt (34 bp) REC:1000	19	N/A: 0
v3.56	Tue Mar 12 11:11:38 2019	 x0	1000	0.364	CYC: 0 (k=0)	RND:-	i waves/tubespit/tubespit-44-tosimp.txt (88 bp) REC:1000	32	N/A: 0
v3.56	Tue Mar 12 11:11:39 2019	 x0	1000	0.575	CYC: 0 (k=0)	RND:-	i waves/tubespit/tubespit-45-cinky1.txt (134 bp) REC:1000	77	N/A: 0
v3.56	Tue Mar 12 11:11:39 2019	 x0	1000	0.412	CYC: 0 (k=0)	RND:-	i waves/tubespit/tubespit-46-cinky2.txt (182 bp) REC:1000	75	N/A: 0
v3.56	Tue Mar 12 11:11:39 2019	 x0	1000	0.400	CYC: 0 (k=0)	RND:-	i waves/tubespit/tubespit-47-cycle6.txt (40 bp) REC:1000	16	N/A: 0
v3.56	Tue Mar 12 11:11:40 2019	 x0	1000	0.369	CYC: 0 (k=0)	RND:-	i waves/tubespit/tubespit-48-tbdslp.txt (122 bp) REC:1000	45	N/A: 0
v3.56	Tue Mar 12 11:11:40 2019	 x0	1000	0.434	CYC: 0 (k=0)	RND:-	i waves/tubespit/tubespit-49-cyctip.txt (800 bp) REC:1000	347	N/A: 0
v3.56	Tue Mar 12 11:11:42 2019	 x0	1000	0.501	CYC: 0 (k=0)	RND:-	i waves/tubespit/tubespit-50-cyctip.txt (800 bp) REC:1000	401	N/A: 0
v3.56	Tue Mar 12 11:11:43 2019	 x0	1000	0.350	CYC: 0 (k=0)	RND:-	i waves/tubespit/tubespit-51-cyctip.txt (800 bp) REC:1000	280	N/A: 0
v3.56	Tue Mar 12 11:11:45 2019	 x0	1000	0.415	CYC: 1 (k=2)	RND:-	i waves/tubespit/tubespit-52-cyctip.txt (800 bp) REC:1000	332	N/A: 0
v3.56	Tue Mar 12 11:11:46 2019	 x0	1000	0.420	CYC: 0 (k=0)	RND:-	i waves/tubespit/tubespit-53-impkhp.txt (800 bp) REC:1000	336	check_raqia1: 1
v3.56	Tue Mar 12 11:11:48 2019	 x0	1000	0.370	CYC: 0 (k=0)	RND:-	i waves/tubespit/tubespit-54-impkhp.txt (800 bp) REC:1000	296	N/A: 0
v3.56	Tue Mar 12 11:11:50 2019	 x0	1000	0.461	CYC: 0 (k=0)	RND:-	i waves/tubespit/tubespit-55-impkhp.txt (800 bp) REC:1000	369	N/A: 0
v3.56	Tue Mar 12 11:11:51 2019	 x0	1000	0.411	CYC: 0 (k=0)	RND:-	i waves/tubespit/tubespit-56-tbslp2.txt (800 bp) REC:1000	329	N/A: 0
v3.56	Tue Mar 12 11:11:53 2019	 x0	1000	0.351	CYC: 0 (k=0)	RND:-	i waves/tubespit/tubespit-57-tbslp2.txt (800 bp) REC:1000	281	N/A: 0
v3.56	Tue Mar 12 11:11:55 2019	 x0	1000	0.423	CYC: 0 (k=0)	RND:-	i waves/tubespit/tubespit-58-tcycle.txt (800 bp) REC:1000	338	N/A: 0
v3.56	Tue Mar 12 11:11:56 2019	 x0	1000	0.452	CYC: 0 (k=0)	RND:-	i waves/tubespit/tubespit-59-tcycle.txt (800 bp) REC:1000	362	N/A: 0
v3.56	Tue Mar 12 11:11:58 2019	 x0	 994	0.434	CYC: 0 (k=0)	RND:-	i waves/tubespit/tubespit-60-tbslp2.txt (800 bp) REC: 370	347	N/A: 0
v3.56	Tue Mar 12 11:12:00 2019	 x0	1000	0.399	CYC: 0 (k=0)	RND:-	i waves/tubespit/tubespit-61-tghost.txt (800 bp) REC:1000	319	N/A: 0
v3.56	Tue Mar 12 11:12:01 2019	 x0	1000	0.430	CYC: 0 (k=0)	RND:-	i waves/tubespit/tubespit-62-tuckup.txt (100 bp) REC:1000	43	N/A: 0
v3.56	Tue Mar 12 11:12:02 2019	 x0	1000	0.320	CYC: 1 (k=3)	RND:-	i waves/tubespit/tubespit-63-cnudge.txt (100 bp) REC:1000	32	N/A: 0
v3.56	Tue Mar 12 11:12:02 2019	 x0	1000	0.450	CYC: 0 (k=0)	RND:-	i waves/tubespit/tubespit-64-sndge0.txt (100 bp) REC:1000	45	N/A: 0
v3.56	Tue Mar 12 11:12:03 2019	 x0	1000	0.500	CYC: 0 (k=0)	RND:-	i waves/tubespit/tubespit-64-sndge1.txt (100 bp) REC:1000	50	N/A: 0
v3.56	Tue Mar 12 11:12:03 2019	 x0	1000	0.360	CYC: 0 (k=0)	RND:-	i waves/tubespit/tubespit-64-sndge2.txt (100 bp) REC:1000	36	N/A: 0
v3.56	Tue Mar 12 11:12:03 2019	 x0	1000	0.450	CYC: 0 (k=0)	RND:-	i waves/tubespit/tubespit-64-sndge3.txt (100 bp) REC:1000	45	N/A: 0
v3.56	Tue Mar 12 11:12:04 2019	 x0	1000	0.400	CYC: 0 (k=0)	RND:-	i waves/tubespit/tubespit-64-sndge4.txt (100 bp) REC:1000	40	N/A: 0
v3.56	Tue Mar 12 11:12:04 2019	 x0	1000	0.380	CYC: 0 (k=0)	RND:-	i waves/tubespit/tubespit-64-sndge5.txt (100 bp) REC:1000	38	N/A: 0
v3.56	Tue Mar 12 11:12:05 2019	 x0	1000	0.430	CYC: 0 (k=0)	RND:-	i waves/tubespit/tubespit-64-sndge6.txt (100 bp) REC:1000	43	N/A: 0
v3.56	Tue Mar 12 11:12:05 2019	 x0	1000	0.420	CYC: 0 (k=0)	RND:-	i waves/tubespit/tubespit-64-sndge7.txt (100 bp) REC:1000	42	N/A: 0
v3.56	Tue Mar 12 11:12:05 2019	 x0	1000	0.530	CYC: 0 (k=0)	RND:-	i waves/tubespit/tubespit-64-sndge8.txt (100 bp) REC:1000	53	N/A: 0
v3.56	Tue Mar 12 11:12:06 2019	 x0	1000	0.340	CYC: 0 (k=0)	RND:-	i waves/tubespit/tubespit-64-sndge9.txt (100 bp) REC:1000	34	N/A: 0
v3.56	Tue Mar 12 11:12:06 2019	 x0	1000	0.320	CYC: 3 (k=3)	RND:-	i waves/tubespit/tubespit-65-consen.txt (100 bp) REC:1000	32	N/A: 0
v3.56	Tue Mar 12 11:12:07 2019	 x0	1000	0.290	CYC: 4 (k=3)	RND:-	i waves/tubespit/tubespit-66-consen.txt (100 bp) REC:1000	29	N/A: 0
v3.56	Tue Mar 12 11:12:07 2019	 x0	1000	0.340	CYC: 0 (k=0)	RND:-	i waves/tubespit/tubespit-67-bslclr.txt (100 bp) REC:1000	34	N/A: 0
v3.56	Tue Mar 12 11:12:08 2019	 x0	1000	0.430	CYC: 0 (k=0)	RND:-	i waves/tubespit/tubespit-68-dRaggd.txt (100 bp) REC:1000	43	N/A: 0
v3.56	Tue Mar 12 11:12:08 2019	 x0	1000	0.470	CYC: 0 (k=0)	RND:-	i waves/tubespit/tubespit-69-ktrans.txt (100 bp) REC:1000	47	N/A: 0
v3.56	Tue Mar 12 11:12:08 2019	 x0	1000	0.420	CYC: 0 (k=0)	RND:-	i waves/tubespit/tubespit-70-ktrans.txt (100 bp) REC:1000	42	N/A: 0
v3.56	Tue Mar 12 11:12:09 2019	 x0	1000	0.390	CYC: 0 (k=0)	RND:-	i waves/tubespit/tubespit-71-ktrans.txt (100 bp) REC:1000	39	N/A: 0
v3.56	Tue Mar 12 11:12:09 2019	 x0	1000	0.340	CYC: 0 (k=0)	RND:-	i waves/tubespit/tubespit-72-ktrans.txt (100 bp) REC:1000	34	N/A: 0
v3.56	Tue Mar 12 11:12:10 2019	 x0	1000	0.460	CYC: 0 (k=0)	RND:-	i waves/tubespit/tubespit-73-ktrans.txt (100 bp) REC:1000	46	N/A: 0
v3.56	Tue Mar 12 11:12:10 2019	 x0	1000	0.480	CYC: 7 (k=3)	RND:-	i waves/tubespit/tubespit-74-ktrans.txt (100 bp) REC:1000	48	N/A: 0
v3.56	Tue Mar 12 11:12:11 2019	 x0	1000	0.360	CYC: 0 (k=0)	RND:-	i waves/tubespit/tubespit-75-ktrans.txt (100 bp) REC:1000	36	N/A: 0
v3.56	Tue Mar 12 11:12:11 2019	 x0	1000	0.410	CYC: 0 (k=0)	RND:-	i waves/tubespit/tubespit-76-ktrans.txt (100 bp) REC:1000	41	N/A: 0
v3.56	Tue Mar 12 11:12:11 2019	 x0	1000	0.460	CYC: 0 (k=0)	RND:-	i waves/tubespit/tubespit-77-ktrans.txt (100 bp) REC:1000	46	N/A: 0
v3.56	Tue Mar 12 11:12:12 2019	 x0	1000	0.420	CYC: 0 (k=0)	RND:-	i waves/tubespit/tubespit-78-ktrans.txt (100 bp) REC:1000	42	N/A: 0
v3.56	Tue Mar 12 11:12:12 2019	 x0	1000	0.500	CYC: 0 (k=0)	RND:-	i waves/tubespit/tubespit-79-kcheck.txt (100 bp) REC:1000	50	N/A: 0
v3.56	Tue Mar 12 11:12:13 2019	 x0	1000	0.410	CYC: 0 (k=0)	RND:-	i waves/tubespit/tubespit-80-kcheck.txt (100 bp) REC:1000	41	N/A: 0
v3.56	Tue Mar 12 11:12:13 2019	 x0	1000	0.380	CYC: 0 (k=0)	RND:-	i waves/tubespit/tubespit-81-kcheck.txt (100 bp) REC:1000	38	N/A: 0
v3.56	Tue Mar 12 11:12:13 2019	 x0	1000	0.530	CYC: 0 (k=0)	RND:-	i waves/tubespit/tubespit-82-kcheck.txt (100 bp) REC:1000	53	N/A: 0
v3.56	Tue Mar 12 11:12:14 2019	 x0	1000	0.410	CYC: 0 (k=0)	RND:-	i waves/tubespit/tubespit-83-shadow.txt (100 bp) REC:1000	41	N/A: 0
v3.56	Tue Mar 12 11:12:14 2019	 x0	1000	0.510	CYC: 0 (k=0)	RND:-	i waves/tubespit/tubespit-84-shadow.txt (100 bp) REC:1000	51	N/A: 0
v3.56	Tue Mar 12 11:12:15 2019	 x0	1000	0.430	CYC: 0 (k=0)	RND:-	i waves/tubespit/tubespit-85-adjDTH.txt (100 bp) REC:1000	43	N/A: 0
v3.56	Tue Mar 12 11:12:15 2019	 x0	1000	0.450	CYC: 0 (k=0)	RND:-	i waves/tubespit/tubespit-86-adjDTH.txt (100 bp) REC:1000	45	check_raqia1: 1
v3.56	Tue Mar 12 11:12:15 2019	 x0	1000	0.440	CYC: 0 (k=0)	RND:-	i waves/tubespit/tubespit-87-adjDTH.txt (100 bp) REC:1000	44	N/A: 0
v3.56	Tue Mar 12 11:12:16 2019	 x0	1000	0.330	CYC: 2 (k=3)	RND:-	i waves/tubespit/tubespit_v343_14.txt (100 bp) REC:1000	33	N/A: 0
v3.56	Tue Mar 12 11:12:16 2019	 x0	1000	0.360	CYC: 0 (k=0)	RND:-	i waves/tubespit/tubespit_v343_19.txt (100 bp) REC:1000	36	N/A: 0
v3.56	Tue Mar 12 11:12:17 2019	 x0	 976	0.430	CYC:60060 (k=2)	RND:-	i waves/tubespit/tubespit_v344_03.txt (100 bp) REC:1000	43	N/A: 0
v3.56	Tue Mar 12 11:12:17 2019	 x0	1000	0.340	CYC: 0 (k=0)	RND:-	i waves/tubespit/tubespit_v344_05.txt (100 bp) REC:1000	34	N/A: 0
v3.56	Tue Mar 12 11:12:18 2019	 x0	1000	0.500	CYC: 3 (k=3)	RND:-	i waves/tubespit/tubespit_v344_06.txt (100 bp) REC:1000	50	N/A: 0
v3.56	Tue Mar 12 11:12:18 2019	 x0	1000	0.450	CYC: 0 (k=0)	RND:-	i waves/tubespit/tubespit_v344_11.txt (100 bp) REC:1000	45	N/A: 0
v3.56	Tue Mar 12 11:12:19 2019	 x0	1000	0.320	CYC: 0 (k=0)	RND:-	i waves/tubespit/tubespit_v344_14.txt (100 bp) REC:1000	32	N/A: 0
v3.56	Tue Mar 12 11:12:19 2019	 x0	1000	0.390	CYC: 0 (k=0)	RND:-	i waves/tubespit/tubespit_v344_15.txt (100 bp) REC:1000	39	N/A: 0
v3.56	Tue Mar 12 11:12:20 2019	 x0	1000	0.440	CYC: 5 (k=3)	RND:-	i waves/tubespit/tubespit_v344_19.txt (100 bp) REC:1000	44	N/A: 0
v3.56	Tue Mar 12 11:12:20 2019	 x0	 976	0.430	CYC:60060 (k=2)	RND:-	i waves/tubespit/tubespit_v344_20.txt (100 bp) REC:1000	43	N/A: 0
v3.56	Tue Mar 12 11:12:21 2019	 x0	1000	0.280	CYC: 0 (k=0)	RND:-	i waves/tubespit/tubespit_v344_21.txt (100 bp) REC:1000	28	N/A: 0
v3.56	Tue Mar 12 11:12:21 2019	 x0	1000	0.520	CYC: 0 (k=0)	RND:-	i waves/tubespit/tubespit_v344_31.txt (100 bp) REC:1000	52	check_raqia1: 1
v3.56	Tue Mar 12 11:12:22 2019	 x0	1000	0.450	CYC: 7 (k=3)	RND:-	i waves/tubespit/tubespit_v344_32.txt (100 bp) REC:1000	45	N/A: 0
v3.56	Tue Mar 12 11:12:22 2019	 x0	1000	0.410	CYC: 0 (k=0)	RND:-	i waves/tubespit/tubespit_v344_35.txt (100 bp) REC:1000	41	N/A: 0
v3.56	Tue Mar 12 11:12:22 2019	 x0	1000	0.520	CYC: 5 (k=3)	RND:-	i waves/tubespit/tubespit_v344_36.txt (100 bp) REC:1000	52	N/A: 0
v3.56	Tue Mar 12 11:12:23 2019	 x0	 940	0.500	CYC: 6 (k=3)	RND:-	i waves/chowder/chowder_v327_52.txt (100 bp) REC: 670	50	N/A: 0
v3.56	Tue Mar 12 11:12:23 2019	 x0	 818	0.440	CYC: 1 (k=3)	RND:-	i waves/chowder/chowder_v343_01.txt (100 bp) REC: 340	44	N/A: 0
v3.56	Tue Mar 12 11:12:24 2019	 x0	1000	0.530	CYC: 0 (k=0)	RND:-	i waves/chowder/chowder_v343_02.txt (100 bp) REC:1000	53	N/A: 0
v3.56	Tue Mar 12 11:12:24 2019	 x0	1000	0.390	CYC: 0 (k=0)	RND:-	i waves/chowder/chowder_v343_03.txt (100 bp) REC:1000	39	N/A: 0
v3.56	Tue Mar 12 11:12:25 2019	 x0	 934	0.460	CYC: 5 (k=3)	RND:-	i waves/chowder/chowder_v343_04.txt (100 bp) REC:1000	46	N/A: 0
v3.56	Tue Mar 12 11:12:25 2019	 x0	1000	0.490	CYC: 0 (k=0)	RND:-	i waves/chowder/chowder_v343_05.txt (100 bp) REC:1000	49	N/A: 0
v3.56	Tue Mar 12 11:12:25 2019	 x0	1000	0.500	CYC: 0 (k=0)	RND:-	i waves/chowder/chowder_v343_06.txt (100 bp) REC:1000	50	N/A: 0
v3.56	Tue Mar 12 11:12:26 2019	 x0	1000	0.430	CYC: 0 (k=0)	RND:-	i waves/chowder/chowder_v343_07.txt (100 bp) REC:1000	43	N/A: 0
v3.56	Tue Mar 12 11:12:26 2019	 x0	1000	0.360	CYC: 0 (k=0)	RND:-	i waves/chowder/chowder_v343_08.txt (100 bp) REC:1000	36	N/A: 0
v3.56	Tue Mar 12 11:12:27 2019	 x0	1000	0.290	CYC: 0 (k=0)	RND:-	i waves/chowder/chowder_v343_09.txt (100 bp) REC:1000	29	N/A: 0
v3.56	Tue Mar 12 11:12:27 2019	 x0	1000	0.280	CYC: 0 (k=0)	RND:-	i waves/chowder/chowder_v343_10.txt (100 bp) REC:1000	28	N/A: 0
v3.56	Tue Mar 12 11:12:28 2019	 x0	1000	0.330	CYC: 0 (k=0)	RND:-	i waves/chowder/chowder_v343_11.txt (100 bp) REC:1000	33	N/A: 0
v3.56	Tue Mar 12 11:12:28 2019	 x0	1000	0.490	CYC: 0 (k=0)	RND:-	i waves/chowder/chowder_v343_12.txt (100 bp) REC:1000	49	N/A: 0
v3.56	Tue Mar 12 11:12:28 2019	 x0	1000	0.390	CYC: 3 (k=3)	RND:-	i waves/chowder/chowder_v343_13.txt (100 bp) REC:1000	39	check_raqia1: 1
v3.56	Tue Mar 12 11:12:29 2019	 x0	1000	0.390	CYC: 0 (k=0)	RND:-	i waves/chowder/chowder_v343_17.txt (100 bp) REC:1000	39	N/A: 0
v3.56	Tue Mar 12 11:12:29 2019	 x0	1000	0.490	CYC: 0 (k=0)	RND:-	i waves/chowder/chowder_v343_18.txt (100 bp) REC:1000	49	N/A: 0
v3.56	Tue Mar 12 11:12:30 2019	 x0	1000	0.520	CYC: 0 (k=0)	RND:-	i waves/chowder/chowder_v343_20.txt (100 bp) REC:1000	52	N/A: 0
v3.56	Tue Mar 12 11:12:30 2019	 x0	1000	0.530	CYC: 0 (k=0)	RND:-	i waves/chowder/chowder_v343_21.txt (100 bp) REC:1000	53	N/A: 0
v3.56	Tue Mar 12 11:12:30 2019	 x0	1000	0.520	CYC: 0 (k=0)	RND:-	i waves/chowder/chowder_v343_22.txt (100 bp) REC:1000	52	N/A: 0
v3.56	Tue Mar 12 11:12:31 2019	 x0	1000	0.480	CYC: 0 (k=0)	RND:-	i waves/chowder/chowder_v343_23.txt (100 bp) REC:1000	48	N/A: 0
v3.56	Tue Mar 12 11:12:31 2019	 x0	1000	0.360	CYC: 0 (k=0)	RND:-	i waves/chowder/chowder_v343_24.txt (100 bp) REC:1000	36	N/A: 0
v3.56	Tue Mar 12 11:12:32 2019	 x0	1000	0.380	CYC: 0 (k=0)	RND:-	i waves/chowder/chowder_v343_25.txt (100 bp) REC:1000	38	N/A: 0
v3.56	Tue Mar 12 11:12:32 2019	 x0	1000	0.410	CYC: 0 (k=0)	RND:-	i waves/chowder/chowder_v344_01.txt (100 bp) REC:1000	41	N/A: 0
v3.56	Tue Mar 12 11:12:33 2019	 x0	1000	0.530	CYC: 0 (k=0)	RND:-	i waves/chowder/chowder_v344_02.txt (100 bp) REC:1000	53	N/A: 0
v3.56	Tue Mar 12 11:12:33 2019	 x0	1000	0.470	CYC: 0 (k=0)	RND:-	i waves/chowder/chowder_v344_04.txt (100 bp) REC:1000	47	N/A: 0
v3.56	Tue Mar 12 11:12:33 2019	 x0	1000	0.400	CYC: 0 (k=0)	RND:-	i waves/chowder/chowder_v344_07.txt (100 bp) REC:1000	40	N/A: 0
v3.56	Tue Mar 12 11:12:34 2019	 x0	 961	0.520	CYC: 1 (k=2)	RND:-	i waves/chowder/chowder_v344_08.txt (100 bp) REC: 440	52	N/A: 0
v3.56	Tue Mar 12 11:12:34 2019	 x0	 976	0.430	CYC:60060 (k=2)	RND:-	i waves/chowder/chowder_v344_09.txt (100 bp) REC:1000	43	N/A: 0
v3.56	Tue Mar 12 11:12:35 2019	 x0	1000	0.500	CYC: 0 (k=0)	RND:-	i waves/chowder/chowder_v344_10.txt (100 bp) REC:1000	50	N/A: 0
v3.56	Tue Mar 12 11:12:35 2019	 x0	1000	0.520	CYC: 0 (k=0)	RND:-	i waves/chowder/chowder_v344_12.txt (100 bp) REC:1000	52	N/A: 0
v3.56	Tue Mar 12 11:12:36 2019	 x0	1000	0.430	CYC: 0 (k=0)	RND:-	i waves/chowder/chowder_v344_13.txt (100 bp) REC:1000	43	N/A: 0
v3.56	Tue Mar 12 11:12:36 2019	 x0	1000	0.310	CYC: 0 (k=0)	RND:-	i waves/chowder/chowder_v344_16.txt (100 bp) REC:1000	31	N/A: 0
v3.56	Tue Mar 12 11:12:37 2019	 x0	 980	0.520	CYC:60060 (k=2)	RND:-	i waves/chowder/chowder_v344_17.txt (100 bp) REC:1000	52	N/A: 0
v3.56	Tue Mar 12 11:12:37 2019	 x0	1000	0.400	CYC: 0 (k=0)	RND:-	i waves/chowder/chowder_v344_18.txt (100 bp) REC:1000	40	N/A: 0
v3.56	Tue Mar 12 11:12:38 2019	 x0	 974	0.390	CYC:60 (k=2)	RND:-	i waves/chowder/chowder_v344_22.txt (100 bp) REC:1000	39	N/A: 0
v3.56	Tue Mar 12 11:12:39 2019	 x0	1000	0.470	CYC: 0 (k=0)	RND:-	i waves/chowder/chowder_v344_23.txt (100 bp) REC:1000	47	N/A: 0
v3.56	Tue Mar 12 11:12:39 2019	 x0	1000	0.500	CYC: 1 (k=3)	RND:-	i waves/chowder/chowder_v344_24.txt (100 bp) REC:1000	50	N/A: 0
v3.56	Tue Mar 12 11:12:39 2019	 x0	1000	0.320	CYC: 0 (k=0)	RND:-	i waves/chowder/chowder_v344_25.txt (100 bp) REC:1000	32	N/A: 0
v3.56	Tue Mar 12 11:12:40 2019	 x0	 912	0.570	CYC: 1 (k=3)	RND:-	i waves/chowder/chowder_v344_26.txt (100 bp) REC: 320	57	N/A: 0
v3.56	Tue Mar 12 11:12:40 2019	 x0	1000	0.390	CYC: 0 (k=0)	RND:-	i waves/chowder/chowder_v344_27.txt (100 bp) REC:1000	39	N/A: 0
v3.56	Tue Mar 12 11:12:41 2019	 x0	1000	0.380	CYC: 0 (k=0)	RND:-	i waves/chowder/chowder_v344_28.txt (100 bp) REC:1000	38	N/A: 0
v3.56	Tue Mar 12 11:12:41 2019	 x0	1000	0.430	CYC: 0 (k=0)	RND:-	i waves/chowder/chowder_v344_29.txt (100 bp) REC:1000	43	N/A: 0
v3.56	Tue Mar 12 11:12:42 2019	 x0	1000	0.390	CYC: 0 (k=0)	RND:-	i waves/chowder/chowder_v344_30.txt (100 bp) REC:1000	39	N/A: 0
v3.56	Tue Mar 12 11:12:42 2019	 x0	1000	0.420	CYC: 0 (k=0)	RND:-	i waves/chowder/chowder_v344_33.txt (100 bp) REC:1000	42	N/A: 0
v3.56	Tue Mar 12 11:12:42 2019	 x0	1000	0.520	CYC: 0 (k=0)	RND:-	i waves/chowder/chowder_v344_34.txt (100 bp) REC:1000	52	N/A: 0
v3.56	Tue Mar 12 11:12:43 2019	 x1	1000	0.356	CYC: 0 (k=0)	RND:-	a example sequence (87 char) REC:1000	31	N/A: 0
v3.56	Tue Mar 12 11:12:43 2019	 x1	1000	0.250	CYC: 0 (k=0)	RND:-	b example sequence (84 char) REC:1000	21	N/A: 0
v3.56	Tue Mar 12 11:12:43 2019	 x1	1000	0.235	CYC: 0 (k=0)	RND:-	c example sequence (102 char) REC:1000	24	N/A: 0
v3.56	Tue Mar 12 11:12:44 2019	 x1	1000	0.455	CYC: 0 (k=0)	RND:-	d example sequence (121 char) REC:1000	55	N/A: 0
v3.56	Tue Mar 12 11:12:44 2019	 x1	1000	0.446	CYC: 0 (k=0)	RND:-	e example sequence (139 char) REC:1000	62	N/A: 0
v3.56	Tue Mar 12 11:12:45 2019	 x1	1000	0.231	CYC: 0 (k=0)	RND:-	f example sequence (156 char) REC:1000	36	N/A: 0
v3.56	Tue Mar 12 11:12:45 2019	 x1	1000	0.533	CYC: 0 (k=0)	RND:-	g example sequence (45 char) REC:1000	24	N/A: 0
v3.56	Tue Mar 12 11:12:45 2019	 x1	1000	0.507	CYC: 4 (k=3)	RND:-	h example sequence (69 bp) REC:1000	35	N/A: 0
v3.56	Tue Mar 12 11:12:46 2019	 x1	1000	0.455	CYC: 0 (k=0)	RND:-	i waves/animals/seal_vnd_ex3_Dmela.txt (956 bp) REC:1000	435	check_raqia1: 1
v3.56	Tue Mar 12 11:12:47 2019	 x1	1000	0.457	CYC: 0 (k=0)	RND:-	i waves/animals/seal_vnd_ex3_Dmaur.txt (956 bp) REC:1000	437	N/A: 0
v3.56	Tue Mar 12 11:12:49 2019	 x1	1000	0.448	CYC: 0 (k=0)	RND:-	i waves/animals/seal_vnd_ex3_Dsech.txt (956 bp) REC:1000	428	N/A: 0
v3.56	Tue Mar 12 11:12:50 2019	 x1	1000	0.446	CYC: 0 (k=0)	RND:-	i waves/animals/seal_vnd_ex3_Dsimu.txt (956 bp) REC:1000	426	N/A: 0
v3.56	Tue Mar 12 11:12:52 2019	 x1	1000	0.417	CYC: 0 (k=0)	RND:-	i waves/animals/seal_vnd_ex3_Derec.txt (962 bp) REC:1000	401	check_raqia1: 1
v3.56	Tue Mar 12 11:12:53 2019	 x1	1000	0.407	CYC: 3 (k=3)	RND:-	i waves/animals/seal_vnd_ex3_Dsant.txt (959 bp) REC:1000	390	N/A: 0
v3.56	Tue Mar 12 11:12:55 2019	 x1	1000	0.396	CYC: 3 (k=3)	RND:-	i waves/animals/seal_vnd_ex3_Dyaku.txt (957 bp) REC:1000	379	N/A: 0
v3.56	Tue Mar 12 11:12:56 2019	 x1	 994	0.407	CYC:14 (k=3)	RND:-	i waves/animals/seal_vnd_ex3_Dbiar.txt (974 bp) REC:1000	396	check_raqia1: 1
v3.56	Tue Mar 12 11:12:58 2019	 x1	1000	0.386	CYC: 0 (k=0)	RND:-	i waves/animals/seal_vnd_ex3_Dsuzu.txt (980 bp) REC:1000	378	check_raqia1: 1
v3.56	Tue Mar 12 11:13:00 2019	 x1	1000	0.380	CYC: 4 (k=3)	RND:-	i waves/animals/seal_vnd_ex3_Danan.txt (962 bp) REC:1000	366	check_raqia1: 1
v3.56	Tue Mar 12 11:13:01 2019	 x1	1000	0.387	CYC: 0 (k=0)	RND:-	i waves/animals/seal_vnd_ex3_Dbipe.txt (950 bp) REC:1000	368	check_raqia1: 1
v3.56	Tue Mar 12 11:13:03 2019	 x1	1000	0.447	CYC: 0 (k=0)	RND:-	i waves/animals/shark_vnd_NEE_Dmela.txt (1008 bp) REC:1000	451	check_raqia1: 1
v3.56	Tue Mar 12 11:13:04 2019	 x1	1000	0.459	CYC: 0 (k=0)	RND:-	i waves/animals/shark_vnd_NEE_Dmaur.txt (1006 bp) REC:1000	462	check_raqia1: 1
v3.56	Tue Mar 12 11:13:06 2019	 x1	1000	0.468	CYC: 0 (k=0)	RND:-	i waves/animals/shark_vnd_NEE_Dsech.txt (1002 bp) REC:1000	469	N/A: 0
v3.56	Tue Mar 12 11:13:08 2019	 x1	1000	0.462	CYC: 0 (k=0)	RND:-	i waves/animals/shark_vnd_NEE_Dsimu.txt (1007 bp) REC:1000	465	N/A: 0
v3.56	Tue Mar 12 11:13:10 2019	 x1	1000	0.436	CYC: 0 (k=0)	RND:-	i waves/animals/shark_vnd_NEE_Derec.txt (1005 bp) REC:1000	438	check_raqia1: 1
v3.56	Tue Mar 12 11:13:12 2019	 x1	1000	0.413	CYC: 0 (k=0)	RND:-	i waves/animals/shark_vnd_NEE_Dsant.txt (1093 bp) REC:1000	451	N/A: 0
v3.56	Tue Mar 12 11:13:13 2019	 x1	1000	0.410	CYC: 0 (k=0)	RND:-	i waves/animals/shark_vnd_NEE_Dyaku.txt (1063 bp) REC:1000	436	check_raqia1: 1
v3.56	Tue Mar 12 11:13:15 2019	 x1	1000	0.452	CYC: 0 (k=0)	RND:-	i waves/animals/shark_vnd_NEE_Dbiar.txt (1063 bp) REC:1000	481	check_raqia1: 1
v3.56	Tue Mar 12 11:13:17 2019	 x1	1000	0.448	CYC: 0 (k=0)	RND:-	i waves/animals/shark_vnd_NEE_Dsuzu.txt (1064 bp) REC:1000	477	N/A: 0
v3.56	Tue Mar 12 11:13:19 2019	 x1	1000	0.390	CYC: 0 (k=0)	RND:-	i waves/animals/shark_nab_DWME_Dmela.txt (764 bp) REC:1000	298	check_raqia1: 1
v3.56	Tue Mar 12 11:13:20 2019	 x1	1000	0.347	CYC: 0 (k=0)	RND:-	i waves/tubespit/tubespit-01-toslip.txt (72 bp) REC:1000	25	check_raqia1: 1
v3.56	Tue Mar 12 11:13:20 2019	 x1	1000	0.394	CYC: 0 (k=0)	RND:-	i waves/tubespit/tubespit-02-toslip.txt (66 bp) REC:1000	26	N/A: 0
v3.56	Tue Mar 12 11:13:21 2019	 x1	1000	0.557	CYC: 0 (k=0)	RND:-	i waves/tubespit/tubespit-03-tosSt1.txt (61 bp) REC:1000	34	check_raqia1: 1
v3.56	Tue Mar 12 11:13:21 2019	 x1	1000	0.408	CYC: 0 (k=0)	RND:-	i waves/tubespit/tubespit-04-tos-ct.txt (71 bp) REC:1000	29	N/A: 0
v3.56	Tue Mar 12 11:13:22 2019	 x1	1000	0.532	CYC: 0 (k=0)	RND:-	i waves/tubespit/tubespit-05-koshp1.txt (62 bp) REC:1000	33	check_raqia1: 1
v3.56	Tue Mar 12 11:13:22 2019	 x1	1000	0.449	CYC: 0 (k=0)	RND:-	i waves/tubespit/tubespit-06-koslip.txt (138 bp) REC:1000	62	check_raqia1: 1
v3.56	Tue Mar 12 11:13:22 2019	 x1	1000	0.512	CYC: 0 (k=0)	RND:-	i waves/tubespit/tubespit-07-koslip.txt (84 bp) REC:1000	43	N/A: 0
v3.56	Tue Mar 12 11:13:23 2019	 x1	1000	0.481	CYC: 3 (k=3)	RND:-	i waves/tubespit/tubespit-08-koslp2.txt (81 bp) REC:1000	39	N/A: 0
v3.56	Tue Mar 12 11:13:23 2019	 x1	1000	0.477	CYC: 0 (k=0)	RND:-	i waves/tubespit/tubespit-09-koslp3.txt (65 bp) REC:1000	31	N/A: 0
v3.56	Tue Mar 12 11:13:24 2019	 x1	1000	0.425	CYC: 0 (k=0)	RND:-	i waves/tubespit/tubespit-10-cycle1.txt (106 bp) REC:1000	45	check_raqia1: 1
v3.56	Tue Mar 12 11:13:24 2019	 x1	1000	0.421	CYC: 0 (k=0)	RND:-	i waves/tubespit/tubespit-11-cycle1.txt (159 bp) REC:1000	67	N/A: 0
v3.56	Tue Mar 12 11:13:24 2019	 x1	1000	0.400	CYC: 4 (k=3)	RND:-	i waves/tubespit/tubespit-12-cycle1.txt (55 bp) REC:1000	22	N/A: 0
v3.56	Tue Mar 12 11:13:25 2019	 x1	1000	0.407	CYC: 1 (k=2)	RND:-	i waves/tubespit/tubespit-13-cycle2.txt (123 bp) REC:1000	50	N/A: 0
v3.56	Tue Mar 12 11:13:25 2019	 x1	1000	0.500	CYC: 4 (k=3)	RND:-	i waves/tubespit/tubespit-14-cycle3.txt (138 bp) REC:1000	69	N/A: 0
v3.56	Tue Mar 12 11:13:26 2019	 x1	1000	0.484	CYC: 1 (k=2)	RND:-	i waves/tubespit/tubespit-15-cycle4.txt (157 bp) REC:1000	76	N/A: 0
v3.56	Tue Mar 12 11:13:26 2019	 x1	1000	0.324	CYC: 3 (k=3)	RND:-	i waves/tubespit/tubespit-16-cyc3_a.txt (68 bp) REC:1000	22	N/A: 0
v3.56	Tue Mar 12 11:13:27 2019	 x1	1000	0.538	CYC: 0 (k=0)	RND:-	i waves/tubespit/tubespit-17-cycle5.txt (39 bp) REC:1000	21	check_raqia1: 1
v3.56	Tue Mar 12 11:13:27 2019	 x1	1000	0.514	CYC: 0 (k=0)	RND:-	i waves/tubespit/tubespit-18-koshp2.txt (74 bp) REC:1000	38	check_raqia1: 1
v3.56	Tue Mar 12 11:13:27 2019	 x1	1000	0.426	CYC: 0 (k=0)	RND:-	i waves/tubespit/tubespit-19-koslp4.txt (68 bp) REC:1000	29	check_raqia1: 1
v3.56	Tue Mar 12 11:13:28 2019	 x1	1000	0.390	CYC: 0 (k=0)	RND:-	i waves/tubespit/tubespit-20-cyc3_b.txt (77 bp) REC:1000	30	check_raqia1: 1
v3.56	Tue Mar 12 11:13:28 2019	 x1	1000	0.337	CYC: 0 (k=0)	RND:-	i waves/tubespit/tubespit-21-cyc3_c.txt (95 bp) REC:1000	32	check_raqia1: 1
v3.56	Tue Mar 12 11:13:28 2019	 x1	1000	0.538	CYC: 0 (k=0)	RND:-	i waves/tubespit/tubespit-22-tosSt2.txt (65 bp) REC:1000	35	N/A: 0
v3.56	Tue Mar 12 11:13:29 2019	 x1	1000	0.488	CYC: 0 (k=0)	RND:-	i waves/tubespit/tubespit-23-tosSt2.txt (84 bp) REC:1000	41	N/A: 0
v3.56	Tue Mar 12 11:13:29 2019	 x1	1000	0.340	CYC: 0 (k=0)	RND:-	i waves/tubespit/tubespit-24-tosSt2.txt (100 bp) REC:1000	34	N/A: 0
v3.56	Tue Mar 12 11:13:30 2019	 x1	1000	0.364	CYC: 0 (k=0)	RND:-	i waves/tubespit/tubespit-25-tosSt2.txt (195 bp) REC:1000	71	N/A: 0
v3.56	Tue Mar 12 11:13:30 2019	 x1	1000	0.373	CYC: 3 (k=3)	RND:-	i waves/tubespit/tubespit-26-tosSt2.txt (400 bp) REC:1000	149	N/A: 0
v3.56	Tue Mar 12 11:13:31 2019	 x1	1000	0.445	CYC: 1 (k=2)	RND:-	i waves/tubespit/tubespit-27-cycleX.txt (400 bp) REC:1000	178	N/A: 0
v3.56	Tue Mar 12 11:13:32 2019	 x1	1000	0.288	CYC: 4 (k=3)	RND:-	i waves/tubespit/tubespit-28-scrtch.txt (52 bp) REC:1000	15	N/A: 0
v3.56	Tue Mar 12 11:13:32 2019	 x1	1000	0.386	CYC: 0 (k=0)	RND:-	i waves/tubespit/tubespit-29-toslp2.txt (57 bp) REC:1000	22	N/A: 0
v3.56	Tue Mar 12 11:13:32 2019	 x1	1000	0.482	CYC: 0 (k=0)	RND:-	i waves/tubespit/tubespit-30-toslp2.txt (56 bp) REC:1000	27	N/A: 0
v3.56	Tue Mar 12 11:13:33 2019	 x1	1000	0.297	CYC: 1 (k=2)	RND:-	i waves/tubespit/tubespit-31-t0edge.txt (37 bp) REC:1000	11	N/A: 0
v3.56	Tue Mar 12 11:13:33 2019	 x1	1000	0.419	CYC: 0 (k=0)	RND:-	i waves/tubespit/tubespit-32-combo1.txt (265 bp) REC:1000	111	check_raqia1: 1
v3.56	Tue Mar 12 11:13:34 2019	 x1	1000	0.545	CYC: 0 (k=0)	RND:-	i waves/tubespit/tubespit-33-imprf1.txt (66 bp) REC:1000	36	N/A: 0
v3.56	Tue Mar 12 11:13:34 2019	 x1	1000	0.552	CYC: 0 (k=0)	RND:-	i waves/tubespit/tubespit-34-imprf2.txt (67 bp) REC:1000	37	check_raqia1: 1
v3.56	Tue Mar 12 11:13:34 2019	 x1	1000	0.638	CYC: 0 (k=0)	RND:-	i waves/tubespit/tubespit-35-imprf3.txt (58 bp) REC:1000	37	N/A: 0
v3.56	Tue Mar 12 11:13:35 2019	 x1	1000	0.602	CYC: 0 (k=0)	RND:-	i waves/tubespit/tubespit-36-imprf4.txt (83 bp) REC:1000	50	N/A: 0
v3.56	Tue Mar 12 11:13:35 2019	 x1	1000	0.559	CYC: 0 (k=0)	RND:-	i waves/tubespit/tubespit-37-imprfk.txt (93 bp) REC:1000	52	N/A: 0
v3.56	Tue Mar 12 11:13:36 2019	 x1	1000	0.456	CYC: 0 (k=0)	RND:-	i waves/tubespit/tubespit-38-imprft.txt (103 bp) REC:1000	47	check_raqia1: 1
v3.56	Tue Mar 12 11:13:36 2019	 x1	1000	0.449	CYC: 0 (k=0)	RND:-	i waves/tubespit/tubespit-39-imprfk.txt (118 bp) REC:1000	53	check_raqia1: 1
v3.56	Tue Mar 12 11:13:36 2019	 x1	1000	0.433	CYC: 0 (k=0)	RND:-	i waves/tubespit/tubespit-40-imprfk.txt (104 bp) REC:1000	45	N/A: 0
v3.56	Tue Mar 12 11:13:37 2019	 x1	1000	0.667	CYC: 0 (k=0)	RND:-	i waves/tubespit/tubespit-41-RNAnuc.txt (42 nt) REC:1000	28	N/A: 0
v3.56	Tue Mar 12 11:13:37 2019	 x1	1000	0.524	CYC: 0 (k=0)	RND:-	i waves/tubespit/tubespit-41-notRNA.txt (42 char) REC:1000	22	N/A: 0
v3.56	Tue Mar 12 11:13:37 2019	 x1	1000	0.846	CYC: 0 (k=0)	RND:-	i waves/tubespit/tubespit-41-protin.txt (312 aa) REC:1000	264	N/A: 0
v3.56	Tue Mar 12 11:13:38 2019	 x1	1000	0.414	CYC: 0 (k=0)	RND:-	i waves/tubespit/tubespit-42-fasta1.txt (140 bp) REC:1000	58	N/A: 0
v3.56	Tue Mar 12 11:13:39 2019	 x1	1000	0.846	CYC: 0 (k=0)	RND:-	i waves/tubespit/tubespit-42-fasta2.txt (312 aa) REC:1000	264	N/A: 0
v3.56	Tue Mar 12 11:13:39 2019	 x1	1000	0.500	CYC: 0 (k=0)	RND:-	i waves/tubespit/tubespit-43-timprf.txt (34 bp) REC:1000	17	check_raqia1: 1
v3.56	Tue Mar 12 11:13:40 2019	 x1	1000	0.375	CYC: 0 (k=0)	RND:-	i waves/tubespit/tubespit-44-tosimp.txt (88 bp) REC:1000	33	check_raqia1: 1
v3.56	Tue Mar 12 11:13:40 2019	 x1	1000	0.575	CYC: 0 (k=0)	RND:-	i waves/tubespit/tubespit-45-cinky1.txt (134 bp) REC:1000	77	N/A: 0
v3.56	Tue Mar 12 11:13:40 2019	 x1	1000	0.418	CYC: 0 (k=0)	RND:-	i waves/tubespit/tubespit-46-cinky2.txt (182 bp) REC:1000	76	check_raqia1: 1
v3.56	Tue Mar 12 11:13:41 2019	 x1	1000	0.400	CYC: 0 (k=0)	RND:-	i waves/tubespit/tubespit-47-cycle6.txt (40 bp) REC:1000	16	N/A: 0
v3.56	Tue Mar 12 11:13:41 2019	 x1	1000	0.426	CYC: 0 (k=0)	RND:-	i waves/tubespit/tubespit-48-tbdslp.txt (122 bp) REC:1000	52	check_raqia1: 1
v3.56	Tue Mar 12 11:13:42 2019	 x1	1000	0.459	CYC: 0 (k=0)	RND:-	i waves/tubespit/tubespit-49-cyctip.txt (800 bp) REC:1000	367	check_raqia1: 1
v3.56	Tue Mar 12 11:13:43 2019	 x1	1000	0.509	CYC: 0 (k=0)	RND:-	i waves/tubespit/tubespit-50-cyctip.txt (800 bp) REC:1000	407	check_raqia1: 1
v3.56	Tue Mar 12 11:13:44 2019	 x1	1000	0.368	CYC: 9 (k=3)	RND:-	i waves/tubespit/tubespit-51-cyctip.txt (800 bp) REC:1000	294	N/A: 0
v3.56	Tue Mar 12 11:13:45 2019	 x1	1000	0.409	CYC: 8 (k=3)	RND:-	i waves/tubespit/tubespit-52-cyctip.txt (800 bp) REC:1000	327	N/A: 0
v3.56	Tue Mar 12 11:13:47 2019	 x1	1000	0.433	CYC: 0 (k=0)	RND:-	i waves/tubespit/tubespit-53-impkhp.txt (800 bp) REC:1000	346	N/A: 0
v3.56	Tue Mar 12 11:13:48 2019	 x1	1000	0.394	CYC: 5 (k=3)	RND:-	i waves/tubespit/tubespit-54-impkhp.txt (800 bp) REC:1000	315	N/A: 0
v3.56	Tue Mar 12 11:13:49 2019	 x1	1000	0.461	CYC: 0 (k=0)	RND:-	i waves/tubespit/tubespit-55-impkhp.txt (800 bp) REC:1000	369	N/A: 0
v3.56	Tue Mar 12 11:13:51 2019	 x1	1000	0.406	CYC: 0 (k=0)	RND:-	i waves/tubespit/tubespit-56-tbslp2.txt (800 bp) REC:1000	325	N/A: 0
v3.56	Tue Mar 12 11:13:52 2019	 x1	1000	0.373	CYC: 2 (k=3)	RND:-	i waves/tubespit/tubespit-57-tbslp2.txt (800 bp) REC:1000	298	check_raqia1: 1
v3.56	Tue Mar 12 11:13:53 2019	 x1	1000	0.416	CYC: 0 (k=0)	RND:-	i waves/tubespit/tubespit-58-tcycle.txt (800 bp) REC:1000	333	check_raqia1: 1
v3.56	Tue Mar 12 11:13:55 2019	 x1	1000	0.459	CYC: 0 (k=0)	RND:-	i waves/tubespit/tubespit-59-tcycle.txt (800 bp) REC:1000	367	check_raqia1: 1
v3.56	Tue Mar 12 11:13:56 2019	 x1	 994	0.456	CYC: 0 (k=0)	RND:-	i waves/tubespit/tubespit-60-tbslp2.txt (800 bp) REC: 370	365	N/A: 0
v3.56	Tue Mar 12 11:13:57 2019	 x1	1000	0.403	CYC: 0 (k=0)	RND:-	i waves/tubespit/tubespit-61-tghost.txt (800 bp) REC:1000	322	check_raqia1: 1
v3.56	Tue Mar 12 11:13:59 2019	 x1	1000	0.370	CYC: 0 (k=0)	RND:-	i waves/tubespit/tubespit-62-tuckup.txt (100 bp) REC:1000	37	check_raqia1: 1
v3.56	Tue Mar 12 11:13:59 2019	 x1	1000	0.340	CYC: 0 (k=0)	RND:-	i waves/tubespit/tubespit-63-cnudge.txt (100 bp) REC:1000	34	check_raqia1: 1
v3.56	Tue Mar 12 11:13:59 2019	 x1	1000	0.400	CYC: 0 (k=0)	RND:-	i waves/tubespit/tubespit-64-sndge0.txt (100 bp) REC:1000	40	N/A: 0
v3.56	Tue Mar 12 11:14:00 2019	 x1	1000	0.480	CYC: 0 (k=0)	RND:-	i waves/tubespit/tubespit-64-sndge1.txt (100 bp) REC:1000	48	N/A: 0
v3.56	Tue Mar 12 11:14:00 2019	 x1	1000	0.440	CYC: 0 (k=0)	RND:-	i waves/tubespit/tubespit-64-sndge2.txt (100 bp) REC:1000	44	check_raqia1: 1
v3.56	Tue Mar 12 11:14:01 2019	 x1	1000	0.400	CYC: 0 (k=0)	RND:-	i waves/tubespit/tubespit-64-sndge3.txt (100 bp) REC:1000	40	check_raqia1: 1
v3.56	Tue Mar 12 11:14:01 2019	 x1	1000	0.380	CYC: 0 (k=0)	RND:-	i waves/tubespit/tubespit-64-sndge4.txt (100 bp) REC:1000	38	check_raqia1: 1
v3.56	Tue Mar 12 11:14:01 2019	 x1	1000	0.490	CYC: 8 (k=3)	RND:-	i waves/tubespit/tubespit-64-sndge5.txt (100 bp) REC:1000	49	check_raqia1: 1
v3.56	Tue Mar 12 11:14:02 2019	 x1	1000	0.430	CYC: 0 (k=0)	RND:-	i waves/tubespit/tubespit-64-sndge6.txt (100 bp) REC:1000	43	check_raqia1: 1
v3.56	Tue Mar 12 11:14:02 2019	 x1	1000	0.410	CYC: 0 (k=0)	RND:-	i waves/tubespit/tubespit-64-sndge7.txt (100 bp) REC:1000	41	N/A: 0
v3.56	Tue Mar 12 11:14:03 2019	 x1	1000	0.460	CYC:15 (k=3)	RND:-	i waves/tubespit/tubespit-64-sndge8.txt (100 bp) REC:1000	46	N/A: 0
v3.56	Tue Mar 12 11:14:03 2019	 x1	1000	0.300	CYC: 0 (k=0)	RND:-	i waves/tubespit/tubespit-64-sndge9.txt (100 bp) REC:1000	30	check_raqia1: 1
v3.56	Tue Mar 12 11:14:04 2019	 x1	1000	0.330	CYC: 3 (k=3)	RND:-	i waves/tubespit/tubespit-65-consen.txt (100 bp) REC:1000	33	check_raqia1: 1
v3.56	Tue Mar 12 11:14:04 2019	 x1	1000	0.350	CYC: 2 (k=3)	RND:-	i waves/tubespit/tubespit-66-consen.txt (100 bp) REC:1000	35	N/A: 0
v3.56	Tue Mar 12 11:14:04 2019	 x1	1000	0.410	CYC: 0 (k=0)	RND:-	i waves/tubespit/tubespit-67-bslclr.txt (100 bp) REC:1000	41	N/A: 0
v3.56	Tue Mar 12 11:14:05 2019	 x1	1000	0.420	CYC: 0 (k=0)	RND:-	i waves/tubespit/tubespit-68-dRaggd.txt (100 bp) REC:1000	42	N/A: 0
v3.56	Tue Mar 12 11:14:05 2019	 x1	1000	0.490	CYC: 0 (k=0)	RND:-	i waves/tubespit/tubespit-69-ktrans.txt (100 bp) REC:1000	49	N/A: 0
v3.56	Tue Mar 12 11:14:06 2019	 x1	1000	0.350	CYC: 0 (k=0)	RND:-	i waves/tubespit/tubespit-70-ktrans.txt (100 bp) REC:1000	35	N/A: 0
v3.56	Tue Mar 12 11:14:06 2019	 x1	1000	0.400	CYC: 0 (k=0)	RND:-	i waves/tubespit/tubespit-71-ktrans.txt (100 bp) REC:1000	40	N/A: 0
v3.56	Tue Mar 12 11:14:06 2019	 x1	1000	0.350	CYC: 0 (k=0)	RND:-	i waves/tubespit/tubespit-72-ktrans.txt (100 bp) REC:1000	35	check_raqia1: 1
v3.56	Tue Mar 12 11:14:07 2019	 x1	1000	0.450	CYC: 0 (k=0)	RND:-	i waves/tubespit/tubespit-73-ktrans.txt (100 bp) REC:1000	45	N/A: 0
v3.56	Tue Mar 12 11:14:07 2019	 x1	 957	0.470	CYC: 0 (k=0)	RND:-	i waves/tubespit/tubespit-74-ktrans.txt (100 bp) REC: 840	47	N/A: 0
v3.56	Tue Mar 12 11:14:08 2019	 x1	1000	0.370	CYC: 0 (k=0)	RND:-	i waves/tubespit/tubespit-75-ktrans.txt (100 bp) REC:1000	37	N/A: 0
v3.56	Tue Mar 12 11:14:08 2019	 x1	1000	0.460	CYC: 0 (k=0)	RND:-	i waves/tubespit/tubespit-76-ktrans.txt (100 bp) REC:1000	46	check_raqia1: 1
v3.56	Tue Mar 12 11:14:08 2019	 x1	1000	0.460	CYC: 0 (k=0)	RND:-	i waves/tubespit/tubespit-77-ktrans.txt (100 bp) REC:1000	46	N/A: 0
v3.56	Tue Mar 12 11:14:09 2019	 x1	1000	0.440	CYC: 0 (k=0)	RND:-	i waves/tubespit/tubespit-78-ktrans.txt (100 bp) REC:1000	44	N/A: 0
v3.56	Tue Mar 12 11:14:09 2019	 x1	1000	0.440	CYC: 0 (k=0)	RND:-	i waves/tubespit/tubespit-79-kcheck.txt (100 bp) REC:1000	44	check_raqia1: 1
v3.56	Tue Mar 12 11:14:10 2019	 x1	1000	0.440	CYC: 0 (k=0)	RND:-	i waves/tubespit/tubespit-80-kcheck.txt (100 bp) REC:1000	44	check_raqia1: 1
v3.56	Tue Mar 12 11:14:10 2019	 x1	1000	0.410	CYC: 0 (k=0)	RND:-	i waves/tubespit/tubespit-81-kcheck.txt (100 bp) REC:1000	41	N/A: 0
v3.56	Tue Mar 12 11:14:10 2019	 x1	1000	0.440	CYC: 0 (k=0)	RND:-	i waves/tubespit/tubespit-82-kcheck.txt (100 bp) REC:1000	44	N/A: 0
v3.56	Tue Mar 12 11:14:11 2019	 x1	1000	0.390	CYC: 9 (k=3)	RND:-	i waves/tubespit/tubespit-83-shadow.txt (100 bp) REC:1000	39	N/A: 0
v3.56	Tue Mar 12 11:14:11 2019	 x1	1000	0.530	CYC: 0 (k=0)	RND:-	i waves/tubespit/tubespit-84-shadow.txt (100 bp) REC:1000	53	check_raqia1: 1
v3.56	Tue Mar 12 11:14:12 2019	 x1	1000	0.440	CYC: 0 (k=0)	RND:-	i waves/tubespit/tubespit-85-adjDTH.txt (100 bp) REC:1000	44	N/A: 0
v3.56	Tue Mar 12 11:14:12 2019	 x1	1000	0.450	CYC:13 (k=3)	RND:-	i waves/tubespit/tubespit-86-adjDTH.txt (100 bp) REC:1000	45	check_raqia1: 1
v3.56	Tue Mar 12 11:14:13 2019	 x1	1000	0.440	CYC: 0 (k=0)	RND:-	i waves/tubespit/tubespit-87-adjDTH.txt (100 bp) REC:1000	44	check_raqia1: 1
v3.56	Tue Mar 12 11:14:13 2019	 x1	1000	0.440	CYC: 2 (k=3)	RND:-	i waves/tubespit/tubespit_v343_14.txt (100 bp) REC:1000	44	N/A: 0
v3.56	Tue Mar 12 11:14:13 2019	 x1	1000	0.360	CYC: 0 (k=0)	RND:-	i waves/tubespit/tubespit_v343_19.txt (100 bp) REC:1000	36	N/A: 0
v3.56	Tue Mar 12 11:14:14 2019	 x1	 976	0.420	CYC:60060 (k=2)	RND:-	i waves/tubespit/tubespit_v344_03.txt (100 bp) REC:1000	42	N/A: 0
v3.56	Tue Mar 12 11:14:14 2019	 x1	1000	0.320	CYC: 0 (k=0)	RND:-	i waves/tubespit/tubespit_v344_05.txt (100 bp) REC:1000	32	check_raqia1: 1
v3.56	Tue Mar 12 11:14:15 2019	 x1	1000	0.480	CYC: 0 (k=0)	RND:-	i waves/tubespit/tubespit_v344_06.txt (100 bp) REC:1000	48	N/A: 0
v3.56	Tue Mar 12 11:14:15 2019	 x1	1000	0.430	CYC: 0 (k=0)	RND:-	i waves/tubespit/tubespit_v344_11.txt (100 bp) REC:1000	43	check_raqia1: 1
v3.56	Tue Mar 12 11:14:16 2019	 x1	1000	0.360	CYC: 0 (k=0)	RND:-	i waves/tubespit/tubespit_v344_14.txt (100 bp) REC:1000	36	check_raqia1: 1
v3.56	Tue Mar 12 11:14:16 2019	 x1	1000	0.400	CYC: 0 (k=0)	RND:-	i waves/tubespit/tubespit_v344_15.txt (100 bp) REC:1000	40	check_raqia1: 1
v3.56	Tue Mar 12 11:14:16 2019	 x1	1000	0.410	CYC: 5 (k=3)	RND:-	i waves/tubespit/tubespit_v344_19.txt (100 bp) REC:1000	41	N/A: 0
v3.56	Tue Mar 12 11:14:17 2019	 x1	 976	0.420	CYC:60060 (k=2)	RND:-	i waves/tubespit/tubespit_v344_20.txt (100 bp) REC:1000	42	N/A: 0
v3.56	Tue Mar 12 11:14:18 2019	 x1	1000	0.370	CYC: 0 (k=0)	RND:-	i waves/tubespit/tubespit_v344_21.txt (100 bp) REC:1000	37	check_raqia1: 1
v3.56	Tue Mar 12 11:14:18 2019	 x1	1000	0.400	CYC: 0 (k=0)	RND:-	i waves/tubespit/tubespit_v344_31.txt (100 bp) REC:1000	40	check_raqia1: 1
v3.56	Tue Mar 12 11:14:18 2019	 x1	1000	0.520	CYC: 0 (k=0)	RND:-	i waves/tubespit/tubespit_v344_32.txt (100 bp) REC:1000	52	N/A: 0
v3.56	Tue Mar 12 11:14:19 2019	 x1	1000	0.370	CYC: 0 (k=0)	RND:-	i waves/tubespit/tubespit_v344_35.txt (100 bp) REC:1000	37	N/A: 0
v3.56	Tue Mar 12 11:14:19 2019	 x1	1000	0.500	CYC: 5 (k=3)	RND:-	i waves/tubespit/tubespit_v344_36.txt (100 bp) REC:1000	50	check_raqia1: 1
v3.56	Tue Mar 12 11:14:20 2019	 x1	 940	0.500	CYC: 6 (k=3)	RND:-	i waves/chowder/chowder_v327_52.txt (100 bp) REC: 670	50	N/A: 0
v3.56	Tue Mar 12 11:14:20 2019	 x1	 829	0.470	CYC: 1 (k=3)	RND:-	i waves/chowder/chowder_v343_01.txt (100 bp) REC: 310	47	check_raqia1: 1
v3.56	Tue Mar 12 11:14:20 2019	 x1	1000	0.490	CYC: 0 (k=0)	RND:-	i waves/chowder/chowder_v343_02.txt (100 bp) REC:1000	49	check_raqia1: 1
v3.56	Tue Mar 12 11:14:21 2019	 x1	1000	0.380	CYC: 0 (k=0)	RND:-	i waves/chowder/chowder_v343_03.txt (100 bp) REC:1000	38	check_raqia1: 1
v3.56	Tue Mar 12 11:14:21 2019	 x1	 934	0.460	CYC: 5 (k=3)	RND:-	i waves/chowder/chowder_v343_04.txt (100 bp) REC:1000	46	N/A: 0
v3.56	Tue Mar 12 11:14:22 2019	 x1	1000	0.440	CYC: 0 (k=0)	RND:-	i waves/chowder/chowder_v343_05.txt (100 bp) REC:1000	44	check_raqia1: 1
v3.56	Tue Mar 12 11:14:22 2019	 x1	1000	0.460	CYC: 0 (k=0)	RND:-	i waves/chowder/chowder_v343_06.txt (100 bp) REC:1000	46	check_raqia1: 1
v3.56	Tue Mar 12 11:14:22 2019	 x1	1000	0.440	CYC: 0 (k=0)	RND:-	i waves/chowder/chowder_v343_07.txt (100 bp) REC:1000	44	N/A: 0
v3.56	Tue Mar 12 11:14:23 2019	 x1	1000	0.430	CYC: 0 (k=0)	RND:-	i waves/chowder/chowder_v343_08.txt (100 bp) REC:1000	43	check_raqia1: 1
v3.56	Tue Mar 12 11:14:23 2019	 x1	1000	0.290	CYC: 0 (k=0)	RND:-	i waves/chowder/chowder_v343_09.txt (100 bp) REC:1000	29	N/A: 0
v3.56	Tue Mar 12 11:14:24 2019	 x1	1000	0.300	CYC: 0 (k=0)	RND:-	i waves/chowder/chowder_v343_10.txt (100 bp) REC:1000	30	check_raqia1: 1
v3.56	Tue Mar 12 11:14:24 2019	 x1	1000	0.340	CYC: 0 (k=0)	RND:-	i waves/chowder/chowder_v343_11.txt (100 bp) REC:1000	34	check_raqia1: 1
v3.56	Tue Mar 12 11:14:24 2019	 x1	1000	0.530	CYC: 0 (k=0)	RND:-	i waves/chowder/chowder_v343_12.txt (100 bp) REC:1000	53	N/A: 0
v3.56	Tue Mar 12 11:14:25 2019	 x1	1000	0.410	CYC: 3 (k=3)	RND:-	i waves/chowder/chowder_v343_13.txt (100 bp) REC:1000	41	check_raqia1: 1
v3.56	Tue Mar 12 11:14:25 2019	 x1	1000	0.420	CYC: 0 (k=0)	RND:-	i waves/chowder/chowder_v343_17.txt (100 bp) REC:1000	42	check_raqia1: 1
v3.56	Tue Mar 12 11:14:26 2019	 x1	1000	0.530	CYC: 0 (k=0)	RND:-	i waves/chowder/chowder_v343_18.txt (100 bp) REC:1000	53	N/A: 0
v3.56	Tue Mar 12 11:14:26 2019	 x1	1000	0.530	CYC: 0 (k=0)	RND:-	i waves/chowder/chowder_v343_20.txt (100 bp) REC:1000	53	N/A: 0
v3.56	Tue Mar 12 11:14:26 2019	 x1	1000	0.530	CYC: 0 (k=0)	RND:-	i waves/chowder/chowder_v343_21.txt (100 bp) REC:1000	53	check_raqia1: 1
v3.56	Tue Mar 12 11:14:27 2019	 x1	1000	0.410	CYC: 0 (k=0)	RND:-	i waves/chowder/chowder_v343_22.txt (100 bp) REC:1000	41	check_raqia1: 1
v3.56	Tue Mar 12 11:14:27 2019	 x1	1000	0.490	CYC: 0 (k=0)	RND:-	i waves/chowder/chowder_v343_23.txt (100 bp) REC:1000	49	N/A: 0
v3.56	Tue Mar 12 11:14:28 2019	 x1	1000	0.420	CYC: 0 (k=0)	RND:-	i waves/chowder/chowder_v343_24.txt (100 bp) REC:1000	42	check_raqia1: 1
v3.56	Tue Mar 12 11:14:28 2019	 x1	1000	0.440	CYC: 0 (k=0)	RND:-	i waves/chowder/chowder_v343_25.txt (100 bp) REC:1000	44	N/A: 0
v3.56	Tue Mar 12 11:14:28 2019	 x1	1000	0.440	CYC: 0 (k=0)	RND:-	i waves/chowder/chowder_v344_01.txt (100 bp) REC:1000	44	N/A: 0
v3.56	Tue Mar 12 11:14:29 2019	 x1	1000	0.450	CYC: 0 (k=0)	RND:-	i waves/chowder/chowder_v344_02.txt (100 bp) REC:1000	45	N/A: 0
v3.56	Tue Mar 12 11:14:29 2019	 x1	1000	0.450	CYC: 0 (k=0)	RND:-	i waves/chowder/chowder_v344_04.txt (100 bp) REC:1000	45	check_raqia1: 1
v3.56	Tue Mar 12 11:14:30 2019	 x1	1000	0.420	CYC: 0 (k=0)	RND:-	i waves/chowder/chowder_v344_07.txt (100 bp) REC:1000	42	N/A: 0
v3.56	Tue Mar 12 11:14:30 2019	 x1	 961	0.520	CYC: 1 (k=2)	RND:-	i waves/chowder/chowder_v344_08.txt (100 bp) REC: 440	52	N/A: 0
v3.56	Tue Mar 12 11:14:30 2019	 x1	 977	0.440	CYC:60060 (k=2)	RND:-	i waves/chowder/chowder_v344_09.txt (100 bp) REC:1000	44	N/A: 0
v3.56	Tue Mar 12 11:14:31 2019	 x1	1000	0.540	CYC: 0 (k=0)	RND:-	i waves/chowder/chowder_v344_10.txt (100 bp) REC:1000	54	check_raqia1: 1
v3.56	Tue Mar 12 11:14:32 2019	 x1	1000	0.490	CYC: 0 (k=0)	RND:-	i waves/chowder/chowder_v344_12.txt (100 bp) REC:1000	49	check_raqia1: 1
v3.56	Tue Mar 12 11:14:32 2019	 x1	1000	0.400	CYC: 0 (k=0)	RND:-	i waves/chowder/chowder_v344_13.txt (100 bp) REC:1000	40	check_raqia1: 1
v3.56	Tue Mar 12 11:14:32 2019	 x1	1000	0.350	CYC: 0 (k=0)	RND:-	i waves/chowder/chowder_v344_16.txt (100 bp) REC:1000	35	N/A: 0
v3.56	Tue Mar 12 11:14:33 2019	 x1	 980	0.520	CYC:60060 (k=2)	RND:-	i waves/chowder/chowder_v344_17.txt (100 bp) REC:1000	52	N/A: 0
v3.56	Tue Mar 12 11:14:34 2019	 x1	1000	0.390	CYC: 0 (k=0)	RND:-	i waves/chowder/chowder_v344_18.txt (100 bp) REC:1000	39	check_raqia1: 1
v3.56	Tue Mar 12 11:14:34 2019	 x1	1000	0.380	CYC: 0 (k=0)	RND:-	i waves/chowder/chowder_v344_22.txt (100 bp) REC:1000	38	check_raqia1: 1
v3.56	Tue Mar 12 11:14:34 2019	 x1	1000	0.470	CYC: 0 (k=0)	RND:-	i waves/chowder/chowder_v344_23.txt (100 bp) REC:1000	47	N/A: 0
v3.56	Tue Mar 12 11:14:35 2019	 x1	1000	0.490	CYC: 0 (k=0)	RND:-	i waves/chowder/chowder_v344_24.txt (100 bp) REC:1000	49	check_raqia1: 1
v3.56	Tue Mar 12 11:14:35 2019	 x1	1000	0.300	CYC: 0 (k=0)	RND:-	i waves/chowder/chowder_v344_25.txt (100 bp) REC:1000	30	check_raqia1: 1
v3.56	Tue Mar 12 11:14:36 2019	 x1	1000	0.560	CYC: 2 (k=3)	RND:-	i waves/chowder/chowder_v344_26.txt (100 bp) REC:1000	56	N/A: 0
v3.56	Tue Mar 12 11:14:36 2019	 x1	1000	0.440	CYC: 0 (k=0)	RND:-	i waves/chowder/chowder_v344_27.txt (100 bp) REC:1000	44	check_raqia1: 1
v3.56	Tue Mar 12 11:14:36 2019	 x1	1000	0.360	CYC: 0 (k=0)	RND:-	i waves/chowder/chowder_v344_28.txt (100 bp) REC:1000	36	N/A: 0
v3.56	Tue Mar 12 11:14:37 2019	 x1	1000	0.490	CYC: 0 (k=0)	RND:-	i waves/chowder/chowder_v344_29.txt (100 bp) REC:1000	49	check_raqia1: 1
v3.56	Tue Mar 12 11:14:37 2019	 x1	1000	0.370	CYC: 0 (k=0)	RND:-	i waves/chowder/chowder_v344_30.txt (100 bp) REC:1000	37	check_raqia1: 1
v3.56	Tue Mar 12 11:14:38 2019	 x1	1000	0.460	CYC: 0 (k=0)	RND:-	i waves/chowder/chowder_v344_33.txt (100 bp) REC:1000	46	N/A: 0
v3.56	Tue Mar 12 11:14:38 2019	 x1	1000	0.490	CYC: 0 (k=0)	RND:-	i waves/chowder/chowder_v344_34.txt (100 bp) REC:1000	49	check_raqia1: 1
v3.56	Tue Mar 12 11:14:38 2019	 x2	1000	0.356	CYC: 0 (k=0)	RND:-	a example sequence (87 char) REC:1000	31	N/A: 0
v3.56	Tue Mar 12 11:14:39 2019	 x2	1000	0.250	CYC: 0 (k=0)	RND:-	b example sequence (84 char) REC:1000	21	N/A: 0
v3.56	Tue Mar 12 11:14:39 2019	 x2	1000	0.235	CYC: 0 (k=0)	RND:-	c example sequence (102 char) REC:1000	24	N/A: 0
v3.56	Tue Mar 12 11:14:39 2019	 x2	1000	0.455	CYC: 0 (k=0)	RND:-	d example sequence (121 char) REC:1000	55	N/A: 0
v3.56	Tue Mar 12 11:14:40 2019	 x2	1000	0.446	CYC: 0 (k=0)	RND:-	e example sequence (139 char) REC:1000	62	N/A: 0
v3.56	Tue Mar 12 11:14:40 2019	 x2	1000	0.269	CYC: 0 (k=0)	RND:-	f example sequence (156 char) REC:1000	42	N/A: 0
v3.56	Tue Mar 12 11:14:41 2019	 x2	1000	0.533	CYC: 0 (k=0)	RND:-	g example sequence (45 char) REC:1000	24	N/A: 0
v3.56	Tue Mar 12 11:14:41 2019	 x2	1000	0.507	CYC: 1 (k=2)	RND:-	h example sequence (69 bp) REC:1000	35	N/A: 0
v3.56	Tue Mar 12 11:14:41 2019	 x2	1000	0.424	CYC: 0 (k=0)	RND:-	i waves/animals/seal_vnd_ex3_Dmela.txt (956 bp) REC:1000	405	N/A: 0
v3.56	Tue Mar 12 11:14:44 2019	 x2	1000	0.406	CYC: 0 (k=0)	RND:-	i waves/animals/seal_vnd_ex3_Dmaur.txt (956 bp) REC:1000	388	N/A: 0
v3.56	Tue Mar 12 11:14:46 2019	 x2	1000	0.418	CYC: 0 (k=0)	RND:-	i waves/animals/seal_vnd_ex3_Dsech.txt (956 bp) REC:1000	400	N/A: 0
v3.56	Tue Mar 12 11:14:48 2019	 x2	1000	0.416	CYC: 0 (k=0)	RND:-	i waves/animals/seal_vnd_ex3_Dsimu.txt (956 bp) REC:1000	398	N/A: 0
v3.56	Tue Mar 12 11:14:50 2019	 x2	1000	0.410	CYC: 0 (k=0)	RND:-	i waves/animals/seal_vnd_ex3_Derec.txt (962 bp) REC:1000	394	N/A: 0
v3.56	Tue Mar 12 11:14:53 2019	 x2	1000	0.386	CYC: 3 (k=3)	RND:-	i waves/animals/seal_vnd_ex3_Dsant.txt (959 bp) REC:1000	370	N/A: 0
v3.56	Tue Mar 12 11:14:55 2019	 x2	1000	0.393	CYC: 3 (k=3)	RND:-	i waves/animals/seal_vnd_ex3_Dyaku.txt (957 bp) REC:1000	376	N/A: 0
v3.56	Tue Mar 12 11:14:57 2019	 x2	1000	0.391	CYC: 6 (k=3)	RND:-	i waves/animals/seal_vnd_ex3_Dbiar.txt (974 bp) REC:1000	381	N/A: 0
v3.56	Tue Mar 12 11:15:00 2019	 x2	1000	0.380	CYC: 4 (k=3)	RND:-	i waves/animals/seal_vnd_ex3_Dsuzu.txt (980 bp) REC:1000	372	N/A: 0
v3.56	Tue Mar 12 11:15:02 2019	 x2	1000	0.394	CYC: 6 (k=3)	RND:-	i waves/animals/seal_vnd_ex3_Danan.txt (962 bp) REC:1000	379	N/A: 0
v3.56	Tue Mar 12 11:15:04 2019	 x2	1000	0.396	CYC: 0 (k=0)	RND:-	i waves/animals/seal_vnd_ex3_Dbipe.txt (950 bp) REC:1000	376	N/A: 0
v3.56	Tue Mar 12 11:15:06 2019	 x2	1000	0.446	CYC: 5 (k=3)	RND:-	i waves/animals/shark_vnd_NEE_Dmela.txt (1008 bp) REC:1000	450	N/A: 0
v3.56	Tue Mar 12 11:15:09 2019	 x2	1000	0.461	CYC: 5 (k=3)	RND:-	i waves/animals/shark_vnd_NEE_Dmaur.txt (1006 bp) REC:1000	464	N/A: 0
v3.56	Tue Mar 12 11:15:11 2019	 x2	1000	0.454	CYC: 5 (k=3)	RND:-	i waves/animals/shark_vnd_NEE_Dsech.txt (1002 bp) REC:1000	455	N/A: 0
v3.56	Tue Mar 12 11:15:13 2019	 x2	1000	0.454	CYC: 5 (k=3)	RND:-	i waves/animals/shark_vnd_NEE_Dsimu.txt (1007 bp) REC:1000	457	N/A: 0
v3.56	Tue Mar 12 11:15:15 2019	 x2	1000	0.439	CYC: 0 (k=0)	RND:-	i waves/animals/shark_vnd_NEE_Derec.txt (1005 bp) REC:1000	441	N/A: 0
v3.56	Tue Mar 12 11:15:18 2019	 x2	1000	0.422	CYC:16 (k=3)	RND:-	i waves/animals/shark_vnd_NEE_Dsant.txt (1093 bp) REC:1000	461	N/A: 0
v3.56	Tue Mar 12 11:15:20 2019	 x2	1000	0.424	CYC: 5 (k=3)	RND:-	i waves/animals/shark_vnd_NEE_Dyaku.txt (1063 bp) REC:1000	451	N/A: 0
v3.56	Tue Mar 12 11:15:23 2019	 x2	1000	0.437	CYC: 0 (k=0)	RND:-	i waves/animals/shark_vnd_NEE_Dbiar.txt (1063 bp) REC:1000	464	N/A: 0
v3.56	Tue Mar 12 11:15:25 2019	 x2	1000	0.436	CYC: 0 (k=0)	RND:-	i waves/animals/shark_vnd_NEE_Dsuzu.txt (1064 bp) REC:1000	464	N/A: 0
v3.56	Tue Mar 12 11:15:28 2019	 x2	1000	0.394	CYC: 0 (k=0)	RND:-	i waves/animals/shark_nab_DWME_Dmela.txt (764 bp) REC:1000	301	N/A: 0
v3.56	Tue Mar 12 11:15:29 2019	 x2	1000	0.444	CYC: 4 (k=3)	RND:-	i waves/tubespit/tubespit-01-toslip.txt (72 bp) REC:1000	32	N/A: 0
v3.56	Tue Mar 12 11:15:30 2019	 x2	1000	0.364	CYC: 3 (k=3)	RND:-	i waves/tubespit/tubespit-02-toslip.txt (66 bp) REC:1000	24	N/A: 0
v3.56	Tue Mar 12 11:15:30 2019	 x2	1000	0.574	CYC: 0 (k=0)	RND:-	i waves/tubespit/tubespit-03-tosSt1.txt (61 bp) REC:1000	35	N/A: 0
v3.56	Tue Mar 12 11:15:31 2019	 x2	1000	0.451	CYC: 4 (k=3)	RND:-	i waves/tubespit/tubespit-04-tos-ct.txt (71 bp) REC:1000	32	N/A: 0
v3.56	Tue Mar 12 11:15:31 2019	 x2	1000	0.516	CYC: 0 (k=0)	RND:-	i waves/tubespit/tubespit-05-koshp1.txt (62 bp) REC:1000	32	N/A: 0
v3.56	Tue Mar 12 11:15:31 2019	 x2	1000	0.428	CYC: 2 (k=3)	RND:-	i waves/tubespit/tubespit-06-koslip.txt (138 bp) REC:1000	59	N/A: 0
v3.56	Tue Mar 12 11:15:32 2019	 x2	1000	0.512	CYC: 5 (k=3)	RND:-	i waves/tubespit/tubespit-07-koslip.txt (84 bp) REC:1000	43	N/A: 0
v3.56	Tue Mar 12 11:15:32 2019	 x2	1000	0.370	CYC: 0 (k=0)	RND:-	i waves/tubespit/tubespit-08-koslp2.txt (81 bp) REC:1000	30	N/A: 0
v3.56	Tue Mar 12 11:15:33 2019	 x2	1000	0.477	CYC: 0 (k=0)	RND:-	i waves/tubespit/tubespit-09-koslp3.txt (65 bp) REC:1000	31	N/A: 0
v3.56	Tue Mar 12 11:15:33 2019	 x2	1000	0.425	CYC: 1 (k=2)	RND:-	i waves/tubespit/tubespit-10-cycle1.txt (106 bp) REC:1000	45	N/A: 0
v3.56	Tue Mar 12 11:15:34 2019	 x2	1000	0.428	CYC: 1 (k=2)	RND:-	i waves/tubespit/tubespit-11-cycle1.txt (159 bp) REC:1000	68	N/A: 0
v3.56	Tue Mar 12 11:15:34 2019	 x2	1000	0.400	CYC: 1 (k=2)	RND:-	i waves/tubespit/tubespit-12-cycle1.txt (55 bp) REC:1000	22	N/A: 0
v3.56	Tue Mar 12 11:15:35 2019	 x2	1000	0.415	CYC: 2 (k=4)	RND:-	i waves/tubespit/tubespit-13-cycle2.txt (123 bp) REC:1000	51	N/A: 0
v3.56	Tue Mar 12 11:15:35 2019	 x2	1000	0.493	CYC: 1 (k=2)	RND:-	i waves/tubespit/tubespit-14-cycle3.txt (138 bp) REC:1000	68	N/A: 0
v3.56	Tue Mar 12 11:15:35 2019	 x2	1000	0.516	CYC: 3 (k=2)	RND:-	i waves/tubespit/tubespit-15-cycle4.txt (157 bp) REC:1000	81	N/A: 0
v3.56	Tue Mar 12 11:15:36 2019	 x2	1000	0.279	CYC: 3 (k=3)	RND:-	i waves/tubespit/tubespit-16-cyc3_a.txt (68 bp) REC:1000	19	N/A: 0
v3.56	Tue Mar 12 11:15:36 2019	 x2	1000	0.538	CYC: 0 (k=0)	RND:-	i waves/tubespit/tubespit-17-cycle5.txt (39 bp) REC:1000	21	N/A: 0
v3.56	Tue Mar 12 11:15:37 2019	 x2	1000	0.486	CYC: 0 (k=0)	RND:-	i waves/tubespit/tubespit-18-koshp2.txt (74 bp) REC:1000	36	N/A: 0
v3.56	Tue Mar 12 11:15:37 2019	 x2	1000	0.426	CYC: 0 (k=0)	RND:-	i waves/tubespit/tubespit-19-koslp4.txt (68 bp) REC:1000	29	N/A: 0
v3.56	Tue Mar 12 11:15:38 2019	 x2	1000	0.416	CYC: 3 (k=3)	RND:-	i waves/tubespit/tubespit-20-cyc3_b.txt (77 bp) REC:1000	32	N/A: 0
v3.56	Tue Mar 12 11:15:38 2019	 x2	1000	0.284	CYC: 3 (k=3)	RND:-	i waves/tubespit/tubespit-21-cyc3_c.txt (95 bp) REC:1000	27	N/A: 0
v3.56	Tue Mar 12 11:15:38 2019	 x2	1000	0.538	CYC: 1 (k=2)	RND:-	i waves/tubespit/tubespit-22-tosSt2.txt (65 bp) REC:1000	35	N/A: 0
v3.56	Tue Mar 12 11:15:39 2019	 x2	1000	0.500	CYC: 1 (k=2)	RND:-	i waves/tubespit/tubespit-23-tosSt2.txt (84 bp) REC:1000	42	N/A: 0
v3.56	Tue Mar 12 11:15:39 2019	 x2	1000	0.380	CYC: 1 (k=2)	RND:-	i waves/tubespit/tubespit-24-tosSt2.txt (100 bp) REC:1000	38	N/A: 0
v3.56	Tue Mar 12 11:15:40 2019	 x2	1000	0.364	CYC: 3 (k=3)	RND:-	i waves/tubespit/tubespit-25-tosSt2.txt (195 bp) REC:1000	71	N/A: 0
v3.56	Tue Mar 12 11:15:40 2019	 x2	1000	0.357	CYC: 1 (k=3)	RND:-	i waves/tubespit/tubespit-26-tosSt2.txt (400 bp) REC:1000	143	N/A: 0
v3.56	Tue Mar 12 11:15:41 2019	 x2	1000	0.425	CYC: 1 (k=2)	RND:-	i waves/tubespit/tubespit-27-cycleX.txt (400 bp) REC:1000	170	N/A: 0
v3.56	Tue Mar 12 11:15:42 2019	 x2	1000	0.308	CYC: 4 (k=3)	RND:-	i waves/tubespit/tubespit-28-scrtch.txt (52 bp) REC:1000	16	N/A: 0
v3.56	Tue Mar 12 11:15:42 2019	 x2	1000	0.386	CYC: 4 (k=3)	RND:-	i waves/tubespit/tubespit-29-toslp2.txt (57 bp) REC:1000	22	N/A: 0
v3.56	Tue Mar 12 11:15:43 2019	 x2	1000	0.446	CYC: 1 (k=3)	RND:-	i waves/tubespit/tubespit-30-toslp2.txt (56 bp) REC:1000	25	N/A: 0
v3.56	Tue Mar 12 11:15:43 2019	 x2	 888	0.243	CYC: 0 (k=0)	RND:-	i waves/tubespit/tubespit-31-t0edge.txt (37 bp) REC: 378	9	N/A: 0
v3.56	Tue Mar 12 11:15:44 2019	 x2	1000	0.423	CYC: 2 (k=2)	RND:-	i waves/tubespit/tubespit-32-combo1.txt (265 bp) REC:1000	112	N/A: 0
v3.56	Tue Mar 12 11:15:44 2019	 x2	1000	0.576	CYC: 0 (k=0)	RND:-	i waves/tubespit/tubespit-33-imprf1.txt (66 bp) REC:1000	38	N/A: 0
v3.56	Tue Mar 12 11:15:45 2019	 x2	1000	0.582	CYC: 0 (k=0)	RND:-	i waves/tubespit/tubespit-34-imprf2.txt (67 bp) REC:1000	39	N/A: 0
v3.56	Tue Mar 12 11:15:45 2019	 x2	1000	0.603	CYC: 0 (k=0)	RND:-	i waves/tubespit/tubespit-35-imprf3.txt (58 bp) REC:1000	35	N/A: 0
v3.56	Tue Mar 12 11:15:45 2019	 x2	1000	0.530	CYC: 0 (k=0)	RND:-	i waves/tubespit/tubespit-36-imprf4.txt (83 bp) REC:1000	44	N/A: 0
v3.56	Tue Mar 12 11:15:46 2019	 x2	1000	0.473	CYC: 0 (k=0)	RND:-	i waves/tubespit/tubespit-37-imprfk.txt (93 bp) REC:1000	44	N/A: 0
v3.56	Tue Mar 12 11:15:46 2019	 x2	1000	0.456	CYC: 0 (k=0)	RND:-	i waves/tubespit/tubespit-38-imprft.txt (103 bp) REC:1000	47	N/A: 0
v3.56	Tue Mar 12 11:15:47 2019	 x2	1000	0.441	CYC: 5 (k=3)	RND:-	i waves/tubespit/tubespit-39-imprfk.txt (118 bp) REC:1000	52	N/A: 0
v3.56	Tue Mar 12 11:15:47 2019	 x2	1000	0.404	CYC: 0 (k=0)	RND:-	i waves/tubespit/tubespit-40-imprfk.txt (104 bp) REC:1000	42	N/A: 0
v3.56	Tue Mar 12 11:15:47 2019	 x2	1000	0.667	CYC: 0 (k=0)	RND:-	i waves/tubespit/tubespit-41-RNAnuc.txt (42 nt) REC:1000	28	N/A: 0
v3.56	Tue Mar 12 11:15:48 2019	 x2	1000	0.524	CYC: 0 (k=0)	RND:-	i waves/tubespit/tubespit-41-notRNA.txt (42 char) REC:1000	22	N/A: 0
v3.56	Tue Mar 12 11:15:48 2019	 x2	1000	0.846	CYC: 0 (k=0)	RND:-	i waves/tubespit/tubespit-41-protin.txt (312 aa) REC:1000	264	N/A: 0
v3.56	Tue Mar 12 11:15:49 2019	 x2	1000	0.400	CYC: 0 (k=0)	RND:-	i waves/tubespit/tubespit-42-fasta1.txt (140 bp) REC:1000	56	N/A: 0
v3.56	Tue Mar 12 11:15:49 2019	 x2	1000	0.846	CYC: 0 (k=0)	RND:-	i waves/tubespit/tubespit-42-fasta2.txt (312 aa) REC:1000	264	N/A: 0
v3.56	Tue Mar 12 11:15:50 2019	 x2	1000	0.559	CYC: 0 (k=0)	RND:-	i waves/tubespit/tubespit-43-timprf.txt (34 bp) REC:1000	19	N/A: 0
v3.56	Tue Mar 12 11:15:50 2019	 x2	1000	0.364	CYC: 4 (k=3)	RND:-	i waves/tubespit/tubespit-44-tosimp.txt (88 bp) REC:1000	32	N/A: 0
v3.56	Tue Mar 12 11:15:51 2019	 x2	1000	0.761	CYC: 0 (k=0)	RND:-	i waves/tubespit/tubespit-45-cinky1.txt (134 bp) REC:1000	102	N/A: 0
v3.56	Tue Mar 12 11:15:51 2019	 x2	1000	0.412	CYC: 4 (k=3)	RND:-	i waves/tubespit/tubespit-46-cinky2.txt (182 bp) REC:1000	75	N/A: 0
v3.56	Tue Mar 12 11:15:52 2019	 x2	1000	0.350	CYC: 1 (k=2)	RND:-	i waves/tubespit/tubespit-47-cycle6.txt (40 bp) REC:1000	14	N/A: 0
v3.56	Tue Mar 12 11:15:52 2019	 x2	1000	0.336	CYC: 6 (k=3)	RND:-	i waves/tubespit/tubespit-48-tbdslp.txt (122 bp) REC:1000	41	N/A: 0
v3.56	Tue Mar 12 11:15:53 2019	 x2	1000	0.438	CYC: 6 (k=3)	RND:-	i waves/tubespit/tubespit-49-cyctip.txt (800 bp) REC:1000	350	N/A: 0
v3.56	Tue Mar 12 11:15:54 2019	 x2	1000	0.499	CYC: 5 (k=3)	RND:-	i waves/tubespit/tubespit-50-cyctip.txt (800 bp) REC:1000	399	N/A: 0
v3.56	Tue Mar 12 11:15:56 2019	 x2	1000	0.340	CYC: 6 (k=3)	RND:-	i waves/tubespit/tubespit-51-cyctip.txt (800 bp) REC:1000	272	N/A: 0
v3.56	Tue Mar 12 11:15:58 2019	 x2	1000	0.415	CYC: 5 (k=3)	RND:-	i waves/tubespit/tubespit-52-cyctip.txt (800 bp) REC:1000	332	N/A: 0
v3.56	Tue Mar 12 11:15:59 2019	 x2	1000	0.423	CYC: 1 (k=3)	RND:-	i waves/tubespit/tubespit-53-impkhp.txt (800 bp) REC:1000	338	N/A: 0
v3.56	Tue Mar 12 11:16:01 2019	 x2	1000	0.371	CYC: 0 (k=0)	RND:-	i waves/tubespit/tubespit-54-impkhp.txt (800 bp) REC:1000	297	N/A: 0
v3.56	Tue Mar 12 11:16:03 2019	 x2	1000	0.466	CYC: 7 (k=4)	RND:-	i waves/tubespit/tubespit-55-impkhp.txt (800 bp) REC:1000	373	N/A: 0
v3.56	Tue Mar 12 11:16:04 2019	 x2	1000	0.409	CYC: 0 (k=0)	RND:-	i waves/tubespit/tubespit-56-tbslp2.txt (800 bp) REC:1000	327	N/A: 0
v3.56	Tue Mar 12 11:16:06 2019	 x2	1000	0.354	CYC: 0 (k=0)	RND:-	i waves/tubespit/tubespit-57-tbslp2.txt (800 bp) REC:1000	283	N/A: 0
v3.56	Tue Mar 12 11:16:08 2019	 x2	1000	0.415	CYC: 0 (k=0)	RND:-	i waves/tubespit/tubespit-58-tcycle.txt (800 bp) REC:1000	332	N/A: 0
v3.56	Tue Mar 12 11:16:09 2019	 x2	1000	0.450	CYC: 0 (k=0)	RND:-	i waves/tubespit/tubespit-59-tcycle.txt (800 bp) REC:1000	360	N/A: 0
v3.56	Tue Mar 12 11:16:11 2019	 x2	1000	0.445	CYC: 0 (k=0)	RND:-	i waves/tubespit/tubespit-60-tbslp2.txt (800 bp) REC:1000	356	N/A: 0
v3.56	Tue Mar 12 11:16:13 2019	 x2	1000	0.389	CYC: 0 (k=0)	RND:-	i waves/tubespit/tubespit-61-tghost.txt (800 bp) REC:1000	311	N/A: 0
v3.56	Tue Mar 12 11:16:15 2019	 x2	1000	0.400	CYC: 2 (k=3)	RND:-	i waves/tubespit/tubespit-62-tuckup.txt (100 bp) REC:1000	40	N/A: 0
v3.56	Tue Mar 12 11:16:15 2019	 x2	1000	0.380	CYC: 3 (k=3)	RND:-	i waves/tubespit/tubespit-63-cnudge.txt (100 bp) REC:1000	38	N/A: 0
v3.56	Tue Mar 12 11:16:15 2019	 x2	1000	0.470	CYC: 2 (k=3)	RND:-	i waves/tubespit/tubespit-64-sndge0.txt (100 bp) REC:1000	47	N/A: 0
v3.56	Tue Mar 12 11:16:16 2019	 x2	1000	0.540	CYC: 0 (k=0)	RND:-	i waves/tubespit/tubespit-64-sndge1.txt (100 bp) REC:1000	54	N/A: 0
v3.56	Tue Mar 12 11:16:16 2019	 x2	1000	0.360	CYC: 0 (k=0)	RND:-	i waves/tubespit/tubespit-64-sndge2.txt (100 bp) REC:1000	36	N/A: 0
v3.56	Tue Mar 12 11:16:17 2019	 x2	1000	0.450	CYC: 0 (k=0)	RND:-	i waves/tubespit/tubespit-64-sndge3.txt (100 bp) REC:1000	45	N/A: 0
v3.56	Tue Mar 12 11:16:17 2019	 x2	1000	0.400	CYC: 0 (k=0)	RND:-	i waves/tubespit/tubespit-64-sndge4.txt (100 bp) REC:1000	40	N/A: 0
v3.56	Tue Mar 12 11:16:17 2019	 x2	1000	0.380	CYC: 0 (k=0)	RND:-	i waves/tubespit/tubespit-64-sndge5.txt (100 bp) REC:1000	38	N/A: 0
v3.56	Tue Mar 12 11:16:18 2019	 x2	1000	0.430	CYC: 0 (k=0)	RND:-	i waves/tubespit/tubespit-64-sndge6.txt (100 bp) REC:1000	43	N/A: 0
v3.56	Tue Mar 12 11:16:18 2019	 x2	1000	0.480	CYC: 0 (k=0)	RND:-	i waves/tubespit/tubespit-64-sndge7.txt (100 bp) REC:1000	48	N/A: 0
v3.56	Tue Mar 12 11:16:19 2019	 x2	1000	0.530	CYC: 0 (k=0)	RND:-	i waves/tubespit/tubespit-64-sndge8.txt (100 bp) REC:1000	53	N/A: 0
v3.56	Tue Mar 12 11:16:19 2019	 x2	1000	0.340	CYC: 0 (k=0)	RND:-	i waves/tubespit/tubespit-64-sndge9.txt (100 bp) REC:1000	34	N/A: 0
v3.56	Tue Mar 12 11:16:20 2019	 x2	1000	0.340	CYC: 0 (k=0)	RND:-	i waves/tubespit/tubespit-65-consen.txt (100 bp) REC:1000	34	N/A: 0
v3.56	Tue Mar 12 11:16:20 2019	 x2	1000	0.230	CYC: 1 (k=3)	RND:-	i waves/tubespit/tubespit-66-consen.txt (100 bp) REC:1000	23	N/A: 0
v3.56	Tue Mar 12 11:16:20 2019	 x2	1000	0.380	CYC: 0 (k=0)	RND:-	i waves/tubespit/tubespit-67-bslclr.txt (100 bp) REC:1000	38	N/A: 0
v3.56	Tue Mar 12 11:16:21 2019	 x2	1000	0.430	CYC: 0 (k=0)	RND:-	i waves/tubespit/tubespit-68-dRaggd.txt (100 bp) REC:1000	43	N/A: 0
v3.56	Tue Mar 12 11:16:21 2019	 x2	1000	0.470	CYC: 0 (k=0)	RND:-	i waves/tubespit/tubespit-69-ktrans.txt (100 bp) REC:1000	47	N/A: 0
v3.56	Tue Mar 12 11:16:22 2019	 x2	1000	0.420	CYC: 0 (k=0)	RND:-	i waves/tubespit/tubespit-70-ktrans.txt (100 bp) REC:1000	42	N/A: 0
v3.56	Tue Mar 12 11:16:22 2019	 x2	1000	0.390	CYC: 0 (k=0)	RND:-	i waves/tubespit/tubespit-71-ktrans.txt (100 bp) REC:1000	39	N/A: 0
v3.56	Tue Mar 12 11:16:23 2019	 x2	1000	0.340	CYC: 0 (k=0)	RND:-	i waves/tubespit/tubespit-72-ktrans.txt (100 bp) REC:1000	34	N/A: 0
v3.56	Tue Mar 12 11:16:23 2019	 x2	1000	0.430	CYC: 0 (k=0)	RND:-	i waves/tubespit/tubespit-73-ktrans.txt (100 bp) REC:1000	43	N/A: 0
v3.56	Tue Mar 12 11:16:23 2019	 x2	1000	0.460	CYC: 0 (k=0)	RND:-	i waves/tubespit/tubespit-74-ktrans.txt (100 bp) REC:1000	46	N/A: 0
v3.56	Tue Mar 12 11:16:24 2019	 x2	1000	0.370	CYC: 0 (k=0)	RND:-	i waves/tubespit/tubespit-75-ktrans.txt (100 bp) REC:1000	37	N/A: 0
v3.56	Tue Mar 12 11:16:24 2019	 x2	1000	0.390	CYC: 1 (k=3)	RND:-	i waves/tubespit/tubespit-76-ktrans.txt (100 bp) REC:1000	39	N/A: 0
v3.56	Tue Mar 12 11:16:25 2019	 x2	1000	0.490	CYC: 0 (k=0)	RND:-	i waves/tubespit/tubespit-77-ktrans.txt (100 bp) REC:1000	49	N/A: 0
v3.56	Tue Mar 12 11:16:25 2019	 x2	1000	0.420	CYC: 0 (k=0)	RND:-	i waves/tubespit/tubespit-78-ktrans.txt (100 bp) REC:1000	42	N/A: 0
v3.56	Tue Mar 12 11:16:25 2019	 x2	1000	0.500	CYC: 0 (k=0)	RND:-	i waves/tubespit/tubespit-79-kcheck.txt (100 bp) REC:1000	50	N/A: 0
v3.56	Tue Mar 12 11:16:26 2019	 x2	1000	0.410	CYC: 0 (k=0)	RND:-	i waves/tubespit/tubespit-80-kcheck.txt (100 bp) REC:1000	41	N/A: 0
v3.56	Tue Mar 12 11:16:26 2019	 x2	1000	0.380	CYC: 0 (k=0)	RND:-	i waves/tubespit/tubespit-81-kcheck.txt (100 bp) REC:1000	38	N/A: 0
v3.56	Tue Mar 12 11:16:27 2019	 x2	1000	0.540	CYC: 0 (k=0)	RND:-	i waves/tubespit/tubespit-82-kcheck.txt (100 bp) REC:1000	54	N/A: 0
v3.56	Tue Mar 12 11:16:27 2019	 x2	1000	0.420	CYC: 0 (k=0)	RND:-	i waves/tubespit/tubespit-83-shadow.txt (100 bp) REC:1000	42	N/A: 0
v3.56	Tue Mar 12 11:16:28 2019	 x2	1000	0.490	CYC: 0 (k=0)	RND:-	i waves/tubespit/tubespit-84-shadow.txt (100 bp) REC:1000	49	N/A: 0
v3.56	Tue Mar 12 11:16:28 2019	 x2	1000	0.430	CYC: 0 (k=0)	RND:-	i waves/tubespit/tubespit-85-adjDTH.txt (100 bp) REC:1000	43	N/A: 0
v3.56	Tue Mar 12 11:16:28 2019	 x2	1000	0.430	CYC: 0 (k=0)	RND:-	i waves/tubespit/tubespit-86-adjDTH.txt (100 bp) REC:1000	43	N/A: 0
v3.56	Tue Mar 12 11:16:29 2019	 x2	1000	0.440	CYC: 0 (k=0)	RND:-	i waves/tubespit/tubespit-87-adjDTH.txt (100 bp) REC:1000	44	N/A: 0
v3.56	Tue Mar 12 11:16:29 2019	 x2	1000	0.330	CYC: 2 (k=3)	RND:-	i waves/tubespit/tubespit_v343_14.txt (100 bp) REC:1000	33	N/A: 0
v3.56	Tue Mar 12 11:16:30 2019	 x2	1000	0.420	CYC: 0 (k=0)	RND:-	i waves/tubespit/tubespit_v343_19.txt (100 bp) REC:1000	42	N/A: 0
v3.56	Tue Mar 12 11:16:30 2019	 x2	1000	0.430	CYC: 0 (k=0)	RND:-	i waves/tubespit/tubespit_v344_03.txt (100 bp) REC:1000	43	N/A: 0
v3.56	Tue Mar 12 11:16:31 2019	 x2	1000	0.340	CYC: 0 (k=0)	RND:-	i waves/tubespit/tubespit_v344_05.txt (100 bp) REC:1000	34	N/A: 0
v3.56	Tue Mar 12 11:16:31 2019	 x2	1000	0.500	CYC: 0 (k=0)	RND:-	i waves/tubespit/tubespit_v344_06.txt (100 bp) REC:1000	50	N/A: 0
v3.56	Tue Mar 12 11:16:31 2019	 x2	1000	0.450	CYC: 0 (k=0)	RND:-	i waves/tubespit/tubespit_v344_11.txt (100 bp) REC:1000	45	N/A: 0
v3.56	Tue Mar 12 11:16:32 2019	 x2	1000	0.320	CYC: 0 (k=0)	RND:-	i waves/tubespit/tubespit_v344_14.txt (100 bp) REC:1000	32	N/A: 0
v3.56	Tue Mar 12 11:16:32 2019	 x2	1000	0.390	CYC: 0 (k=0)	RND:-	i waves/tubespit/tubespit_v344_15.txt (100 bp) REC:1000	39	N/A: 0
v3.56	Tue Mar 12 11:16:33 2019	 x2	1000	0.440	CYC: 0 (k=0)	RND:-	i waves/tubespit/tubespit_v344_19.txt (100 bp) REC:1000	44	N/A: 0
v3.56	Tue Mar 12 11:16:33 2019	 x2	1000	0.430	CYC: 0 (k=0)	RND:-	i waves/tubespit/tubespit_v344_20.txt (100 bp) REC:1000	43	N/A: 0
v3.56	Tue Mar 12 11:16:33 2019	 x2	1000	0.280	CYC: 0 (k=0)	RND:-	i waves/tubespit/tubespit_v344_21.txt (100 bp) REC:1000	28	N/A: 0
v3.56	Tue Mar 12 11:16:34 2019	 x2	1000	0.520	CYC: 0 (k=0)	RND:-	i waves/tubespit/tubespit_v344_31.txt (100 bp) REC:1000	52	N/A: 0
v3.56	Tue Mar 12 11:16:34 2019	 x2	1000	0.450	CYC: 0 (k=0)	RND:-	i waves/tubespit/tubespit_v344_32.txt (100 bp) REC:1000	45	N/A: 0
v3.56	Tue Mar 12 11:16:35 2019	 x2	1000	0.410	CYC: 0 (k=0)	RND:-	i waves/tubespit/tubespit_v344_35.txt (100 bp) REC:1000	41	N/A: 0
v3.56	Tue Mar 12 11:16:35 2019	 x2	1000	0.520	CYC: 0 (k=0)	RND:-	i waves/tubespit/tubespit_v344_36.txt (100 bp) REC:1000	52	N/A: 0
v3.56	Tue Mar 12 11:16:36 2019	 x2	1000	0.580	CYC: 0 (k=0)	RND:-	i waves/chowder/chowder_v327_52.txt (100 bp) REC:1000	58	N/A: 0
v3.56	Tue Mar 12 11:16:36 2019	 x2	1000	0.430	CYC: 0 (k=0)	RND:-	i waves/chowder/chowder_v343_01.txt (100 bp) REC:1000	43	N/A: 0
v3.56	Tue Mar 12 11:16:36 2019	 x2	1000	0.570	CYC: 0 (k=0)	RND:-	i waves/chowder/chowder_v343_02.txt (100 bp) REC:1000	57	N/A: 0
v3.56	Tue Mar 12 11:16:37 2019	 x2	1000	0.340	CYC: 0 (k=0)	RND:-	i waves/chowder/chowder_v343_03.txt (100 bp) REC:1000	34	N/A: 0
v3.56	Tue Mar 12 11:16:37 2019	 x2	1000	0.380	CYC: 0 (k=0)	RND:-	i waves/chowder/chowder_v343_04.txt (100 bp) REC:1000	38	N/A: 0
v3.56	Tue Mar 12 11:16:38 2019	 x2	 959	0.490	CYC: 1 (k=3)	RND:-	i waves/chowder/chowder_v343_05.txt (100 bp) REC: 290	49	N/A: 0
v3.56	Tue Mar 12 11:16:38 2019	 x2	1000	0.470	CYC: 0 (k=0)	RND:-	i waves/chowder/chowder_v343_06.txt (100 bp) REC:1000	47	N/A: 0
v3.56	Tue Mar 12 11:16:38 2019	 x2	1000	0.410	CYC: 0 (k=0)	RND:-	i waves/chowder/chowder_v343_07.txt (100 bp) REC:1000	41	N/A: 0
v3.56	Tue Mar 12 11:16:39 2019	 x2	 857	0.350	CYC: 1 (k=3)	RND:-	i waves/chowder/chowder_v343_08.txt (100 bp) REC: 310	35	N/A: 0
v3.56	Tue Mar 12 11:16:39 2019	 x2	1000	0.290	CYC: 1 (k=3)	RND:-	i waves/chowder/chowder_v343_09.txt (100 bp) REC:1000	29	N/A: 0
v3.56	Tue Mar 12 11:16:40 2019	 x2	 923	0.260	CYC: 0 (k=0)	RND:-	i waves/chowder/chowder_v343_10.txt (100 bp) REC: 430	26	N/A: 0
v3.56	Tue Mar 12 11:16:40 2019	 x2	 935	0.310	CYC: 0 (k=0)	RND:-	i waves/chowder/chowder_v343_11.txt (100 bp) REC: 370	31	N/A: 0
v3.56	Tue Mar 12 11:16:41 2019	 x2	1000	0.490	CYC: 0 (k=0)	RND:-	i waves/chowder/chowder_v343_12.txt (100 bp) REC:1000	49	N/A: 0
v3.56	Tue Mar 12 11:16:41 2019	 x2	1000	0.380	CYC: 0 (k=0)	RND:-	i waves/chowder/chowder_v343_13.txt (100 bp) REC:1000	38	N/A: 0
v3.56	Tue Mar 12 11:16:42 2019	 x2	1000	0.370	CYC: 0 (k=0)	RND:-	i waves/chowder/chowder_v343_17.txt (100 bp) REC:1000	37	N/A: 0
v3.56	Tue Mar 12 11:16:42 2019	 x2	1000	0.520	CYC: 0 (k=0)	RND:-	i waves/chowder/chowder_v343_18.txt (100 bp) REC:1000	52	N/A: 0
v3.56	Tue Mar 12 11:16:42 2019	 x2	 961	0.520	CYC: 1 (k=3)	RND:-	i waves/chowder/chowder_v343_20.txt (100 bp) REC: 290	52	N/A: 0
v3.56	Tue Mar 12 11:16:43 2019	 x2	 962	0.530	CYC: 1 (k=3)	RND:-	i waves/chowder/chowder_v343_21.txt (100 bp) REC: 260	53	N/A: 0
v3.56	Tue Mar 12 11:16:43 2019	 x2	1000	0.500	CYC: 0 (k=0)	RND:-	i waves/chowder/chowder_v343_22.txt (100 bp) REC:1000	50	N/A: 0
v3.56	Tue Mar 12 11:16:44 2019	 x2	1000	0.480	CYC: 0 (k=0)	RND:-	i waves/chowder/chowder_v343_23.txt (100 bp) REC:1000	48	N/A: 0
v3.56	Tue Mar 12 11:16:44 2019	 x2	1000	0.360	CYC: 0 (k=0)	RND:-	i waves/chowder/chowder_v343_24.txt (100 bp) REC:1000	36	N/A: 0
v3.56	Tue Mar 12 11:16:45 2019	 x2	1000	0.360	CYC: 0 (k=0)	RND:-	i waves/chowder/chowder_v343_25.txt (100 bp) REC:1000	36	N/A: 0
v3.56	Tue Mar 12 11:16:45 2019	 x2	1000	0.430	CYC: 0 (k=0)	RND:-	i waves/chowder/chowder_v344_01.txt (100 bp) REC:1000	43	N/A: 0
v3.56	Tue Mar 12 11:16:45 2019	 x2	1000	0.510	CYC: 0 (k=0)	RND:-	i waves/chowder/chowder_v344_02.txt (100 bp) REC:1000	51	N/A: 0
v3.56	Tue Mar 12 11:16:46 2019	 x2	 977	0.450	CYC: 0 (k=0)	RND:-	i waves/chowder/chowder_v344_04.txt (100 bp) REC: 270	45	N/A: 0
v3.56	Tue Mar 12 11:16:46 2019	 x2	1000	0.400	CYC: 0 (k=0)	RND:-	i waves/chowder/chowder_v344_07.txt (100 bp) REC:1000	40	N/A: 0
v3.56	Tue Mar 12 11:16:47 2019	 x2	1000	0.470	CYC: 0 (k=0)	RND:-	i waves/chowder/chowder_v344_08.txt (100 bp) REC:1000	47	N/A: 0
v3.56	Tue Mar 12 11:16:47 2019	 x2	1000	0.390	CYC: 0 (k=0)	RND:-	i waves/chowder/chowder_v344_09.txt (100 bp) REC:1000	39	N/A: 0
v3.56	Tue Mar 12 11:16:47 2019	 x2	1000	0.500	CYC: 0 (k=0)	RND:-	i waves/chowder/chowder_v344_10.txt (100 bp) REC:1000	50	N/A: 0
v3.56	Tue Mar 12 11:16:48 2019	 x2	1000	0.490	CYC: 0 (k=0)	RND:-	i waves/chowder/chowder_v344_12.txt (100 bp) REC:1000	49	N/A: 0
v3.56	Tue Mar 12 11:16:48 2019	 x2	1000	0.430	CYC: 0 (k=0)	RND:-	i waves/chowder/chowder_v344_13.txt (100 bp) REC:1000	43	N/A: 0
v3.56	Tue Mar 12 11:16:49 2019	 x2	 935	0.310	CYC: 1 (k=3)	RND:-	i waves/chowder/chowder_v344_16.txt (100 bp) REC: 280	31	N/A: 0
v3.56	Tue Mar 12 11:16:49 2019	 x2	1000	0.520	CYC: 0 (k=0)	RND:-	i waves/chowder/chowder_v344_17.txt (100 bp) REC:1000	52	N/A: 0
v3.56	Tue Mar 12 11:16:50 2019	 x2	 861	0.360	CYC: 1 (k=3)	RND:-	i waves/chowder/chowder_v344_18.txt (100 bp) REC: 320	36	N/A: 0
v3.56	Tue Mar 12 11:16:50 2019	 x2	1000	0.340	CYC: 0 (k=0)	RND:-	i waves/chowder/chowder_v344_22.txt (100 bp) REC:1000	34	N/A: 0
v3.56	Tue Mar 12 11:16:50 2019	 x2	 976	0.430	CYC: 1 (k=2)	RND:-	i waves/chowder/chowder_v344_23.txt (100 bp) REC: 770	43	N/A: 0
v3.56	Tue Mar 12 11:16:51 2019	 x2	1000	0.490	CYC: 0 (k=0)	RND:-	i waves/chowder/chowder_v344_24.txt (100 bp) REC:1000	49	N/A: 0
v3.56	Tue Mar 12 11:16:51 2019	 x2	1000	0.350	CYC: 0 (k=0)	RND:-	i waves/chowder/chowder_v344_25.txt (100 bp) REC:1000	35	N/A: 0
v3.56	Tue Mar 12 11:16:52 2019	 x2	 912	0.570	CYC: 1 (k=3)	RND:-	i waves/chowder/chowder_v344_26.txt (100 bp) REC: 320	57	N/A: 0
v3.56	Tue Mar 12 11:16:52 2019	 x2	1000	0.390	CYC: 0 (k=0)	RND:-	i waves/chowder/chowder_v344_27.txt (100 bp) REC:1000	39	N/A: 0
v3.56	Tue Mar 12 11:16:53 2019	 x2	1000	0.380	CYC: 0 (k=0)	RND:-	i waves/chowder/chowder_v344_28.txt (100 bp) REC:1000	38	N/A: 0
v3.56	Tue Mar 12 11:16:53 2019	 x2	1000	0.430	CYC: 0 (k=0)	RND:-	i waves/chowder/chowder_v344_29.txt (100 bp) REC:1000	43	N/A: 0
v3.56	Tue Mar 12 11:16:53 2019	 x2	1000	0.410	CYC: 0 (k=0)	RND:-	i waves/chowder/chowder_v344_30.txt (100 bp) REC:1000	41	N/A: 0
v3.56	Tue Mar 12 11:16:54 2019	 x2	1000	0.420	CYC: 1 (k=3)	RND:-	i waves/chowder/chowder_v344_33.txt (100 bp) REC:1000	42	N/A: 0
v3.56	Tue Mar 12 11:16:54 2019	 x2	1000	0.490	CYC: 0 (k=0)	RND:-	i waves/chowder/chowder_v344_34.txt (100 bp) REC:1000	49	N/A: 0
v3.56	Tue Mar 12 11:16:55 2019	 x3	1000	0.356	CYC: 0 (k=0)	RND:-	a example sequence (87 char) REC:1000	31	N/A: 0
v3.56	Tue Mar 12 11:16:55 2019	 x3	1000	0.250	CYC: 0 (k=0)	RND:-	b example sequence (84 char) REC:1000	21	N/A: 0
v3.56	Tue Mar 12 11:16:55 2019	 x3	1000	0.235	CYC: 0 (k=0)	RND:-	c example sequence (102 char) REC:1000	24	N/A: 0
v3.56	Tue Mar 12 11:16:56 2019	 x3	1000	0.455	CYC: 0 (k=0)	RND:-	d example sequence (121 char) REC:1000	55	N/A: 0
v3.56	Tue Mar 12 11:16:56 2019	 x3	1000	0.446	CYC: 0 (k=0)	RND:-	e example sequence (139 char) REC:1000	62	N/A: 0
v3.56	Tue Mar 12 11:16:57 2019	 x3	1000	0.269	CYC: 0 (k=0)	RND:-	f example sequence (156 char) REC:1000	42	N/A: 0
v3.56	Tue Mar 12 11:16:57 2019	 x3	1000	0.533	CYC: 0 (k=0)	RND:-	g example sequence (45 char) REC:1000	24	N/A: 0
v3.56	Tue Mar 12 11:16:57 2019	 x3	1000	0.507	CYC: 1 (k=2)	RND:-	h example sequence (69 bp) REC:1000	35	N/A: 0
v3.56	Tue Mar 12 11:16:58 2019	 x3	1000	0.424	CYC: 0 (k=0)	RND:-	i waves/animals/seal_vnd_ex3_Dmela.txt (956 bp) REC:1000	405	N/A: 0
v3.56	Tue Mar 12 11:17:00 2019	 x3	1000	0.406	CYC: 0 (k=0)	RND:-	i waves/animals/seal_vnd_ex3_Dmaur.txt (956 bp) REC:1000	388	N/A: 0
v3.56	Tue Mar 12 11:17:02 2019	 x3	1000	0.418	CYC: 0 (k=0)	RND:-	i waves/animals/seal_vnd_ex3_Dsech.txt (956 bp) REC:1000	400	N/A: 0
v3.56	Tue Mar 12 11:17:04 2019	 x3	1000	0.416	CYC: 0 (k=0)	RND:-	i waves/animals/seal_vnd_ex3_Dsimu.txt (956 bp) REC:1000	398	N/A: 0
v3.56	Tue Mar 12 11:17:07 2019	 x3	1000	0.410	CYC: 0 (k=0)	RND:-	i waves/animals/seal_vnd_ex3_Derec.txt (962 bp) REC:1000	394	N/A: 0
v3.56	Tue Mar 12 11:17:09 2019	 x3	1000	0.386	CYC: 3 (k=3)	RND:-	i waves/animals/seal_vnd_ex3_Dsant.txt (959 bp) REC:1000	370	N/A: 0
v3.56	Tue Mar 12 11:17:11 2019	 x3	1000	0.393	CYC: 3 (k=3)	RND:-	i waves/animals/seal_vnd_ex3_Dyaku.txt (957 bp) REC:1000	376	N/A: 0
v3.56	Tue Mar 12 11:17:14 2019	 x3	1000	0.391	CYC: 6 (k=3)	RND:-	i waves/animals/seal_vnd_ex3_Dbiar.txt (974 bp) REC:1000	381	N/A: 0
v3.56	Tue Mar 12 11:17:16 2019	 x3	1000	0.380	CYC: 4 (k=3)	RND:-	i waves/animals/seal_vnd_ex3_Dsuzu.txt (980 bp) REC:1000	372	N/A: 0
v3.56	Tue Mar 12 11:17:18 2019	 x3	1000	0.394	CYC: 6 (k=3)	RND:-	i waves/animals/seal_vnd_ex3_Danan.txt (962 bp) REC:1000	379	N/A: 0
v3.56	Tue Mar 12 11:17:21 2019	 x3	1000	0.396	CYC: 0 (k=0)	RND:-	i waves/animals/seal_vnd_ex3_Dbipe.txt (950 bp) REC:1000	376	N/A: 0
v3.56	Tue Mar 12 11:17:23 2019	 x3	1000	0.446	CYC: 5 (k=3)	RND:-	i waves/animals/shark_vnd_NEE_Dmela.txt (1008 bp) REC:1000	450	N/A: 0
v3.56	Tue Mar 12 11:17:25 2019	 x3	1000	0.461	CYC: 5 (k=3)	RND:-	i waves/animals/shark_vnd_NEE_Dmaur.txt (1006 bp) REC:1000	464	N/A: 0
v3.56	Tue Mar 12 11:17:27 2019	 x3	1000	0.454	CYC: 5 (k=3)	RND:-	i waves/animals/shark_vnd_NEE_Dsech.txt (1002 bp) REC:1000	455	N/A: 0
v3.56	Tue Mar 12 11:17:29 2019	 x3	1000	0.454	CYC: 5 (k=3)	RND:-	i waves/animals/shark_vnd_NEE_Dsimu.txt (1007 bp) REC:1000	457	N/A: 0
v3.56	Tue Mar 12 11:17:32 2019	 x3	1000	0.439	CYC: 0 (k=0)	RND:-	i waves/animals/shark_vnd_NEE_Derec.txt (1005 bp) REC:1000	441	N/A: 0
v3.56	Tue Mar 12 11:17:34 2019	 x3	1000	0.422	CYC:16 (k=3)	RND:-	i waves/animals/shark_vnd_NEE_Dsant.txt (1093 bp) REC:1000	461	N/A: 0
v3.56	Tue Mar 12 11:17:37 2019	 x3	1000	0.424	CYC: 5 (k=3)	RND:-	i waves/animals/shark_vnd_NEE_Dyaku.txt (1063 bp) REC:1000	451	N/A: 0
v3.56	Tue Mar 12 11:17:39 2019	 x3	1000	0.437	CYC: 0 (k=0)	RND:-	i waves/animals/shark_vnd_NEE_Dbiar.txt (1063 bp) REC:1000	464	N/A: 0
v3.56	Tue Mar 12 11:17:42 2019	 x3	1000	0.436	CYC: 0 (k=0)	RND:-	i waves/animals/shark_vnd_NEE_Dsuzu.txt (1064 bp) REC:1000	464	N/A: 0
v3.56	Tue Mar 12 11:17:44 2019	 x3	1000	0.394	CYC: 0 (k=0)	RND:-	i waves/animals/shark_nab_DWME_Dmela.txt (764 bp) REC:1000	301	N/A: 0
v3.56	Tue Mar 12 11:17:46 2019	 x3	1000	0.444	CYC: 4 (k=3)	RND:-	i waves/tubespit/tubespit-01-toslip.txt (72 bp) REC:1000	32	N/A: 0
v3.56	Tue Mar 12 11:17:46 2019	 x3	1000	0.364	CYC: 3 (k=3)	RND:-	i waves/tubespit/tubespit-02-toslip.txt (66 bp) REC:1000	24	N/A: 0
v3.56	Tue Mar 12 11:17:47 2019	 x3	1000	0.574	CYC: 0 (k=0)	RND:-	i waves/tubespit/tubespit-03-tosSt1.txt (61 bp) REC:1000	35	N/A: 0
v3.56	Tue Mar 12 11:17:47 2019	 x3	1000	0.451	CYC: 4 (k=3)	RND:-	i waves/tubespit/tubespit-04-tos-ct.txt (71 bp) REC:1000	32	N/A: 0
v3.56	Tue Mar 12 11:17:47 2019	 x3	1000	0.516	CYC: 0 (k=0)	RND:-	i waves/tubespit/tubespit-05-koshp1.txt (62 bp) REC:1000	32	N/A: 0
v3.56	Tue Mar 12 11:17:48 2019	 x3	1000	0.428	CYC: 2 (k=3)	RND:-	i waves/tubespit/tubespit-06-koslip.txt (138 bp) REC:1000	59	N/A: 0
v3.56	Tue Mar 12 11:17:48 2019	 x3	1000	0.512	CYC: 5 (k=3)	RND:-	i waves/tubespit/tubespit-07-koslip.txt (84 bp) REC:1000	43	N/A: 0
v3.56	Tue Mar 12 11:17:49 2019	 x3	1000	0.370	CYC: 0 (k=0)	RND:-	i waves/tubespit/tubespit-08-koslp2.txt (81 bp) REC:1000	30	N/A: 0
v3.56	Tue Mar 12 11:17:49 2019	 x3	1000	0.477	CYC: 0 (k=0)	RND:-	i waves/tubespit/tubespit-09-koslp3.txt (65 bp) REC:1000	31	N/A: 0
v3.56	Tue Mar 12 11:17:50 2019	 x3	1000	0.425	CYC: 1 (k=2)	RND:-	i waves/tubespit/tubespit-10-cycle1.txt (106 bp) REC:1000	45	N/A: 0
v3.56	Tue Mar 12 11:17:50 2019	 x3	1000	0.428	CYC: 1 (k=2)	RND:-	i waves/tubespit/tubespit-11-cycle1.txt (159 bp) REC:1000	68	N/A: 0
v3.56	Tue Mar 12 11:17:51 2019	 x3	1000	0.400	CYC: 1 (k=2)	RND:-	i waves/tubespit/tubespit-12-cycle1.txt (55 bp) REC:1000	22	N/A: 0
v3.56	Tue Mar 12 11:17:51 2019	 x3	1000	0.415	CYC: 2 (k=4)	RND:-	i waves/tubespit/tubespit-13-cycle2.txt (123 bp) REC:1000	51	N/A: 0
v3.56	Tue Mar 12 11:17:51 2019	 x3	1000	0.493	CYC: 1 (k=2)	RND:-	i waves/tubespit/tubespit-14-cycle3.txt (138 bp) REC:1000	68	N/A: 0
v3.56	Tue Mar 12 11:17:52 2019	 x3	1000	0.516	CYC: 3 (k=2)	RND:-	i waves/tubespit/tubespit-15-cycle4.txt (157 bp) REC:1000	81	N/A: 0
v3.56	Tue Mar 12 11:17:52 2019	 x3	1000	0.279	CYC: 3 (k=3)	RND:-	i waves/tubespit/tubespit-16-cyc3_a.txt (68 bp) REC:1000	19	N/A: 0
v3.56	Tue Mar 12 11:17:53 2019	 x3	1000	0.538	CYC: 0 (k=0)	RND:-	i waves/tubespit/tubespit-17-cycle5.txt (39 bp) REC:1000	21	N/A: 0
v3.56	Tue Mar 12 11:17:53 2019	 x3	1000	0.486	CYC: 0 (k=0)	RND:-	i waves/tubespit/tubespit-18-koshp2.txt (74 bp) REC:1000	36	N/A: 0
v3.56	Tue Mar 12 11:17:54 2019	 x3	1000	0.426	CYC: 0 (k=0)	RND:-	i waves/tubespit/tubespit-19-koslp4.txt (68 bp) REC:1000	29	N/A: 0
v3.56	Tue Mar 12 11:17:54 2019	 x3	1000	0.416	CYC: 3 (k=3)	RND:-	i waves/tubespit/tubespit-20-cyc3_b.txt (77 bp) REC:1000	32	N/A: 0
v3.56	Tue Mar 12 11:17:54 2019	 x3	1000	0.284	CYC: 3 (k=3)	RND:-	i waves/tubespit/tubespit-21-cyc3_c.txt (95 bp) REC:1000	27	N/A: 0
v3.56	Tue Mar 12 11:17:55 2019	 x3	1000	0.538	CYC: 1 (k=2)	RND:-	i waves/tubespit/tubespit-22-tosSt2.txt (65 bp) REC:1000	35	N/A: 0
v3.56	Tue Mar 12 11:17:55 2019	 x3	1000	0.500	CYC: 1 (k=2)	RND:-	i waves/tubespit/tubespit-23-tosSt2.txt (84 bp) REC:1000	42	N/A: 0
v3.56	Tue Mar 12 11:17:56 2019	 x3	1000	0.380	CYC: 1 (k=2)	RND:-	i waves/tubespit/tubespit-24-tosSt2.txt (100 bp) REC:1000	38	N/A: 0
v3.56	Tue Mar 12 11:17:56 2019	 x3	1000	0.364	CYC: 3 (k=3)	RND:-	i waves/tubespit/tubespit-25-tosSt2.txt (195 bp) REC:1000	71	N/A: 0
v3.56	Tue Mar 12 11:17:57 2019	 x3	1000	0.357	CYC: 1 (k=3)	RND:-	i waves/tubespit/tubespit-26-tosSt2.txt (400 bp) REC:1000	143	N/A: 0
v3.56	Tue Mar 12 11:17:58 2019	 x3	1000	0.425	CYC: 1 (k=2)	RND:-	i waves/tubespit/tubespit-27-cycleX.txt (400 bp) REC:1000	170	N/A: 0
v3.56	Tue Mar 12 11:17:58 2019	 x3	1000	0.308	CYC: 4 (k=3)	RND:-	i waves/tubespit/tubespit-28-scrtch.txt (52 bp) REC:1000	16	N/A: 0
v3.56	Tue Mar 12 11:17:59 2019	 x3	1000	0.386	CYC: 4 (k=3)	RND:-	i waves/tubespit/tubespit-29-toslp2.txt (57 bp) REC:1000	22	N/A: 0
v3.56	Tue Mar 12 11:17:59 2019	 x3	1000	0.446	CYC: 1 (k=3)	RND:-	i waves/tubespit/tubespit-30-toslp2.txt (56 bp) REC:1000	25	N/A: 0
v3.56	Tue Mar 12 11:18:00 2019	 x3	 888	0.243	CYC: 0 (k=0)	RND:-	i waves/tubespit/tubespit-31-t0edge.txt (37 bp) REC: 378	9	N/A: 0
v3.56	Tue Mar 12 11:18:00 2019	 x3	1000	0.423	CYC: 2 (k=2)	RND:-	i waves/tubespit/tubespit-32-combo1.txt (265 bp) REC:1000	112	N/A: 0
v3.56	Tue Mar 12 11:18:01 2019	 x3	1000	0.576	CYC: 0 (k=0)	RND:-	i waves/tubespit/tubespit-33-imprf1.txt (66 bp) REC:1000	38	N/A: 0
v3.56	Tue Mar 12 11:18:01 2019	 x3	1000	0.582	CYC: 0 (k=0)	RND:-	i waves/tubespit/tubespit-34-imprf2.txt (67 bp) REC:1000	39	N/A: 0
v3.56	Tue Mar 12 11:18:01 2019	 x3	1000	0.603	CYC: 0 (k=0)	RND:-	i waves/tubespit/tubespit-35-imprf3.txt (58 bp) REC:1000	35	N/A: 0
v3.56	Tue Mar 12 11:18:02 2019	 x3	1000	0.530	CYC: 0 (k=0)	RND:-	i waves/tubespit/tubespit-36-imprf4.txt (83 bp) REC:1000	44	N/A: 0
v3.56	Tue Mar 12 11:18:02 2019	 x3	1000	0.473	CYC: 0 (k=0)	RND:-	i waves/tubespit/tubespit-37-imprfk.txt (93 bp) REC:1000	44	N/A: 0
v3.56	Tue Mar 12 11:18:03 2019	 x3	1000	0.456	CYC: 0 (k=0)	RND:-	i waves/tubespit/tubespit-38-imprft.txt (103 bp) REC:1000	47	N/A: 0
v3.56	Tue Mar 12 11:18:03 2019	 x3	1000	0.441	CYC: 5 (k=3)	RND:-	i waves/tubespit/tubespit-39-imprfk.txt (118 bp) REC:1000	52	N/A: 0
v3.56	Tue Mar 12 11:18:03 2019	 x3	1000	0.404	CYC: 0 (k=0)	RND:-	i waves/tubespit/tubespit-40-imprfk.txt (104 bp) REC:1000	42	N/A: 0
v3.56	Tue Mar 12 11:18:04 2019	 x3	1000	0.667	CYC: 0 (k=0)	RND:-	i waves/tubespit/tubespit-41-RNAnuc.txt (42 nt) REC:1000	28	N/A: 0
v3.56	Tue Mar 12 11:18:04 2019	 x3	1000	0.524	CYC: 0 (k=0)	RND:-	i waves/tubespit/tubespit-41-notRNA.txt (42 char) REC:1000	22	N/A: 0
v3.56	Tue Mar 12 11:18:05 2019	 x3	1000	0.846	CYC: 0 (k=0)	RND:-	i waves/tubespit/tubespit-41-protin.txt (312 aa) REC:1000	264	N/A: 0
v3.56	Tue Mar 12 11:18:05 2019	 x3	1000	0.400	CYC: 0 (k=0)	RND:-	i waves/tubespit/tubespit-42-fasta1.txt (140 bp) REC:1000	56	N/A: 0
v3.56	Tue Mar 12 11:18:06 2019	 x3	1000	0.846	CYC: 0 (k=0)	RND:-	i waves/tubespit/tubespit-42-fasta2.txt (312 aa) REC:1000	264	N/A: 0
v3.56	Tue Mar 12 11:18:07 2019	 x3	1000	0.559	CYC: 0 (k=0)	RND:-	i waves/tubespit/tubespit-43-timprf.txt (34 bp) REC:1000	19	N/A: 0
v3.56	Tue Mar 12 11:18:07 2019	 x3	1000	0.364	CYC: 4 (k=3)	RND:-	i waves/tubespit/tubespit-44-tosimp.txt (88 bp) REC:1000	32	N/A: 0
v3.56	Tue Mar 12 11:18:07 2019	 x3	1000	0.761	CYC: 0 (k=0)	RND:-	i waves/tubespit/tubespit-45-cinky1.txt (134 bp) REC:1000	102	N/A: 0
v3.56	Tue Mar 12 11:18:08 2019	 x3	1000	0.412	CYC: 4 (k=3)	RND:-	i waves/tubespit/tubespit-46-cinky2.txt (182 bp) REC:1000	75	N/A: 0
v3.56	Tue Mar 12 11:18:08 2019	 x3	1000	0.350	CYC: 1 (k=2)	RND:-	i waves/tubespit/tubespit-47-cycle6.txt (40 bp) REC:1000	14	N/A: 0
v3.56	Tue Mar 12 11:18:09 2019	 x3	1000	0.336	CYC: 6 (k=3)	RND:-	i waves/tubespit/tubespit-48-tbdslp.txt (122 bp) REC:1000	41	N/A: 0
v3.56	Tue Mar 12 11:18:09 2019	 x3	1000	0.438	CYC: 6 (k=3)	RND:-	i waves/tubespit/tubespit-49-cyctip.txt (800 bp) REC:1000	350	N/A: 0
v3.56	Tue Mar 12 11:18:11 2019	 x3	1000	0.499	CYC: 5 (k=3)	RND:-	i waves/tubespit/tubespit-50-cyctip.txt (800 bp) REC:1000	399	N/A: 0
v3.56	Tue Mar 12 11:18:12 2019	 x3	1000	0.340	CYC: 6 (k=3)	RND:-	i waves/tubespit/tubespit-51-cyctip.txt (800 bp) REC:1000	272	N/A: 0
v3.56	Tue Mar 12 11:18:14 2019	 x3	1000	0.415	CYC: 5 (k=3)	RND:-	i waves/tubespit/tubespit-52-cyctip.txt (800 bp) REC:1000	332	N/A: 0
v3.56	Tue Mar 12 11:18:16 2019	 x3	1000	0.423	CYC: 1 (k=3)	RND:-	i waves/tubespit/tubespit-53-impkhp.txt (800 bp) REC:1000	338	N/A: 0
v3.56	Tue Mar 12 11:18:17 2019	 x3	1000	0.371	CYC: 0 (k=0)	RND:-	i waves/tubespit/tubespit-54-impkhp.txt (800 bp) REC:1000	297	N/A: 0
v3.56	Tue Mar 12 11:18:19 2019	 x3	1000	0.466	CYC: 7 (k=4)	RND:-	i waves/tubespit/tubespit-55-impkhp.txt (800 bp) REC:1000	373	N/A: 0
v3.56	Tue Mar 12 11:18:21 2019	 x3	1000	0.409	CYC: 0 (k=0)	RND:-	i waves/tubespit/tubespit-56-tbslp2.txt (800 bp) REC:1000	327	N/A: 0
v3.56	Tue Mar 12 11:18:22 2019	 x3	1000	0.354	CYC: 0 (k=0)	RND:-	i waves/tubespit/tubespit-57-tbslp2.txt (800 bp) REC:1000	283	N/A: 0
v3.56	Tue Mar 12 11:18:24 2019	 x3	1000	0.415	CYC: 0 (k=0)	RND:-	i waves/tubespit/tubespit-58-tcycle.txt (800 bp) REC:1000	332	N/A: 0
v3.56	Tue Mar 12 11:18:26 2019	 x3	1000	0.450	CYC: 0 (k=0)	RND:-	i waves/tubespit/tubespit-59-tcycle.txt (800 bp) REC:1000	360	N/A: 0
v3.56	Tue Mar 12 11:18:27 2019	 x3	1000	0.445	CYC: 0 (k=0)	RND:-	i waves/tubespit/tubespit-60-tbslp2.txt (800 bp) REC:1000	356	N/A: 0
v3.56	Tue Mar 12 11:18:29 2019	 x3	1000	0.389	CYC: 0 (k=0)	RND:-	i waves/tubespit/tubespit-61-tghost.txt (800 bp) REC:1000	311	N/A: 0
v3.56	Tue Mar 12 11:18:31 2019	 x3	1000	0.400	CYC: 2 (k=3)	RND:-	i waves/tubespit/tubespit-62-tuckup.txt (100 bp) REC:1000	40	N/A: 0
v3.56	Tue Mar 12 11:18:31 2019	 x3	1000	0.380	CYC: 3 (k=3)	RND:-	i waves/tubespit/tubespit-63-cnudge.txt (100 bp) REC:1000	38	N/A: 0
v3.56	Tue Mar 12 11:18:32 2019	 x3	1000	0.470	CYC: 2 (k=3)	RND:-	i waves/tubespit/tubespit-64-sndge0.txt (100 bp) REC:1000	47	N/A: 0
v3.56	Tue Mar 12 11:18:32 2019	 x3	1000	0.540	CYC: 0 (k=0)	RND:-	i waves/tubespit/tubespit-64-sndge1.txt (100 bp) REC:1000	54	N/A: 0
v3.56	Tue Mar 12 11:18:33 2019	 x3	1000	0.360	CYC: 0 (k=0)	RND:-	i waves/tubespit/tubespit-64-sndge2.txt (100 bp) REC:1000	36	N/A: 0
v3.56	Tue Mar 12 11:18:33 2019	 x3	1000	0.450	CYC: 0 (k=0)	RND:-	i waves/tubespit/tubespit-64-sndge3.txt (100 bp) REC:1000	45	N/A: 0
v3.56	Tue Mar 12 11:18:33 2019	 x3	1000	0.400	CYC: 0 (k=0)	RND:-	i waves/tubespit/tubespit-64-sndge4.txt (100 bp) REC:1000	40	N/A: 0
v3.56	Tue Mar 12 11:18:34 2019	 x3	1000	0.380	CYC: 0 (k=0)	RND:-	i waves/tubespit/tubespit-64-sndge5.txt (100 bp) REC:1000	38	N/A: 0
v3.56	Tue Mar 12 11:18:34 2019	 x3	1000	0.430	CYC: 0 (k=0)	RND:-	i waves/tubespit/tubespit-64-sndge6.txt (100 bp) REC:1000	43	N/A: 0
v3.56	Tue Mar 12 11:18:35 2019	 x3	1000	0.480	CYC: 0 (k=0)	RND:-	i waves/tubespit/tubespit-64-sndge7.txt (100 bp) REC:1000	48	N/A: 0
v3.56	Tue Mar 12 11:18:35 2019	 x3	1000	0.530	CYC: 0 (k=0)	RND:-	i waves/tubespit/tubespit-64-sndge8.txt (100 bp) REC:1000	53	N/A: 0
v3.56	Tue Mar 12 11:18:36 2019	 x3	1000	0.340	CYC: 0 (k=0)	RND:-	i waves/tubespit/tubespit-64-sndge9.txt (100 bp) REC:1000	34	N/A: 0
v3.56	Tue Mar 12 11:18:36 2019	 x3	1000	0.340	CYC: 0 (k=0)	RND:-	i waves/tubespit/tubespit-65-consen.txt (100 bp) REC:1000	34	N/A: 0
v3.56	Tue Mar 12 11:18:36 2019	 x3	1000	0.230	CYC: 1 (k=3)	RND:-	i waves/tubespit/tubespit-66-consen.txt (100 bp) REC:1000	23	N/A: 0
v3.56	Tue Mar 12 11:18:37 2019	 x3	1000	0.380	CYC: 0 (k=0)	RND:-	i waves/tubespit/tubespit-67-bslclr.txt (100 bp) REC:1000	38	N/A: 0
v3.56	Tue Mar 12 11:18:37 2019	 x3	1000	0.430	CYC: 0 (k=0)	RND:-	i waves/tubespit/tubespit-68-dRaggd.txt (100 bp) REC:1000	43	N/A: 0
v3.56	Tue Mar 12 11:18:38 2019	 x3	1000	0.470	CYC: 0 (k=0)	RND:-	i waves/tubespit/tubespit-69-ktrans.txt (100 bp) REC:1000	47	N/A: 0
v3.56	Tue Mar 12 11:18:38 2019	 x3	1000	0.420	CYC: 0 (k=0)	RND:-	i waves/tubespit/tubespit-70-ktrans.txt (100 bp) REC:1000	42	N/A: 0
v3.56	Tue Mar 12 11:18:39 2019	 x3	1000	0.390	CYC: 0 (k=0)	RND:-	i waves/tubespit/tubespit-71-ktrans.txt (100 bp) REC:1000	39	N/A: 0
v3.56	Tue Mar 12 11:18:39 2019	 x3	1000	0.340	CYC: 0 (k=0)	RND:-	i waves/tubespit/tubespit-72-ktrans.txt (100 bp) REC:1000	34	N/A: 0
v3.56	Tue Mar 12 11:18:39 2019	 x3	1000	0.430	CYC: 0 (k=0)	RND:-	i waves/tubespit/tubespit-73-ktrans.txt (100 bp) REC:1000	43	N/A: 0
v3.56	Tue Mar 12 11:18:40 2019	 x3	1000	0.460	CYC: 0 (k=0)	RND:-	i waves/tubespit/tubespit-74-ktrans.txt (100 bp) REC:1000	46	N/A: 0
v3.56	Tue Mar 12 11:18:40 2019	 x3	1000	0.370	CYC: 0 (k=0)	RND:-	i waves/tubespit/tubespit-75-ktrans.txt (100 bp) REC:1000	37	N/A: 0
v3.56	Tue Mar 12 11:18:41 2019	 x3	1000	0.390	CYC: 1 (k=3)	RND:-	i waves/tubespit/tubespit-76-ktrans.txt (100 bp) REC:1000	39	N/A: 0
v3.56	Tue Mar 12 11:18:41 2019	 x3	1000	0.490	CYC: 0 (k=0)	RND:-	i waves/tubespit/tubespit-77-ktrans.txt (100 bp) REC:1000	49	N/A: 0
v3.56	Tue Mar 12 11:18:41 2019	 x3	1000	0.420	CYC: 0 (k=0)	RND:-	i waves/tubespit/tubespit-78-ktrans.txt (100 bp) REC:1000	42	N/A: 0
v3.56	Tue Mar 12 11:18:42 2019	 x3	1000	0.500	CYC: 0 (k=0)	RND:-	i waves/tubespit/tubespit-79-kcheck.txt (100 bp) REC:1000	50	N/A: 0
v3.56	Tue Mar 12 11:18:42 2019	 x3	1000	0.410	CYC: 0 (k=0)	RND:-	i waves/tubespit/tubespit-80-kcheck.txt (100 bp) REC:1000	41	N/A: 0
v3.56	Tue Mar 12 11:18:43 2019	 x3	1000	0.380	CYC: 0 (k=0)	RND:-	i waves/tubespit/tubespit-81-kcheck.txt (100 bp) REC:1000	38	N/A: 0
v3.56	Tue Mar 12 11:18:43 2019	 x3	1000	0.540	CYC: 0 (k=0)	RND:-	i waves/tubespit/tubespit-82-kcheck.txt (100 bp) REC:1000	54	N/A: 0
v3.56	Tue Mar 12 11:18:44 2019	 x3	1000	0.420	CYC: 0 (k=0)	RND:-	i waves/tubespit/tubespit-83-shadow.txt (100 bp) REC:1000	42	N/A: 0
v3.56	Tue Mar 12 11:18:44 2019	 x3	1000	0.490	CYC: 0 (k=0)	RND:-	i waves/tubespit/tubespit-84-shadow.txt (100 bp) REC:1000	49	N/A: 0
v3.56	Tue Mar 12 11:18:44 2019	 x3	1000	0.430	CYC: 0 (k=0)	RND:-	i waves/tubespit/tubespit-85-adjDTH.txt (100 bp) REC:1000	43	N/A: 0
v3.56	Tue Mar 12 11:18:45 2019	 x3	1000	0.430	CYC: 0 (k=0)	RND:-	i waves/tubespit/tubespit-86-adjDTH.txt (100 bp) REC:1000	43	N/A: 0
v3.56	Tue Mar 12 11:18:45 2019	 x3	1000	0.440	CYC: 0 (k=0)	RND:-	i waves/tubespit/tubespit-87-adjDTH.txt (100 bp) REC:1000	44	N/A: 0
v3.56	Tue Mar 12 11:18:46 2019	 x3	1000	0.330	CYC: 2 (k=3)	RND:-	i waves/tubespit/tubespit_v343_14.txt (100 bp) REC:1000	33	N/A: 0
v3.56	Tue Mar 12 11:18:46 2019	 x3	1000	0.420	CYC: 0 (k=0)	RND:-	i waves/tubespit/tubespit_v343_19.txt (100 bp) REC:1000	42	N/A: 0
v3.56	Tue Mar 12 11:18:47 2019	 x3	1000	0.430	CYC: 0 (k=0)	RND:-	i waves/tubespit/tubespit_v344_03.txt (100 bp) REC:1000	43	N/A: 0
v3.56	Tue Mar 12 11:18:47 2019	 x3	1000	0.340	CYC: 0 (k=0)	RND:-	i waves/tubespit/tubespit_v344_05.txt (100 bp) REC:1000	34	N/A: 0
v3.56	Tue Mar 12 11:18:47 2019	 x3	1000	0.500	CYC: 0 (k=0)	RND:-	i waves/tubespit/tubespit_v344_06.txt (100 bp) REC:1000	50	N/A: 0
v3.56	Tue Mar 12 11:18:48 2019	 x3	1000	0.450	CYC: 0 (k=0)	RND:-	i waves/tubespit/tubespit_v344_11.txt (100 bp) REC:1000	45	N/A: 0
v3.56	Tue Mar 12 11:18:48 2019	 x3	1000	0.320	CYC: 0 (k=0)	RND:-	i waves/tubespit/tubespit_v344_14.txt (100 bp) REC:1000	32	N/A: 0
v3.56	Tue Mar 12 11:18:49 2019	 x3	1000	0.390	CYC: 0 (k=0)	RND:-	i waves/tubespit/tubespit_v344_15.txt (100 bp) REC:1000	39	N/A: 0
v3.56	Tue Mar 12 11:18:49 2019	 x3	1000	0.440	CYC: 0 (k=0)	RND:-	i waves/tubespit/tubespit_v344_19.txt (100 bp) REC:1000	44	N/A: 0
v3.56	Tue Mar 12 11:18:49 2019	 x3	1000	0.430	CYC: 0 (k=0)	RND:-	i waves/tubespit/tubespit_v344_20.txt (100 bp) REC:1000	43	N/A: 0
v3.56	Tue Mar 12 11:18:50 2019	 x3	1000	0.280	CYC: 0 (k=0)	RND:-	i waves/tubespit/tubespit_v344_21.txt (100 bp) REC:1000	28	N/A: 0
v3.56	Tue Mar 12 11:18:50 2019	 x3	1000	0.520	CYC: 0 (k=0)	RND:-	i waves/tubespit/tubespit_v344_31.txt (100 bp) REC:1000	52	N/A: 0
v3.56	Tue Mar 12 11:18:51 2019	 x3	1000	0.450	CYC: 0 (k=0)	RND:-	i waves/tubespit/tubespit_v344_32.txt (100 bp) REC:1000	45	N/A: 0
v3.56	Tue Mar 12 11:18:51 2019	 x3	1000	0.410	CYC: 0 (k=0)	RND:-	i waves/tubespit/tubespit_v344_35.txt (100 bp) REC:1000	41	N/A: 0
v3.56	Tue Mar 12 11:18:51 2019	 x3	1000	0.520	CYC: 0 (k=0)	RND:-	i waves/tubespit/tubespit_v344_36.txt (100 bp) REC:1000	52	N/A: 0
v3.56	Tue Mar 12 11:18:52 2019	 x3	1000	0.580	CYC: 0 (k=0)	RND:-	i waves/chowder/chowder_v327_52.txt (100 bp) REC:1000	58	N/A: 0
v3.56	Tue Mar 12 11:18:52 2019	 x3	1000	0.430	CYC: 0 (k=0)	RND:-	i waves/chowder/chowder_v343_01.txt (100 bp) REC:1000	43	N/A: 0
v3.56	Tue Mar 12 11:18:53 2019	 x3	1000	0.570	CYC: 0 (k=0)	RND:-	i waves/chowder/chowder_v343_02.txt (100 bp) REC:1000	57	N/A: 0
v3.56	Tue Mar 12 11:18:53 2019	 x3	1000	0.340	CYC: 0 (k=0)	RND:-	i waves/chowder/chowder_v343_03.txt (100 bp) REC:1000	34	N/A: 0
v3.56	Tue Mar 12 11:18:54 2019	 x3	1000	0.380	CYC: 0 (k=0)	RND:-	i waves/chowder/chowder_v343_04.txt (100 bp) REC:1000	38	N/A: 0
v3.56	Tue Mar 12 11:18:54 2019	 x3	 959	0.490	CYC: 1 (k=3)	RND:-	i waves/chowder/chowder_v343_05.txt (100 bp) REC: 290	49	N/A: 0
v3.56	Tue Mar 12 11:18:54 2019	 x3	1000	0.470	CYC: 0 (k=0)	RND:-	i waves/chowder/chowder_v343_06.txt (100 bp) REC:1000	47	N/A: 0
v3.56	Tue Mar 12 11:18:55 2019	 x3	1000	0.410	CYC: 0 (k=0)	RND:-	i waves/chowder/chowder_v343_07.txt (100 bp) REC:1000	41	N/A: 0
v3.56	Tue Mar 12 11:18:55 2019	 x3	 857	0.350	CYC: 1 (k=3)	RND:-	i waves/chowder/chowder_v343_08.txt (100 bp) REC: 310	35	N/A: 0
v3.56	Tue Mar 12 11:18:56 2019	 x3	1000	0.290	CYC: 1 (k=3)	RND:-	i waves/chowder/chowder_v343_09.txt (100 bp) REC:1000	29	N/A: 0
v3.56	Tue Mar 12 11:18:56 2019	 x3	 923	0.260	CYC: 0 (k=0)	RND:-	i waves/chowder/chowder_v343_10.txt (100 bp) REC: 430	26	N/A: 0
v3.56	Tue Mar 12 11:18:57 2019	 x3	 935	0.310	CYC: 0 (k=0)	RND:-	i waves/chowder/chowder_v343_11.txt (100 bp) REC: 370	31	N/A: 0
v3.56	Tue Mar 12 11:18:57 2019	 x3	1000	0.490	CYC: 0 (k=0)	RND:-	i waves/chowder/chowder_v343_12.txt (100 bp) REC:1000	49	N/A: 0
v3.56	Tue Mar 12 11:18:57 2019	 x3	1000	0.380	CYC: 0 (k=0)	RND:-	i waves/chowder/chowder_v343_13.txt (100 bp) REC:1000	38	N/A: 0
v3.56	Tue Mar 12 11:18:58 2019	 x3	1000	0.370	CYC: 0 (k=0)	RND:-	i waves/chowder/chowder_v343_17.txt (100 bp) REC:1000	37	N/A: 0
v3.56	Tue Mar 12 11:18:58 2019	 x3	1000	0.520	CYC: 0 (k=0)	RND:-	i waves/chowder/chowder_v343_18.txt (100 bp) REC:1000	52	N/A: 0
v3.56	Tue Mar 12 11:18:59 2019	 x3	 961	0.520	CYC: 1 (k=3)	RND:-	i waves/chowder/chowder_v343_20.txt (100 bp) REC: 290	52	N/A: 0
v3.56	Tue Mar 12 11:18:59 2019	 x3	 962	0.530	CYC: 1 (k=3)	RND:-	i waves/chowder/chowder_v343_21.txt (100 bp) REC: 260	53	N/A: 0
v3.56	Tue Mar 12 11:19:00 2019	 x3	1000	0.500	CYC: 0 (k=0)	RND:-	i waves/chowder/chowder_v343_22.txt (100 bp) REC:1000	50	N/A: 0
v3.56	Tue Mar 12 11:19:00 2019	 x3	1000	0.480	CYC: 0 (k=0)	RND:-	i waves/chowder/chowder_v343_23.txt (100 bp) REC:1000	48	N/A: 0
v3.56	Tue Mar 12 11:19:00 2019	 x3	1000	0.360	CYC: 0 (k=0)	RND:-	i waves/chowder/chowder_v343_24.txt (100 bp) REC:1000	36	N/A: 0
v3.56	Tue Mar 12 11:19:01 2019	 x3	1000	0.360	CYC: 0 (k=0)	RND:-	i waves/chowder/chowder_v343_25.txt (100 bp) REC:1000	36	N/A: 0
v3.56	Tue Mar 12 11:19:01 2019	 x3	1000	0.430	CYC: 0 (k=0)	RND:-	i waves/chowder/chowder_v344_01.txt (100 bp) REC:1000	43	N/A: 0
v3.56	Tue Mar 12 11:19:02 2019	 x3	1000	0.510	CYC: 0 (k=0)	RND:-	i waves/chowder/chowder_v344_02.txt (100 bp) REC:1000	51	N/A: 0
v3.56	Tue Mar 12 11:19:02 2019	 x3	 977	0.450	CYC: 0 (k=0)	RND:-	i waves/chowder/chowder_v344_04.txt (100 bp) REC: 270	45	N/A: 0
v3.56	Tue Mar 12 11:19:02 2019	 x3	1000	0.400	CYC: 0 (k=0)	RND:-	i waves/chowder/chowder_v344_07.txt (100 bp) REC:1000	40	N/A: 0
v3.56	Tue Mar 12 11:19:03 2019	 x3	1000	0.470	CYC: 0 (k=0)	RND:-	i waves/chowder/chowder_v344_08.txt (100 bp) REC:1000	47	N/A: 0
v3.56	Tue Mar 12 11:19:03 2019	 x3	1000	0.390	CYC: 0 (k=0)	RND:-	i waves/chowder/chowder_v344_09.txt (100 bp) REC:1000	39	N/A: 0
v3.56	Tue Mar 12 11:19:04 2019	 x3	1000	0.500	CYC: 0 (k=0)	RND:-	i waves/chowder/chowder_v344_10.txt (100 bp) REC:1000	50	N/A: 0
v3.56	Tue Mar 12 11:19:04 2019	 x3	1000	0.490	CYC: 0 (k=0)	RND:-	i waves/chowder/chowder_v344_12.txt (100 bp) REC:1000	49	N/A: 0
v3.56	Tue Mar 12 11:19:05 2019	 x3	1000	0.430	CYC: 0 (k=0)	RND:-	i waves/chowder/chowder_v344_13.txt (100 bp) REC:1000	43	N/A: 0
v3.56	Tue Mar 12 11:19:05 2019	 x3	 935	0.310	CYC: 1 (k=3)	RND:-	i waves/chowder/chowder_v344_16.txt (100 bp) REC: 280	31	N/A: 0
v3.56	Tue Mar 12 11:19:05 2019	 x3	1000	0.520	CYC: 0 (k=0)	RND:-	i waves/chowder/chowder_v344_17.txt (100 bp) REC:1000	52	N/A: 0
v3.56	Tue Mar 12 11:19:06 2019	 x3	 861	0.360	CYC: 1 (k=3)	RND:-	i waves/chowder/chowder_v344_18.txt (100 bp) REC: 320	36	N/A: 0
v3.56	Tue Mar 12 11:19:06 2019	 x3	1000	0.340	CYC: 0 (k=0)	RND:-	i waves/chowder/chowder_v344_22.txt (100 bp) REC:1000	34	N/A: 0
v3.56	Tue Mar 12 11:19:07 2019	 x3	 976	0.430	CYC: 1 (k=2)	RND:-	i waves/chowder/chowder_v344_23.txt (100 bp) REC: 770	43	N/A: 0
v3.56	Tue Mar 12 11:19:07 2019	 x3	1000	0.490	CYC: 0 (k=0)	RND:-	i waves/chowder/chowder_v344_24.txt (100 bp) REC:1000	49	N/A: 0
v3.56	Tue Mar 12 11:19:08 2019	 x3	1000	0.350	CYC: 0 (k=0)	RND:-	i waves/chowder/chowder_v344_25.txt (100 bp) REC:1000	35	N/A: 0
v3.56	Tue Mar 12 11:19:08 2019	 x3	 912	0.570	CYC: 1 (k=3)	RND:-	i waves/chowder/chowder_v344_26.txt (100 bp) REC: 320	57	N/A: 0
v3.56	Tue Mar 12 11:19:08 2019	 x3	1000	0.390	CYC: 0 (k=0)	RND:-	i waves/chowder/chowder_v344_27.txt (100 bp) REC:1000	39	N/A: 0
v3.56	Tue Mar 12 11:19:09 2019	 x3	1000	0.380	CYC: 0 (k=0)	RND:-	i waves/chowder/chowder_v344_28.txt (100 bp) REC:1000	38	N/A: 0
v3.56	Tue Mar 12 11:19:09 2019	 x3	1000	0.430	CYC: 0 (k=0)	RND:-	i waves/chowder/chowder_v344_29.txt (100 bp) REC:1000	43	N/A: 0
v3.56	Tue Mar 12 11:19:10 2019	 x3	1000	0.410	CYC: 0 (k=0)	RND:-	i waves/chowder/chowder_v344_30.txt (100 bp) REC:1000	41	N/A: 0
v3.56	Tue Mar 12 11:19:10 2019	 x3	1000	0.420	CYC: 1 (k=3)	RND:-	i waves/chowder/chowder_v344_33.txt (100 bp) REC:1000	42	N/A: 0
v3.56	Tue Mar 12 11:19:11 2019	 x3	1000	0.490	CYC: 0 (k=0)	RND:-	i waves/chowder/chowder_v344_34.txt (100 bp) REC:1000	49	N/A: 0
