                                               < vnd_getworked_clean >
Surf wave report summary: 
._                                                                                                                            
\\\_M                                                                                                                         
\\\\\_H                                                                                            \v/                        
\\\\\\\_A_________.~~.o.~"~._.~`"~._.~"~._.~"~._.~"~._.~`"~._.~"~._.~"~._^_.~"~._.~"~._.~"~._.~`"~.-0-.~"~._.~"~._.~"~._.~"~._
```````^:^````````                                                                                 /|\                        
First and last runs:
v4.37	Mar 31 10:48:52 2024	b3 x0	P:1000	R:1000	0.487	RND:	waves/seals/vnd_ex3_Dmela.txt (956 bp, +)	 
v4.37	Mar 31 10:48:54 2024	b3 x0	P:1000	R:1000	0.461	RND:	waves/sharks/nab_DWME_Dmela.txt (764 bp, +)	 

Number of tests initiated:         15
Number of tests completed:         15
Number of tests w/ PASS 1000:      15
Number of tests w/ REC. 1000:      15

WCR average: 0.481133

Tests canceled (if any, w/ preceding run for context):
Tests with PASS < 1000 (if any):
Tests with REC. < 1000 (if any):

Line counts:
    1974 src/mha_v4.37.c
    1116 src/microhom-cinc.h
     109 src/microhom-devl.h
     112 src/microhom-skor.h
    2155 src/microhom-tela.h
    1603 src/microhomology.h
    7069 total

                                               < vnd_getworked_ragdoll >
Darwin 22.6.0 arm64 arm
Surf wave report summary: 
._                                                                                                                            
\\\_M                                                                                                                         
\\\\\_H                                                                                            \v/                        
\\\\\\\_A_________.~~.o.~"~._.~`"~._.~"~._.~"~._.~"~._.~`"~._.~"~._.~"~._^_.~"~._.~"~._.~"~._.~`"~.-0-.~"~._.~"~._.~"~._.~"~._
```````^:^````````                                                                                 /|\                        
First and last runs:
v4.37	Mar 31 10:49:17 2024	b3 x1	P:1000	R:1000	0.530	RND:XX	waves/seals/vnd_ex3_Dmela.txt (100 bp, +)	 
v4.37	Mar 31 10:56:00 2024	b3 x1	P:1000	R:1000	0.510	RND:XX	waves/sharks/vnd_NEE_Dsuzu.txt (100 bp, -)	 

Number of tests initiated:         150000
Number of tests completed:         150000
Number of tests w/ PASS 1000:      150000
Number of tests w/ REC. 1000:      150000

WCR average: 0.501314

Tests canceled (if any, w/ preceding run for context):
Tests with PASS < 1000 (if any):
Tests with REC. < 1000 (if any):

Line counts:
    1974 src/mha_v4.37.c
    1116 src/microhom-cinc.h
     109 src/microhom-devl.h
     112 src/microhom-skor.h
    2155 src/microhom-tela.h
    1603 src/microhomology.h
    7069 total

