                                               < ragdoll washing machine >
Darwin 22.6.0 arm64 arm
Sun Mar 31 21:20:13 CDT 2024
Tri-fin dawn patrol: Compiling maximal v4.37.

Surf wave report summary: 
._                                                                                                                            
\\\_M                                                                                                                         
\\\\\_H                                                                                            \v/                        
\\\\\\\_A_________.~~.o.~"~._.~`"~._.~"~._.~"~._.~"~._.~`"~._.~"~._.~"~._^_.~"~._.~"~._.~"~._.~`"~.-0-.~"~._.~"~._.~"~._.~"~._
```````^:^````````                                                                                 /|\                        
First and last runs:
v4.37	Mar 31 21:20:17 2024	b3 x1	P:1000	R:1000	0.390	RND:XX	waves/experimental/pattern-1a-20pc_GC.txt (100 bp, +)	 
v4.37	Mar 31 21:26:19 2024	b3 x1	P:1000	R:1000	0.250	RND:XX	waves/experimental/pattern-5a-92pc_Y.txt (80 bp, +)	 

Number of tests initiated:         140000
Number of tests completed:         140000
Number of tests w/ PASS 1000:      140000
Number of tests w/ REC. 1000:      140000

WCR average: 0.43647

Tests canceled (if any, w/ preceding run for context):
Tests with PASS < 1000 (if any):
Tests with REC. < 1000 (if any):

Line counts:
    1970 src/mha_v4.37.c
    1119 src/microhom-cinc.h
     109 src/microhom-devl.h
     112 src/microhom-skor.h
    2155 src/microhom-tela.h
    1603 src/microhomology.h
    7068 total

