Fri Aug 28 08:26:47 CDT 2020
Tri-fin dawn patrol: Compiling maximal v4.34.

#define PISO        4		/* FLOOR FOR TRANSITION MATCHING ABOVE THIS k-MER SIZE */


                                               < cleanup_set_all >
Surf wave report summary: 
._                                                                                                                            
\\\_M                                                                                                                         
\\\\\_H                                                                                            \v/                        
\\\\\\\_A_________.~~.o.~"~._.~`"~._.~"~._.~"~._.~"~._.~`"~._.~"~._.~"~._^_.~"~._.~"~._.~"~._.~`"~.-0-.~"~._.~"~._.~"~._.~"~._
```````^:^````````                                                                                 /|\                        
First and last runs:
v4.34	Aug 28 08:26:52 2020	 x0	1000	0.529	NDG: 0 	RND:	         waves/seals/vnd_ex3_Dmela.txt (+) ( 956 bp) REC:1000	M: 4	-
v4.34	Aug 28 08:27:38 2020	 x1	1000	0.477	NDG: 0 	RND:	waves/tubespit/seq-161-wuhCor1-03-synth2.txt (-) (  44 bp) REC:1000	M: 2	-

Number of tests initiated:         816

Number of tests completed:         816

Number of tests w/ PASS 1000:      816

Number of tests w/ REC. 1000:      816

Number of tests w/ nudging:        0

WCR average: 0.519412

Tests with PASS < 1000 (if any):

Tests with REC. < 1000 (if any):

Tests with nudging (if any):

Tests canceled (if any, w/ preceding run for context):

Line counts:
    2008 src/mha_v4.34.c
    1406 src/microhom-cinc.h
     139 src/microhom-devl.h
     113 src/microhom-skor.h
    2059 src/microhom-tela.h
    1748 src/microhomology.h
    7473 total

Commit WCR avgs (PISO=6): 0.524576 (chowder-free)
Commit WCR avgs (PISO=5): 0.521969 (chowder-free)
Commit WCR avgs (PISO=4): 0.519412 (chowder-free)
Commit WCR avgs (PISO=3): 0.513799 (chowder-free)


                                               < eat chowder >
Surf wave report summary: 
._                                                                                                                            
\\\_M                                                                                                                         
\\\\\_H                                                                                            \v/                        
\\\\\\\_A_________.~~.o.~"~._.~`"~._.~"~._.~"~._.~"~._.~`"~._.~"~._.~"~._^_.~"~._.~"~._.~"~._.~`"~.-0-.~"~._.~"~._.~"~._.~"~._
```````^:^````````                                                                                 /|\                        
First and last runs:
v4.34	Aug 28 08:27:53 2020	 x0	1000	0.520	NDG: 0 	RND:	         waves/chowder/flotsam_06F.txt (+) ( 100 bp) REC:1000	M: 4	-
v4.34	Aug 28 08:27:55 2020	 x0	1000	0.610	NDG: 0 	RND:	        waves/chowder/stringA-40-k.txt (+) ( 100 bp) REC:1000	M: 2	-

Number of tests initiated:         82

Number of tests completed:         82

Number of tests w/ PASS 1000:      82

Number of tests w/ REC. 1000:      82

Number of tests w/ nudging:        0

WCR average: 0.481061

Tests with PASS < 1000 (if any):

Tests with REC. < 1000 (if any):

Tests with nudging (if any):

Tests canceled (if any, w/ preceding run for context):

Line counts:
    2008 src/mha_v4.34.c
    1406 src/microhom-cinc.h
     139 src/microhom-devl.h
     113 src/microhom-skor.h
    2059 src/microhom-tela.h
    1748 src/microhomology.h
    7473 total

Current commit WCR average of 82 (PISO=6|5|4|3): 0.481061 (chowder-free)


                                               < eat chowdah: cinch-k k=1 only >
Surf wave report summary: 
._                                                                                                                            
\\\_M                                                                                                                         
\\\\\_H                                                                                            \v/                        
\\\\\\\_A_________.~~.o.~"~._.~`"~._.~"~._.~"~._.~"~._.~`"~._.~"~._.~"~._^_.~"~._.~"~._.~"~._.~`"~.-0-.~"~._.~"~._.~"~._.~"~._
```````^:^````````                                                                                 /|\                        
First and last runs:
v4.34	Aug 28 08:28:00 2020	 x0	1000	0.520	NDG: 0 	RND:	         waves/chowder/flotsam_06F.txt (+) ( 100 bp) REC:1000	M: 4	-
v4.34	Aug 28 08:28:02 2020	 x0	1000	0.610	NDG: 0 	RND:	        waves/chowder/stringA-40-k.txt (+) ( 100 bp) REC:1000	M: 2	-

Number of tests initiated:         82

Number of tests completed:         82

Number of tests w/ PASS 1000:      82

Number of tests w/ REC. 1000:      82

Number of tests w/ nudging:        0

WCR average: 0.488134

Tests with PASS < 1000 (if any):

Tests with REC. < 1000 (if any):

Tests with nudging (if any):

Tests canceled (if any, w/ preceding run for context):

Line counts:
    2008 src/mha_v4.34.c
    1406 src/microhom-cinc.h
     139 src/microhom-devl.h
     113 src/microhom-skor.h
    2059 src/microhom-tela.h
    1748 src/microhomology.h
    7473 total

Current commit WCR average of 82, cinch-k k=1 only (PISO=6|5|4|3): 0.488134 (chowdah-free)


                                               < eat nuggets >
Surf wave report summary: 
._                                                                                                                            
\\\_M                                                                                                                         
\\\\\_H                                                                                            \v/                        
\\\\\\\_A_________.~~.o.~"~._.~`"~._.~"~._.~"~._.~"~._.~`"~._.~"~._.~"~._^_.~"~._.~"~._.~"~._.~`"~.-0-.~"~._.~"~._.~"~._.~"~._
```````^:^````````                                                                                 /|\                        
First and last runs:
v4.34	Aug 28 08:28:05 2020	 x0	1000	0.470	NDG: 0 	RND:	        waves/chowder/nugget-42356.txt (+) ( 100 bp) REC:1000	M: 4	-
v4.34	Aug 28 08:28:05 2020	 x0	1000	0.450	NDG: 0 	RND:	        waves/chowder/nugget-00008.txt (+) ( 100 bp) REC:1000	M: 5	-

Number of tests initiated:         11

Number of tests completed:         11

Number of tests w/ PASS 1000:      11

Number of tests w/ REC. 1000:      11

Number of tests w/ nudging:        0

WCR average: 0.475455

Tests with PASS < 1000 (if any):

Tests with REC. < 1000 (if any):

Tests with nudging (if any):

Tests canceled (if any, w/ preceding run for context):

Line counts:
    2008 src/mha_v4.34.c
    1406 src/microhom-cinc.h
     139 src/microhom-devl.h
     113 src/microhom-skor.h
    2059 src/microhom-tela.h
    1748 src/microhomology.h
    7473 total

Commit WCR average of 11 (PISO=6|5|4|3): 0.475455 (chowder-free)


                                               < fractal_splitting >
Surf wave report summary: 
._                                                                                                                            
\\\_M                                                                                                                         
\\\\\_H                                                                                            \v/                        
\\\\\\\_A_________.~~.o.~"~._.~`"~._.~"~._.~"~._.~"~._.~`"~._.~"~._.~"~._^_.~"~._.~"~._.~"~._.~`"~.-0-.~"~._.~"~._.~"~._.~"~._
```````^:^````````                                                                                 /|\                        
First and last runs:
v4.34	Aug 28 08:28:08 2020	 x0	1000	0.471	NDG: 0 	RND:	       waves/chowder/seq26-snippet.txt (+) (  68 bp) REC:1000	M: 2	-
v4.34	Aug 28 08:28:09 2020	 x0	1000	0.516	NDG: 0 	RND:	waves/chowder/snippet-seq-014-cycle3.txt (+) (  31 bp) REC:1000	M: 2	-

Number of tests initiated:         6

Number of tests completed:         6

Number of tests w/ PASS 1000:      6

Number of tests w/ REC. 1000:      6

Number of tests w/ nudging:        0

WCR average: 0.398

Tests with PASS < 1000 (if any):

Tests with REC. < 1000 (if any):

Tests with nudging (if any):

Tests canceled (if any, w/ preceding run for context):

Line counts:
    2008 src/mha_v4.34.c
    1406 src/microhom-cinc.h
     139 src/microhom-devl.h
     113 src/microhom-skor.h
    2059 src/microhom-tela.h
    1748 src/microhomology.h
    7473 total

Current commit WCR average of 6 (PISO=6|5|4|3): 0.398 (chowder-free)


                                               < sand_dunes >
Surf wave report summary: 
._                                                                                                                            
\\\_M                                                                                                                         
\\\\\_H                                                                                            \v/                        
\\\\\\\_A_________.~~.o.~"~._.~`"~._.~"~._.~"~._.~"~._.~`"~._.~"~._.~"~._^_.~"~._.~"~._.~"~._.~`"~.-0-.~"~._.~"~._.~"~._.~"~._
```````^:^````````                                                                                 /|\                        
First and last runs:
v4.34	Aug 28 08:28:11 2020	 x0	1000	0.590	NDG: 0 	RND:	    waves/tubespit/seq-017-variant.txt (+) (  39 bp) REC:1000	M: 2	-
v4.34	Aug 28 08:28:11 2020	 x0	1000	0.136	NDG: 0 	RND:	        waves/chowder/abba_zabba_4.txt (+) (  22 ch) REC:1000	M: 2	-

Number of tests initiated:         22

Number of tests completed:         22

Number of tests w/ PASS 1000:      22

Number of tests w/ REC. 1000:      22

Number of tests w/ nudging:        0

WCR average: 0.386091

Tests with PASS < 1000 (if any):

Tests with REC. < 1000 (if any):

Tests with nudging (if any):

Tests canceled (if any, w/ preceding run for context):

Line counts:
    2008 src/mha_v4.34.c
    1406 src/microhom-cinc.h
     139 src/microhom-devl.h
     113 src/microhom-skor.h
    2059 src/microhom-tela.h
    1748 src/microhomology.h
    7473 total

Current commit WCR average of 22 (PISO=6    ): 0.382636 (chowder-free)
Current commit WCR average of 22 (PISO=5|4|3): 0.386091 (chowder-free)


                                               < churly churly >
Surf wave report summary: 
._                                                                                                                            
\\\_M                                                                                                                         
\\\\\_H                                                                                            \v/                        
\\\\\\\_A_________.~~.o.~"~._.~`"~._.~"~._.~"~._.~"~._.~`"~._.~"~._.~"~._^_.~"~._.~"~._.~"~._.~`"~.-0-.~"~._.~"~._.~"~._.~"~._
```````^:^````````                                                                                 /|\                        
First and last runs:
v4.34	Aug 28 08:28:14 2020	 x0	1000	0.510	NDG: 0 	RND:	           waves/chowder/churly-01.txt (+) ( 100 bp) REC:1000	M: 2	-
v4.34	Aug 28 08:28:15 2020	 x0	1000	0.630	NDG: 0 	RND:	           waves/chowder/churly-38.txt (+) ( 100 bp) REC:1000	M: 4	-

Number of tests initiated:         38

Number of tests completed:         38

Number of tests w/ PASS 1000:      38

Number of tests w/ REC. 1000:      38

Number of tests w/ nudging:        0

WCR average: 0.505263

Tests with PASS < 1000 (if any):

Tests with REC. < 1000 (if any):

Tests with nudging (if any):

Tests canceled (if any, w/ preceding run for context):

Line counts:
    2008 src/mha_v4.34.c
    1406 src/microhom-cinc.h
     139 src/microhom-devl.h
     113 src/microhom-skor.h
    2059 src/microhom-tela.h
    1748 src/microhomology.h
    7473 total

Commit WCR average of 38 (PISO=6|5|4|3): 0.478158 -> 0.504737 -> 0.505263 (chowder-free)


                                               < squid: PISO 3 -x trial 4 chowder >
Surf wave report summary: 
._                                                                                                                            
\\\_M                                                                                                                         
\\\\\_H                                                                                            \v/                        
\\\\\\\_A_________.~~.o.~"~._.~`"~._.~"~._.~"~._.~"~._.~`"~._.~"~._.~"~._^_.~"~._.~"~._.~"~._.~`"~.-0-.~"~._.~"~._.~"~._.~"~._
```````^:^````````                                                                                 /|\                        
First and last runs:
v4.34	Aug 28 08:28:26 2020	 x1	1000	0.680	NDG: 0 	RND:	           waves/squeegee/squid~44.txt (+) ( 100 bp) REC:1000	M: 5	-
v4.34	Aug 28 08:28:26 2020	 x1	1000	0.580	NDG: 0 	RND:	           waves/squeegee/squid~24.txt (+) ( 100 bp) REC:1000	M: 2	-

Number of tests initiated:         25

Number of tests completed:         25

Number of tests w/ PASS 1000:      25

Number of tests w/ REC. 1000:      25

Number of tests w/ nudging:        0

WCR average: 0.511

Tests with PASS < 1000 (if any):

Tests with REC. < 1000 (if any):

Tests with nudging (if any):

Tests canceled (if any, w/ preceding run for context):

Line counts:
    2008 src/mha_v4.34.c
    1406 src/microhom-cinc.h
     139 src/microhom-devl.h
     113 src/microhom-skor.h
    2059 src/microhom-tela.h
    1748 src/microhomology.h
    7473 total

Commit WCR average of 25 (PISO=6): 0.517  (chowder-free)
Commit WCR average of 25 (PISO=5): 0.5106 (chowder-free)
Commit WCR average of 25 (PISO=4): 0.511  (chowder-free)
Commit WCR average of 25 (PISO=3): 0.4782 (chowder-free)


                                               < squeegee: PISO 3 -x chowder >
Surf wave report summary: 
._                                                                                                                            
\\\_M                                                                                                                         
\\\\\_H                                                                                            \v/                        
\\\\\\\_A_________.~~.o.~"~._.~`"~._.~"~._.~"~._.~"~._.~`"~._.~"~._.~"~._^_.~"~._.~"~._.~"~._.~`"~.-0-.~"~._.~"~._.~"~._.~"~._
```````^:^````````                                                                                 /|\                        
First and last runs:
v4.34	Aug 28 08:28:34 2020	 x1	1000	0.500	NDG: 0 	RND:	           waves/squeegee/squee112.txt (+) ( 100 bp) REC:1000	M: 7	-
v4.34	Aug 28 08:28:40 2020	 x1	1000	0.480	NDG: 0 	RND:	           waves/squeegee/squee282.txt (+) ( 100 bp) REC:1000	M: 4	-

Number of tests initiated:         58

Number of tests completed:         58

Number of tests w/ PASS 1000:      58

Number of tests w/ REC. 1000:      58

Number of tests w/ nudging:        0

WCR average: 0.505517

Tests with PASS < 1000 (if any):

Tests with REC. < 1000 (if any):

Tests with nudging (if any):

Tests canceled (if any, w/ preceding run for context):

Line counts:
    2008 src/mha_v4.34.c
    1406 src/microhom-cinc.h
     139 src/microhom-devl.h
     113 src/microhom-skor.h
    2059 src/microhom-tela.h
    1748 src/microhomology.h
    7473 total

Commit WCR average of 58 (PISO=6): 0.517931 (chowder-free)
Commit WCR average of 58 (PISO=5): 0.511724 (chowder-free)
Commit WCR average of 58 (PISO=4): 0.505517 (chowder-free)
Commit WCR average of 58 (PISO=3): 0.48     (chowder-free)

