Mon Sep 14 18:29:29 CDT 2020
Tri-fin dawn patrol: Compiling maximal v4.35.



                                               < cleanup_set_all >
Surf wave report summary: 
._                                                                                                                            
\\\_M                                                                                                                         
\\\\\_H                                                                                            \v/                        
\\\\\\\_A_________.~~.o.~"~._.~`"~._.~"~._.~"~._.~"~._.~`"~._.~"~._.~"~._^_.~"~._.~"~._.~"~._.~`"~.-0-.~"~._.~"~._.~"~._.~"~._
```````^:^````````                                                                                 /|\                        
First and last runs:
v4.35	Sep 14 18:29:54 2020	 x0	1000	0.514	NDG: 0 	RND:	         waves/seals/vnd_ex3_Dmela.txt (+) ( 956 bp) REC:1000	M: 4	-
v4.35	Sep 14 18:30:31 2020	 x1	1000	0.477	NDG: 0 	RND:	waves/tubespit/seq-161-wuhCor1-03-synth2.txt (-) (  44 bp) REC:1000	M: 2	-

Number of tests initiated:         816
Number of tests completed:         816
Number of tests w/ PASS 1000:      816
Number of tests w/ REC. 1000:      816
Number of tests w/ nudging:        0

WCR average: 0.51805

Tests canceled (if any, w/ preceding run for context):
Tests with PASS < 1000 (if any):
Tests with REC. < 1000 (if any):
Tests with nudging (if any):

Line counts:
    2019 src/mha_v4.35.c
    1293 src/microhom-cinc.h
     138 src/microhom-devl.h
     112 src/microhom-skor.h
    2084 src/microhom-tela.h
    1748 src/microhomology.h
    7394 total

Commit WCR avgs (b=6): 0.521521 (chowder-free)
Commit WCR avgs (b=5): 0.51805  (chowder-free)
Commit WCR avgs (b=4): 0.510364 (chowder-free)
Commit WCR avgs (b=3): 0.495125 (chowder-free)

