
Codebase line counts:
    2048 src/lineup_v5.01.c
    1154 src/microhom-cinc.h
     104 src/microhom-devl.h
     111 src/microhom-skor.h
    2189 src/microhom-tela.h
    1580 src/microhomology.h
    7186 total

                                               < cleanup_set_all >
Surf wave report summary: 
._M                                                                                                                           
\\\_P                                                                                                                         
\\\\\_G                                                                                            \v/                        
\\\\\\\_A_________.~~.o.~"~._.~`"~._.~"~._.~"~._.~"~._.~`"~._.~"~._.~"~._^_.~"~._.~"~._.~"~._.~`"~.-0-.~"~._.~"~._.~"~._.~"~._
```````^:^````````                                                                                 /|\                        
First and last runs:
v5.01	May  5 17:22:37 2024	b3 x0	0.876	0.645	0.479	P:1000 R:1000 waves/seals/vnd_ex3_Dmela.txt (+956 bp)	 
v5.01	May  5 17:22:57 2024	b3 x1	0.727	0.523	0.477	P:1000 R:1000 waves/tubespit/seq-161-wuhCor1-03-synth2.txt (-44 bp)	 

Number of tests initiated:         816
Number of tests completed:         816
Number of tests w/ PASS 1000:      816
Number of tests w/ REC. 1000:      816

Tests canceled (if any, w/ preceding run for context):
Tests with PASS < 1000 (if any):
Tests with REC. < 1000 (if any):

WCR-t average: 0.812406
WCR-k average: 0.596422
WCR-d average: 0.489832

WCR avg history (816 tests @ b=3): 0.489727 ->0.489701 ->0.489882 ->0.489831 ->0.489832


                                               < sand_dunes >
Surf wave report summary: 
._M                                                                                                                           
\\\_P                                                                                                                         
\\\\\_G                                                                                            \v/                        
\\\\\\\_A_________.~~.o.~"~._.~`"~._.~"~._.~"~._.~"~._.~`"~._.~"~._.~"~._^_.~"~._.~"~._.~"~._.~`"~.-0-.~"~._.~"~._.~"~._.~"~._
```````^:^````````                                                                                 /|\                        
First and last runs:
v5.01	May  5 17:23:04 2024	b3 x0	0.769	0.667	0.590	P:1000 R:1000 waves/tubespit/seq-017-variant.txt (+39 bp)	 
v5.01	May  5 17:23:04 2024	b3 x0	0.500	0.136	0.136	P:1000 R:1000 waves/chowder/abba_zabba_4.txt (+22 ch)	 

Number of tests initiated:         30
Number of tests completed:         30
Number of tests w/ PASS 1000:      30
Number of tests w/ REC. 1000:      30

Tests canceled (if any, w/ preceding run for context):
Tests with PASS < 1000 (if any):
Tests with REC. < 1000 (if any):

WCR-t average: 0.653
WCR-k average: 0.4365
WCR-d average: 0.392367

WCR avg history (30 tests @ b=3): 0.396733 ->0.3912 ->0.397333 ->0.3993 ->0.398133 ->0.392367 ->0.396167 ->0.392367


                                               < eat chowdah: cinch-k k=1 only >
Surf wave report summary: 
._M                                                                                                                           
\\\_P                                                                                                                         
\\\\\_G                                                                                            \v/                        
\\\\\\\_A_________.~~.o.~"~._.~`"~._.~"~._.~"~._.~"~._.~`"~._.~"~._.~"~._^_.~"~._.~"~._.~"~._.~`"~.-0-.~"~._.~"~._.~"~._.~"~._
```````^:^````````                                                                                 /|\                        
First and last runs:
v5.01	May  5 17:23:06 2024	b3 x0	0.900	0.580	0.480	P:1000 R:1000 waves/chowder/flotsam_06F.txt (+100 bp)	 
v5.01	May  5 17:23:06 2024	b3 x0	0.970	0.720	0.450	P:1000 R:1000 waves/chowder/stringA-40-k.txt (+100 bp)	 

Number of tests initiated:         82
Number of tests completed:         82
Number of tests w/ PASS 1000:      82
Number of tests w/ REC. 1000:      82

Tests canceled (if any, w/ preceding run for context):
Tests with PASS < 1000 (if any):
Tests with REC. < 1000 (if any):

WCR-t average: 0.831098
WCR-k average: 0.593695
WCR-d average: 0.44528

WCR avg history (82 tests @ b=3, cinch-k k=1 only): 0.446012 ->0.447354 ->0.445646 ->0.451012 ->0.444671 ->0.44528


                                               < eat chowder >
Surf wave report summary: 
._M                                                                                                                           
\\\_P                                                                                                                         
\\\\\_G                                                                                            \v/                        
\\\\\\\_A_________.~~.o.~"~._.~`"~._.~"~._.~"~._.~"~._.~`"~._.~"~._.~"~._^_.~"~._.~"~._.~"~._.~`"~.-0-.~"~._.~"~._.~"~._.~"~._
```````^:^````````                                                                                 /|\                        
First and last runs:
v5.01	May  5 17:23:08 2024	b3 x0	0.900	0.580	0.480	P:1000 R:1000 waves/chowder/flotsam_06F.txt (+100 bp)	 
v5.01	May  5 17:23:08 2024	b3 x0	0.970	0.700	0.510	P:1000 R:1000 waves/chowder/stringA-40-k.txt (+100 bp)	 

Number of tests initiated:         82
Number of tests completed:         82
Number of tests w/ PASS 1000:      82
Number of tests w/ REC. 1000:      82

Tests canceled (if any, w/ preceding run for context):
Tests with PASS < 1000 (if any):
Tests with REC. < 1000 (if any):

WCR-t average: 0.831098
WCR-k average: 0.578085
WCR-d average: 0.446988

WCR avg history (82 tests b=3): 0.447232 ->0.448207 ->0.447354 ->0.44711 ->0.448695 ->0.446378 ->0.446988


                                               < churly churly >
Surf wave report summary: 
._M                                                                                                                           
\\\_P                                                                                                                         
\\\\\_G                                                                                            \v/                        
\\\\\\\_A_________.~~.o.~"~._.~`"~._.~"~._.~"~._.~"~._.~`"~._.~"~._.~"~._^_.~"~._.~"~._.~"~._.~`"~.-0-.~"~._.~"~._.~"~._.~"~._
```````^:^````````                                                                                 /|\                        
First and last runs:
v5.01	May  5 17:23:10 2024	b3 x0	0.770	0.510	0.310	P:1000 R:1000 waves/chowder/nugget-42356.txt (+100 bp)	 
v5.01	May  5 17:23:11 2024	b3 x0	0.900	0.740	0.450	P:1000 R:1000 waves/chowder/churly-38.txt (+100 bp)	 

Number of tests initiated:         49
Number of tests completed:         49
Number of tests w/ PASS 1000:      49
Number of tests w/ REC. 1000:      49

Tests canceled (if any, w/ preceding run for context):
Tests with PASS < 1000 (if any):
Tests with REC. < 1000 (if any):

WCR-t average: 0.815102
WCR-k average: 0.581224
WCR-d average: 0.463061

WCR avg history (49 tests @ b=3): 0.460816 ->0.460204 ->0.46102 ->0.459796 ->0.46102 ->0.463061


                                               < squeegee: -xb3 chowder >
Surf wave report summary: 
._M                                                                                                                           
\\\_P                                                                                                                         
\\\\\_G                                                                                            \v/                        
\\\\\\\_A_________.~~.o.~"~._.~`"~._.~"~._.~"~._.~"~._.~`"~._.~"~._.~"~._^_.~"~._.~"~._.~"~._.~`"~.-0-.~"~._.~"~._.~"~._.~"~._
```````^:^````````                                                                                 /|\                        
First and last runs:
v5.01	May  5 17:23:12 2024	b3 x1	0.800	0.560	0.540	P:1000 R:1000 waves/squeegee/squee006.txt (+100 bp)	 
v5.01	May  5 17:23:12 2024	b3 x1	0.750	0.540	0.480	P:1000 R:1000 waves/squeegee/squee282.txt (+100 bp)	 

Number of tests initiated:         58
Number of tests completed:         58
Number of tests w/ PASS 1000:      58
Number of tests w/ REC. 1000:      58

Tests canceled (if any, w/ preceding run for context):
Tests with PASS < 1000 (if any):
Tests with REC. < 1000 (if any):

WCR-t average: 0.784828
WCR-k average: 0.576379
WCR-d average: 0.48431

WCR avg history (58 tests @ b=3): 0.485345 ->0.483621 ->0.483448 ->0.483621 ->0.48431


                                               < squid: -xb3 chowder >
Surf wave report summary: 
._M                                                                                                                           
\\\_P                                                                                                                         
\\\\\_G                                                                                            \v/                        
\\\\\\\_A_________.~~.o.~"~._.~`"~._.~"~._.~"~._.~"~._.~`"~._.~"~._.~"~._^_.~"~._.~"~._.~"~._.~`"~.-0-.~"~._.~"~._.~"~._.~"~._
```````^:^````````                                                                                 /|\                        
First and last runs:
v5.01	May  5 17:23:14 2024	b3 x1	0.800	0.570	0.570	P:1000 R:1000 waves/squeegee/squirt_40-b3.txt (+100 bp)	 
v5.01	May  5 17:23:14 2024	b3 x1	0.740	0.590	0.570	P:1000 R:1000 waves/squeegee/squid~24.txt (+100 bp)	 

Number of tests initiated:         67
Number of tests completed:         67
Number of tests w/ PASS 1000:      67
Number of tests w/ REC. 1000:      67

Tests canceled (if any, w/ preceding run for context):
Tests with PASS < 1000 (if any):
Tests with REC. < 1000 (if any):

WCR-t average: 0.767881
WCR-k average: 0.553284
WCR-d average: 0.469328

WCR avg history (67 tests @ b=3): 0.469030 ->0.469328 ->0.470522 ->0.469328 ->0.470522 ->0.469328


                                               < squint -- -xb3 chowder >
Surf wave report summary: 
._M                                                                                                                           
\\\_P                                                                                                                         
\\\\\_G                                                                                            \v/                        
\\\\\\\_A_________.~~.o.~"~._.~`"~._.~"~._.~"~._.~"~._.~`"~._.~"~._.~"~._^_.~"~._.~"~._.~"~._.~`"~.-0-.~"~._.~"~._.~"~._.~"~._
```````^:^````````                                                                                 /|\                        
First and last runs:
v5.01	May  5 17:23:17 2024	b3 x1	0.487	0.436	0.436	P:1000 R:1000 waves/chowder/chowder-2024_string_011b.txt (+39 bp)	 
v5.01	May  5 17:23:17 2024	b3 x1	0.850	0.580	0.410	P:1000 R:1000 waves/squeegee/squint_01-xb3.txt (+100 bp)	 

Number of tests initiated:         51
Number of tests completed:         51
Number of tests w/ PASS 1000:      51
Number of tests w/ REC. 1000:      51

Tests canceled (if any, w/ preceding run for context):
Tests with PASS < 1000 (if any):
Tests with REC. < 1000 (if any):

WCR-t average: 0.733784
WCR-k average: 0.496529
WCR-d average: 0.401882

WCR avg history (51 tests @ b=3): 0.395583 ->0.399143 ->0.400082 ->0.400796 ->0.401882

