Sat Jul 18 19:04:39 CDT 2020
Tri-fin dawn patrol: Compiling maximal v4.34.

#define PISO        4		/* FLOOR FOR TRANSITION MATCHING ABOVE THIS k-MER SIZE */


                                               < cleanup_set_all >
Surf wave report summary: 
._                                                                                                                            
\\\_M                                                                                                                         
\\\\\_H                                                                                            \v/                        
\\\\\\\_A_________.~~.o.~"~._.~`"~._.~"~._.~"~._.~"~._.~`"~._.~"~._.~"~._^_.~"~._.~"~._.~"~._.~`"~.-0-.~"~._.~"~._.~"~._.~"~._
```````^:^````````                                                                                 /|\                        
First and last runs:
v4.34	Jul 18 19:04:48 2020	 x0	1000	0.510	NDG: 0 	RND:	         waves/seals/vnd_ex3_Dmela.txt (+) ( 956 bp) REC:1000	M: 4	-
v4.34	Jul 18 19:05:31 2020	 x1	1000	0.477	NDG: 0 	RND:	waves/tubespit/seq-161-wuhCor1-03-synth2.txt (-) (  44 bp) REC:1000	M: 2	-

Number of tests initiated:         816

Number of tests completed:         816

Number of tests w/ PASS 1000:      816

Number of tests w/ REC. 1000:      816

Number of tests w/ nudging:        0

WCR average: 0.498379

Tests with PASS < 1000 (if any):

Tests with REC. < 1000 (if any):

Tests with nudging (if any):

Tests canceled (if any, w/ preceding run for context):

Line counts:
    1983 src/mha_v4.34.c
    1396 src/microhom-cinc.h
     139 src/microhom-devl.h
     113 src/microhom-skor.h
    1957 src/microhom-tela.h
    1719 src/microhomology.h
    7307 total

Commit WCR avgs (PISO=6): 0.504005 (chowder-free)
Commit WCR avgs (PISO=5): 0.50195  (chowder-free)
Commit WCR avgs (PISO=4): 0.498379 (chowder-free)
Commit WCR avgs (PISO=3): 0.490419 (chowder-free)


                                               < eat chowder >
Surf wave report summary: 
._                                                                                                                            
\\\_M                                                                                                                         
\\\\\_H                                                                                            \v/                        
\\\\\\\_A_________.~~.o.~"~._.~`"~._.~"~._.~"~._.~"~._.~`"~._.~"~._.~"~._^_.~"~._.~"~._.~"~._.~`"~.-0-.~"~._.~"~._.~"~._.~"~._
```````^:^````````                                                                                 /|\                        
First and last runs:
v4.34	Jul 18 19:05:41 2020	 x0	1000	0.470	NDG: 0 	RND:	         waves/chowder/flotsam_06F.txt (+) ( 100 bp) REC:1000	M: 4	-
v4.34	Jul 18 19:05:42 2020	 x0	1000	0.560	NDG: 0 	RND:	        waves/chowder/stringA-40-k.txt (+) ( 100 bp) REC:1000	M: 2	-

Number of tests initiated:         82

Number of tests completed:         82

Number of tests w/ PASS 1000:      82

Number of tests w/ REC. 1000:      82

Number of tests w/ nudging:        0

WCR average: 0.460817

Tests with PASS < 1000 (if any):

Tests with REC. < 1000 (if any):

Tests with nudging (if any):

Tests canceled (if any, w/ preceding run for context):

Line counts:
    1983 src/mha_v4.34.c
    1396 src/microhom-cinc.h
     139 src/microhom-devl.h
     113 src/microhom-skor.h
    1957 src/microhom-tela.h
    1719 src/microhomology.h
    7307 total

Current commit WCR average of 82 (PISO=6|5|4|3): 0.460817 (chowder-free)


                                               < eat chowdah: cinch-k k=1 only >
Surf wave report summary: 
._                                                                                                                            
\\\_M                                                                                                                         
\\\\\_H                                                                                            \v/                        
\\\\\\\_A_________.~~.o.~"~._.~`"~._.~"~._.~"~._.~"~._.~`"~._.~"~._.~"~._^_.~"~._.~"~._.~"~._.~`"~.-0-.~"~._.~"~._.~"~._.~"~._
```````^:^````````                                                                                 /|\                        
First and last runs:
v4.34	Jul 18 19:05:46 2020	 x0	1000	0.470	NDG: 0 	RND:	         waves/chowder/flotsam_06F.txt (+) ( 100 bp) REC:1000	M: 4	-
v4.34	Jul 18 19:05:48 2020	 x0	1000	0.580	NDG: 0 	RND:	        waves/chowder/stringA-40-k.txt (+) ( 100 bp) REC:1000	M: 2	-

Number of tests initiated:         82

Number of tests completed:         82

Number of tests w/ PASS 1000:      82

Number of tests w/ REC. 1000:      82

Number of tests w/ nudging:        0

WCR average: 0.467159

Tests with PASS < 1000 (if any):

Tests with REC. < 1000 (if any):

Tests with nudging (if any):

Tests canceled (if any, w/ preceding run for context):

Line counts:
    1983 src/mha_v4.34.c
    1396 src/microhom-cinc.h
     139 src/microhom-devl.h
     113 src/microhom-skor.h
    1957 src/microhom-tela.h
    1719 src/microhomology.h
    7307 total

Current commit WCR average of 82, allowing only k = 1 in cinch-k (PISO=6|5|4|3): 0.467159 (chowdah-free)


                                               < eat nuggets >
Surf wave report summary: 
._                                                                                                                            
\\\_M                                                                                                                         
\\\\\_H                                                                                            \v/                        
\\\\\\\_A_________.~~.o.~"~._.~`"~._.~"~._.~"~._.~"~._.~`"~._.~"~._.~"~._^_.~"~._.~"~._.~"~._.~`"~.-0-.~"~._.~"~._.~"~._.~"~._
```````^:^````````                                                                                 /|\                        
First and last runs:
v4.34	Jul 18 19:05:52 2020	 x0	1000	0.460	NDG: 0 	RND:	        waves/chowder/nugget-42356.txt (+) ( 100 bp) REC:1000	M: 4	-
v4.34	Jul 18 19:05:52 2020	 x0	1000	0.400	NDG: 0 	RND:	        waves/chowder/nugget-00008.txt (+) ( 100 bp) REC:1000	M: 2	-

Number of tests initiated:         11

Number of tests completed:         11

Number of tests w/ PASS 1000:      11

Number of tests w/ REC. 1000:      11

Number of tests w/ nudging:        0

WCR average: 0.451818

Tests with PASS < 1000 (if any):

Tests with REC. < 1000 (if any):

Tests with nudging (if any):

Tests canceled (if any, w/ preceding run for context):

Line counts:
    1983 src/mha_v4.34.c
    1396 src/microhom-cinc.h
     139 src/microhom-devl.h
     113 src/microhom-skor.h
    1957 src/microhom-tela.h
    1719 src/microhomology.h
    7307 total

Commit WCR average of 11 (PISO=6|5|4|3): 0.451818 (chowder-free)


                                               < fractal_splitting >
Surf wave report summary: 
._                                                                                                                            
\\\_M                                                                                                                         
\\\\\_H                                                                                            \v/                        
\\\\\\\_A_________.~~.o.~"~._.~`"~._.~"~._.~"~._.~"~._.~`"~._.~"~._.~"~._^_.~"~._.~"~._.~"~._.~`"~.-0-.~"~._.~"~._.~"~._.~"~._
```````^:^````````                                                                                 /|\                        
First and last runs:
v4.34	Jul 18 19:05:54 2020	 x0	1000	0.471	NDG: 0 	RND:	       waves/chowder/seq26-snippet.txt (+) (  68 bp) REC:1000	M: 3	-
v4.34	Jul 18 19:05:54 2020	 x0	1000	0.484	NDG: 0 	RND:	waves/chowder/snippet-seq-014-cycle3.txt (+) (  31 bp) REC:1000	M: 4	-

Number of tests initiated:         6

Number of tests completed:         6

Number of tests w/ PASS 1000:      6

Number of tests w/ REC. 1000:      6

Number of tests w/ nudging:        0

WCR average: 0.372

Tests with PASS < 1000 (if any):

Tests with REC. < 1000 (if any):

Tests with nudging (if any):

Tests canceled (if any, w/ preceding run for context):

Line counts:
    1983 src/mha_v4.34.c
    1396 src/microhom-cinc.h
     139 src/microhom-devl.h
     113 src/microhom-skor.h
    1957 src/microhom-tela.h
    1719 src/microhomology.h
    7307 total

Current commit WCR average of 6 (PISO=6|5|4|3): 0.372 (chowder-free)


                                               < sand_dunes >
Surf wave report summary: 
._                                                                                                                            
\\\_M                                                                                                                         
\\\\\_H                                                                                            \v/                        
\\\\\\\_A_________.~~.o.~"~._.~`"~._.~"~._.~"~._.~"~._.~`"~._.~"~._.~"~._^_.~"~._.~"~._.~"~._.~`"~.-0-.~"~._.~"~._.~"~._.~"~._
```````^:^````````                                                                                 /|\                        
First and last runs:
v4.34	Jul 18 19:05:56 2020	 x0	1000	0.590	NDG: 0 	RND:	    waves/tubespit/seq-017-variant.txt (+) (  39 bp) REC:1000	M: 2	-
v4.34	Jul 18 19:06:03 2020	 x0	1000	0.136	NDG: 0 	RND:	        waves/chowder/abba_zabba_4.txt (+) (  22 ch) REC:1000	M: 2	-

Number of tests initiated:         22

Number of tests completed:         22

Number of tests w/ PASS 1000:      22

Number of tests w/ REC. 1000:      22

Number of tests w/ nudging:        0

WCR average: 0.372682

Tests with PASS < 1000 (if any):

Tests with REC. < 1000 (if any):

Tests with nudging (if any):

Tests canceled (if any, w/ preceding run for context):

Line counts:
    1983 src/mha_v4.34.c
    1396 src/microhom-cinc.h
     139 src/microhom-devl.h
     113 src/microhom-skor.h
    1957 src/microhom-tela.h
    1719 src/microhomology.h
    7307 total

Current commit WCR average of 22 (PISO=6    ): 0.369955 (chowder-free)
Current commit WCR average of 22 (PISO=5|4|3): 0.372682 (chowder-free)


                                               < churly churly >
Surf wave report summary: 
._                                                                                                                            
\\\_M                                                                                                                         
\\\\\_H                                                                                            \v/                        
\\\\\\\_A_________.~~.o.~"~._.~`"~._.~"~._.~"~._.~"~._.~`"~._.~"~._.~"~._^_.~"~._.~"~._.~"~._.~`"~.-0-.~"~._.~"~._.~"~._.~"~._
```````^:^````````                                                                                 /|\                        
First and last runs:
v4.34	Jul 18 19:06:08 2020	 x0	1000	0.510	NDG: 0 	RND:	           waves/chowder/churly-01.txt (+) ( 100 bp) REC:1000	M: 2	-
v4.34	Jul 18 19:06:08 2020	 x0	1000	0.620	NDG: 0 	RND:	           waves/chowder/churly-38.txt (+) ( 100 bp) REC:1000	M: 2	-

Number of tests initiated:         38

Number of tests completed:         38

Number of tests w/ PASS 1000:      38

Number of tests w/ REC. 1000:      38

Number of tests w/ nudging:        0

WCR average: 0.478684

Tests with PASS < 1000 (if any):

Tests with REC. < 1000 (if any):

Tests with nudging (if any):

Tests canceled (if any, w/ preceding run for context):

Line counts:
    1983 src/mha_v4.34.c
    1396 src/microhom-cinc.h
     139 src/microhom-devl.h
     113 src/microhom-skor.h
    1957 src/microhom-tela.h
    1719 src/microhomology.h
    7307 total

Commit WCR average of 38 (PISO=6|5|4|3): 0.478684 (chowder-free)


                                               < squeegee: PISO 3 -x chowder >
Surf wave report summary: 
._                                                                                                                            
\\\_M                                                                                                                         
\\\\\_H                                                                                            \v/                        
\\\\\\\_A_________.~~.o.~"~._.~`"~._.~"~._.~"~._.~"~._.~`"~._.~"~._.~"~._^_.~"~._.~"~._.~"~._.~`"~.-0-.~"~._.~"~._.~"~._.~"~._
```````^:^````````                                                                                 /|\                        
First and last runs:
v4.34	Jul 18 19:06:14 2020	 x1	1000	0.480	NDG: 0 	RND:	           waves/squeegee/squee112.txt (+) ( 100 bp) REC:1000	M: 7	-
v4.34	Jul 18 19:06:14 2020	 x1	1000	0.420	NDG: 0 	RND:	           waves/squeegee/squee024.txt (+) ( 100 bp) REC:1000	M: 2	-

Number of tests initiated:         34

Number of tests completed:         34

Number of tests w/ PASS 1000:      34

Number of tests w/ REC. 1000:      34

Number of tests w/ nudging:        0

WCR average: 0.470882

Tests with PASS < 1000 (if any):

Tests with REC. < 1000 (if any):

Tests with nudging (if any):

Tests canceled (if any, w/ preceding run for context):

Line counts:
    1983 src/mha_v4.34.c
    1396 src/microhom-cinc.h
     139 src/microhom-devl.h
     113 src/microhom-skor.h
    1957 src/microhom-tela.h
    1719 src/microhomology.h
    7307 total

Commit WCR average of 34 (PISO=6): 0.483824 (chowder-free)
Commit WCR average of 34 (PISO=5): 0.482353 (chowder-free)
Commit WCR average of 34 (PISO=4): 0.470882 (chowder-free)
Commit WCR average of 34 (PISO=3): 0.455882 (chowder-free)

