Mon Aug 31 11:13:33 CDT 2020
Tri-fin dawn patrol: Compiling maximal v4.35.



                                               < cleanup_set_all >
Surf wave report summary: 
._                                                                                                                            
\\\_M                                                                                                                         
\\\\\_H                                                                                            \v/                        
\\\\\\\_A_________.~~.o.~"~._.~`"~._.~"~._.~"~._.~"~._.~`"~._.~"~._.~"~._^_.~"~._.~"~._.~"~._.~`"~.-0-.~"~._.~"~._.~"~._.~"~._
```````^:^````````                                                                                 /|\                        
First and last runs:
v4.35	Aug 31 11:13:40 2020	 x0	1000	0.524	NDG: 0 	RND:	         waves/seals/vnd_ex3_Dmela.txt (+) ( 956 bp) REC:1000	M: 4	-
v4.35	Aug 31 11:14:28 2020	 x1	1000	0.477	NDG: 0 	RND:	waves/tubespit/seq-161-wuhCor1-03-synth2.txt (-) (  44 bp) REC:1000	M: 2	-

Number of tests initiated:         816

Number of tests completed:         816

Number of tests w/ PASS 1000:      816

Number of tests w/ REC. 1000:      816

Number of tests w/ nudging:        0

WCR average: 0.521125

Tests with PASS < 1000 (if any):

Tests with REC. < 1000 (if any):

Tests with nudging (if any):

Tests canceled (if any, w/ preceding run for context):

Line counts:
    2017 src/mha_v4.35.c
    1402 src/microhom-cinc.h
     138 src/microhom-devl.h
     112 src/microhom-skor.h
    2086 src/microhom-tela.h
    1747 src/microhomology.h
    7502 total

Commit WCR avgs (b=6): 0.521125 (chowder-free)
Commit WCR avgs (b=5): 0.517102 (chowder-free)
Commit WCR avgs (b=4): 0.509919 (chowder-free)
Commit WCR avgs (b=3): 0.49552  (chowder-free)


                                               < eat chowder >
Surf wave report summary: 
._                                                                                                                            
\\\_M                                                                                                                         
\\\\\_H                                                                                            \v/                        
\\\\\\\_A_________.~~.o.~"~._.~`"~._.~"~._.~"~._.~"~._.~`"~._.~"~._.~"~._^_.~"~._.~"~._.~"~._.~`"~.-0-.~"~._.~"~._.~"~._.~"~._
```````^:^````````                                                                                 /|\                        
First and last runs:
v4.35	Aug 31 11:15:13 2020	 x0	1000	0.520	NDG: 0 	RND:	         waves/chowder/flotsam_06F.txt (+) ( 100 bp) REC:1000	M: 4	-
v4.35	Aug 31 11:15:15 2020	 x0	1000	0.610	NDG: 0 	RND:	        waves/chowder/stringA-40-k.txt (+) ( 100 bp) REC:1000	M: 2	-

Number of tests initiated:         82

Number of tests completed:         82

Number of tests w/ PASS 1000:      82

Number of tests w/ REC. 1000:      82

Number of tests w/ nudging:        0

WCR average: 0.476427

Tests with PASS < 1000 (if any):

Tests with REC. < 1000 (if any):

Tests with nudging (if any):

Tests canceled (if any, w/ preceding run for context):

Line counts:
    2017 src/mha_v4.35.c
    1402 src/microhom-cinc.h
     138 src/microhom-devl.h
     112 src/microhom-skor.h
    2086 src/microhom-tela.h
    1747 src/microhomology.h
    7502 total

Current commit WCR average of 82 (b=6): 0.476427 (chowder-free)
Current commit WCR average of 82 (b=5): 0.4735   (chowder-free)
Current commit WCR average of 82 (b=4): 0.469841 (chowder-free)
Current commit WCR average of 82 (b=3): 0.455939 (chowder-free)


                                               < eat chowdah: cinch-k k=1 only >
Surf wave report summary: 
._                                                                                                                            
\\\_M                                                                                                                         
\\\\\_H                                                                                            \v/                        
\\\\\\\_A_________.~~.o.~"~._.~`"~._.~"~._.~"~._.~"~._.~`"~._.~"~._.~"~._^_.~"~._.~"~._.~"~._.~`"~.-0-.~"~._.~"~._.~"~._.~"~._
```````^:^````````                                                                                 /|\                        
First and last runs:
v4.35	Aug 31 11:15:21 2020	 x0	1000	0.520	NDG: 0 	RND:	         waves/chowder/flotsam_06F.txt (+) ( 100 bp) REC:1000	M: 4	-
v4.35	Aug 31 11:15:24 2020	 x0	1000	0.610	NDG: 0 	RND:	        waves/chowder/stringA-40-k.txt (+) ( 100 bp) REC:1000	M: 2	-

Number of tests initiated:         82

Number of tests completed:         82

Number of tests w/ PASS 1000:      82

Number of tests w/ REC. 1000:      82

Number of tests w/ nudging:        0

WCR average: 0.48289

Tests with PASS < 1000 (if any):

Tests with REC. < 1000 (if any):

Tests with nudging (if any):

Tests canceled (if any, w/ preceding run for context):

Line counts:
    2017 src/mha_v4.35.c
    1402 src/microhom-cinc.h
     138 src/microhom-devl.h
     112 src/microhom-skor.h
    2086 src/microhom-tela.h
    1747 src/microhomology.h
    7502 total

Current commit WCR average of 82, cinch-k k=1 only (b=6): 0.48289  (chowdah-free)
Current commit WCR average of 82, cinch-k k=1 only (b=5): 0.479232 (chowdah-free)
Current commit WCR average of 82, cinch-k k=1 only (b=4): 0.474841 (chowdah-free)
Current commit WCR average of 82, cinch-k k=1 only (b=3): 0.460695 (chowdah-free)


                                               < eat nuggets >
Surf wave report summary: 
._                                                                                                                            
\\\_M                                                                                                                         
\\\\\_H                                                                                            \v/                        
\\\\\\\_A_________.~~.o.~"~._.~`"~._.~"~._.~"~._.~"~._.~`"~._.~"~._.~"~._^_.~"~._.~"~._.~"~._.~`"~.-0-.~"~._.~"~._.~"~._.~"~._
```````^:^````````                                                                                 /|\                        
First and last runs:
v4.35	Aug 31 11:15:33 2020	 x0	1000	0.390	NDG: 0 	RND:	        waves/chowder/nugget-42356.txt (+) ( 100 bp) REC:1000	M: 4	-
v4.35	Aug 31 11:15:33 2020	 x0	1000	0.450	NDG: 0 	RND:	        waves/chowder/nugget-00008.txt (+) ( 100 bp) REC:1000	M: 5	-

Number of tests initiated:         11

Number of tests completed:         11

Number of tests w/ PASS 1000:      11

Number of tests w/ REC. 1000:      11

Number of tests w/ nudging:        0

WCR average: 0.468182

Tests with PASS < 1000 (if any):

Tests with REC. < 1000 (if any):

Tests with nudging (if any):

Tests canceled (if any, w/ preceding run for context):

Line counts:
    2017 src/mha_v4.35.c
    1402 src/microhom-cinc.h
     138 src/microhom-devl.h
     112 src/microhom-skor.h
    2086 src/microhom-tela.h
    1747 src/microhomology.h
    7502 total

Commit WCR average of 11 (b=6|5): 0.468182 (chowder-free)
Commit WCR average of 11 (b=4  ): 0.461818 (chowder-free)
Commit WCR average of 11 (b=3  ): 0.443636 (chowder-free)


                                               < fractal_splitting >
Surf wave report summary: 
._                                                                                                                            
\\\_M                                                                                                                         
\\\\\_H                                                                                            \v/                        
\\\\\\\_A_________.~~.o.~"~._.~`"~._.~"~._.~"~._.~"~._.~`"~._.~"~._.~"~._^_.~"~._.~"~._.~"~._.~`"~.-0-.~"~._.~"~._.~"~._.~"~._
```````^:^````````                                                                                 /|\                        
First and last runs:
v4.35	Aug 31 11:15:36 2020	 x0	1000	0.471	NDG: 0 	RND:	       waves/chowder/seq26-snippet.txt (+) (  68 bp) REC:1000	M: 2	-
v4.35	Aug 31 11:15:38 2020	 x0	1000	0.516	NDG: 0 	RND:	waves/chowder/snippet-seq-014-cycle3.txt (+) (  31 bp) REC:1000	M: 2	-

Number of tests initiated:         6

Number of tests completed:         6

Number of tests w/ PASS 1000:      6

Number of tests w/ REC. 1000:      6

Number of tests w/ nudging:        0

WCR average: 0.398

Tests with PASS < 1000 (if any):

Tests with REC. < 1000 (if any):

Tests with nudging (if any):

Tests canceled (if any, w/ preceding run for context):

Line counts:
    2017 src/mha_v4.35.c
    1402 src/microhom-cinc.h
     138 src/microhom-devl.h
     112 src/microhom-skor.h
    2086 src/microhom-tela.h
    1747 src/microhomology.h
    7502 total

Current commit WCR average of 6 (b=6|5|4): 0.398    (chowder-free)
Current commit WCR average of 6 (b=3    ): 0.388167 (chowder-free)


                                               < sand_dunes >
Surf wave report summary: 
._                                                                                                                            
\\\_M                                                                                                                         
\\\\\_H                                                                                            \v/                        
\\\\\\\_A_________.~~.o.~"~._.~`"~._.~"~._.~"~._.~"~._.~`"~._.~"~._.~"~._^_.~"~._.~"~._.~"~._.~`"~.-0-.~"~._.~"~._.~"~._.~"~._
```````^:^````````                                                                                 /|\                        
First and last runs:
v4.35	Aug 31 11:15:40 2020	 x0	1000	0.590	NDG: 0 	RND:	    waves/tubespit/seq-017-variant.txt (+) (  39 bp) REC:1000	M: 2	-
v4.35	Aug 31 11:15:42 2020	 x1	1000	0.586	NDG: 0 	RND:	waves/snippets/snippet-squirt_03-b6.alt1 (+) (  29 bp) REC:1000	M: 2	-

Number of tests initiated:         23

Number of tests completed:         23

Number of tests w/ PASS 1000:      23

Number of tests w/ REC. 1000:      23

Number of tests w/ nudging:        0

WCR average: 0.388783

Tests with PASS < 1000 (if any):

Tests with REC. < 1000 (if any):

Tests with nudging (if any):

Tests canceled (if any, w/ preceding run for context):

Line counts:
    2017 src/mha_v4.35.c
    1402 src/microhom-cinc.h
     138 src/microhom-devl.h
     112 src/microhom-skor.h
    2086 src/microhom-tela.h
    1747 src/microhomology.h
    7502 total

Current commit WCR average of 23 (b=6  ): 0.388783 (chowder-free)
Current commit WCR average of 23 (b=5|4): 0.392087 (chowder-free)
Current commit WCR average of 23 (b=3  ): 0.389522 (chowder-free)


                                               < churly churly >
Surf wave report summary: 
._                                                                                                                            
\\\_M                                                                                                                         
\\\\\_H                                                                                            \v/                        
\\\\\\\_A_________.~~.o.~"~._.~`"~._.~"~._.~"~._.~"~._.~`"~._.~"~._.~"~._^_.~"~._.~"~._.~"~._.~`"~.-0-.~"~._.~"~._.~"~._.~"~._
```````^:^````````                                                                                 /|\                        
First and last runs:
v4.35	Aug 31 11:15:45 2020	 x0	1000	0.510	NDG: 0 	RND:	           waves/chowder/churly-01.txt (+) ( 100 bp) REC:1000	M: 2	-
v4.35	Aug 31 11:15:46 2020	 x0	1000	0.630	NDG: 0 	RND:	           waves/chowder/churly-38.txt (+) ( 100 bp) REC:1000	M: 4	-

Number of tests initiated:         38

Number of tests completed:         38

Number of tests w/ PASS 1000:      38

Number of tests w/ REC. 1000:      38

Number of tests w/ nudging:        0

WCR average: 0.504474

Tests with PASS < 1000 (if any):

Tests with REC. < 1000 (if any):

Tests with nudging (if any):

Tests canceled (if any, w/ preceding run for context):

Line counts:
    2017 src/mha_v4.35.c
    1402 src/microhom-cinc.h
     138 src/microhom-devl.h
     112 src/microhom-skor.h
    2086 src/microhom-tela.h
    1747 src/microhomology.h
    7502 total

Commit WCR average of 38 (b=6): 0.504474 (chowder-free)
Commit WCR average of 38 (b=5): 0.496579 (chowder-free)
Commit WCR average of 38 (b=4): 0.485    (chowder-free)
Commit WCR average of 38 (b=3): 0.461842 (chowder-free)


                                               < squid: b 3 -x trial 4 chowder >
Surf wave report summary: 
._                                                                                                                            
\\\_M                                                                                                                         
\\\\\_H                                                                                            \v/                        
\\\\\\\_A_________.~~.o.~"~._.~`"~._.~"~._.~"~._.~"~._.~`"~._.~"~._.~"~._^_.~"~._.~"~._.~"~._.~`"~.-0-.~"~._.~"~._.~"~._.~"~._
```````^:^````````                                                                                 /|\                        
First and last runs:
v4.35	Aug 31 11:15:49 2020	 x1	1000	0.680	NDG: 0 	RND:	           waves/squeegee/squid~44.txt (+) ( 100 bp) REC:1000	M: 5	-
v4.35	Aug 31 11:15:50 2020	 x1	1000	0.580	NDG: 0 	RND:	           waves/squeegee/squid~24.txt (+) ( 100 bp) REC:1000	M: 2	-

Number of tests initiated:         25

Number of tests completed:         25

Number of tests w/ PASS 1000:      25

Number of tests w/ REC. 1000:      25

Number of tests w/ nudging:        0

WCR average: 0.5162

Tests with PASS < 1000 (if any):

Tests with REC. < 1000 (if any):

Tests with nudging (if any):

Tests canceled (if any, w/ preceding run for context):

Line counts:
    2017 src/mha_v4.35.c
    1402 src/microhom-cinc.h
     138 src/microhom-devl.h
     112 src/microhom-skor.h
    2086 src/microhom-tela.h
    1747 src/microhomology.h
    7502 total

Commit WCR average of 25 (b=6): 0.5162 (chowder-free)
Commit WCR average of 25 (b=5): 0.509  (chowder-free)
Commit WCR average of 25 (b=4): 0.5098 (chowder-free)
Commit WCR average of 25 (b=3): 0.4762 (chowder-free)


                                               < squeegee: b 3 -x chowder >
Surf wave report summary: 
._                                                                                                                            
\\\_M                                                                                                                         
\\\\\_H                                                                                            \v/                        
\\\\\\\_A_________.~~.o.~"~._.~`"~._.~"~._.~"~._.~"~._.~`"~._.~"~._.~"~._^_.~"~._.~"~._.~"~._.~`"~.-0-.~"~._.~"~._.~"~._.~"~._
```````^:^````````                                                                                 /|\                        
First and last runs:
v4.35	Aug 31 11:15:52 2020	 x1	1000	0.530	NDG: 0 	RND:	           waves/squeegee/squee006.txt (+) ( 100 bp) REC:1000	M: 2	-
v4.35	Aug 31 11:15:54 2020	 x1	1000	0.480	NDG: 0 	RND:	           waves/squeegee/squee282.txt (+) ( 100 bp) REC:1000	M: 4	-

Number of tests initiated:         58

Number of tests completed:         58

Number of tests w/ PASS 1000:      58

Number of tests w/ REC. 1000:      58

Number of tests w/ nudging:        0

WCR average: 0.517586

Tests with PASS < 1000 (if any):

Tests with REC. < 1000 (if any):

Tests with nudging (if any):

Tests canceled (if any, w/ preceding run for context):

Line counts:
    2017 src/mha_v4.35.c
    1402 src/microhom-cinc.h
     138 src/microhom-devl.h
     112 src/microhom-skor.h
    2086 src/microhom-tela.h
    1747 src/microhomology.h
    7502 total

Commit WCR average of 58 (b=6): 0.517586 (chowder-free)
Commit WCR average of 58 (b=5): 0.511552 (chowder-free)
Commit WCR average of 58 (b=4): 0.505517 (chowder-free)
Commit WCR average of 58 (b=3): 0.481897 (chowder-free)


                                               < squirt chowder >
Surf wave report summary: 
._                                                                                                                            
\\\_M                                                                                                                         
\\\\\_H                                                                                            \v/                        
\\\\\\\_A_________.~~.o.~"~._.~`"~._.~"~._.~"~._.~"~._.~`"~._.~"~._.~"~._^_.~"~._.~"~._.~"~._.~`"~.-0-.~"~._.~"~._.~"~._.~"~._
```````^:^````````                                                                                 /|\                        
First and last runs:
v4.35	Aug 31 11:15:56 2020	 x1	1000	0.560	NDG: 2 	RND:	       waves/squeegee/squirt_06-b6.txt (+) ( 100 bp) REC:1000	M: 2	-
v4.35	Aug 31 11:15:58 2020	 x1	1000	0.530	NDG: 0 	RND:	       waves/squeegee/squirt_01-b6.txt (+) ( 100 bp) REC:1000	M: 3	-

Number of tests initiated:         7

Number of tests completed:         7

Number of tests w/ PASS 1000:      7

Number of tests w/ REC. 1000:      7

Number of tests w/ nudging:        2

WCR average: 0.514286

Tests with PASS < 1000 (if any):

Tests with REC. < 1000 (if any):

Tests with nudging (if any):
v4.35	Aug 31 11:15:56 2020	 x1	1000	0.560	NDG: 2 	RND:	       waves/squeegee/squirt_06-b6.txt (+) ( 100 bp) REC:1000	M: 2	-
v4.35	Aug 31 11:15:57 2020	 x1	1000	0.560	NDG: 3 	RND:	       waves/squeegee/squirt_07-b6.txt (+) ( 100 bp) REC:1000	M: 2	-

Tests canceled (if any, w/ preceding run for context):

Line counts:
    2017 src/mha_v4.35.c
    1402 src/microhom-cinc.h
     138 src/microhom-devl.h
     112 src/microhom-skor.h
    2086 src/microhom-tela.h
    1747 src/microhomology.h
    7502 total

Commit WCR average of 7 (b=6): 0.514286 (5 / 7 solved)
Commit WCR average of 7 (b=6): 0.518571 (5 / 7 solved)
Commit WCR average of 7 (b=4): 0.512857 (5 / 7 solved)
Commit WCR average of 7 (b=3): 0.481429 (5 / 7 solved)

