Mon Aug 24 15:52:51 CDT 2020
Tri-fin dawn patrol: Compiling maximal v4.34.

#define PISO        6		/* FLOOR FOR TRANSITION MATCHING ABOVE THIS k-MER SIZE */


                                               < cleanup_set_all >
Surf wave report summary: 
._                                                                                                                            
\\\_M                                                                                                                         
\\\\\_H                                                                                            \v/                        
\\\\\\\_A_________.~~.o.~"~._.~`"~._.~"~._.~"~._.~"~._.~`"~._.~"~._.~"~._^_.~"~._.~"~._.~"~._.~`"~.-0-.~"~._.~"~._.~"~._.~"~._
```````^:^````````                                                                                 /|\                        
First and last runs:
v4.34	Aug 24 15:52:56 2020	 x0	1000	0.529	NDG: 0 	RND:	         waves/seals/vnd_ex3_Dmela.txt (+) ( 956 bp) REC:1000	M: 4	-
v4.34	Aug 24 15:53:40 2020	 x1	1000	0.477	NDG: 0 	RND:	waves/tubespit/seq-161-wuhCor1-03-synth2.txt (-) (  44 bp) REC:1000	M: 2	-

Number of tests initiated:         816

Number of tests completed:         816

Number of tests w/ PASS 1000:      816

Number of tests w/ REC. 1000:      816

Number of tests w/ nudging:        0

WCR average: 0.524576

Tests with PASS < 1000 (if any):

Tests with REC. < 1000 (if any):

Tests with nudging (if any):

Tests canceled (if any, w/ preceding run for context):

Line counts:
    2007 src/mha_v4.34.c
    1406 src/microhom-cinc.h
     139 src/microhom-devl.h
     113 src/microhom-skor.h
    2060 src/microhom-tela.h
    1748 src/microhomology.h
    7473 total

Commit WCR avgs (PISO=6): 0.504347 -> 0.524624 -> 0.524665 -> 0.524576 (chowder-free)
Commit WCR avgs (PISO=5): 0.502283 -> 0.522001 -> 0.522059 -> 0.521969 (chowder-free)
Commit WCR avgs (PISO=4): 0.499219 -> 0.519346 -> 0.519501 -> 0.519412 (chowder-free)
Commit WCR avgs (PISO=3): 0.491942 -> 0.513786 -> 0.513888 -> 0.513799 (chowder-free)


                                               < eat chowder >
Surf wave report summary: 
._                                                                                                                            
\\\_M                                                                                                                         
\\\\\_H                                                                                            \v/                        
\\\\\\\_A_________.~~.o.~"~._.~`"~._.~"~._.~"~._.~"~._.~`"~._.~"~._.~"~._^_.~"~._.~"~._.~"~._.~`"~.-0-.~"~._.~"~._.~"~._.~"~._
```````^:^````````                                                                                 /|\                        
First and last runs:
v4.34	Aug 24 15:54:03 2020	 x0	1000	0.520	NDG: 0 	RND:	         waves/chowder/flotsam_06F.txt (+) ( 100 bp) REC:1000	M: 4	-
v4.34	Aug 24 15:54:04 2020	 x0	1000	0.610	NDG: 0 	RND:	        waves/chowder/stringA-40-k.txt (+) ( 100 bp) REC:1000	M: 2	-

Number of tests initiated:         82

Number of tests completed:         82

Number of tests w/ PASS 1000:      82

Number of tests w/ REC. 1000:      82

Number of tests w/ nudging:        0

WCR average: 0.481061

Tests with PASS < 1000 (if any):

Tests with REC. < 1000 (if any):

Tests with nudging (if any):

Tests canceled (if any, w/ preceding run for context):

Line counts:
    2007 src/mha_v4.34.c
    1406 src/microhom-cinc.h
     139 src/microhom-devl.h
     113 src/microhom-skor.h
    2060 src/microhom-tela.h
    1748 src/microhomology.h
    7473 total

Current commit WCR average of 82 (PISO=6|5|4|3): 0.461866 -> 0.481183 -> 0.481061 (chowder-free)


                                               < eat chowdah: cinch-k k=1 only >
Surf wave report summary: 
._                                                                                                                            
\\\_M                                                                                                                         
\\\\\_H                                                                                            \v/                        
\\\\\\\_A_________.~~.o.~"~._.~`"~._.~"~._.~"~._.~"~._.~`"~._.~"~._.~"~._^_.~"~._.~"~._.~"~._.~`"~.-0-.~"~._.~"~._.~"~._.~"~._
```````^:^````````                                                                                 /|\                        
First and last runs:
v4.34	Aug 24 15:54:09 2020	 x0	1000	0.520	NDG: 0 	RND:	         waves/chowder/flotsam_06F.txt (+) ( 100 bp) REC:1000	M: 4	-
v4.34	Aug 24 15:54:11 2020	 x0	1000	0.610	NDG: 0 	RND:	        waves/chowder/stringA-40-k.txt (+) ( 100 bp) REC:1000	M: 2	-

Number of tests initiated:         82

Number of tests completed:         82

Number of tests w/ PASS 1000:      82

Number of tests w/ REC. 1000:      82

Number of tests w/ nudging:        0

WCR average: 0.488134

Tests with PASS < 1000 (if any):

Tests with REC. < 1000 (if any):

Tests with nudging (if any):

Tests canceled (if any, w/ preceding run for context):

Line counts:
    2007 src/mha_v4.34.c
    1406 src/microhom-cinc.h
     139 src/microhom-devl.h
     113 src/microhom-skor.h
    2060 src/microhom-tela.h
    1748 src/microhomology.h
    7473 total

Current commit WCR average of 82, cinch-k k=1 only (PISO=6|5|4|3): 0.467476 -> 0.488134 (chowdah-free)


                                               < eat nuggets >
Surf wave report summary: 
._                                                                                                                            
\\\_M                                                                                                                         
\\\\\_H                                                                                            \v/                        
\\\\\\\_A_________.~~.o.~"~._.~`"~._.~"~._.~"~._.~"~._.~`"~._.~"~._.~"~._^_.~"~._.~"~._.~"~._.~`"~.-0-.~"~._.~"~._.~"~._.~"~._
```````^:^````````                                                                                 /|\                        
First and last runs:
v4.34	Aug 24 15:54:16 2020	 x0	1000	0.470	NDG: 0 	RND:	        waves/chowder/nugget-42356.txt (+) ( 100 bp) REC:1000	M: 4	-
v4.34	Aug 24 15:54:16 2020	 x0	1000	0.450	NDG: 0 	RND:	        waves/chowder/nugget-00008.txt (+) ( 100 bp) REC:1000	M: 5	-

Number of tests initiated:         11

Number of tests completed:         11

Number of tests w/ PASS 1000:      11

Number of tests w/ REC. 1000:      11

Number of tests w/ nudging:        0

WCR average: 0.475455

Tests with PASS < 1000 (if any):

Tests with REC. < 1000 (if any):

Tests with nudging (if any):

Tests canceled (if any, w/ preceding run for context):

Line counts:
    2007 src/mha_v4.34.c
    1406 src/microhom-cinc.h
     139 src/microhom-devl.h
     113 src/microhom-skor.h
    2060 src/microhom-tela.h
    1748 src/microhomology.h
    7473 total

Commit WCR average of 11 (PISO=6|5|4|3): 0.451818 -> 0.475455 (chowder-free)


                                               < fractal_splitting >
Surf wave report summary: 
._                                                                                                                            
\\\_M                                                                                                                         
\\\\\_H                                                                                            \v/                        
\\\\\\\_A_________.~~.o.~"~._.~`"~._.~"~._.~"~._.~"~._.~`"~._.~"~._.~"~._^_.~"~._.~"~._.~"~._.~`"~.-0-.~"~._.~"~._.~"~._.~"~._
```````^:^````````                                                                                 /|\                        
First and last runs:
v4.34	Aug 24 15:54:19 2020	 x0	1000	0.471	NDG: 0 	RND:	       waves/chowder/seq26-snippet.txt (+) (  68 bp) REC:1000	M: 2	-
v4.34	Aug 24 15:54:19 2020	 x0	1000	0.516	NDG: 0 	RND:	waves/chowder/snippet-seq-014-cycle3.txt (+) (  31 bp) REC:1000	M: 2	-

Number of tests initiated:         6

Number of tests completed:         6

Number of tests w/ PASS 1000:      6

Number of tests w/ REC. 1000:      6

Number of tests w/ nudging:        0

WCR average: 0.398

Tests with PASS < 1000 (if any):

Tests with REC. < 1000 (if any):

Tests with nudging (if any):

Tests canceled (if any, w/ preceding run for context):

Line counts:
    2007 src/mha_v4.34.c
    1406 src/microhom-cinc.h
     139 src/microhom-devl.h
     113 src/microhom-skor.h
    2060 src/microhom-tela.h
    1748 src/microhomology.h
    7473 total

Current commit WCR average of 6 (PISO=6|5|4|3): 0.368 -> 0.401667 -> 0.398 (chowder-free)


                                               < sand_dunes >
Surf wave report summary: 
._                                                                                                                            
\\\_M                                                                                                                         
\\\\\_H                                                                                            \v/                        
\\\\\\\_A_________.~~.o.~"~._.~`"~._.~"~._.~"~._.~"~._.~`"~._.~"~._.~"~._^_.~"~._.~"~._.~"~._.~`"~.-0-.~"~._.~"~._.~"~._.~"~._
```````^:^````````                                                                                 /|\                        
First and last runs:
v4.34	Aug 24 15:54:21 2020	 x0	1000	0.590	NDG: 0 	RND:	    waves/tubespit/seq-017-variant.txt (+) (  39 bp) REC:1000	M: 2	-
v4.34	Aug 24 15:54:21 2020	 x0	1000	0.136	NDG: 0 	RND:	        waves/chowder/abba_zabba_4.txt (+) (  22 ch) REC:1000	M: 2	-

Number of tests initiated:         22

Number of tests completed:         22

Number of tests w/ PASS 1000:      22

Number of tests w/ REC. 1000:      22

Number of tests w/ nudging:        0

WCR average: 0.382636

Tests with PASS < 1000 (if any):

Tests with REC. < 1000 (if any):

Tests with nudging (if any):

Tests canceled (if any, w/ preceding run for context):

Line counts:
    2007 src/mha_v4.34.c
    1406 src/microhom-cinc.h
     139 src/microhom-devl.h
     113 src/microhom-skor.h
    2060 src/microhom-tela.h
    1748 src/microhomology.h
    7473 total

Current commit WCR average of 22 (PISO=6    ): 0.365227 -> 0.383636 -> 0.382636 (chowder-free)
Current commit WCR average of 22 (PISO=5|4|3): 0.367955 -> 0.387091 -> 0.386091 (chowder-free)


                                               < churly churly >
Surf wave report summary: 
._                                                                                                                            
\\\_M                                                                                                                         
\\\\\_H                                                                                            \v/                        
\\\\\\\_A_________.~~.o.~"~._.~`"~._.~"~._.~"~._.~"~._.~`"~._.~"~._.~"~._^_.~"~._.~"~._.~"~._.~`"~.-0-.~"~._.~"~._.~"~._.~"~._
```````^:^````````                                                                                 /|\                        
First and last runs:
v4.34	Aug 24 15:54:24 2020	 x0	1000	0.510	NDG: 0 	RND:	           waves/chowder/churly-01.txt (+) ( 100 bp) REC:1000	M: 2	-
v4.34	Aug 24 15:54:25 2020	 x0	1000	0.630	NDG: 0 	RND:	           waves/chowder/churly-38.txt (+) ( 100 bp) REC:1000	M: 4	-

Number of tests initiated:         38

Number of tests completed:         38

Number of tests w/ PASS 1000:      38

Number of tests w/ REC. 1000:      38

Number of tests w/ nudging:        0

WCR average: 0.505263

Tests with PASS < 1000 (if any):

Tests with REC. < 1000 (if any):

Tests with nudging (if any):

Tests canceled (if any, w/ preceding run for context):

Line counts:
    2007 src/mha_v4.34.c
    1406 src/microhom-cinc.h
     139 src/microhom-devl.h
     113 src/microhom-skor.h
    2060 src/microhom-tela.h
    1748 src/microhomology.h
    7473 total

Commit WCR average of 38 (PISO=6|5|4|3): 0.478158 -> 0.504737 -> 0.505263 (chowder-free)


                                               < squeegee: PISO 3 -x chowder >
Surf wave report summary: 
._                                                                                                                            
\\\_M                                                                                                                         
\\\\\_H                                                                                            \v/                        
\\\\\\\_A_________.~~.o.~"~._.~`"~._.~"~._.~"~._.~"~._.~`"~._.~"~._.~"~._^_.~"~._.~"~._.~"~._.~`"~.-0-.~"~._.~"~._.~"~._.~"~._
```````^:^````````                                                                                 /|\                        
First and last runs:
v4.34	Aug 24 15:54:28 2020	 x1	1000	0.500	NDG: 0 	RND:	           waves/squeegee/squee112.txt (+) ( 100 bp) REC:1000	M: 7	-
v4.34	Aug 24 15:54:32 2020	 x1	1000	0.480	NDG: 0 	RND:	           waves/squeegee/squee282.txt (+) ( 100 bp) REC:1000	M: 4	-

Number of tests initiated:         58

Number of tests completed:         58

Number of tests w/ PASS 1000:      58

Number of tests w/ REC. 1000:      58

Number of tests w/ nudging:        0

WCR average: 0.517931

Tests with PASS < 1000 (if any):

Tests with REC. < 1000 (if any):

Tests with nudging (if any):

Tests canceled (if any, w/ preceding run for context):

Line counts:
    2007 src/mha_v4.34.c
    1406 src/microhom-cinc.h
     139 src/microhom-devl.h
     113 src/microhom-skor.h
    2060 src/microhom-tela.h
    1748 src/microhomology.h
    7473 total

Commit WCR average of 58 (PISO=6): 0.517931 (chowder-free) -> 0.517931 (chowder-free)
Commit WCR average of 58 (PISO=5): 0.512069 (chowder-free) -> 0.511724 (chowder-free)
Commit WCR average of 58 (PISO=4): 0.50569  (57/58 solved) -> 0.505517 (chowder-free)
Commit WCR average of 58 (PISO=3): 0.481897 (48/58 solved) -> 0.480172 (52/58 solved)


                                               < squid: PISO 3 -x trial 4 chowder >
Surf wave report summary: 
._                                                                                                                            
\\\_M                                                                                                                         
\\\\\_H                                                                                            \v/                        
\\\\\\\_A_________.~~.o.~"~._.~`"~._.~"~._.~"~._.~"~._.~`"~._.~"~._.~"~._^_.~"~._.~"~._.~"~._.~`"~.-0-.~"~._.~"~._.~"~._.~"~._
```````^:^````````                                                                                 /|\                        
First and last runs:
v4.34	Aug 24 15:54:36 2020	 x1	1000	0.680	NDG: 0 	RND:	           waves/squeegee/squid~44.txt (+) ( 100 bp) REC:1000	M: 5	-
v4.34	Aug 24 15:54:41 2020	 x1	1000	0.580	NDG: 0 	RND:	           waves/squeegee/squid~24.txt (+) ( 100 bp) REC:1000	M: 2	-

Number of tests initiated:         25

Number of tests completed:         25

Number of tests w/ PASS 1000:      25

Number of tests w/ REC. 1000:      25

Number of tests w/ nudging:        0

WCR average: 0.517

Tests with PASS < 1000 (if any):

Tests with REC. < 1000 (if any):

Tests with nudging (if any):

Tests canceled (if any, w/ preceding run for context):

Line counts:
    2007 src/mha_v4.34.c
    1406 src/microhom-cinc.h
     139 src/microhom-devl.h
     113 src/microhom-skor.h
    2060 src/microhom-tela.h
    1748 src/microhomology.h
    7473 total

Commit WCR average of 25 (PISO=6): 0.5154 (24/25 solved) -> 0.5154 (chowder-free) -> 0.517  (chowder-free)
Commit WCR average of 25 (PISO=5): 0.509  (24/25 solved) -> 0.509  (chowder-free) -> 0.5106 (chowder-free)
Commit WCR average of 25 (PISO=4): 0.5102 (23/25 solved) -> 0.5098 (chowder-free) -> 0.511  (chowder-free)
Commit WCR average of 25 (PISO=3): 0.4762 (22/25 solved) -> 0.4758 (24/25 solved) -> 0.4774 (24/25 solved)

