Sun Jul 26 10:06:12 CDT 2020
Tri-fin dawn patrol: Compiling maximal v4.34.

#define PISO        6		/* FLOOR FOR TRANSITION MATCHING ABOVE THIS k-MER SIZE */


                                               < cleanup_set_all >
Surf wave report summary: 
._                                                                                                                            
\\\_M                                                                                                                         
\\\\\_H                                                                                            \v/                        
\\\\\\\_A_________.~~.o.~"~._.~`"~._.~"~._.~"~._.~"~._.~`"~._.~"~._.~"~._^_.~"~._.~"~._.~"~._.~`"~.-0-.~"~._.~"~._.~"~._.~"~._
```````^:^````````                                                                                 /|\                        
First and last runs:
v4.34	Jul 26 10:06:26 2020	 x0	1000	0.510	NDG: 0 	RND:	         waves/seals/vnd_ex3_Dmela.txt (+) ( 956 bp) REC:1000	M: 4	-
v4.34	Jul 26 10:07:12 2020	 x1	1000	0.477	NDG: 0 	RND:	waves/tubespit/seq-161-wuhCor1-03-synth2.txt (-) (  44 bp) REC:1000	M: 2	-

Number of tests initiated:         816

Number of tests completed:         816

Number of tests w/ PASS 1000:      816

Number of tests w/ REC. 1000:      816

Number of tests w/ nudging:        0

WCR average: 0.504347

Tests with PASS < 1000 (if any):

Tests with REC. < 1000 (if any):

Tests with nudging (if any):

Tests canceled (if any, w/ preceding run for context):

Line counts:
    1984 src/mha_v4.34.c
    1399 src/microhom-cinc.h
     139 src/microhom-devl.h
     113 src/microhom-skor.h
    2043 src/microhom-tela.h
    1719 src/microhomology.h
    7397 total

Commit WCR avgs (PISO=6): 0.504347 (chowder-free)
Commit WCR avgs (PISO=5): 0.502283 (chowder-free)
Commit WCR avgs (PISO=4): 0.499219 (chowder-free)
Commit WCR avgs (PISO=3): 0.491942 (chowder-free)


                                               < eat chowder >
Surf wave report summary: 
._                                                                                                                            
\\\_M                                                                                                                         
\\\\\_H                                                                                            \v/                        
\\\\\\\_A_________.~~.o.~"~._.~`"~._.~"~._.~"~._.~"~._.~`"~._.~"~._.~"~._^_.~"~._.~"~._.~"~._.~`"~.-0-.~"~._.~"~._.~"~._.~"~._
```````^:^````````                                                                                 /|\                        
First and last runs:
v4.34	Jul 26 10:07:41 2020	 x0	1000	0.470	NDG: 0 	RND:	         waves/chowder/flotsam_06F.txt (+) ( 100 bp) REC:1000	M: 4	-
v4.34	Jul 26 10:07:43 2020	 x0	1000	0.560	NDG: 0 	RND:	        waves/chowder/stringA-40-k.txt (+) ( 100 bp) REC:1000	M: 2	-

Number of tests initiated:         82

Number of tests completed:         82

Number of tests w/ PASS 1000:      82

Number of tests w/ REC. 1000:      82

Number of tests w/ nudging:        0

WCR average: 0.461866

Tests with PASS < 1000 (if any):

Tests with REC. < 1000 (if any):

Tests with nudging (if any):

Tests canceled (if any, w/ preceding run for context):

Line counts:
    1984 src/mha_v4.34.c
    1399 src/microhom-cinc.h
     139 src/microhom-devl.h
     113 src/microhom-skor.h
    2043 src/microhom-tela.h
    1719 src/microhomology.h
    7397 total

Current commit WCR average of 82 (PISO=6|5|4|3): 0.461866 (chowder-free)


                                               < eat chowdah: cinch-k k=1 only >
Surf wave report summary: 
._                                                                                                                            
\\\_M                                                                                                                         
\\\\\_H                                                                                            \v/                        
\\\\\\\_A_________.~~.o.~"~._.~`"~._.~"~._.~"~._.~"~._.~`"~._.~"~._.~"~._^_.~"~._.~"~._.~"~._.~`"~.-0-.~"~._.~"~._.~"~._.~"~._
```````^:^````````                                                                                 /|\                        
First and last runs:
v4.34	Jul 26 10:07:48 2020	 x0	1000	0.470	NDG: 0 	RND:	         waves/chowder/flotsam_06F.txt (+) ( 100 bp) REC:1000	M: 4	-
v4.34	Jul 26 10:07:50 2020	 x0	1000	0.580	NDG: 0 	RND:	        waves/chowder/stringA-40-k.txt (+) ( 100 bp) REC:1000	M: 2	-

Number of tests initiated:         82

Number of tests completed:         82

Number of tests w/ PASS 1000:      82

Number of tests w/ REC. 1000:      82

Number of tests w/ nudging:        0

WCR average: 0.467476

Tests with PASS < 1000 (if any):

Tests with REC. < 1000 (if any):

Tests with nudging (if any):

Tests canceled (if any, w/ preceding run for context):

Line counts:
    1984 src/mha_v4.34.c
    1399 src/microhom-cinc.h
     139 src/microhom-devl.h
     113 src/microhom-skor.h
    2043 src/microhom-tela.h
    1719 src/microhomology.h
    7397 total

Current commit WCR average of 82, cinch-k k=1 only (PISO=6|5|4|3): 0.467476 (chowdah-free)


                                               < eat nuggets >
Surf wave report summary: 
._                                                                                                                            
\\\_M                                                                                                                         
\\\\\_H                                                                                            \v/                        
\\\\\\\_A_________.~~.o.~"~._.~`"~._.~"~._.~"~._.~"~._.~`"~._.~"~._.~"~._^_.~"~._.~"~._.~"~._.~`"~.-0-.~"~._.~"~._.~"~._.~"~._
```````^:^````````                                                                                 /|\                        
First and last runs:
v4.34	Jul 26 10:07:54 2020	 x0	1000	0.460	NDG: 0 	RND:	        waves/chowder/nugget-42356.txt (+) ( 100 bp) REC:1000	M: 4	-
v4.34	Jul 26 10:07:54 2020	 x0	1000	0.400	NDG: 0 	RND:	        waves/chowder/nugget-00008.txt (+) ( 100 bp) REC:1000	M: 3	-

Number of tests initiated:         11

Number of tests completed:         11

Number of tests w/ PASS 1000:      11

Number of tests w/ REC. 1000:      11

Number of tests w/ nudging:        0

WCR average: 0.451818

Tests with PASS < 1000 (if any):

Tests with REC. < 1000 (if any):

Tests with nudging (if any):

Tests canceled (if any, w/ preceding run for context):

Line counts:
    1984 src/mha_v4.34.c
    1399 src/microhom-cinc.h
     139 src/microhom-devl.h
     113 src/microhom-skor.h
    2043 src/microhom-tela.h
    1719 src/microhomology.h
    7397 total

Commit WCR average of 11 (PISO=6|5|4|3): 0.451818 (chowder-free)


                                               < fractal_splitting >
Surf wave report summary: 
._                                                                                                                            
\\\_M                                                                                                                         
\\\\\_H                                                                                            \v/                        
\\\\\\\_A_________.~~.o.~"~._.~`"~._.~"~._.~"~._.~"~._.~`"~._.~"~._.~"~._^_.~"~._.~"~._.~"~._.~`"~.-0-.~"~._.~"~._.~"~._.~"~._
```````^:^````````                                                                                 /|\                        
First and last runs:
v4.34	Jul 26 10:07:55 2020	 x0	1000	0.471	NDG: 0 	RND:	       waves/chowder/seq26-snippet.txt (+) (  68 bp) REC:1000	M: 2	-
v4.34	Jul 26 10:07:55 2020	 x0	1000	0.484	NDG: 0 	RND:	waves/chowder/snippet-seq-014-cycle3.txt (+) (  31 bp) REC:1000	M: 2	-

Number of tests initiated:         6

Number of tests completed:         6

Number of tests w/ PASS 1000:      6

Number of tests w/ REC. 1000:      6

Number of tests w/ nudging:        0

WCR average: 0.368

Tests with PASS < 1000 (if any):

Tests with REC. < 1000 (if any):

Tests with nudging (if any):

Tests canceled (if any, w/ preceding run for context):

Line counts:
    1984 src/mha_v4.34.c
    1399 src/microhom-cinc.h
     139 src/microhom-devl.h
     113 src/microhom-skor.h
    2043 src/microhom-tela.h
    1719 src/microhomology.h
    7397 total

Current commit WCR average of 6 (PISO=6|5|4|3): 0.368 (chowder-free)


                                               < sand_dunes >
Surf wave report summary: 
._                                                                                                                            
\\\_M                                                                                                                         
\\\\\_H                                                                                            \v/                        
\\\\\\\_A_________.~~.o.~"~._.~`"~._.~"~._.~"~._.~"~._.~`"~._.~"~._.~"~._^_.~"~._.~"~._.~"~._.~`"~.-0-.~"~._.~"~._.~"~._.~"~._
```````^:^````````                                                                                 /|\                        
First and last runs:
v4.34	Jul 26 10:07:57 2020	 x0	1000	0.590	NDG: 0 	RND:	    waves/tubespit/seq-017-variant.txt (+) (  39 bp) REC:1000	M: 2	-
v4.34	Jul 26 10:07:57 2020	 x0	1000	0.136	NDG: 0 	RND:	        waves/chowder/abba_zabba_4.txt (+) (  22 ch) REC:1000	M: 2	-

Number of tests initiated:         22

Number of tests completed:         22

Number of tests w/ PASS 1000:      22

Number of tests w/ REC. 1000:      22

Number of tests w/ nudging:        0

WCR average: 0.365227

Tests with PASS < 1000 (if any):

Tests with REC. < 1000 (if any):

Tests with nudging (if any):

Tests canceled (if any, w/ preceding run for context):

Line counts:
    1984 src/mha_v4.34.c
    1399 src/microhom-cinc.h
     139 src/microhom-devl.h
     113 src/microhom-skor.h
    2043 src/microhom-tela.h
    1719 src/microhomology.h
    7397 total

Current commit WCR average of 22 (PISO=6    ): 0.365227 (chowder-free)
Current commit WCR average of 22 (PISO=5|4|3): 0.367955 (chowder-free)


                                               < churly churly >
Surf wave report summary: 
._                                                                                                                            
\\\_M                                                                                                                         
\\\\\_H                                                                                            \v/                        
\\\\\\\_A_________.~~.o.~"~._.~`"~._.~"~._.~"~._.~"~._.~`"~._.~"~._.~"~._^_.~"~._.~"~._.~"~._.~`"~.-0-.~"~._.~"~._.~"~._.~"~._
```````^:^````````                                                                                 /|\                        
First and last runs:
v4.34	Jul 26 10:07:59 2020	 x0	1000	0.510	NDG: 0 	RND:	           waves/chowder/churly-01.txt (+) ( 100 bp) REC:1000	M: 2	-
v4.34	Jul 26 10:08:00 2020	 x0	1000	0.620	NDG: 0 	RND:	           waves/chowder/churly-38.txt (+) ( 100 bp) REC:1000	M: 2	-

Number of tests initiated:         38

Number of tests completed:         38

Number of tests w/ PASS 1000:      38

Number of tests w/ REC. 1000:      38

Number of tests w/ nudging:        0

WCR average: 0.478158

Tests with PASS < 1000 (if any):

Tests with REC. < 1000 (if any):

Tests with nudging (if any):

Tests canceled (if any, w/ preceding run for context):

Line counts:
    1984 src/mha_v4.34.c
    1399 src/microhom-cinc.h
     139 src/microhom-devl.h
     113 src/microhom-skor.h
    2043 src/microhom-tela.h
    1719 src/microhomology.h
    7397 total

Commit WCR average of 38 (PISO=6|5|4|3): 0.478158 (chowder-free)


                                               < squeegee: PISO 3 -x chowder >
Surf wave report summary: 
._                                                                                                                            
\\\_M                                                                                                                         
\\\\\_H                                                                                            \v/                        
\\\\\\\_A_________.~~.o.~"~._.~`"~._.~"~._.~"~._.~"~._.~`"~._.~"~._.~"~._^_.~"~._.~"~._.~"~._.~`"~.-0-.~"~._.~"~._.~"~._.~"~._
```````^:^````````                                                                                 /|\                        
First and last runs:
v4.34	Jul 26 10:08:02 2020	 x1	1000	0.480	NDG: 0 	RND:	           waves/squeegee/squee112.txt (+) ( 100 bp) REC:1000	M: 7	-
v4.34	Jul 26 10:08:15 2020	 x1	1000	0.450	NDG: 0 	RND:	           waves/squeegee/squee282.txt (+) ( 100 bp) REC:1000	M: 3	-

Number of tests initiated:         58

Number of tests completed:         58

Number of tests w/ PASS 1000:      58

Number of tests w/ REC. 1000:      58

Number of tests w/ nudging:        1

WCR average: 0.484138

Tests with PASS < 1000 (if any):

Tests with REC. < 1000 (if any):

Tests with nudging (if any):
v4.34	Jul 26 10:08:11 2020	 x1	1000	0.440	NDG: 3 	RND:	          waves/squeegee/squeez-40.txt (+) ( 100 bp) REC:1000	M: 3	-

Tests canceled (if any, w/ preceding run for context):

Line counts:
    1984 src/mha_v4.34.c
    1399 src/microhom-cinc.h
     139 src/microhom-devl.h
     113 src/microhom-skor.h
    2043 src/microhom-tela.h
    1719 src/microhomology.h
    7397 total

Commit WCR average of 58 (PISO=6): 0.484138 (57/58 solved)
Commit WCR average of 58 (PISO=5): 0.478103 (57/58 solved)
Commit WCR average of 58 (PISO=4): 0.467931 (56/58 solved)
Commit WCR average of 58 (PISO=3): 0.451897 (45/58 solved)


                                               < squid: PISO 3 -x trial 4 chowder >
Surf wave report summary: 
._                                                                                                                            
\\\_M                                                                                                                         
\\\\\_H                                                                                            \v/                        
\\\\\\\_A_________.~~.o.~"~._.~`"~._.~"~._.~"~._.~"~._.~`"~._.~"~._.~"~._^_.~"~._.~"~._.~"~._.~`"~.-0-.~"~._.~"~._.~"~._.~"~._
```````^:^````````                                                                                 /|\                        
First and last runs:
v4.34	Jul 26 10:08:32 2020	 x1	1000	0.670	NDG: 0 	RND:	           waves/squeegee/squid~44.txt (+) ( 100 bp) REC:1000	M: 3	-
v4.34	Jul 26 10:08:37 2020	 x1	1000	0.480	NDG: 0 	RND:	           waves/squeegee/squid~24.txt (+) ( 100 bp) REC:1000	M: 2	-

Number of tests initiated:         25

Number of tests completed:         25

Number of tests w/ PASS 1000:      25

Number of tests w/ REC. 1000:      25

Number of tests w/ nudging:        1

WCR average: 0.473

Tests with PASS < 1000 (if any):

Tests with REC. < 1000 (if any):

Tests with nudging (if any):
v4.34	Jul 26 10:08:32 2020	 x1	1000	0.700	NDG: 5 	RND:	           waves/squeegee/squid~46.txt (+) ( 100 bp) REC:1000	M: 2	-

Tests canceled (if any, w/ preceding run for context):

Line counts:
    1984 src/mha_v4.34.c
    1399 src/microhom-cinc.h
     139 src/microhom-devl.h
     113 src/microhom-skor.h
    2043 src/microhom-tela.h
    1719 src/microhomology.h
    7397 total

Commit WCR average of 25 (PISO=6): 0.473  (24/25 solved)
Commit WCR average of 25 (PISO=5): 0.4726 (24/25 solved)
Commit WCR average of 25 (PISO=4): 0.4782 (19/25 solved)
Commit WCR average of 25 (PISO=3): 0.4586 (10/25 solved)

