Sat Aug 29 10:22:29 CDT 2020
Tri-fin dawn patrol: Compiling maximal v4.35.

#define PISO        3		/* FLOOR FOR TRANSITION MATCHING ABOVE THIS k-MER SIZE */


                                               < cleanup_set_all >
Surf wave report summary: 
._                                                                                                                            
\\\_M                                                                                                                         
\\\\\_H                                                                                            \v/                        
\\\\\\\_A_________.~~.o.~"~._.~`"~._.~"~._.~"~._.~"~._.~`"~._.~"~._.~"~._^_.~"~._.~"~._.~"~._.~`"~.-0-.~"~._.~"~._.~"~._.~"~._
```````^:^````````                                                                                 /|\                        
First and last runs:
v4.35	Aug 29 10:22:34 2020	 x0	1000	0.490	NDG: 0 	RND:	         waves/seals/vnd_ex3_Dmela.txt (+) ( 956 bp) REC:1000	M: 4	-
v4.35	Aug 29 10:23:22 2020	 x1	1000	0.477	NDG: 0 	RND:	waves/tubespit/seq-161-wuhCor1-03-synth2.txt (-) (  44 bp) REC:1000	M: 2	-

Number of tests initiated:         816

Number of tests completed:         816

Number of tests w/ PASS 1000:      816

Number of tests w/ REC. 1000:      816

Number of tests w/ nudging:        0

WCR average: 0.495651

Tests with PASS < 1000 (if any):

Tests with REC. < 1000 (if any):

Tests with nudging (if any):

Tests canceled (if any, w/ preceding run for context):

Line counts:
    2010 src/mha_v4.35.c
    1402 src/microhom-cinc.h
     138 src/microhom-devl.h
     113 src/microhom-skor.h
    2064 src/microhom-tela.h
    1748 src/microhomology.h
    7475 total

Commit WCR avgs (PISO=6): 0.52163  (chowder-free)
Commit WCR avgs (PISO=5): 0.517254 (chowder-free)
Commit WCR avgs (PISO=4): 0.509985 (chowder-free)
Commit WCR avgs (PISO=3): 0.495651 (chowder-free)


                                               < eat chowder >
Surf wave report summary: 
._                                                                                                                            
\\\_M                                                                                                                         
\\\\\_H                                                                                            \v/                        
\\\\\\\_A_________.~~.o.~"~._.~`"~._.~"~._.~"~._.~"~._.~`"~._.~"~._.~"~._^_.~"~._.~"~._.~"~._.~`"~.-0-.~"~._.~"~._.~"~._.~"~._
```````^:^````````                                                                                 /|\                        
First and last runs:
v4.35	Aug 29 10:27:39 2020	 x0	1000	0.520	NDG: 0 	RND:	         waves/chowder/flotsam_06F.txt (+) ( 100 bp) REC:1000	M: 4	-
v4.35	Aug 29 10:27:41 2020	 x0	1000	0.570	NDG: 0 	RND:	        waves/chowder/stringA-40-k.txt (+) ( 100 bp) REC:1000	M: 2	-

Number of tests initiated:         82

Number of tests completed:         82

Number of tests w/ PASS 1000:      82

Number of tests w/ REC. 1000:      82

Number of tests w/ nudging:        0

WCR average: 0.455939

Tests with PASS < 1000 (if any):

Tests with REC. < 1000 (if any):

Tests with nudging (if any):

Tests canceled (if any, w/ preceding run for context):

Line counts:
    2010 src/mha_v4.35.c
    1402 src/microhom-cinc.h
     138 src/microhom-devl.h
     113 src/microhom-skor.h
    2064 src/microhom-tela.h
    1748 src/microhomology.h
    7475 total

Current commit WCR average of 82 (PISO=6): 0.476427 (chowder-free)
Current commit WCR average of 82 (PISO=5): 0.4735   (chowder-free)
Current commit WCR average of 82 (PISO=4): 0.469841 (chowder-free)
Current commit WCR average of 82 (PISO=3): 0.455939 (chowder-free)


                                               < eat chowdah: cinch-k k=1 only >
Surf wave report summary: 
._                                                                                                                            
\\\_M                                                                                                                         
\\\\\_H                                                                                            \v/                        
\\\\\\\_A_________.~~.o.~"~._.~`"~._.~"~._.~"~._.~"~._.~`"~._.~"~._.~"~._^_.~"~._.~"~._.~"~._.~`"~.-0-.~"~._.~"~._.~"~._.~"~._
```````^:^````````                                                                                 /|\                        
First and last runs:
v4.35	Aug 29 10:27:46 2020	 x0	1000	0.520	NDG: 0 	RND:	         waves/chowder/flotsam_06F.txt (+) ( 100 bp) REC:1000	M: 4	-
v4.35	Aug 29 10:27:48 2020	 x0	1000	0.570	NDG: 0 	RND:	        waves/chowder/stringA-40-k.txt (+) ( 100 bp) REC:1000	M: 2	-

Number of tests initiated:         82

Number of tests completed:         82

Number of tests w/ PASS 1000:      82

Number of tests w/ REC. 1000:      82

Number of tests w/ nudging:        0

WCR average: 0.461061

Tests with PASS < 1000 (if any):

Tests with REC. < 1000 (if any):

Tests with nudging (if any):

Tests canceled (if any, w/ preceding run for context):

Line counts:
    2010 src/mha_v4.35.c
    1402 src/microhom-cinc.h
     138 src/microhom-devl.h
     113 src/microhom-skor.h
    2064 src/microhom-tela.h
    1748 src/microhomology.h
    7475 total

Current commit WCR average of 82, cinch-k k=1 only (PISO=6): 0.483256 (chowdah-free)
Current commit WCR average of 82, cinch-k k=1 only (PISO=5): 0.479598 (chowdah-free)
Current commit WCR average of 82, cinch-k k=1 only (PISO=4): 0.475207 (chowdah-free)
Current commit WCR average of 82, cinch-k k=1 only (PISO=3): 0.461061 (chowdah-free)


                                               < eat nuggets >
Surf wave report summary: 
._                                                                                                                            
\\\_M                                                                                                                         
\\\\\_H                                                                                            \v/                        
\\\\\\\_A_________.~~.o.~"~._.~`"~._.~"~._.~"~._.~"~._.~`"~._.~"~._.~"~._^_.~"~._.~"~._.~"~._.~`"~.-0-.~"~._.~"~._.~"~._.~"~._
```````^:^````````                                                                                 /|\                        
First and last runs:
v4.35	Aug 29 10:27:51 2020	 x0	1000	0.340	NDG: 0 	RND:	        waves/chowder/nugget-42356.txt (+) ( 100 bp) REC:1000	M: 4	-
v4.35	Aug 29 10:27:51 2020	 x0	1000	0.430	NDG: 0 	RND:	        waves/chowder/nugget-00008.txt (+) ( 100 bp) REC:1000	M: 5	-

Number of tests initiated:         11

Number of tests completed:         11

Number of tests w/ PASS 1000:      11

Number of tests w/ REC. 1000:      11

Number of tests w/ nudging:        0

WCR average: 0.443636

Tests with PASS < 1000 (if any):

Tests with REC. < 1000 (if any):

Tests with nudging (if any):

Tests canceled (if any, w/ preceding run for context):

Line counts:
    2010 src/mha_v4.35.c
    1402 src/microhom-cinc.h
     138 src/microhom-devl.h
     113 src/microhom-skor.h
    2064 src/microhom-tela.h
    1748 src/microhomology.h
    7475 total

Commit WCR average of 11 (PISO=6|5): 0.468182 (chowder-free)
Commit WCR average of 11 (PISO=4  ): 0.461818 (chowder-free)
Commit WCR average of 11 (PISO=3  ): 0.443636 (chowder-free)


                                               < fractal_splitting >
Surf wave report summary: 
._                                                                                                                            
\\\_M                                                                                                                         
\\\\\_H                                                                                            \v/                        
\\\\\\\_A_________.~~.o.~"~._.~`"~._.~"~._.~"~._.~"~._.~`"~._.~"~._.~"~._^_.~"~._.~"~._.~"~._.~`"~.-0-.~"~._.~"~._.~"~._.~"~._
```````^:^````````                                                                                 /|\                        
First and last runs:
v4.35	Aug 29 10:27:54 2020	 x0	1000	0.412	NDG: 0 	RND:	       waves/chowder/seq26-snippet.txt (+) (  68 bp) REC:1000	M: 2	-
v4.35	Aug 29 10:27:54 2020	 x0	1000	0.516	NDG: 0 	RND:	waves/chowder/snippet-seq-014-cycle3.txt (+) (  31 bp) REC:1000	M: 2	-

Number of tests initiated:         6

Number of tests completed:         6

Number of tests w/ PASS 1000:      6

Number of tests w/ REC. 1000:      6

Number of tests w/ nudging:        0

WCR average: 0.388167

Tests with PASS < 1000 (if any):

Tests with REC. < 1000 (if any):

Tests with nudging (if any):

Tests canceled (if any, w/ preceding run for context):

Line counts:
    2010 src/mha_v4.35.c
    1402 src/microhom-cinc.h
     138 src/microhom-devl.h
     113 src/microhom-skor.h
    2064 src/microhom-tela.h
    1748 src/microhomology.h
    7475 total

Current commit WCR average of 6 (PISO=6|5|4): 0.398    (chowder-free)
Current commit WCR average of 6 (PISO=3    ): 0.388167 (chowder-free)


                                               < sand_dunes >
Surf wave report summary: 
._                                                                                                                            
\\\_M                                                                                                                         
\\\\\_H                                                                                            \v/                        
\\\\\\\_A_________.~~.o.~"~._.~`"~._.~"~._.~"~._.~"~._.~`"~._.~"~._.~"~._^_.~"~._.~"~._.~"~._.~`"~.-0-.~"~._.~"~._.~"~._.~"~._
```````^:^````````                                                                                 /|\                        
First and last runs:
v4.35	Aug 29 10:28:00 2020	 x0	1000	0.590	NDG: 0 	RND:	    waves/tubespit/seq-017-variant.txt (+) (  39 bp) REC:1000	M: 2	-
v4.35	Aug 29 10:28:59 2020	 x0	1000	0.136	NDG: 0 	RND:	        waves/chowder/abba_zabba_4.txt (+) (  22 ch) REC:1000	M: 2	-

Number of tests initiated:         22

Number of tests completed:         22

Number of tests w/ PASS 1000:      22

Number of tests w/ REC. 1000:      22

Number of tests w/ nudging:        0

WCR average: 0.383409

Tests with PASS < 1000 (if any):

Tests with REC. < 1000 (if any):

Tests with nudging (if any):

Tests canceled (if any, w/ preceding run for context):

Line counts:
    2010 src/mha_v4.35.c
    1402 src/microhom-cinc.h
     138 src/microhom-devl.h
     113 src/microhom-skor.h
    2064 src/microhom-tela.h
    1748 src/microhomology.h
    7475 total

Current commit WCR average of 22 (PISO=6  ): 0.382636 (chowder-free)
Current commit WCR average of 22 (PISO=5|4): 0.386091 (chowder-free)
Current commit WCR average of 22 (PISO=3  ): 0.383409 (chowder-free)


                                               < churly churly >
Surf wave report summary: 
._                                                                                                                            
\\\_M                                                                                                                         
\\\\\_H                                                                                            \v/                        
\\\\\\\_A_________.~~.o.~"~._.~`"~._.~"~._.~"~._.~"~._.~`"~._.~"~._.~"~._^_.~"~._.~"~._.~"~._.~`"~.-0-.~"~._.~"~._.~"~._.~"~._
```````^:^````````                                                                                 /|\                        
First and last runs:
v4.35	Aug 29 10:29:05 2020	 x0	1000	0.450	NDG: 0 	RND:	           waves/chowder/churly-01.txt (+) ( 100 bp) REC:1000	M: 2	-
v4.35	Aug 29 10:29:06 2020	 x0	1000	0.450	NDG: 0 	RND:	           waves/chowder/churly-38.txt (+) ( 100 bp) REC:1000	M: 4	-

Number of tests initiated:         38

Number of tests completed:         38

Number of tests w/ PASS 1000:      38

Number of tests w/ REC. 1000:      38

Number of tests w/ nudging:        0

WCR average: 0.461842

Tests with PASS < 1000 (if any):

Tests with REC. < 1000 (if any):

Tests with nudging (if any):

Tests canceled (if any, w/ preceding run for context):

Line counts:
    2010 src/mha_v4.35.c
    1402 src/microhom-cinc.h
     138 src/microhom-devl.h
     113 src/microhom-skor.h
    2064 src/microhom-tela.h
    1748 src/microhomology.h
    7475 total

Commit WCR average of 38 (PISO=6): 0.504474 (chowder-free)
Commit WCR average of 38 (PISO=5): 0.496579 (chowder-free)
Commit WCR average of 38 (PISO=4): 0.485    (chowder-free)
Commit WCR average of 38 (PISO=3): 0.461842 (chowder-free)


                                               < squid: PISO 3 -x trial 4 chowder >
Surf wave report summary: 
._                                                                                                                            
\\\_M                                                                                                                         
\\\\\_H                                                                                            \v/                        
\\\\\\\_A_________.~~.o.~"~._.~`"~._.~"~._.~"~._.~"~._.~`"~._.~"~._.~"~._^_.~"~._.~"~._.~"~._.~`"~.-0-.~"~._.~"~._.~"~._.~"~._
```````^:^````````                                                                                 /|\                        
First and last runs:
v4.35	Aug 29 10:29:09 2020	 x1	1000	0.570	NDG: 0 	RND:	           waves/squeegee/squid~44.txt (+) ( 100 bp) REC:1000	M: 5	bslip sum 50
v4.35	Aug 29 10:29:10 2020	 x1	1000	0.580	NDG: 0 	RND:	           waves/squeegee/squid~24.txt (+) ( 100 bp) REC:1000	M: 4	-

Number of tests initiated:         25

Number of tests completed:         25

Number of tests w/ PASS 1000:      25

Number of tests w/ REC. 1000:      25

Number of tests w/ nudging:        0

WCR average: 0.4782

Tests with PASS < 1000 (if any):

Tests with REC. < 1000 (if any):

Tests with nudging (if any):

Tests canceled (if any, w/ preceding run for context):

Line counts:
    2010 src/mha_v4.35.c
    1402 src/microhom-cinc.h
     138 src/microhom-devl.h
     113 src/microhom-skor.h
    2064 src/microhom-tela.h
    1748 src/microhomology.h
    7475 total

Commit WCR average of 25 (PISO=6): 0.517  (chowder-free)
Commit WCR average of 25 (PISO=5): 0.5098 (chowder-free)
Commit WCR average of 25 (PISO=4): 0.5102 (chowder-free)
Commit WCR average of 25 (PISO=3): 0.4782 (chowder-free)


                                               < squeegee: PISO 3 -x chowder >
Surf wave report summary: 
._                                                                                                                            
\\\_M                                                                                                                         
\\\\\_H                                                                                            \v/                        
\\\\\\\_A_________.~~.o.~"~._.~`"~._.~"~._.~"~._.~"~._.~`"~._.~"~._.~"~._^_.~"~._.~"~._.~"~._.~`"~.-0-.~"~._.~"~._.~"~._.~"~._
```````^:^````````                                                                                 /|\                        
First and last runs:
v4.35	Aug 29 10:29:11 2020	 x1	1000	0.530	NDG: 0 	RND:	           waves/squeegee/squee006.txt (+) ( 100 bp) REC:1000	M: 2	-
v4.35	Aug 29 10:29:13 2020	 x1	1000	0.450	NDG: 0 	RND:	           waves/squeegee/squee282.txt (+) ( 100 bp) REC:1000	M: 5	-

Number of tests initiated:         58

Number of tests completed:         58

Number of tests w/ PASS 1000:      58

Number of tests w/ REC. 1000:      58

Number of tests w/ nudging:        0

WCR average: 0.480172

Tests with PASS < 1000 (if any):

Tests with REC. < 1000 (if any):

Tests with nudging (if any):

Tests canceled (if any, w/ preceding run for context):

Line counts:
    2010 src/mha_v4.35.c
    1402 src/microhom-cinc.h
     138 src/microhom-devl.h
     113 src/microhom-skor.h
    2064 src/microhom-tela.h
    1748 src/microhomology.h
    7475 total

Commit WCR average of 58 (PISO=6): 0.517759 (chowder-free)
Commit WCR average of 58 (PISO=5): 0.511552 (chowder-free)
Commit WCR average of 58 (PISO=4): 0.505517 (chowder-free)
Commit WCR average of 58 (PISO=3): 0.480172 (chowder-free)

