Fri Sep 25 15:14:23 CDT 2020
Tri-fin dawn patrol: Compiling maximal v4.35.



                                               < cleanup_set_all >
Surf wave report summary: 
._                                                                                                                            
\\\_M                                                                                                                         
\\\\\_H                                                                                            \v/                        
\\\\\\\_A_________.~~.o.~"~._.~`"~._.~"~._.~"~._.~"~._.~`"~._.~"~._.~"~._^_.~"~._.~"~._.~"~._.~`"~.-0-.~"~._.~"~._.~"~._.~"~._
```````^:^````````                                                                                 /|\                        
First and last runs:
v4.35	Sep 25 15:14:32 2020	 x0	1000	0.490	NDG: 0 	RND:	         waves/seals/vnd_ex3_Dmela.txt (+) ( 956 bp) REC:1000	-b3	-
v4.35	Sep 25 15:15:11 2020	 x1	1000	0.477	NDG: 0 	RND:	waves/tubespit/seq-161-wuhCor1-03-synth2.txt (-) (  44 bp) REC:1000	-b3	-

Number of tests initiated:         816
Number of tests completed:         816
Number of tests w/ PASS 1000:      816
Number of tests w/ REC. 1000:      816
Number of tests w/ nudging:        0

WCR average: 0.494506

Tests canceled (if any, w/ preceding run for context):
Tests with PASS < 1000 (if any):
Tests with REC. < 1000 (if any):
Tests with nudging (if any):

Line counts:
    2012 src/mha_v4.35.c
    1293 src/microhom-cinc.h
     138 src/microhom-devl.h
     112 src/microhom-skor.h
    2139 src/microhom-tela.h
    1748 src/microhomology.h
    7442 total

Commit WCR avgs (b=6): 0.520272 (chowder-free)
Commit WCR avgs (b=5): 0.517104 (chowder-free)
Commit WCR avgs (b=4): 0.509623 (chowder-free)
Commit WCR avgs (b=3): 0.494506 (chowder-free)


                                               < eat chowder >
Surf wave report summary: 
._                                                                                                                            
\\\_M                                                                                                                         
\\\\\_H                                                                                            \v/                        
\\\\\\\_A_________.~~.o.~"~._.~`"~._.~"~._.~"~._.~"~._.~`"~._.~"~._.~"~._^_.~"~._.~"~._.~"~._.~`"~.-0-.~"~._.~"~._.~"~._.~"~._
```````^:^````````                                                                                 /|\                        
First and last runs:
v4.35	Sep 25 15:15:19 2020	 x0	1000	0.480	NDG: 0 	RND:	         waves/chowder/flotsam_06F.txt (+) ( 100 bp) REC:1000	-b3	-
v4.35	Sep 25 15:15:20 2020	 x0	1000	0.510	NDG: 0 	RND:	        waves/chowder/stringA-40-k.txt (+) ( 100 bp) REC:1000	-b3	-

Number of tests initiated:         82
Number of tests completed:         82
Number of tests w/ PASS 1000:      82
Number of tests w/ REC. 1000:      82
Number of tests w/ nudging:        0

WCR average: 0.452805

Tests canceled (if any, w/ preceding run for context):
Tests with PASS < 1000 (if any):
Tests with REC. < 1000 (if any):
Tests with nudging (if any):

Line counts:
    2012 src/mha_v4.35.c
    1293 src/microhom-cinc.h
     138 src/microhom-devl.h
     112 src/microhom-skor.h
    2139 src/microhom-tela.h
    1748 src/microhomology.h
    7442 total

Current commit WCR average of 82 (b=6): 0.474024 (chowder-free)
Current commit WCR average of 82 (b=5): 0.470366 (chowder-free)
Current commit WCR average of 82 (b=4): 0.466951 (chowder-free)
Current commit WCR average of 82 (b=3): 0.452805 (chowder-free)


                                               < eat chowdah: cinch-k k=1 only >
Surf wave report summary: 
._                                                                                                                            
\\\_M                                                                                                                         
\\\\\_H                                                                                            \v/                        
\\\\\\\_A_________.~~.o.~"~._.~`"~._.~"~._.~"~._.~"~._.~`"~._.~"~._.~"~._^_.~"~._.~"~._.~"~._.~`"~.-0-.~"~._.~"~._.~"~._.~"~._
```````^:^````````                                                                                 /|\                        
First and last runs:
v4.35	Sep 25 15:15:24 2020	 x0	1000	0.480	NDG: 0 	RND:	         waves/chowder/flotsam_06F.txt (+) ( 100 bp) REC:1000	-b3	-
v4.35	Sep 25 15:15:26 2020	 x0	1000	0.550	NDG: 0 	RND:	        waves/chowder/stringA-40-k.txt (+) ( 100 bp) REC:1000	-b3	-

Number of tests initiated:         82
Number of tests completed:         82
Number of tests w/ PASS 1000:      82
Number of tests w/ REC. 1000:      82
Number of tests w/ nudging:        0

WCR average: 0.458293

Tests canceled (if any, w/ preceding run for context):
Tests with PASS < 1000 (if any):
Tests with REC. < 1000 (if any):
Tests with nudging (if any):

Line counts:
    2012 src/mha_v4.35.c
    1293 src/microhom-cinc.h
     138 src/microhom-devl.h
     112 src/microhom-skor.h
    2139 src/microhom-tela.h
    1748 src/microhomology.h
    7442 total

Current commit WCR average of 82, cinch-k k=1 only (b=6): 0.480366 (chowdah-free)
Current commit WCR average of 82, cinch-k k=1 only (b=5): 0.476707 (chowdah-free)
Current commit WCR average of 82, cinch-k k=1 only (b=4): 0.472683 (chowdah-free)
Current commit WCR average of 82, cinch-k k=1 only (b=3): 0.458293 (chowdah-free)


                                               < eat nuggets >
Surf wave report summary: 
._                                                                                                                            
\\\_M                                                                                                                         
\\\\\_H                                                                                            \v/                        
\\\\\\\_A_________.~~.o.~"~._.~`"~._.~"~._.~"~._.~"~._.~`"~._.~"~._.~"~._^_.~"~._.~"~._.~"~._.~`"~.-0-.~"~._.~"~._.~"~._.~"~._
```````^:^````````                                                                                 /|\                        
First and last runs:
v4.35	Sep 25 15:15:29 2020	 x0	1000	0.340	NDG: 0 	RND:	        waves/chowder/nugget-42356.txt (+) ( 100 bp) REC:1000	-b3	-
v4.35	Sep 25 15:15:29 2020	 x0	1000	0.370	NDG: 0 	RND:	        waves/chowder/nugget-00008.txt (+) ( 100 bp) REC:1000	-b3	-

Number of tests initiated:         11
Number of tests completed:         11
Number of tests w/ PASS 1000:      11
Number of tests w/ REC. 1000:      11
Number of tests w/ nudging:        0

WCR average: 0.435455

Tests canceled (if any, w/ preceding run for context):
Tests with PASS < 1000 (if any):
Tests with REC. < 1000 (if any):
Tests with nudging (if any):

Line counts:
    2012 src/mha_v4.35.c
    1293 src/microhom-cinc.h
     138 src/microhom-devl.h
     112 src/microhom-skor.h
    2139 src/microhom-tela.h
    1748 src/microhomology.h
    7442 total

Commit WCR average of 11 (b=6|5): 0.463636 (chowder-free)
Commit WCR average of 11 (b=4  ): 0.457273 (chowder-free)
Commit WCR average of 11 (b=3  ): 0.435455 (chowder-free)


                                               < fractal_splitting >
Surf wave report summary: 
._                                                                                                                            
\\\_M                                                                                                                         
\\\\\_H                                                                                            \v/                        
\\\\\\\_A_________.~~.o.~"~._.~`"~._.~"~._.~"~._.~"~._.~`"~._.~"~._.~"~._^_.~"~._.~"~._.~"~._.~`"~.-0-.~"~._.~"~._.~"~._.~"~._
```````^:^````````                                                                                 /|\                        
First and last runs:
v4.35	Sep 25 15:15:31 2020	 x0	1000	0.412	NDG: 0 	RND:	       waves/chowder/seq26-snippet.txt (+) (  68 bp) REC:1000	-b3	-
v4.35	Sep 25 15:15:31 2020	 x0	1000	0.516	NDG: 0 	RND:	waves/chowder/snippet-seq-014-cycle3.txt (+) (  31 bp) REC:1000	-b3	-

Number of tests initiated:         6
Number of tests completed:         6
Number of tests w/ PASS 1000:      6
Number of tests w/ REC. 1000:      6
Number of tests w/ nudging:        0

WCR average: 0.392333

Tests canceled (if any, w/ preceding run for context):
Tests with PASS < 1000 (if any):
Tests with REC. < 1000 (if any):
Tests with nudging (if any):

Line counts:
    2012 src/mha_v4.35.c
    1293 src/microhom-cinc.h
     138 src/microhom-devl.h
     112 src/microhom-skor.h
    2139 src/microhom-tela.h
    1748 src/microhomology.h
    7442 total

Current commit WCR average of 6 (b=6|5|4): 0.402167 (chowder-free)
Current commit WCR average of 6 (b=3    ): 0.392333 (chowder-free)


                                               < sand_dunes >
Surf wave report summary: 
._                                                                                                                            
\\\_M                                                                                                                         
\\\\\_H                                                                                            \v/                        
\\\\\\\_A_________.~~.o.~"~._.~`"~._.~"~._.~"~._.~"~._.~`"~._.~"~._.~"~._^_.~"~._.~"~._.~"~._.~`"~.-0-.~"~._.~"~._.~"~._.~"~._
```````^:^````````                                                                                 /|\                        
First and last runs:
v4.35	Sep 25 15:15:33 2020	 x0	1000	0.590	NDG: 0 	RND:	    waves/tubespit/seq-017-variant.txt (+) (  39 bp) REC:1000	-b3	-
v4.35	Sep 25 15:15:34 2020	 x1	1000	0.343	NDG: 0 	RND:	waves/snippets/snippet-squirt_22-b3.txt (+) (  35 bp) REC:1000	-b3	-

Number of tests initiated:         24
Number of tests completed:         24
Number of tests w/ PASS 1000:      24
Number of tests w/ REC. 1000:      24
Number of tests w/ nudging:        0

WCR average: 0.389208

Tests canceled (if any, w/ preceding run for context):
Tests with PASS < 1000 (if any):
Tests with REC. < 1000 (if any):
Tests with nudging (if any):

Line counts:
    2012 src/mha_v4.35.c
    1293 src/microhom-cinc.h
     138 src/microhom-devl.h
     112 src/microhom-skor.h
    2139 src/microhom-tela.h
    1748 src/microhomology.h
    7442 total

Current commit WCR average of 24 (b=6  ): 0.3885   (chowder-free)
Current commit WCR average of 24 (b=5|4): 0.391667 (chowder-free)
Current commit WCR average of 24 (b=3  ): 0.389208 (chowder-free)


                                               < churly churly >
Surf wave report summary: 
._                                                                                                                            
\\\_M                                                                                                                         
\\\\\_H                                                                                            \v/                        
\\\\\\\_A_________.~~.o.~"~._.~`"~._.~"~._.~"~._.~"~._.~`"~._.~"~._.~"~._^_.~"~._.~"~._.~"~._.~`"~.-0-.~"~._.~"~._.~"~._.~"~._
```````^:^````````                                                                                 /|\                        
First and last runs:
v4.35	Sep 25 15:15:35 2020	 x0	1000	0.450	NDG: 0 	RND:	           waves/chowder/churly-01.txt (+) ( 100 bp) REC:1000	-b3	-
v4.35	Sep 25 15:15:36 2020	 x0	1000	0.450	NDG: 0 	RND:	           waves/chowder/churly-38.txt (+) ( 100 bp) REC:1000	-b3	-

Number of tests initiated:         38
Number of tests completed:         38
Number of tests w/ PASS 1000:      38
Number of tests w/ REC. 1000:      38
Number of tests w/ nudging:        0

WCR average: 0.465526

Tests canceled (if any, w/ preceding run for context):
Tests with PASS < 1000 (if any):
Tests with REC. < 1000 (if any):
Tests with nudging (if any):

Line counts:
    2012 src/mha_v4.35.c
    1293 src/microhom-cinc.h
     138 src/microhom-devl.h
     112 src/microhom-skor.h
    2139 src/microhom-tela.h
    1748 src/microhomology.h
    7442 total

Commit WCR average of 38 (b=6): 0.506053 (chowder-free)
Commit WCR average of 38 (b=5): 0.499737 (chowder-free)
Commit WCR average of 38 (b=4): 0.488158 (chowder-free)
Commit WCR average of 38 (b=3): 0.465526 (chowder-free)


                                               < squid: b 3 -x trial 4 chowder >
Surf wave report summary: 
._                                                                                                                            
\\\_M                                                                                                                         
\\\\\_H                                                                                            \v/                        
\\\\\\\_A_________.~~.o.~"~._.~`"~._.~"~._.~"~._.~"~._.~`"~._.~"~._.~"~._^_.~"~._.~"~._.~"~._.~`"~.-0-.~"~._.~"~._.~"~._.~"~._
```````^:^````````                                                                                 /|\                        
First and last runs:
v4.35	Sep 25 15:15:39 2020	 x1	1000	0.570	NDG: 0 	RND:	           waves/squeegee/squid~44.txt (+) ( 100 bp) REC:1000	-b3	bslip sum 50
v4.35	Sep 25 15:15:39 2020	 x1	1000	0.580	NDG: 0 	RND:	           waves/squeegee/squid~24.txt (+) ( 100 bp) REC:1000	-b3	-

Number of tests initiated:         25
Number of tests completed:         25
Number of tests w/ PASS 1000:      25
Number of tests w/ REC. 1000:      25
Number of tests w/ nudging:        0

WCR average: 0.4794

Tests canceled (if any, w/ preceding run for context):
Tests with PASS < 1000 (if any):
Tests with REC. < 1000 (if any):
Tests with nudging (if any):

Line counts:
    2012 src/mha_v4.35.c
    1293 src/microhom-cinc.h
     138 src/microhom-devl.h
     112 src/microhom-skor.h
    2139 src/microhom-tela.h
    1748 src/microhomology.h
    7442 total

Commit WCR average of 25 (b=6): 0.5154 (chowder-free)
Commit WCR average of 25 (b=5): 0.513  (chowder-free)
Commit WCR average of 25 (b=4): 0.5142 (chowder-free)
Commit WCR average of 25 (b=3): 0.4794 (chowder-free)


                                               < squeegee: b 3 -x chowder >
Surf wave report summary: 
._                                                                                                                            
\\\_M                                                                                                                         
\\\\\_H                                                                                            \v/                        
\\\\\\\_A_________.~~.o.~"~._.~`"~._.~"~._.~"~._.~"~._.~`"~._.~"~._.~"~._^_.~"~._.~"~._.~"~._.~`"~.-0-.~"~._.~"~._.~"~._.~"~._
```````^:^````````                                                                                 /|\                        
First and last runs:
v4.35	Sep 25 15:15:41 2020	 x1	1000	0.500	NDG: 0 	RND:	           waves/squeegee/squee006.txt (+) ( 100 bp) REC:1000	-b3	-
v4.35	Sep 25 15:15:42 2020	 x1	1000	0.480	NDG: 0 	RND:	           waves/squeegee/squee282.txt (+) ( 100 bp) REC:1000	-b3	-

Number of tests initiated:         58
Number of tests completed:         58
Number of tests w/ PASS 1000:      58
Number of tests w/ REC. 1000:      58
Number of tests w/ nudging:        0

WCR average: 0.487759

Tests canceled (if any, w/ preceding run for context):
Tests with PASS < 1000 (if any):
Tests with REC. < 1000 (if any):
Tests with nudging (if any):

Line counts:
    2012 src/mha_v4.35.c
    1293 src/microhom-cinc.h
     138 src/microhom-devl.h
     112 src/microhom-skor.h
    2139 src/microhom-tela.h
    1748 src/microhomology.h
    7442 total

Commit WCR average of 58 (b=6): 0.517759 (chowder-free)
Commit WCR average of 58 (b=5): 0.513103 (chowder-free)
Commit WCR average of 58 (b=4): 0.510345 (chowder-free)
Commit WCR average of 58 (b=3): 0.487759 (chowder-free)


                                               < squirt chowder >
Surf wave report summary: 
._                                                                                                                            
\\\_M                                                                                                                         
\\\\\_H                                                                                            \v/                        
\\\\\\\_A_________.~~.o.~"~._.~`"~._.~"~._.~"~._.~"~._.~`"~._.~"~._.~"~._^_.~"~._.~"~._.~"~._.~`"~.-0-.~"~._.~"~._.~"~._.~"~._
```````^:^````````                                                                                 /|\                        
First and last runs:
v4.35	Sep 25 15:15:45 2020	 x1	1000	0.570	NDG: 0 	RND:	       waves/squeegee/squirt_40-b3.txt (+) ( 100 bp) REC:1000	-b3	-
v4.35	Sep 25 15:15:46 2020	 x1	1000	0.490	NDG: 0 	RND:	       waves/squeegee/squirt_01-b6.txt (+) ( 100 bp) REC:1000	-b3	-

Number of tests initiated:         42
Number of tests completed:         42
Number of tests w/ PASS 1000:      42
Number of tests w/ REC. 1000:      42
Number of tests w/ nudging:        0

WCR average: 0.470238

Tests canceled (if any, w/ preceding run for context):
Tests with PASS < 1000 (if any):
Tests with REC. < 1000 (if any):
Tests with nudging (if any):

Line counts:
    2012 src/mha_v4.35.c
    1293 src/microhom-cinc.h
     138 src/microhom-devl.h
     112 src/microhom-skor.h
    2139 src/microhom-tela.h
    1748 src/microhomology.h
    7442 total

Commit WCR average of 42 (b=6): 0.495714 (chowder-free)
Commit WCR average of 42 (b=5): 0.492619 (chowder-free)
Commit WCR average of 42 (b=4): 0.488095 (chowder-free)
Commit WCR average of 42 (b=3): 0.470238 (chowder-free)


                                               < squint -- chowder >
Surf wave report summary: 
._                                                                                                                            
\\\_M                                                                                                                         
\\\\\_H                                                                                            \v/                        
\\\\\\\_A_________.~~.o.~"~._.~`"~._.~"~._.~"~._.~"~._.~`"~._.~"~._.~"~._^_.~"~._.~"~._.~"~._.~`"~.-0-.~"~._.~"~._.~"~._.~"~._
```````^:^````````                                                                                 /|\                        
First and last runs:
v4.35	Sep 25 15:15:49 2020	 x1	1000	0.450	NDG: 0 	RND:	      waves/squeegee/squint_02-xb3.txt (+) ( 100 bp) REC:1000	-b3	-
v4.35	Sep 25 15:15:49 2020	 x1	1000	0.470	NDG: 0 	RND:	      waves/squeegee/squint_01-xb3.txt (+) ( 100 bp) REC:1000	-b3	-

Number of tests initiated:         6
Number of tests completed:         6
Number of tests w/ PASS 1000:      6
Number of tests w/ REC. 1000:      6
Number of tests w/ nudging:        0

WCR average: 0.453333

Tests canceled (if any, w/ preceding run for context):
Tests with PASS < 1000 (if any):
Tests with REC. < 1000 (if any):
Tests with nudging (if any):

Line counts:
    2012 src/mha_v4.35.c
    1293 src/microhom-cinc.h
     138 src/microhom-devl.h
     112 src/microhom-skor.h
    2139 src/microhom-tela.h
    1748 src/microhomology.h
    7442 total

Commit WCR average of 6 (b=6): 0.476667 (6/6 solved)
Commit WCR average of 6 (b=5): 0.475    (6/6 solved)
Commit WCR average of 6 (b=4): 0.47     (6/6 solved)
Commit WCR average of 6 (b=3): 0.453333 (6/6 solved)

