Sun Sep 13 15:07:36 CDT 2020
Tri-fin dawn patrol: Compiling maximal v4.35.



                                               < cleanup_set_all >
Surf wave report summary: 
._                                                                                                                            
\\\_M                                                                                                                         
\\\\\_H                                                                                            \v/                        
\\\\\\\_A_________.~~.o.~"~._.~`"~._.~"~._.~"~._.~"~._.~`"~._.~"~._.~"~._^_.~"~._.~"~._.~"~._.~`"~.-0-.~"~._.~"~._.~"~._.~"~._
```````^:^````````                                                                                 /|\                        
First and last runs:
v4.35	Sep 13 15:07:40 2020	 x0	1000	0.512	NDG: 0 	RND:	         waves/seals/vnd_ex3_Dmela.txt (+) ( 956 bp) REC:1000	M: 4	-
v4.35	Sep 13 15:08:17 2020	 x1	1000	0.477	NDG: 0 	RND:	waves/tubespit/seq-161-wuhCor1-03-synth2.txt (-) (  44 bp) REC:1000	M: 2	-

Number of tests initiated:         816
Number of tests completed:         816
Number of tests w/ PASS 1000:      816
Number of tests w/ REC. 1000:      816
Number of tests w/ nudging:        0

WCR average: 0.510179

Tests canceled (if any, w/ preceding run for context):
Tests with PASS < 1000 (if any):
Tests with REC. < 1000 (if any):
Tests with nudging (if any):

Line counts:
    2017 src/mha_v4.35.c
    1293 src/microhom-cinc.h
     138 src/microhom-devl.h
     112 src/microhom-skor.h
    2074 src/microhom-tela.h
    1748 src/microhomology.h
    7382 total

Commit WCR avgs (b=6): 0.52131  (chowder-free)
Commit WCR avgs (b=5): 0.517507 (chowder-free)
Commit WCR avgs (b=4): 0.510179 (chowder-free)
Commit WCR avgs (b=3): 0.495396 (chowder-free)


                                               < eat chowder >
Surf wave report summary: 
._                                                                                                                            
\\\_M                                                                                                                         
\\\\\_H                                                                                            \v/                        
\\\\\\\_A_________.~~.o.~"~._.~`"~._.~"~._.~"~._.~"~._.~`"~._.~"~._.~"~._^_.~"~._.~"~._.~"~._.~`"~.-0-.~"~._.~"~._.~"~._.~"~._
```````^:^````````                                                                                 /|\                        
First and last runs:
v4.35	Sep 13 15:09:22 2020	 x0	1000	0.480	NDG: 0 	RND:	         waves/chowder/flotsam_06F.txt (+) ( 100 bp) REC:1000	M: 2	-
v4.35	Sep 13 15:09:23 2020	 x0	1000	0.570	NDG: 0 	RND:	        waves/chowder/stringA-40-k.txt (+) ( 100 bp) REC:1000	M: 2	-

Number of tests initiated:         82
Number of tests completed:         82
Number of tests w/ PASS 1000:      82
Number of tests w/ REC. 1000:      82
Number of tests w/ nudging:        0

WCR average: 0.467195

Tests canceled (if any, w/ preceding run for context):
Tests with PASS < 1000 (if any):
Tests with REC. < 1000 (if any):
Tests with nudging (if any):

Line counts:
    2017 src/mha_v4.35.c
    1293 src/microhom-cinc.h
     138 src/microhom-devl.h
     112 src/microhom-skor.h
    2074 src/microhom-tela.h
    1748 src/microhomology.h
    7382 total

Current commit WCR average of 82 (b=6): 0.474268 (chowder-free)
Current commit WCR average of 82 (b=5): 0.47061  (chowder-free)
Current commit WCR average of 82 (b=4): 0.467195 (chowder-free)
Current commit WCR average of 82 (b=3): 0.453049 (chowder-free)


                                               < eat chowdah: cinch-k k=1 only >
Surf wave report summary: 
._                                                                                                                            
\\\_M                                                                                                                         
\\\\\_H                                                                                            \v/                        
\\\\\\\_A_________.~~.o.~"~._.~`"~._.~"~._.~"~._.~"~._.~`"~._.~"~._.~"~._^_.~"~._.~"~._.~"~._.~`"~.-0-.~"~._.~"~._.~"~._.~"~._
```````^:^````````                                                                                 /|\                        
First and last runs:
v4.35	Sep 13 15:09:26 2020	 x0	1000	0.480	NDG: 0 	RND:	         waves/chowder/flotsam_06F.txt (+) ( 100 bp) REC:1000	M: 2	-
v4.35	Sep 13 15:09:28 2020	 x0	1000	0.590	NDG: 0 	RND:	        waves/chowder/stringA-40-k.txt (+) ( 100 bp) REC:1000	M: 2	-

Number of tests initiated:         82
Number of tests completed:         82
Number of tests w/ PASS 1000:      82
Number of tests w/ REC. 1000:      82
Number of tests w/ nudging:        0

WCR average: 0.472927

Tests canceled (if any, w/ preceding run for context):
Tests with PASS < 1000 (if any):
Tests with REC. < 1000 (if any):
Tests with nudging (if any):

Line counts:
    2017 src/mha_v4.35.c
    1293 src/microhom-cinc.h
     138 src/microhom-devl.h
     112 src/microhom-skor.h
    2074 src/microhom-tela.h
    1748 src/microhomology.h
    7382 total

Current commit WCR average of 82, cinch-k k=1 only (b=6): 0.48061  (chowdah-free)
Current commit WCR average of 82, cinch-k k=1 only (b=5): 0.476951 (chowdah-free)
Current commit WCR average of 82, cinch-k k=1 only (b=4): 0.472927 (chowdah-free)
Current commit WCR average of 82, cinch-k k=1 only (b=3): 0.458537 (chowdah-free)


                                               < eat nuggets >
Surf wave report summary: 
._                                                                                                                            
\\\_M                                                                                                                         
\\\\\_H                                                                                            \v/                        
\\\\\\\_A_________.~~.o.~"~._.~`"~._.~"~._.~"~._.~"~._.~`"~._.~"~._.~"~._^_.~"~._.~"~._.~"~._.~`"~.-0-.~"~._.~"~._.~"~._.~"~._
```````^:^````````                                                                                 /|\                        
First and last runs:
v4.35	Sep 13 15:09:32 2020	 x0	1000	0.340	NDG: 0 	RND:	        waves/chowder/nugget-42356.txt (+) ( 100 bp) REC:1000	M: 4	-
v4.35	Sep 13 15:09:33 2020	 x0	1000	0.410	NDG: 0 	RND:	        waves/chowder/nugget-00008.txt (+) ( 100 bp) REC:1000	M: 5	-

Number of tests initiated:         11
Number of tests completed:         11
Number of tests w/ PASS 1000:      11
Number of tests w/ REC. 1000:      11
Number of tests w/ nudging:        0

WCR average: 0.459091

Tests canceled (if any, w/ preceding run for context):
Tests with PASS < 1000 (if any):
Tests with REC. < 1000 (if any):
Tests with nudging (if any):

Line counts:
    2017 src/mha_v4.35.c
    1293 src/microhom-cinc.h
     138 src/microhom-devl.h
     112 src/microhom-skor.h
    2074 src/microhom-tela.h
    1748 src/microhomology.h
    7382 total

Commit WCR average of 11 (b=6|5): 0.465455 (chowder-free)
Commit WCR average of 11 (b=4  ): 0.459091 (chowder-free)
Commit WCR average of 11 (b=3  ): 0.437273 (chowder-free)


                                               < fractal_splitting >
Surf wave report summary: 
._                                                                                                                            
\\\_M                                                                                                                         
\\\\\_H                                                                                            \v/                        
\\\\\\\_A_________.~~.o.~"~._.~`"~._.~"~._.~"~._.~"~._.~`"~._.~"~._.~"~._^_.~"~._.~"~._.~"~._.~`"~.-0-.~"~._.~"~._.~"~._.~"~._
```````^:^````````                                                                                 /|\                        
First and last runs:
v4.35	Sep 13 15:09:36 2020	 x0	1000	0.471	NDG: 0 	RND:	       waves/chowder/seq26-snippet.txt (+) (  68 bp) REC:1000	M: 2	-
v4.35	Sep 13 15:09:36 2020	 x0	1000	0.516	NDG: 0 	RND:	waves/chowder/snippet-seq-014-cycle3.txt (+) (  31 bp) REC:1000	M: 2	-

Number of tests initiated:         6
Number of tests completed:         6
Number of tests w/ PASS 1000:      6
Number of tests w/ REC. 1000:      6
Number of tests w/ nudging:        0

WCR average: 0.402167

Tests canceled (if any, w/ preceding run for context):
Tests with PASS < 1000 (if any):
Tests with REC. < 1000 (if any):
Tests with nudging (if any):

Line counts:
    2017 src/mha_v4.35.c
    1293 src/microhom-cinc.h
     138 src/microhom-devl.h
     112 src/microhom-skor.h
    2074 src/microhom-tela.h
    1748 src/microhomology.h
    7382 total

Current commit WCR average of 6 (b=6|5|4): 0.402167 (chowder-free)
Current commit WCR average of 6 (b=3    ): 0.392333 (chowder-free)


                                               < sand_dunes >
Surf wave report summary: 
._                                                                                                                            
\\\_M                                                                                                                         
\\\\\_H                                                                                            \v/                        
\\\\\\\_A_________.~~.o.~"~._.~`"~._.~"~._.~"~._.~"~._.~`"~._.~"~._.~"~._^_.~"~._.~"~._.~"~._.~`"~.-0-.~"~._.~"~._.~"~._.~"~._
```````^:^````````                                                                                 /|\                        
First and last runs:
v4.35	Sep 13 15:09:38 2020	 x0	1000	0.590	NDG: 0 	RND:	    waves/tubespit/seq-017-variant.txt (+) (  39 bp) REC:1000	M: 2	-
v4.35	Sep 13 15:09:38 2020	 x1	1000	0.586	NDG: 0 	RND:	waves/snippets/snippet-squirt_03-b6.alt1 (+) (  29 bp) REC:1000	M: 2	-

Number of tests initiated:         23
Number of tests completed:         23
Number of tests w/ PASS 1000:      23
Number of tests w/ REC. 1000:      23
Number of tests w/ nudging:        0

WCR average: 0.393783

Tests canceled (if any, w/ preceding run for context):
Tests with PASS < 1000 (if any):
Tests with REC. < 1000 (if any):
Tests with nudging (if any):

Line counts:
    2017 src/mha_v4.35.c
    1293 src/microhom-cinc.h
     138 src/microhom-devl.h
     112 src/microhom-skor.h
    2074 src/microhom-tela.h
    1748 src/microhomology.h
    7382 total

Current commit WCR average of 23 (b=6  ): 0.390478 (chowder-free)
Current commit WCR average of 23 (b=5|4): 0.393783 (chowder-free)
Current commit WCR average of 23 (b=3  ): 0.391217 (chowder-free)


                                               < churly churly >
Surf wave report summary: 
._                                                                                                                            
\\\_M                                                                                                                         
\\\\\_H                                                                                            \v/                        
\\\\\\\_A_________.~~.o.~"~._.~`"~._.~"~._.~"~._.~"~._.~`"~._.~"~._.~"~._^_.~"~._.~"~._.~"~._.~`"~.-0-.~"~._.~"~._.~"~._.~"~._
```````^:^````````                                                                                 /|\                        
First and last runs:
v4.35	Sep 13 15:09:41 2020	 x0	1000	0.470	NDG: 0 	RND:	           waves/chowder/churly-01.txt (+) ( 100 bp) REC:1000	M: 2	-
v4.35	Sep 13 15:09:41 2020	 x0	1000	0.490	NDG: 0 	RND:	           waves/chowder/churly-38.txt (+) ( 100 bp) REC:1000	M: 4	-

Number of tests initiated:         38
Number of tests completed:         38
Number of tests w/ PASS 1000:      38
Number of tests w/ REC. 1000:      38
Number of tests w/ nudging:        0

WCR average: 0.488158

Tests canceled (if any, w/ preceding run for context):
Tests with PASS < 1000 (if any):
Tests with REC. < 1000 (if any):
Tests with nudging (if any):

Line counts:
    2017 src/mha_v4.35.c
    1293 src/microhom-cinc.h
     138 src/microhom-devl.h
     112 src/microhom-skor.h
    2074 src/microhom-tela.h
    1748 src/microhomology.h
    7382 total

Commit WCR average of 38 (b=6): 0.506053 (chowder-free)
Commit WCR average of 38 (b=5): 0.499737 (chowder-free)
Commit WCR average of 38 (b=4): 0.488158 (chowder-free)
Commit WCR average of 38 (b=3): 0.465526 (chowder-free)


                                               < squid: b 3 -x trial 4 chowder >
Surf wave report summary: 
._                                                                                                                            
\\\_M                                                                                                                         
\\\\\_H                                                                                            \v/                        
\\\\\\\_A_________.~~.o.~"~._.~`"~._.~"~._.~"~._.~"~._.~`"~._.~"~._.~"~._^_.~"~._.~"~._.~"~._.~`"~.-0-.~"~._.~"~._.~"~._.~"~._
```````^:^````````                                                                                 /|\                        
First and last runs:
v4.35	Sep 13 15:09:43 2020	 x1	1000	0.680	NDG: 0 	RND:	           waves/squeegee/squid~44.txt (+) ( 100 bp) REC:1000	M: 5	-
v4.35	Sep 13 15:09:44 2020	 x1	1000	0.580	NDG: 0 	RND:	           waves/squeegee/squid~24.txt (+) ( 100 bp) REC:1000	M: 2	-

Number of tests initiated:         25
Number of tests completed:         25
Number of tests w/ PASS 1000:      25
Number of tests w/ REC. 1000:      25
Number of tests w/ nudging:        0

WCR average: 0.51168

Tests canceled (if any, w/ preceding run for context):
Tests with PASS < 1000 (if any):
Tests with REC. < 1000 (if any):
Tests with nudging (if any):

Line counts:
    2017 src/mha_v4.35.c
    1293 src/microhom-cinc.h
     138 src/microhom-devl.h
     112 src/microhom-skor.h
    2074 src/microhom-tela.h
    1748 src/microhomology.h
    7382 total

Commit WCR average of 25 (b=6): 0.51848 (chowder-free)
Commit WCR average of 25 (b=5): 0.51128 (chowder-free)
Commit WCR average of 25 (b=4): 0.51168 (chowder-free)
Commit WCR average of 25 (b=3): 0.47808 (chowder-free)


                                               < squeegee: b 3 -x chowder >
Surf wave report summary: 
._                                                                                                                            
\\\_M                                                                                                                         
\\\\\_H                                                                                            \v/                        
\\\\\\\_A_________.~~.o.~"~._.~`"~._.~"~._.~"~._.~"~._.~`"~._.~"~._.~"~._^_.~"~._.~"~._.~"~._.~`"~.-0-.~"~._.~"~._.~"~._.~"~._
```````^:^````````                                                                                 /|\                        
First and last runs:
v4.35	Sep 13 15:09:45 2020	 x1	1000	0.530	NDG: 0 	RND:	           waves/squeegee/squee006.txt (+) ( 100 bp) REC:1000	M: 3	-
v4.35	Sep 13 15:09:47 2020	 x1	1000	0.480	NDG: 0 	RND:	           waves/squeegee/squee282.txt (+) ( 100 bp) REC:1000	M: 4	-

Number of tests initiated:         58
Number of tests completed:         58
Number of tests w/ PASS 1000:      58
Number of tests w/ REC. 1000:      58
Number of tests w/ nudging:        0

WCR average: 0.507241

Tests canceled (if any, w/ preceding run for context):
Tests with PASS < 1000 (if any):
Tests with REC. < 1000 (if any):
Tests with nudging (if any):

Line counts:
    2017 src/mha_v4.35.c
    1293 src/microhom-cinc.h
     138 src/microhom-devl.h
     112 src/microhom-skor.h
    2074 src/microhom-tela.h
    1748 src/microhomology.h
    7382 total

Commit WCR average of 58 (b=6): 0.517931 (chowder-free)
Commit WCR average of 58 (b=5): 0.512414 (chowder-free)
Commit WCR average of 58 (b=4): 0.507241 (chowder-free)
Commit WCR average of 58 (b=3): 0.483448 (chowder-free)


                                               < squirt chowder >
Surf wave report summary: 
._                                                                                                                            
\\\_M                                                                                                                         
\\\\\_H                                                                                            \v/                        
\\\\\\\_A_________.~~.o.~"~._.~`"~._.~"~._.~"~._.~"~._.~`"~._.~"~._.~"~._^_.~"~._.~"~._.~"~._.~`"~.-0-.~"~._.~"~._.~"~._.~"~._
```````^:^````````                                                                                 /|\                        
First and last runs:
v4.35	Sep 13 15:09:51 2020	 x1	1000	0.510	NDG: 5 	RND:	       waves/squeegee/squirt_21-b3.txt (+) ( 100 bp) REC:1000	M: 5	-
v4.35	Sep 13 15:09:58 2020	 x1	1000	0.500	NDG: 0 	RND:	       waves/squeegee/squirt_01-b6.txt (+) ( 100 bp) REC:1000	M: 3	-

Number of tests initiated:         28
Number of tests completed:         28
Number of tests w/ PASS 1000:      28
Number of tests w/ REC. 1000:      28
Number of tests w/ nudging:        6

WCR average: 0.506786

Tests canceled (if any, w/ preceding run for context):
Tests with PASS < 1000 (if any):
Tests with REC. < 1000 (if any):
Tests with nudging (if any):
v4.35	Sep 13 15:09:51 2020	 x1	1000	0.510	NDG: 5 	RND:	       waves/squeegee/squirt_21-b3.txt (+) ( 100 bp) REC:1000	M: 5	-
v4.35	Sep 13 15:09:54 2020	 x1	1000	0.410	NDG: 2 	RND:	       waves/squeegee/squirt_17-b3.txt (+) ( 100 bp) REC:1000	M: 2	-
v4.35	Sep 13 15:09:55 2020	 x1	1000	0.490	NDG: 3 	RND:	       waves/squeegee/squirt_22-b3.txt (+) ( 100 bp) REC:1000	M: 2	-
v4.35	Sep 13 15:09:55 2020	 x1	1000	0.660	NDG: 3 	RND:	       waves/squeegee/squirt_23-b3.txt (+) ( 100 bp) REC:1000	M: 2	-
v4.35	Sep 13 15:09:55 2020	 x1	1000	0.500	NDG: 9 	RND:	       waves/squeegee/squirt_20-b3.txt (+) ( 100 bp) REC:1000	M: 2	-
v4.35	Sep 13 15:09:55 2020	 x1	1000	0.400	NDG: 9 	RND:	       waves/squeegee/squirt_25-b3.txt (+) ( 100 bp) REC:1000	M: 3	-

Line counts:
    2017 src/mha_v4.35.c
    1293 src/microhom-cinc.h
     138 src/microhom-devl.h
     112 src/microhom-skor.h
    2074 src/microhom-tela.h
    1748 src/microhomology.h
    7382 total

Commit WCR average of 28 (b=6): 0.5025   (26/28 solved)
Commit WCR average of 28 (b=5): 0.509643 (24/28 solved)
Commit WCR average of 28 (b=4): 0.506786 (22/28 solved)
Commit WCR average of 28 (b=3): 0.491786 (17/28 solved)

