Sat Jun 27 16:50:33 CDT 2020
Tri-fin dawn patrol: Compiling maximal v4.33.


                                               < cleanup_set_all >
Surf wave report summary: 
._                                                                                                                            
\\\_M                                                                                                                         
\\\\\_H                                                                                            \v/                        
\\\\\\\_A_________.~~.o.~"~._.~`"~._.~"~._.~"~._.~"~._.~`"~._.~"~._.~"~._^_.~"~._.~"~._.~"~._.~`"~.-0-.~"~._.~"~._.~"~._.~"~._
```````^:^````````                                                                                 /|\                        
First and last runs:
v4.33	Jun 27 16:50:38 2020	 x0	1000	0.513	NDG: 0 	RND:	         waves/seals/vnd_ex3_Dmela.txt (+) ( 956 bp) REC:1000	M: 4	-
v4.33	Jun 27 16:51:23 2020	 x1	1000	0.477	NDG: 0 	RND:	waves/tubespit/seq-161-wuhCor1-03-synth2.txt (-) (  44 bp) REC:1000	M: 2	bslip sum 1

Number of tests initiated:         816

Number of tests completed:         816

Number of tests w/ PASS 1000:      816

Number of tests w/ REC. 1000:      816

Number of tests w/ nudging:        1

Number of tests w/ checktransit:   1

WCR average: 0.493804

Tests with PASS < 1000 (if any):

Tests with REC. < 1000 (if any):

Tests with nudging (if any):
v4.33	Jun 27 16:51:21 2020	 x1	1000	0.480	NDG: 4 	RND:	     waves/tubespit/seq-062-tuckup.txt (-) ( 100 bp) REC:1000	M: 4	checktransit=3 at n=34

Tests canceled (if any, w/ preceding run for context):

Line counts:
    1972 src/mha_v4.33.c
    1369 src/microhom-cinc.h
     139 src/microhom-devl.h
     113 src/microhom-skor.h
    1900 src/microhom-tela.h
    1715 src/microhomology.h
    7208 total

Commit WCR average (PISO = 5): 0.504786 (chowder-free)
Commit WCR average (PISO = 4): 0.501342 (chowder-free)
Commit WCR average (PISO = 3): 0.493804 (one chowder chunk)


                                               < eat chowder >
Surf wave report summary: 
._                                                                                                                            
\\\_M                                                                                                                         
\\\\\_H                                                                                            \v/                        
\\\\\\\_A_________.~~.o.~"~._.~`"~._.~"~._.~"~._.~"~._.~`"~._.~"~._.~"~._^_.~"~._.~"~._.~"~._.~`"~.-0-.~"~._.~"~._.~"~._.~"~._
```````^:^````````                                                                                 /|\                        
First and last runs:
v4.33	Jun 27 16:52:26 2020	 x0	1000	0.470	NDG: 0 	RND:	         waves/chowder/flotsam_06F.txt (+) ( 100 bp) REC:1000	M: 2	-
v4.33	Jun 27 16:52:28 2020	 x0	1000	0.560	NDG: 0 	RND:	               waves/chowder/s40-k.txt (+) ( 100 bp) REC:1000	M: 2	-

Number of tests initiated:         82

Number of tests completed:         82

Number of tests w/ PASS 1000:      82

Number of tests w/ REC. 1000:      82

Number of tests w/ nudging:        0

Number of tests w/ checktransit:   0

WCR average: 0.467524

Tests with PASS < 1000 (if any):

Tests with REC. < 1000 (if any):

Tests with nudging (if any):

Tests canceled (if any, w/ preceding run for context):

Line counts:
    1972 src/mha_v4.33.c
    1369 src/microhom-cinc.h
     139 src/microhom-devl.h
     113 src/microhom-skor.h
    1900 src/microhom-tela.h
    1715 src/microhomology.h
    7208 total

Current commit WCR average of 82 (PISO= 5 ): 0.467280 (chowder-free)
Current commit WCR average of 82 (PISO=4|3): 0.467524 (chowder-free)


                                               < eat chowdah: cinch-k k=1 only >
Surf wave report summary: 
._                                                                                                                            
\\\_M                                                                                                                         
\\\\\_H                                                                                            \v/                        
\\\\\\\_A_________.~~.o.~"~._.~`"~._.~"~._.~"~._.~"~._.~`"~._.~"~._.~"~._^_.~"~._.~"~._.~"~._.~`"~.-0-.~"~._.~"~._.~"~._.~"~._
```````^:^````````                                                                                 /|\                        
First and last runs:
v4.33	Jun 27 16:52:36 2020	 x0	1000	0.470	NDG: 0 	RND:	         waves/chowder/flotsam_06F.txt (+) ( 100 bp) REC:1000	M: 2	-
v4.33	Jun 27 16:52:38 2020	 x0	1000	0.580	NDG: 0 	RND:	               waves/chowder/s40-k.txt (+) ( 100 bp) REC:1000	M: 2	-

Number of tests initiated:         82

Number of tests completed:         82

Number of tests w/ PASS 1000:      82

Number of tests w/ REC. 1000:      82

Number of tests w/ nudging:        0

Number of tests w/ checktransit:   0

WCR average: 0.471915

Tests with PASS < 1000 (if any):

Tests with REC. < 1000 (if any):

Tests with nudging (if any):

Tests canceled (if any, w/ preceding run for context):

Line counts:
    1972 src/mha_v4.33.c
    1369 src/microhom-cinc.h
     139 src/microhom-devl.h
     113 src/microhom-skor.h
    1900 src/microhom-tela.h
    1715 src/microhomology.h
    7208 total

Current commit WCR average of 82, allowing only k = 1 in cinch-k (PISO=5|4|3): 0.471915 (chowdah-free)


                                               < eat nuggets >
Surf wave report summary: 
._                                                                                                                            
\\\_M                                                                                                                         
\\\\\_H                                                                                            \v/                        
\\\\\\\_A_________.~~.o.~"~._.~`"~._.~"~._.~"~._.~"~._.~`"~._.~"~._.~"~._^_.~"~._.~"~._.~"~._.~`"~.-0-.~"~._.~"~._.~"~._.~"~._
```````^:^````````                                                                                 /|\                        
First and last runs:
v4.33	Jun 27 16:52:43 2020	 x0	1000	0.460	NDG: 0 	RND:	        waves/chowder/nugget-42356.txt (+) ( 100 bp) REC:1000	M: 4	-
v4.33	Jun 27 16:52:43 2020	 x0	1000	0.400	NDG: 0 	RND:	        waves/chowder/nugget-00008.txt (+) ( 100 bp) REC:1000	M: 2	-

Number of tests initiated:         11

Number of tests completed:         11

Number of tests w/ PASS 1000:      11

Number of tests w/ REC. 1000:      11

Number of tests w/ nudging:        0

Number of tests w/ checktransit:   0

WCR average: 0.453636

Tests with PASS < 1000 (if any):

Tests with REC. < 1000 (if any):

Tests with nudging (if any):

Tests canceled (if any, w/ preceding run for context):

Line counts:
    1972 src/mha_v4.33.c
    1369 src/microhom-cinc.h
     139 src/microhom-devl.h
     113 src/microhom-skor.h
    1900 src/microhom-tela.h
    1715 src/microhomology.h
    7208 total

Commit WCR average of 11 (PISO = 5|4|3): 0.453636 (chowder-free)


                                               < fractal_splitting >
Surf wave report summary: 
._                                                                                                                            
\\\_M                                                                                                                         
\\\\\_H                                                                                            \v/                        
\\\\\\\_A_________.~~.o.~"~._.~`"~._.~"~._.~"~._.~"~._.~`"~._.~"~._.~"~._^_.~"~._.~"~._.~"~._.~`"~.-0-.~"~._.~"~._.~"~._.~"~._
```````^:^````````                                                                                 /|\                        
First and last runs:
v4.33	Jun 27 16:53:08 2020	 x0	1000	0.471	NDG: 0 	RND:	       waves/chowder/seq26-snippet.txt (+) (  68 bp) REC:1000	M: 2	-
v4.33	Jun 27 16:53:28 2020	 x0	1000	0.484	NDG: 0 	RND:	waves/chowder/snippet-seq-014-cycle3.txt (+) (  31 bp) REC:1000	M: 4	-

Number of tests initiated:         6

Number of tests completed:         6

Number of tests w/ PASS 1000:      6

Number of tests w/ REC. 1000:      6

Number of tests w/ nudging:        0

Number of tests w/ checktransit:   0

WCR average: 0.372

Tests with PASS < 1000 (if any):

Tests with REC. < 1000 (if any):

Tests with nudging (if any):

Tests canceled (if any, w/ preceding run for context):

Line counts:
    1972 src/mha_v4.33.c
    1369 src/microhom-cinc.h
     139 src/microhom-devl.h
     113 src/microhom-skor.h
    1900 src/microhom-tela.h
    1715 src/microhomology.h
    7208 total

Current commit WCR average of 6 (PISO = 5|4|3): 0.372 (chowder-free)


                                               < sand_dunes >
Surf wave report summary: 
._                                                                                                                            
\\\_M                                                                                                                         
\\\\\_H                                                                                            \v/                        
\\\\\\\_A_________.~~.o.~"~._.~`"~._.~"~._.~"~._.~"~._.~`"~._.~"~._.~"~._^_.~"~._.~"~._.~"~._.~`"~.-0-.~"~._.~"~._.~"~._.~"~._
```````^:^````````                                                                                 /|\                        
First and last runs:
v4.33	Jun 27 16:53:32 2020	 x0	1000	0.590	NDG: 0 	RND:	    waves/tubespit/seq-017-variant.txt (+) (  39 bp) REC:1000	M: 2	-
v4.33	Jun 27 16:53:48 2020	 x0	1000	0.375	NDG: 0 	RND:	   waves/chowder/snippet-jetsam-03.txt (+) (  16 bp) REC:1000	M: 2	-

Number of tests initiated:         22

Number of tests completed:         22

Number of tests w/ PASS 1000:      22

Number of tests w/ REC. 1000:      22

Number of tests w/ nudging:        0

Number of tests w/ checktransit:   0

WCR average: 0.373591

Tests with PASS < 1000 (if any):

Tests with REC. < 1000 (if any):

Tests with nudging (if any):

Tests canceled (if any, w/ preceding run for context):

Line counts:
    1972 src/mha_v4.33.c
    1369 src/microhom-cinc.h
     139 src/microhom-devl.h
     113 src/microhom-skor.h
    1900 src/microhom-tela.h
    1715 src/microhomology.h
    7208 total

Current commit WCR average of 22 (PISO = 5|4|3): 0.373591 (chowder-free)


                                               < churly churly >
Surf wave report summary: 
._                                                                                                                            
\\\_M                                                                                                                         
\\\\\_H                                                                                            \v/                        
\\\\\\\_A_________.~~.o.~"~._.~`"~._.~"~._.~"~._.~"~._.~`"~._.~"~._.~"~._^_.~"~._.~"~._.~"~._.~`"~.-0-.~"~._.~"~._.~"~._.~"~._
```````^:^````````                                                                                 /|\                        
First and last runs:
v4.33	Jun 27 16:53:52 2020	 x0	1000	0.510	NDG: 0 	RND:	           waves/chowder/churly-01.txt (+) ( 100 bp) REC:1000	M: 4	-
v4.33	Jun 27 16:53:57 2020	 x0	1000	0.370	NDG: 0 	RND:	           waves/chowder/churly-16.txt (+) ( 100 bp) REC:1000	M: 3	-

Number of tests initiated:         16

Number of tests completed:         16

Number of tests w/ PASS 1000:      16

Number of tests w/ REC. 1000:      16

Number of tests w/ nudging:        0

Number of tests w/ checktransit:   0

WCR average: 0.46125

Tests with PASS < 1000 (if any):

Tests with REC. < 1000 (if any):

Tests with nudging (if any):

Tests canceled (if any, w/ preceding run for context):

Line counts:
    1972 src/mha_v4.33.c
    1369 src/microhom-cinc.h
     139 src/microhom-devl.h
     113 src/microhom-skor.h
    1900 src/microhom-tela.h
    1715 src/microhomology.h
    7208 total

Commit WCR average of 16 (PISO = 5|4|3): 0.46125 (chowder-free)

