Wed Oct 14 19:30:00 CDT 2020
Tri-fin dawn patrol: Compiling maximal v4.35.



                                               < cleanup_set_all >
Surf wave report summary: 
._                                                                                                                            
\\\_M                                                                                                                         
\\\\\_H                                                                                            \v/                        
\\\\\\\_A_________.~~.o.~"~._.~`"~._.~"~._.~"~._.~"~._.~`"~._.~"~._.~"~._^_.~"~._.~"~._.~"~._.~`"~.-0-.~"~._.~"~._.~"~._.~"~._
```````^:^````````                                                                                 /|\                        
First and last runs:
v4.35	Oct 14 19:30:06 2020	 x0	1000	0.514	NDG: 0 	RND:	         waves/seals/vnd_ex3_Dmela.txt (+) ( 956 bp) REC:1000	-b5	-
v4.35	Oct 14 19:30:48 2020	 x1	1000	0.477	NDG: 0 	RND:	waves/tubespit/seq-161-wuhCor1-03-synth2.txt (-) (  44 bp) REC:1000	-b5	-

Number of tests initiated:         816
Number of tests completed:         816
Number of tests w/ PASS 1000:      816
Number of tests w/ REC. 1000:      816
Number of tests w/ nudging:        0

WCR average: 0.516293

Tests canceled (if any, w/ preceding run for context):
Tests with PASS < 1000 (if any):
Tests with REC. < 1000 (if any):
Tests with nudging (if any):

Line counts:
    2040 src/mha_v4.35.c
    1254 src/microhom-cinc.h
     138 src/microhom-devl.h
     112 src/microhom-skor.h
    2171 src/microhom-tela.h
    1748 src/microhomology.h
    7463 total

Commit WCR avgs (b=6): 0.51986  (chowder-free)
Commit WCR avgs (b=5): 0.516293 (chowder-free)
Commit WCR avgs (b=4): 0.508991 (chowder-free)
Commit WCR avgs (b=3): 0.492333 (chowder-free)


                                               < eat chowder >
Surf wave report summary: 
._                                                                                                                            
\\\_M                                                                                                                         
\\\\\_H                                                                                            \v/                        
\\\\\\\_A_________.~~.o.~"~._.~`"~._.~"~._.~"~._.~"~._.~`"~._.~"~._.~"~._^_.~"~._.~"~._.~"~._.~`"~.-0-.~"~._.~"~._.~"~._.~"~._
```````^:^````````                                                                                 /|\                        
First and last runs:
v4.35	Oct 14 19:31:01 2020	 x0	1000	0.480	NDG: 0 	RND:	         waves/chowder/flotsam_06F.txt (+) ( 100 bp) REC:1000	-b5	-
v4.35	Oct 14 19:31:03 2020	 x0	1000	0.570	NDG: 0 	RND:	        waves/chowder/stringA-40-k.txt (+) ( 100 bp) REC:1000	-b5	-

Number of tests initiated:         82
Number of tests completed:         82
Number of tests w/ PASS 1000:      82
Number of tests w/ REC. 1000:      82
Number of tests w/ nudging:        0

WCR average: 0.47

Tests canceled (if any, w/ preceding run for context):
Tests with PASS < 1000 (if any):
Tests with REC. < 1000 (if any):
Tests with nudging (if any):

Line counts:
    2040 src/mha_v4.35.c
    1254 src/microhom-cinc.h
     138 src/microhom-devl.h
     112 src/microhom-skor.h
    2171 src/microhom-tela.h
    1748 src/microhomology.h
    7463 total

Current commit WCR average of 82 (b=6): 0.473659 (chowder-free)
Current commit WCR average of 82 (b=5): 0.47     (chowder-free)
Current commit WCR average of 82 (b=4): 0.466585 (chowder-free)
Current commit WCR average of 82 (b=3): 0.452439 (chowder-free)


                                               < eat chowdah: cinch-k k=1 only >
Surf wave report summary: 
._                                                                                                                            
\\\_M                                                                                                                         
\\\\\_H                                                                                            \v/                        
\\\\\\\_A_________.~~.o.~"~._.~`"~._.~"~._.~"~._.~"~._.~`"~._.~"~._.~"~._^_.~"~._.~"~._.~"~._.~`"~.-0-.~"~._.~"~._.~"~._.~"~._
```````^:^````````                                                                                 /|\                        
First and last runs:
v4.35	Oct 14 19:31:05 2020	 x0	1000	0.480	NDG: 0 	RND:	         waves/chowder/flotsam_06F.txt (+) ( 100 bp) REC:1000	-b5	-
v4.35	Oct 14 19:31:07 2020	 x0	1000	0.590	NDG: 0 	RND:	        waves/chowder/stringA-40-k.txt (+) ( 100 bp) REC:1000	-b5	-

Number of tests initiated:         82
Number of tests completed:         82
Number of tests w/ PASS 1000:      82
Number of tests w/ REC. 1000:      82
Number of tests w/ nudging:        0

WCR average: 0.476585

Tests canceled (if any, w/ preceding run for context):
Tests with PASS < 1000 (if any):
Tests with REC. < 1000 (if any):
Tests with nudging (if any):

Line counts:
    2040 src/mha_v4.35.c
    1254 src/microhom-cinc.h
     138 src/microhom-devl.h
     112 src/microhom-skor.h
    2171 src/microhom-tela.h
    1748 src/microhomology.h
    7463 total

Current commit WCR average of 82, cinch-k k=1 only (b=6): 0.480244 (chowdah-free)
Current commit WCR average of 82, cinch-k k=1 only (b=5): 0.476585 (chowdah-free)
Current commit WCR average of 82, cinch-k k=1 only (b=4): 0.472561 (chowdah-free)
Current commit WCR average of 82, cinch-k k=1 only (b=3): 0.458171 (chowdah-free)


                                               < eat nuggets >
Surf wave report summary: 
._                                                                                                                            
\\\_M                                                                                                                         
\\\\\_H                                                                                            \v/                        
\\\\\\\_A_________.~~.o.~"~._.~`"~._.~"~._.~"~._.~"~._.~`"~._.~"~._.~"~._^_.~"~._.~"~._.~"~._.~`"~.-0-.~"~._.~"~._.~"~._.~"~._
```````^:^````````                                                                                 /|\                        
First and last runs:
v4.35	Oct 14 19:31:11 2020	 x0	1000	0.400	NDG: 0 	RND:	        waves/chowder/nugget-42356.txt (+) ( 100 bp) REC:1000	-b5	-
v4.35	Oct 14 19:31:11 2020	 x0	1000	0.430	NDG: 0 	RND:	        waves/chowder/nugget-00008.txt (+) ( 100 bp) REC:1000	-b5	-

Number of tests initiated:         11
Number of tests completed:         11
Number of tests w/ PASS 1000:      11
Number of tests w/ REC. 1000:      11
Number of tests w/ nudging:        0

WCR average: 0.464545

Tests canceled (if any, w/ preceding run for context):
Tests with PASS < 1000 (if any):
Tests with REC. < 1000 (if any):
Tests with nudging (if any):

Line counts:
    2040 src/mha_v4.35.c
    1254 src/microhom-cinc.h
     138 src/microhom-devl.h
     112 src/microhom-skor.h
    2171 src/microhom-tela.h
    1748 src/microhomology.h
    7463 total

Commit WCR average of 11 (b=6|5): 0.464545 (chowder-free)
Commit WCR average of 11 (b=4  ): 0.458182 (chowder-free)
Commit WCR average of 11 (b=3  ): 0.432727 (chowder-free)


                                               < fractal_splitting >
Surf wave report summary: 
._                                                                                                                            
\\\_M                                                                                                                         
\\\\\_H                                                                                            \v/                        
\\\\\\\_A_________.~~.o.~"~._.~`"~._.~"~._.~"~._.~"~._.~`"~._.~"~._.~"~._^_.~"~._.~"~._.~"~._.~`"~.-0-.~"~._.~"~._.~"~._.~"~._
```````^:^````````                                                                                 /|\                        
First and last runs:
v4.35	Oct 14 19:31:17 2020	 x0	1000	0.471	NDG: 0 	RND:	       waves/chowder/seq26-snippet.txt (+) (  68 bp) REC:1000	-b5	-
v4.35	Oct 14 19:31:17 2020	 x0	1000	0.516	NDG: 0 	RND:	waves/chowder/snippet-seq-014-cycle3.txt (+) (  31 bp) REC:1000	-b5	-

Number of tests initiated:         6
Number of tests completed:         6
Number of tests w/ PASS 1000:      6
Number of tests w/ REC. 1000:      6
Number of tests w/ nudging:        0

WCR average: 0.3935

Tests canceled (if any, w/ preceding run for context):
Tests with PASS < 1000 (if any):
Tests with REC. < 1000 (if any):
Tests with nudging (if any):

Line counts:
    2040 src/mha_v4.35.c
    1254 src/microhom-cinc.h
     138 src/microhom-devl.h
     112 src/microhom-skor.h
    2171 src/microhom-tela.h
    1748 src/microhomology.h
    7463 total

Current commit WCR average of 6 (b=6|5|4): 0.3935   (chowder-free)
Current commit WCR average of 6 (b=3    ): 0.383667 (chowder-free)


                                               < sand_dunes >
Surf wave report summary: 
._                                                                                                                            
\\\_M                                                                                                                         
\\\\\_H                                                                                            \v/                        
\\\\\\\_A_________.~~.o.~"~._.~`"~._.~"~._.~"~._.~"~._.~`"~._.~"~._.~"~._^_.~"~._.~"~._.~"~._.~`"~.-0-.~"~._.~"~._.~"~._.~"~._
```````^:^````````                                                                                 /|\                        
First and last runs:
v4.35	Oct 14 19:31:20 2020	 x0	1000	0.590	NDG: 0 	RND:	    waves/tubespit/seq-017-variant.txt (+) (  39 bp) REC:1000	-b5	-
v4.35	Oct 14 19:31:20 2020	 x1	1000	0.343	NDG: 0 	RND:	waves/snippets/snippet-squirt_22-b3.txt (+) (  35 bp) REC:1000	-b5	-

Number of tests initiated:         24
Number of tests completed:         24
Number of tests w/ PASS 1000:      24
Number of tests w/ REC. 1000:      24
Number of tests w/ nudging:        0

WCR average: 0.3885

Tests canceled (if any, w/ preceding run for context):
Tests with PASS < 1000 (if any):
Tests with REC. < 1000 (if any):
Tests with nudging (if any):

Line counts:
    2040 src/mha_v4.35.c
    1254 src/microhom-cinc.h
     138 src/microhom-devl.h
     112 src/microhom-skor.h
    2171 src/microhom-tela.h
    1748 src/microhomology.h
    7463 total

Current commit WCR average of 24 (b=6|5|4): 0.3885   (chowder-free)
Current commit WCR average of 24 (b=3    ): 0.386042 (chowder-free)


                                               < churly churly >
Surf wave report summary: 
._                                                                                                                            
\\\_M                                                                                                                         
\\\\\_H                                                                                            \v/                        
\\\\\\\_A_________.~~.o.~"~._.~`"~._.~"~._.~"~._.~"~._.~`"~._.~"~._.~"~._^_.~"~._.~"~._.~"~._.~`"~.-0-.~"~._.~"~._.~"~._.~"~._
```````^:^````````                                                                                 /|\                        
First and last runs:
v4.35	Oct 14 19:31:22 2020	 x0	1000	0.470	NDG: 0 	RND:	           waves/chowder/churly-01.txt (+) ( 100 bp) REC:1000	-b5	-
v4.35	Oct 14 19:31:23 2020	 x0	1000	0.540	NDG: 0 	RND:	           waves/chowder/churly-38.txt (+) ( 100 bp) REC:1000	-b5	-

Number of tests initiated:         38
Number of tests completed:         38
Number of tests w/ PASS 1000:      38
Number of tests w/ REC. 1000:      38
Number of tests w/ nudging:        0

WCR average: 0.499737

Tests canceled (if any, w/ preceding run for context):
Tests with PASS < 1000 (if any):
Tests with REC. < 1000 (if any):
Tests with nudging (if any):

Line counts:
    2040 src/mha_v4.35.c
    1254 src/microhom-cinc.h
     138 src/microhom-devl.h
     112 src/microhom-skor.h
    2171 src/microhom-tela.h
    1748 src/microhomology.h
    7463 total

Commit WCR average of 38 (b=6): 0.506053 (chowder-free)
Commit WCR average of 38 (b=5): 0.499737 (chowder-free)
Commit WCR average of 38 (b=4): 0.488158 (chowder-free)
Commit WCR average of 38 (b=3): 0.465526 (chowder-free)


                                               < squid: b 3 -x trial 4 chowder >
Surf wave report summary: 
._                                                                                                                            
\\\_M                                                                                                                         
\\\\\_H                                                                                            \v/                        
\\\\\\\_A_________.~~.o.~"~._.~`"~._.~"~._.~"~._.~"~._.~`"~._.~"~._.~"~._^_.~"~._.~"~._.~"~._.~`"~.-0-.~"~._.~"~._.~"~._.~"~._
```````^:^````````                                                                                 /|\                        
First and last runs:
v4.35	Oct 14 19:31:26 2020	 x1	1000	0.680	NDG: 0 	RND:	           waves/squeegee/squid~44.txt (+) ( 100 bp) REC:1000	-b5	-
v4.35	Oct 14 19:31:27 2020	 x1	1000	0.580	NDG: 0 	RND:	           waves/squeegee/squid~24.txt (+) ( 100 bp) REC:1000	-b5	-

Number of tests initiated:         25
Number of tests completed:         25
Number of tests w/ PASS 1000:      25
Number of tests w/ REC. 1000:      25
Number of tests w/ nudging:        0

WCR average: 0.5122

Tests canceled (if any, w/ preceding run for context):
Tests with PASS < 1000 (if any):
Tests with REC. < 1000 (if any):
Tests with nudging (if any):

Line counts:
    2040 src/mha_v4.35.c
    1254 src/microhom-cinc.h
     138 src/microhom-devl.h
     112 src/microhom-skor.h
    2171 src/microhom-tela.h
    1748 src/microhomology.h
    7463 total

Commit WCR average of 25 (b=6): 0.5166 (chowder-free)
Commit WCR average of 25 (b=5): 0.5122 (chowder-free)
Commit WCR average of 25 (b=4): 0.5134 (chowder-free)
Commit WCR average of 25 (b=3): 0.4778 (chowder-free)


                                               < squeegee: b 3 -x chowder >
Surf wave report summary: 
._                                                                                                                            
\\\_M                                                                                                                         
\\\\\_H                                                                                            \v/                        
\\\\\\\_A_________.~~.o.~"~._.~`"~._.~"~._.~"~._.~"~._.~`"~._.~"~._.~"~._^_.~"~._.~"~._.~"~._.~`"~.-0-.~"~._.~"~._.~"~._.~"~._
```````^:^````````                                                                                 /|\                        
First and last runs:
v4.35	Oct 14 19:31:32 2020	 x1	1000	0.530	NDG: 0 	RND:	           waves/squeegee/squee006.txt (+) ( 100 bp) REC:1000	-b5	-
v4.35	Oct 14 19:31:33 2020	 x1	1000	0.480	NDG: 0 	RND:	           waves/squeegee/squee282.txt (+) ( 100 bp) REC:1000	-b5	-

Number of tests initiated:         58
Number of tests completed:         58
Number of tests w/ PASS 1000:      58
Number of tests w/ REC. 1000:      58
Number of tests w/ nudging:        0

WCR average: 0.511552

Tests canceled (if any, w/ preceding run for context):
Tests with PASS < 1000 (if any):
Tests with REC. < 1000 (if any):
Tests with nudging (if any):

Line counts:
    2040 src/mha_v4.35.c
    1254 src/microhom-cinc.h
     138 src/microhom-devl.h
     112 src/microhom-skor.h
    2171 src/microhom-tela.h
    1748 src/microhomology.h
    7463 total

Commit WCR average of 58 (b=6): 0.517759 (chowder-free)
Commit WCR average of 58 (b=5): 0.511552 (chowder-free)
Commit WCR average of 58 (b=4): 0.510172 (chowder-free)
Commit WCR average of 58 (b=3): 0.485862 (chowder-free)


                                               < squirt chowder >
Surf wave report summary: 
._                                                                                                                            
\\\_M                                                                                                                         
\\\\\_H                                                                                            \v/                        
\\\\\\\_A_________.~~.o.~"~._.~`"~._.~"~._.~"~._.~"~._.~`"~._.~"~._.~"~._^_.~"~._.~"~._.~"~._.~`"~.-0-.~"~._.~"~._.~"~._.~"~._
```````^:^````````                                                                                 /|\                        
First and last runs:
v4.35	Oct 14 19:31:47 2020	 x1	1000	0.570	NDG: 0 	RND:	       waves/squeegee/squirt_40-b3.txt (+) ( 100 bp) REC:1000	-b5	-
v4.35	Oct 14 19:31:48 2020	 x1	1000	0.530	NDG: 0 	RND:	       waves/squeegee/squirt_01-b6.txt (+) ( 100 bp) REC:1000	-b5	-

Number of tests initiated:         42
Number of tests completed:         42
Number of tests w/ PASS 1000:      42
Number of tests w/ REC. 1000:      42
Number of tests w/ nudging:        0

WCR average: 0.490952

Tests canceled (if any, w/ preceding run for context):
Tests with PASS < 1000 (if any):
Tests with REC. < 1000 (if any):
Tests with nudging (if any):

Line counts:
    2040 src/mha_v4.35.c
    1254 src/microhom-cinc.h
     138 src/microhom-devl.h
     112 src/microhom-skor.h
    2171 src/microhom-tela.h
    1748 src/microhomology.h
    7463 total

Commit WCR average of 42 (b=6): 0.495714 (chowder-free)
Commit WCR average of 42 (b=5): 0.490952 (chowder-free)
Commit WCR average of 42 (b=4): 0.486429 (chowder-free)
Commit WCR average of 42 (b=3): 0.468571 (chowder-free)


                                               < squint -- chowder >
Surf wave report summary: 
._                                                                                                                            
\\\_M                                                                                                                         
\\\\\_H                                                                                            \v/                        
\\\\\\\_A_________.~~.o.~"~._.~`"~._.~"~._.~"~._.~"~._.~`"~._.~"~._.~"~._^_.~"~._.~"~._.~"~._.~`"~.-0-.~"~._.~"~._.~"~._.~"~._
```````^:^````````                                                                                 /|\                        
First and last runs:
v4.35	Oct 14 19:31:57 2020	 x1	1000	0.325	NDG: 0 	RND:	      waves/squeegee/squint_26-xb3.txt (+) (  80 bp) REC:1000	-b5	-
v4.35	Oct 14 19:31:59 2020	 x1	1000	0.450	NDG: 0 	RND:	      waves/squeegee/squint_01-xb3.txt (+) ( 100 bp) REC:1000	-b5	-

Number of tests initiated:         28
Number of tests completed:         28
Number of tests w/ PASS 1000:      28
Number of tests w/ REC. 1000:      28
Number of tests w/ nudging:        0

WCR average: 0.438214

Tests canceled (if any, w/ preceding run for context):
Tests with PASS < 1000 (if any):
Tests with REC. < 1000 (if any):
Tests with nudging (if any):

Line counts:
    2040 src/mha_v4.35.c
    1254 src/microhom-cinc.h
     138 src/microhom-devl.h
     112 src/microhom-skor.h
    2171 src/microhom-tela.h
    1748 src/microhomology.h
    7463 total

Commit WCR average of 28 (b=6): 0.44     (28/28 solved)
Commit WCR average of 28 (b=5): 0.438214 (28/28 solved)
Commit WCR average of 28 (b=4): 0.425321 (27/28 solved)
Commit WCR average of 28 (b=3): 0.418393 (27/28 solved)

