v3.56	Tue Mar 12 07:34:23 2019	1000	0.356	-x0	CYC: 0 (k=0)	RND:-	a example sequence (87 char) REC:1000	31	N/A: 0
v3.56	Tue Mar 12 07:34:23 2019	1000	0.250	-x0	CYC: 0 (k=0)	RND:-	b example sequence (84 char) REC:1000	21	N/A: 0
v3.56	Tue Mar 12 07:34:23 2019	1000	0.235	-x0	CYC: 0 (k=0)	RND:-	c example sequence (102 char) REC:1000	24	N/A: 0
v3.56	Tue Mar 12 07:34:24 2019	1000	0.455	-x0	CYC: 0 (k=0)	RND:-	d example sequence (121 char) REC:1000	55	N/A: 0
v3.56	Tue Mar 12 07:34:24 2019	1000	0.446	-x0	CYC: 0 (k=0)	RND:-	e example sequence (139 char) REC:1000	62	N/A: 0
v3.56	Tue Mar 12 07:34:25 2019	1000	0.231	-x0	CYC: 0 (k=0)	RND:-	f example sequence (156 char) REC:1000	36	N/A: 0
v3.56	Tue Mar 12 07:34:25 2019	1000	0.533	-x0	CYC: 0 (k=0)	RND:-	g example sequence (45 char) REC:1000	24	N/A: 0
v3.56	Tue Mar 12 07:34:25 2019	1000	0.507	-x0	CYC: 1 (k=2)	RND:-	h example sequence (69 bp) REC:1000	35	N/A: 0
v3.56	Tue Mar 12 07:34:26 2019	1000	0.429	-x0	CYC: 0 (k=0)	RND:-	i waves/animals/seal_vnd_ex3_Dmela.txt (956 bp) REC:1000	410	N/A: 0
v3.56	Tue Mar 12 07:34:28 2019	1000	0.424	-x0	CYC: 0 (k=0)	RND:-	i waves/animals/seal_vnd_ex3_Dmaur.txt (956 bp) REC:1000	405	N/A: 0
v3.56	Tue Mar 12 07:34:30 2019	1000	0.425	-x0	CYC: 0 (k=0)	RND:-	i waves/animals/seal_vnd_ex3_Dsech.txt (956 bp) REC:1000	406	N/A: 0
v3.56	Tue Mar 12 07:34:33 2019	1000	0.423	-x0	CYC: 0 (k=0)	RND:-	i waves/animals/seal_vnd_ex3_Dsimu.txt (956 bp) REC:1000	404	N/A: 0
v3.56	Tue Mar 12 07:34:35 2019	1000	0.407	-x0	CYC: 0 (k=0)	RND:-	i waves/animals/seal_vnd_ex3_Derec.txt (962 bp) REC:1000	392	check_raqia1: 1
v3.56	Tue Mar 12 07:34:37 2019	1000	0.381	-x0	CYC: 5 (k=3)	RND:-	i waves/animals/seal_vnd_ex3_Dsant.txt (959 bp) REC:1000	365	N/A: 0
v3.56	Tue Mar 12 07:34:39 2019	1000	0.393	-x0	CYC: 5 (k=3)	RND:-	i waves/animals/seal_vnd_ex3_Dyaku.txt (957 bp) REC:1000	376	N/A: 0
v3.56	Tue Mar 12 07:34:42 2019	1000	0.400	-x0	CYC: 0 (k=0)	RND:-	i waves/animals/seal_vnd_ex3_Dbiar.txt (974 bp) REC:1000	390	N/A: 0
v3.56	Tue Mar 12 07:34:44 2019	1000	0.376	-x0	CYC: 0 (k=0)	RND:-	i waves/animals/seal_vnd_ex3_Dsuzu.txt (980 bp) REC:1000	368	N/A: 0
v3.56	Tue Mar 12 07:34:46 2019	1000	0.384	-x0	CYC: 0 (k=0)	RND:-	i waves/animals/seal_vnd_ex3_Danan.txt (962 bp) REC:1000	369	N/A: 0
v3.56	Tue Mar 12 07:34:48 2019	1000	0.391	-x0	CYC: 0 (k=0)	RND:-	i waves/animals/seal_vnd_ex3_Dbipe.txt (950 bp) REC:1000	371	N/A: 0
v3.56	Tue Mar 12 07:34:51 2019	1000	0.445	-x0	CYC: 0 (k=0)	RND:-	i waves/animals/shark_vnd_NEE_Dmela.txt (1008 bp) REC:1000	449	N/A: 0
v3.56	Tue Mar 12 07:34:53 2019	1000	0.464	-x0	CYC: 0 (k=0)	RND:-	i waves/animals/shark_vnd_NEE_Dmaur.txt (1006 bp) REC:1000	467	N/A: 0
v3.56	Tue Mar 12 07:34:55 2019	1000	0.460	-x0	CYC: 0 (k=0)	RND:-	i waves/animals/shark_vnd_NEE_Dsech.txt (1002 bp) REC:1000	461	N/A: 0
v3.56	Tue Mar 12 07:34:57 2019	1000	0.460	-x0	CYC: 0 (k=0)	RND:-	i waves/animals/shark_vnd_NEE_Dsimu.txt (1007 bp) REC:1000	463	N/A: 0
v3.56	Tue Mar 12 07:34:59 2019	1000	0.435	-x0	CYC: 0 (k=0)	RND:-	i waves/animals/shark_vnd_NEE_Derec.txt (1005 bp) REC:1000	437	N/A: 0
v3.56	Tue Mar 12 07:35:01 2019	1000	0.420	-x0	CYC: 0 (k=0)	RND:-	i waves/animals/shark_vnd_NEE_Dsant.txt (1093 bp) REC:1000	459	check_raqia1: 1
v3.56	Tue Mar 12 07:35:03 2019	1000	0.422	-x0	CYC: 0 (k=0)	RND:-	i waves/animals/shark_vnd_NEE_Dyaku.txt (1063 bp) REC:1000	449	check_raqia1: 1
v3.56	Tue Mar 12 07:35:06 2019	1000	0.442	-x0	CYC: 0 (k=0)	RND:-	i waves/animals/shark_vnd_NEE_Dbiar.txt (1063 bp) REC:1000	470	N/A: 0
v3.56	Tue Mar 12 07:35:08 2019	1000	0.429	-x0	CYC: 0 (k=0)	RND:-	i waves/animals/shark_vnd_NEE_Dsuzu.txt (1064 bp) REC:1000	456	check_raqia1: 1
v3.56	Tue Mar 12 07:35:10 2019	1000	0.391	-x0	CYC: 0 (k=0)	RND:-	i waves/animals/shark_nab_DWME_Dmela.txt (764 bp) REC:1000	299	N/A: 0
v3.56	Tue Mar 12 07:35:12 2019	1000	0.361	-x0	CYC: 0 (k=0)	RND:-	i waves/tubespit/tubespit-01-toslip.txt (72 bp) REC:1000	26	N/A: 0
v3.56	Tue Mar 12 07:35:12 2019	1000	0.394	-x0	CYC: 0 (k=0)	RND:-	i waves/tubespit/tubespit-02-toslip.txt (66 bp) REC:1000	26	N/A: 0
v3.56	Tue Mar 12 07:35:13 2019	1000	0.574	-x0	CYC: 0 (k=0)	RND:-	i waves/tubespit/tubespit-03-tosSt1.txt (61 bp) REC:1000	35	N/A: 0
v3.56	Tue Mar 12 07:35:13 2019	1000	0.408	-x0	CYC: 0 (k=0)	RND:-	i waves/tubespit/tubespit-04-tos-ct.txt (71 bp) REC:1000	29	N/A: 0
v3.56	Tue Mar 12 07:35:14 2019	1000	0.516	-x0	CYC: 0 (k=0)	RND:-	i waves/tubespit/tubespit-05-koshp1.txt (62 bp) REC:1000	32	N/A: 0
v3.56	Tue Mar 12 07:35:14 2019	1000	0.449	-x0	CYC: 0 (k=0)	RND:-	i waves/tubespit/tubespit-06-koslip.txt (138 bp) REC:1000	62	N/A: 0
v3.56	Tue Mar 12 07:35:14 2019	1000	0.512	-x0	CYC: 0 (k=0)	RND:-	i waves/tubespit/tubespit-07-koslip.txt (84 bp) REC:1000	43	N/A: 0
v3.56	Tue Mar 12 07:35:15 2019	1000	0.370	-x0	CYC: 0 (k=0)	RND:-	i waves/tubespit/tubespit-08-koslp2.txt (81 bp) REC:1000	30	N/A: 0
v3.56	Tue Mar 12 07:35:15 2019	1000	0.477	-x0	CYC: 0 (k=0)	RND:-	i waves/tubespit/tubespit-09-koslp3.txt (65 bp) REC:1000	31	N/A: 0
v3.56	Tue Mar 12 07:35:16 2019	1000	0.425	-x0	CYC: 1 (k=2)	RND:-	i waves/tubespit/tubespit-10-cycle1.txt (106 bp) REC:1000	45	N/A: 0
v3.56	Tue Mar 12 07:35:16 2019	1000	0.428	-x0	CYC: 0 (k=0)	RND:-	i waves/tubespit/tubespit-11-cycle1.txt (159 bp) REC:1000	68	N/A: 0
v3.56	Tue Mar 12 07:35:17 2019	1000	0.400	-x0	CYC: 1 (k=2)	RND:-	i waves/tubespit/tubespit-12-cycle1.txt (55 bp) REC:1000	22	N/A: 0
v3.56	Tue Mar 12 07:35:17 2019	1000	0.415	-x0	CYC: 1 (k=2)	RND:-	i waves/tubespit/tubespit-13-cycle2.txt (123 bp) REC:1000	51	N/A: 0
v3.56	Tue Mar 12 07:35:17 2019	1000	0.493	-x0	CYC: 4 (k=3)	RND:-	i waves/tubespit/tubespit-14-cycle3.txt (138 bp) REC:1000	68	N/A: 0
v3.56	Tue Mar 12 07:35:18 2019	1000	0.516	-x0	CYC: 1 (k=2)	RND:-	i waves/tubespit/tubespit-15-cycle4.txt (157 bp) REC:1000	81	N/A: 0
v3.56	Tue Mar 12 07:35:18 2019	1000	0.265	-x0	CYC: 0 (k=0)	RND:-	i waves/tubespit/tubespit-16-cyc3_a.txt (68 bp) REC:1000	18	N/A: 0
v3.56	Tue Mar 12 07:35:19 2019	1000	0.538	-x0	CYC: 0 (k=0)	RND:-	i waves/tubespit/tubespit-17-cycle5.txt (39 bp) REC:1000	21	N/A: 0
v3.56	Tue Mar 12 07:35:19 2019	1000	0.486	-x0	CYC: 0 (k=0)	RND:-	i waves/tubespit/tubespit-18-koshp2.txt (74 bp) REC:1000	36	N/A: 0
v3.56	Tue Mar 12 07:35:20 2019	1000	0.426	-x0	CYC: 0 (k=0)	RND:-	i waves/tubespit/tubespit-19-koslp4.txt (68 bp) REC:1000	29	N/A: 0
v3.56	Tue Mar 12 07:35:20 2019	1000	0.416	-x0	CYC: 5 (k=3)	RND:-	i waves/tubespit/tubespit-20-cyc3_b.txt (77 bp) REC:1000	32	N/A: 0
v3.56	Tue Mar 12 07:35:20 2019	1000	0.284	-x0	CYC: 0 (k=0)	RND:-	i waves/tubespit/tubespit-21-cyc3_c.txt (95 bp) REC:1000	27	N/A: 0
v3.56	Tue Mar 12 07:35:21 2019	1000	0.538	-x0	CYC: 0 (k=0)	RND:-	i waves/tubespit/tubespit-22-tosSt2.txt (65 bp) REC:1000	35	N/A: 0
v3.56	Tue Mar 12 07:35:21 2019	1000	0.476	-x0	CYC: 0 (k=0)	RND:-	i waves/tubespit/tubespit-23-tosSt2.txt (84 bp) REC:1000	40	N/A: 0
v3.56	Tue Mar 12 07:35:22 2019	1000	0.360	-x0	CYC: 0 (k=0)	RND:-	i waves/tubespit/tubespit-24-tosSt2.txt (100 bp) REC:1000	36	N/A: 0
v3.56	Tue Mar 12 07:35:22 2019	1000	0.364	-x0	CYC: 0 (k=0)	RND:-	i waves/tubespit/tubespit-25-tosSt2.txt (195 bp) REC:1000	71	N/A: 0
v3.56	Tue Mar 12 07:35:22 2019	1000	0.357	-x0	CYC: 0 (k=0)	RND:-	i waves/tubespit/tubespit-26-tosSt2.txt (400 bp) REC:1000	143	N/A: 0
v3.56	Tue Mar 12 07:35:23 2019	1000	0.425	-x0	CYC: 1 (k=2)	RND:-	i waves/tubespit/tubespit-27-cycleX.txt (400 bp) REC:1000	170	N/A: 0
v3.56	Tue Mar 12 07:35:24 2019	1000	0.308	-x0	CYC: 4 (k=3)	RND:-	i waves/tubespit/tubespit-28-scrtch.txt (52 bp) REC:1000	16	N/A: 0
v3.56	Tue Mar 12 07:35:25 2019	1000	0.421	-x0	CYC: 0 (k=0)	RND:-	i waves/tubespit/tubespit-29-toslp2.txt (57 bp) REC:1000	24	N/A: 0
v3.56	Tue Mar 12 07:35:25 2019	1000	0.500	-x0	CYC: 0 (k=0)	RND:-	i waves/tubespit/tubespit-30-toslp2.txt (56 bp) REC:1000	28	N/A: 0
v3.56	Tue Mar 12 07:35:26 2019	1000	0.297	-x0	CYC: 1 (k=2)	RND:-	i waves/tubespit/tubespit-31-t0edge.txt (37 bp) REC:1000	11	N/A: 0
v3.56	Tue Mar 12 07:35:26 2019	1000	0.423	-x0	CYC: 1 (k=2)	RND:-	i waves/tubespit/tubespit-32-combo1.txt (265 bp) REC:1000	112	N/A: 0
v3.56	Tue Mar 12 07:35:27 2019	1000	0.576	-x0	CYC: 0 (k=0)	RND:-	i waves/tubespit/tubespit-33-imprf1.txt (66 bp) REC:1000	38	N/A: 0
v3.56	Tue Mar 12 07:35:27 2019	1000	0.582	-x0	CYC: 0 (k=0)	RND:-	i waves/tubespit/tubespit-34-imprf2.txt (67 bp) REC:1000	39	N/A: 0
v3.56	Tue Mar 12 07:35:27 2019	1000	0.603	-x0	CYC: 0 (k=0)	RND:-	i waves/tubespit/tubespit-35-imprf3.txt (58 bp) REC:1000	35	N/A: 0
v3.56	Tue Mar 12 07:35:28 2019	1000	0.530	-x0	CYC: 0 (k=0)	RND:-	i waves/tubespit/tubespit-36-imprf4.txt (83 bp) REC:1000	44	N/A: 0
v3.56	Tue Mar 12 07:35:28 2019	1000	0.473	-x0	CYC: 0 (k=0)	RND:-	i waves/tubespit/tubespit-37-imprfk.txt (93 bp) REC:1000	44	N/A: 0
v3.56	Tue Mar 12 07:35:28 2019	1000	0.456	-x0	CYC: 0 (k=0)	RND:-	i waves/tubespit/tubespit-38-imprft.txt (103 bp) REC:1000	47	N/A: 0
v3.56	Tue Mar 12 07:35:29 2019	1000	0.466	-x0	CYC: 0 (k=0)	RND:-	i waves/tubespit/tubespit-39-imprfk.txt (118 bp) REC:1000	55	N/A: 0
v3.56	Tue Mar 12 07:35:29 2019	1000	0.404	-x0	CYC: 0 (k=0)	RND:-	i waves/tubespit/tubespit-40-imprfk.txt (104 bp) REC:1000	42	N/A: 0
v3.56	Tue Mar 12 07:35:30 2019	1000	0.667	-x0	CYC: 0 (k=0)	RND:-	i waves/tubespit/tubespit-41-RNAnuc.txt (42 nt) REC:1000	28	N/A: 0
v3.56	Tue Mar 12 07:35:30 2019	1000	0.524	-x0	CYC: 0 (k=0)	RND:-	i waves/tubespit/tubespit-41-notRNA.txt (42 char) REC:1000	22	N/A: 0
v3.56	Tue Mar 12 07:35:30 2019	1000	0.846	-x0	CYC: 0 (k=0)	RND:-	i waves/tubespit/tubespit-41-protin.txt (312 aa) REC:1000	264	N/A: 0
v3.56	Tue Mar 12 07:35:31 2019	1000	0.400	-x0	CYC: 0 (k=0)	RND:-	i waves/tubespit/tubespit-42-fasta1.txt (140 bp) REC:1000	56	N/A: 0
v3.56	Tue Mar 12 07:35:32 2019	1000	0.846	-x0	CYC: 0 (k=0)	RND:-	i waves/tubespit/tubespit-42-fasta2.txt (312 aa) REC:1000	264	N/A: 0
v3.56	Tue Mar 12 07:35:32 2019	1000	0.559	-x0	CYC: 0 (k=0)	RND:-	i waves/tubespit/tubespit-43-timprf.txt (34 bp) REC:1000	19	N/A: 0
v3.56	Tue Mar 12 07:35:33 2019	1000	0.364	-x0	CYC: 0 (k=0)	RND:-	i waves/tubespit/tubespit-44-tosimp.txt (88 bp) REC:1000	32	N/A: 0
v3.56	Tue Mar 12 07:35:33 2019	1000	0.575	-x0	CYC: 0 (k=0)	RND:-	i waves/tubespit/tubespit-45-cinky1.txt (134 bp) REC:1000	77	N/A: 0
v3.56	Tue Mar 12 07:35:33 2019	1000	0.412	-x0	CYC: 0 (k=0)	RND:-	i waves/tubespit/tubespit-46-cinky2.txt (182 bp) REC:1000	75	N/A: 0
v3.56	Tue Mar 12 07:35:34 2019	1000	0.400	-x0	CYC: 0 (k=0)	RND:-	i waves/tubespit/tubespit-47-cycle6.txt (40 bp) REC:1000	16	N/A: 0
v3.56	Tue Mar 12 07:35:34 2019	1000	0.369	-x0	CYC: 0 (k=0)	RND:-	i waves/tubespit/tubespit-48-tbdslp.txt (122 bp) REC:1000	45	N/A: 0
v3.56	Tue Mar 12 07:35:35 2019	1000	0.434	-x0	CYC: 0 (k=0)	RND:-	i waves/tubespit/tubespit-49-cyctip.txt (800 bp) REC:1000	347	N/A: 0
v3.56	Tue Mar 12 07:35:36 2019	1000	0.501	-x0	CYC: 0 (k=0)	RND:-	i waves/tubespit/tubespit-50-cyctip.txt (800 bp) REC:1000	401	N/A: 0
v3.56	Tue Mar 12 07:35:38 2019	1000	0.350	-x0	CYC: 0 (k=0)	RND:-	i waves/tubespit/tubespit-51-cyctip.txt (800 bp) REC:1000	280	N/A: 0
v3.56	Tue Mar 12 07:35:39 2019	1000	0.415	-x0	CYC: 1 (k=2)	RND:-	i waves/tubespit/tubespit-52-cyctip.txt (800 bp) REC:1000	332	N/A: 0
v3.56	Tue Mar 12 07:35:41 2019	1000	0.420	-x0	CYC: 0 (k=0)	RND:-	i waves/tubespit/tubespit-53-impkhp.txt (800 bp) REC:1000	336	check_raqia1: 1
v3.56	Tue Mar 12 07:35:42 2019	1000	0.370	-x0	CYC: 0 (k=0)	RND:-	i waves/tubespit/tubespit-54-impkhp.txt (800 bp) REC:1000	296	N/A: 0
v3.56	Tue Mar 12 07:35:44 2019	1000	0.461	-x0	CYC: 0 (k=0)	RND:-	i waves/tubespit/tubespit-55-impkhp.txt (800 bp) REC:1000	369	N/A: 0
v3.56	Tue Mar 12 07:35:46 2019	1000	0.411	-x0	CYC: 0 (k=0)	RND:-	i waves/tubespit/tubespit-56-tbslp2.txt (800 bp) REC:1000	329	N/A: 0
v3.56	Tue Mar 12 07:35:47 2019	1000	0.351	-x0	CYC: 0 (k=0)	RND:-	i waves/tubespit/tubespit-57-tbslp2.txt (800 bp) REC:1000	281	N/A: 0
v3.56	Tue Mar 12 07:35:49 2019	1000	0.423	-x0	CYC: 0 (k=0)	RND:-	i waves/tubespit/tubespit-58-tcycle.txt (800 bp) REC:1000	338	N/A: 0
v3.56	Tue Mar 12 07:35:51 2019	1000	0.452	-x0	CYC: 0 (k=0)	RND:-	i waves/tubespit/tubespit-59-tcycle.txt (800 bp) REC:1000	362	N/A: 0
v3.56	Tue Mar 12 07:35:52 2019	 994	0.434	-x0	CYC: 0 (k=0)	RND:-	i waves/tubespit/tubespit-60-tbslp2.txt (800 bp) REC: 370	347	N/A: 0
v3.56	Tue Mar 12 07:35:54 2019	1000	0.399	-x0	CYC: 0 (k=0)	RND:-	i waves/tubespit/tubespit-61-tghost.txt (800 bp) REC:1000	319	N/A: 0
v3.56	Tue Mar 12 07:35:56 2019	1000	0.430	-x0	CYC: 0 (k=0)	RND:-	i waves/tubespit/tubespit-62-tuckup.txt (100 bp) REC:1000	43	N/A: 0
v3.56	Tue Mar 12 07:35:56 2019	1000	0.320	-x0	CYC: 1 (k=3)	RND:-	i waves/tubespit/tubespit-63-cnudge.txt (100 bp) REC:1000	32	N/A: 0
v3.56	Tue Mar 12 07:35:57 2019	1000	0.450	-x0	CYC: 0 (k=0)	RND:-	i waves/tubespit/tubespit-64-sndge0.txt (100 bp) REC:1000	45	N/A: 0
v3.56	Tue Mar 12 07:35:57 2019	1000	0.500	-x0	CYC: 0 (k=0)	RND:-	i waves/tubespit/tubespit-64-sndge1.txt (100 bp) REC:1000	50	N/A: 0
v3.56	Tue Mar 12 07:35:57 2019	1000	0.360	-x0	CYC: 0 (k=0)	RND:-	i waves/tubespit/tubespit-64-sndge2.txt (100 bp) REC:1000	36	N/A: 0
v3.56	Tue Mar 12 07:35:58 2019	1000	0.450	-x0	CYC: 0 (k=0)	RND:-	i waves/tubespit/tubespit-64-sndge3.txt (100 bp) REC:1000	45	N/A: 0
v3.56	Tue Mar 12 07:35:58 2019	1000	0.400	-x0	CYC: 0 (k=0)	RND:-	i waves/tubespit/tubespit-64-sndge4.txt (100 bp) REC:1000	40	N/A: 0
v3.56	Tue Mar 12 07:35:59 2019	1000	0.380	-x0	CYC: 0 (k=0)	RND:-	i waves/tubespit/tubespit-64-sndge5.txt (100 bp) REC:1000	38	N/A: 0
v3.56	Tue Mar 12 07:35:59 2019	1000	0.430	-x0	CYC: 0 (k=0)	RND:-	i waves/tubespit/tubespit-64-sndge6.txt (100 bp) REC:1000	43	N/A: 0
v3.56	Tue Mar 12 07:35:59 2019	1000	0.420	-x0	CYC: 0 (k=0)	RND:-	i waves/tubespit/tubespit-64-sndge7.txt (100 bp) REC:1000	42	N/A: 0
v3.56	Tue Mar 12 07:36:00 2019	1000	0.530	-x0	CYC: 0 (k=0)	RND:-	i waves/tubespit/tubespit-64-sndge8.txt (100 bp) REC:1000	53	N/A: 0
v3.56	Tue Mar 12 07:36:00 2019	1000	0.340	-x0	CYC: 0 (k=0)	RND:-	i waves/tubespit/tubespit-64-sndge9.txt (100 bp) REC:1000	34	N/A: 0
v3.56	Tue Mar 12 07:36:01 2019	1000	0.320	-x0	CYC: 3 (k=3)	RND:-	i waves/tubespit/tubespit-65-consen.txt (100 bp) REC:1000	32	N/A: 0
v3.56	Tue Mar 12 07:36:01 2019	1000	0.290	-x0	CYC: 4 (k=3)	RND:-	i waves/tubespit/tubespit-66-consen.txt (100 bp) REC:1000	29	N/A: 0
v3.56	Tue Mar 12 07:36:02 2019	1000	0.340	-x0	CYC: 0 (k=0)	RND:-	i waves/tubespit/tubespit-67-bslclr.txt (100 bp) REC:1000	34	N/A: 0
v3.56	Tue Mar 12 07:36:02 2019	1000	0.430	-x0	CYC: 0 (k=0)	RND:-	i waves/tubespit/tubespit-68-dRaggd.txt (100 bp) REC:1000	43	N/A: 0
v3.56	Tue Mar 12 07:36:02 2019	1000	0.470	-x0	CYC: 0 (k=0)	RND:-	i waves/tubespit/tubespit-69-ktrans.txt (100 bp) REC:1000	47	N/A: 0
v3.56	Tue Mar 12 07:36:03 2019	1000	0.420	-x0	CYC: 0 (k=0)	RND:-	i waves/tubespit/tubespit-70-ktrans.txt (100 bp) REC:1000	42	N/A: 0
v3.56	Tue Mar 12 07:36:03 2019	1000	0.390	-x0	CYC: 0 (k=0)	RND:-	i waves/tubespit/tubespit-71-ktrans.txt (100 bp) REC:1000	39	N/A: 0
v3.56	Tue Mar 12 07:36:04 2019	1000	0.340	-x0	CYC: 0 (k=0)	RND:-	i waves/tubespit/tubespit-72-ktrans.txt (100 bp) REC:1000	34	N/A: 0
v3.56	Tue Mar 12 07:36:04 2019	1000	0.460	-x0	CYC: 0 (k=0)	RND:-	i waves/tubespit/tubespit-73-ktrans.txt (100 bp) REC:1000	46	N/A: 0
v3.56	Tue Mar 12 07:36:04 2019	1000	0.480	-x0	CYC: 7 (k=3)	RND:-	i waves/tubespit/tubespit-74-ktrans.txt (100 bp) REC:1000	48	N/A: 0
v3.56	Tue Mar 12 07:36:05 2019	1000	0.360	-x0	CYC: 0 (k=0)	RND:-	i waves/tubespit/tubespit-75-ktrans.txt (100 bp) REC:1000	36	N/A: 0
v3.56	Tue Mar 12 07:36:05 2019	1000	0.410	-x0	CYC: 0 (k=0)	RND:-	i waves/tubespit/tubespit-76-ktrans.txt (100 bp) REC:1000	41	N/A: 0
v3.56	Tue Mar 12 07:36:06 2019	1000	0.460	-x0	CYC: 0 (k=0)	RND:-	i waves/tubespit/tubespit-77-ktrans.txt (100 bp) REC:1000	46	N/A: 0
v3.56	Tue Mar 12 07:36:06 2019	1000	0.420	-x0	CYC: 0 (k=0)	RND:-	i waves/tubespit/tubespit-78-ktrans.txt (100 bp) REC:1000	42	N/A: 0
v3.56	Tue Mar 12 07:36:07 2019	1000	0.500	-x0	CYC: 0 (k=0)	RND:-	i waves/tubespit/tubespit-79-kcheck.txt (100 bp) REC:1000	50	N/A: 0
v3.56	Tue Mar 12 07:36:07 2019	1000	0.410	-x0	CYC: 0 (k=0)	RND:-	i waves/tubespit/tubespit-80-kcheck.txt (100 bp) REC:1000	41	N/A: 0
v3.56	Tue Mar 12 07:36:07 2019	1000	0.380	-x0	CYC: 0 (k=0)	RND:-	i waves/tubespit/tubespit-81-kcheck.txt (100 bp) REC:1000	38	N/A: 0
v3.56	Tue Mar 12 07:36:08 2019	1000	0.530	-x0	CYC: 0 (k=0)	RND:-	i waves/tubespit/tubespit-82-kcheck.txt (100 bp) REC:1000	53	N/A: 0
v3.56	Tue Mar 12 07:36:08 2019	1000	0.410	-x0	CYC: 0 (k=0)	RND:-	i waves/tubespit/tubespit-83-shadow.txt (100 bp) REC:1000	41	N/A: 0
v3.56	Tue Mar 12 07:36:09 2019	1000	0.510	-x0	CYC: 0 (k=0)	RND:-	i waves/tubespit/tubespit-84-shadow.txt (100 bp) REC:1000	51	N/A: 0
v3.56	Tue Mar 12 07:36:09 2019	1000	0.430	-x0	CYC: 0 (k=0)	RND:-	i waves/tubespit/tubespit-85-adjDTH.txt (100 bp) REC:1000	43	N/A: 0
v3.56	Tue Mar 12 07:36:09 2019	1000	0.450	-x0	CYC: 0 (k=0)	RND:-	i waves/tubespit/tubespit-86-adjDTH.txt (100 bp) REC:1000	45	check_raqia1: 1
v3.56	Tue Mar 12 07:36:10 2019	1000	0.440	-x0	CYC: 0 (k=0)	RND:-	i waves/tubespit/tubespit-87-adjDTH.txt (100 bp) REC:1000	44	N/A: 0
v3.56	Tue Mar 12 07:36:10 2019	1000	0.330	-x0	CYC: 2 (k=3)	RND:-	i waves/tubespit/tubespit_v343_14.txt (100 bp) REC:1000	33	N/A: 0
v3.56	Tue Mar 12 07:36:11 2019	1000	0.360	-x0	CYC: 0 (k=0)	RND:-	i waves/tubespit/tubespit_v343_19.txt (100 bp) REC:1000	36	N/A: 0
v3.56	Tue Mar 12 07:36:11 2019	 976	0.430	-x0	CYC:60060 (k=2)	RND:-	i waves/tubespit/tubespit_v344_03.txt (100 bp) REC:1000	43	N/A: 0
v3.56	Tue Mar 12 07:36:12 2019	1000	0.340	-x0	CYC: 0 (k=0)	RND:-	i waves/tubespit/tubespit_v344_05.txt (100 bp) REC:1000	34	N/A: 0
v3.56	Tue Mar 12 07:36:12 2019	1000	0.500	-x0	CYC: 3 (k=3)	RND:-	i waves/tubespit/tubespit_v344_06.txt (100 bp) REC:1000	50	N/A: 0
v3.56	Tue Mar 12 07:36:13 2019	1000	0.450	-x0	CYC: 0 (k=0)	RND:-	i waves/tubespit/tubespit_v344_11.txt (100 bp) REC:1000	45	N/A: 0
v3.56	Tue Mar 12 07:36:13 2019	1000	0.320	-x0	CYC: 0 (k=0)	RND:-	i waves/tubespit/tubespit_v344_14.txt (100 bp) REC:1000	32	N/A: 0
v3.56	Tue Mar 12 07:36:14 2019	1000	0.390	-x0	CYC: 0 (k=0)	RND:-	i waves/tubespit/tubespit_v344_15.txt (100 bp) REC:1000	39	N/A: 0
v3.56	Tue Mar 12 07:36:14 2019	1000	0.440	-x0	CYC: 5 (k=3)	RND:-	i waves/tubespit/tubespit_v344_19.txt (100 bp) REC:1000	44	N/A: 0
v3.56	Tue Mar 12 07:36:15 2019	 976	0.430	-x0	CYC:60060 (k=2)	RND:-	i waves/tubespit/tubespit_v344_20.txt (100 bp) REC:1000	43	N/A: 0
v3.56	Tue Mar 12 07:36:15 2019	1000	0.280	-x0	CYC: 0 (k=0)	RND:-	i waves/tubespit/tubespit_v344_21.txt (100 bp) REC:1000	28	N/A: 0
v3.56	Tue Mar 12 07:36:16 2019	1000	0.520	-x0	CYC: 0 (k=0)	RND:-	i waves/tubespit/tubespit_v344_31.txt (100 bp) REC:1000	52	check_raqia1: 1
v3.56	Tue Mar 12 07:36:16 2019	1000	0.450	-x0	CYC: 7 (k=3)	RND:-	i waves/tubespit/tubespit_v344_32.txt (100 bp) REC:1000	45	N/A: 0
v3.56	Tue Mar 12 07:36:17 2019	1000	0.410	-x0	CYC: 0 (k=0)	RND:-	i waves/tubespit/tubespit_v344_35.txt (100 bp) REC:1000	41	N/A: 0
v3.56	Tue Mar 12 07:36:17 2019	1000	0.520	-x0	CYC: 5 (k=3)	RND:-	i waves/tubespit/tubespit_v344_36.txt (100 bp) REC:1000	52	N/A: 0
v3.56	Tue Mar 12 07:36:17 2019	 940	0.500	-x0	CYC: 6 (k=3)	RND:-	i waves/chowder/chowder_v327_52.txt (100 bp) REC: 670	50	N/A: 0
v3.56	Tue Mar 12 07:36:18 2019	 818	0.440	-x0	CYC: 1 (k=3)	RND:-	i waves/chowder/chowder_v343_01.txt (100 bp) REC: 340	44	N/A: 0
v3.56	Tue Mar 12 07:36:18 2019	1000	0.530	-x0	CYC: 0 (k=0)	RND:-	i waves/chowder/chowder_v343_02.txt (100 bp) REC:1000	53	N/A: 0
v3.56	Tue Mar 12 07:36:19 2019	1000	0.390	-x0	CYC: 0 (k=0)	RND:-	i waves/chowder/chowder_v343_03.txt (100 bp) REC:1000	39	N/A: 0
v3.56	Tue Mar 12 07:36:19 2019	 934	0.460	-x0	CYC: 5 (k=3)	RND:-	i waves/chowder/chowder_v343_04.txt (100 bp) REC:1000	46	N/A: 0
v3.56	Tue Mar 12 07:36:20 2019	1000	0.490	-x0	CYC: 0 (k=0)	RND:-	i waves/chowder/chowder_v343_05.txt (100 bp) REC:1000	49	N/A: 0
v3.56	Tue Mar 12 07:36:20 2019	1000	0.500	-x0	CYC: 0 (k=0)	RND:-	i waves/chowder/chowder_v343_06.txt (100 bp) REC:1000	50	N/A: 0
v3.56	Tue Mar 12 07:36:20 2019	1000	0.430	-x0	CYC: 0 (k=0)	RND:-	i waves/chowder/chowder_v343_07.txt (100 bp) REC:1000	43	N/A: 0
v3.56	Tue Mar 12 07:36:21 2019	1000	0.360	-x0	CYC: 0 (k=0)	RND:-	i waves/chowder/chowder_v343_08.txt (100 bp) REC:1000	36	N/A: 0
v3.56	Tue Mar 12 07:36:21 2019	1000	0.290	-x0	CYC: 0 (k=0)	RND:-	i waves/chowder/chowder_v343_09.txt (100 bp) REC:1000	29	N/A: 0
v3.56	Tue Mar 12 07:36:22 2019	1000	0.280	-x0	CYC: 0 (k=0)	RND:-	i waves/chowder/chowder_v343_10.txt (100 bp) REC:1000	28	N/A: 0
v3.56	Tue Mar 12 07:36:22 2019	1000	0.330	-x0	CYC: 0 (k=0)	RND:-	i waves/chowder/chowder_v343_11.txt (100 bp) REC:1000	33	N/A: 0
v3.56	Tue Mar 12 07:36:23 2019	1000	0.490	-x0	CYC: 0 (k=0)	RND:-	i waves/chowder/chowder_v343_12.txt (100 bp) REC:1000	49	N/A: 0
v3.56	Tue Mar 12 07:36:23 2019	1000	0.390	-x0	CYC: 3 (k=3)	RND:-	i waves/chowder/chowder_v343_13.txt (100 bp) REC:1000	39	check_raqia1: 1
v3.56	Tue Mar 12 07:36:23 2019	1000	0.390	-x0	CYC: 0 (k=0)	RND:-	i waves/chowder/chowder_v343_17.txt (100 bp) REC:1000	39	N/A: 0
v3.56	Tue Mar 12 07:36:24 2019	1000	0.490	-x0	CYC: 0 (k=0)	RND:-	i waves/chowder/chowder_v343_18.txt (100 bp) REC:1000	49	N/A: 0
v3.56	Tue Mar 12 07:36:24 2019	1000	0.520	-x0	CYC: 0 (k=0)	RND:-	i waves/chowder/chowder_v343_20.txt (100 bp) REC:1000	52	N/A: 0
v3.56	Tue Mar 12 07:36:25 2019	1000	0.530	-x0	CYC: 0 (k=0)	RND:-	i waves/chowder/chowder_v343_21.txt (100 bp) REC:1000	53	N/A: 0
v3.56	Tue Mar 12 07:36:25 2019	1000	0.520	-x0	CYC: 0 (k=0)	RND:-	i waves/chowder/chowder_v343_22.txt (100 bp) REC:1000	52	N/A: 0
v3.56	Tue Mar 12 07:36:25 2019	1000	0.480	-x0	CYC: 0 (k=0)	RND:-	i waves/chowder/chowder_v343_23.txt (100 bp) REC:1000	48	N/A: 0
v3.56	Tue Mar 12 07:36:26 2019	1000	0.360	-x0	CYC: 0 (k=0)	RND:-	i waves/chowder/chowder_v343_24.txt (100 bp) REC:1000	36	N/A: 0
v3.56	Tue Mar 12 07:36:26 2019	1000	0.380	-x0	CYC: 0 (k=0)	RND:-	i waves/chowder/chowder_v343_25.txt (100 bp) REC:1000	38	N/A: 0
v3.56	Tue Mar 12 07:36:27 2019	1000	0.410	-x0	CYC: 0 (k=0)	RND:-	i waves/chowder/chowder_v344_01.txt (100 bp) REC:1000	41	N/A: 0
v3.56	Tue Mar 12 07:36:27 2019	1000	0.530	-x0	CYC: 0 (k=0)	RND:-	i waves/chowder/chowder_v344_02.txt (100 bp) REC:1000	53	N/A: 0
v3.56	Tue Mar 12 07:36:28 2019	1000	0.470	-x0	CYC: 0 (k=0)	RND:-	i waves/chowder/chowder_v344_04.txt (100 bp) REC:1000	47	N/A: 0
v3.56	Tue Mar 12 07:36:28 2019	1000	0.400	-x0	CYC: 0 (k=0)	RND:-	i waves/chowder/chowder_v344_07.txt (100 bp) REC:1000	40	N/A: 0
v3.56	Tue Mar 12 07:36:28 2019	 961	0.520	-x0	CYC: 1 (k=2)	RND:-	i waves/chowder/chowder_v344_08.txt (100 bp) REC: 440	52	N/A: 0
v3.56	Tue Mar 12 07:36:29 2019	 976	0.430	-x0	CYC:60060 (k=2)	RND:-	i waves/chowder/chowder_v344_09.txt (100 bp) REC:1000	43	N/A: 0
v3.56	Tue Mar 12 07:36:30 2019	1000	0.500	-x0	CYC: 0 (k=0)	RND:-	i waves/chowder/chowder_v344_10.txt (100 bp) REC:1000	50	N/A: 0
v3.56	Tue Mar 12 07:36:30 2019	1000	0.520	-x0	CYC: 0 (k=0)	RND:-	i waves/chowder/chowder_v344_12.txt (100 bp) REC:1000	52	N/A: 0
v3.56	Tue Mar 12 07:36:30 2019	1000	0.430	-x0	CYC: 0 (k=0)	RND:-	i waves/chowder/chowder_v344_13.txt (100 bp) REC:1000	43	N/A: 0
v3.56	Tue Mar 12 07:36:31 2019	1000	0.310	-x0	CYC: 0 (k=0)	RND:-	i waves/chowder/chowder_v344_16.txt (100 bp) REC:1000	31	N/A: 0
v3.56	Tue Mar 12 07:36:31 2019	 980	0.520	-x0	CYC:60060 (k=2)	RND:-	i waves/chowder/chowder_v344_17.txt (100 bp) REC:1000	52	N/A: 0
v3.56	Tue Mar 12 07:36:32 2019	1000	0.400	-x0	CYC: 0 (k=0)	RND:-	i waves/chowder/chowder_v344_18.txt (100 bp) REC:1000	40	N/A: 0
v3.56	Tue Mar 12 07:36:32 2019	 974	0.390	-x0	CYC:60 (k=2)	RND:-	i waves/chowder/chowder_v344_22.txt (100 bp) REC:1000	39	N/A: 0
v3.56	Tue Mar 12 07:36:33 2019	1000	0.470	-x0	CYC: 0 (k=0)	RND:-	i waves/chowder/chowder_v344_23.txt (100 bp) REC:1000	47	N/A: 0
v3.56	Tue Mar 12 07:36:34 2019	1000	0.500	-x0	CYC: 1 (k=3)	RND:-	i waves/chowder/chowder_v344_24.txt (100 bp) REC:1000	50	N/A: 0
v3.56	Tue Mar 12 07:36:34 2019	1000	0.320	-x0	CYC: 0 (k=0)	RND:-	i waves/chowder/chowder_v344_25.txt (100 bp) REC:1000	32	N/A: 0
v3.56	Tue Mar 12 07:36:34 2019	 912	0.570	-x0	CYC: 1 (k=3)	RND:-	i waves/chowder/chowder_v344_26.txt (100 bp) REC: 320	57	N/A: 0
v3.56	Tue Mar 12 07:36:35 2019	1000	0.390	-x0	CYC: 0 (k=0)	RND:-	i waves/chowder/chowder_v344_27.txt (100 bp) REC:1000	39	N/A: 0
v3.56	Tue Mar 12 07:36:35 2019	1000	0.380	-x0	CYC: 0 (k=0)	RND:-	i waves/chowder/chowder_v344_28.txt (100 bp) REC:1000	38	N/A: 0
v3.56	Tue Mar 12 07:36:36 2019	1000	0.430	-x0	CYC: 0 (k=0)	RND:-	i waves/chowder/chowder_v344_29.txt (100 bp) REC:1000	43	N/A: 0
v3.56	Tue Mar 12 07:36:36 2019	1000	0.390	-x0	CYC: 0 (k=0)	RND:-	i waves/chowder/chowder_v344_30.txt (100 bp) REC:1000	39	N/A: 0
v3.56	Tue Mar 12 07:36:37 2019	1000	0.420	-x0	CYC: 0 (k=0)	RND:-	i waves/chowder/chowder_v344_33.txt (100 bp) REC:1000	42	N/A: 0
v3.56	Tue Mar 12 07:36:37 2019	1000	0.520	-x0	CYC: 0 (k=0)	RND:-	i waves/chowder/chowder_v344_34.txt (100 bp) REC:1000	52	N/A: 0
v3.56	Tue Mar 12 07:36:37 2019	1000	0.356	-x1	CYC: 0 (k=0)	RND:-	a example sequence (87 char) REC:1000	31	N/A: 0
v3.56	Tue Mar 12 07:36:38 2019	1000	0.250	-x1	CYC: 0 (k=0)	RND:-	b example sequence (84 char) REC:1000	21	N/A: 0
v3.56	Tue Mar 12 07:36:38 2019	1000	0.235	-x1	CYC: 0 (k=0)	RND:-	c example sequence (102 char) REC:1000	24	N/A: 0
v3.56	Tue Mar 12 07:36:38 2019	1000	0.455	-x1	CYC: 0 (k=0)	RND:-	d example sequence (121 char) REC:1000	55	N/A: 0
v3.56	Tue Mar 12 07:36:39 2019	1000	0.446	-x1	CYC: 0 (k=0)	RND:-	e example sequence (139 char) REC:1000	62	N/A: 0
v3.56	Tue Mar 12 07:36:39 2019	1000	0.231	-x1	CYC: 0 (k=0)	RND:-	f example sequence (156 char) REC:1000	36	N/A: 0
v3.56	Tue Mar 12 07:36:40 2019	1000	0.533	-x1	CYC: 0 (k=0)	RND:-	g example sequence (45 char) REC:1000	24	N/A: 0
v3.56	Tue Mar 12 07:36:40 2019	1000	0.507	-x1	CYC: 4 (k=3)	RND:-	h example sequence (69 bp) REC:1000	35	N/A: 0
v3.56	Tue Mar 12 07:36:40 2019	1000	0.455	-x1	CYC: 0 (k=0)	RND:-	i waves/animals/seal_vnd_ex3_Dmela.txt (956 bp) REC:1000	435	check_raqia1: 1
v3.56	Tue Mar 12 07:36:42 2019	1000	0.457	-x1	CYC: 0 (k=0)	RND:-	i waves/animals/seal_vnd_ex3_Dmaur.txt (956 bp) REC:1000	437	N/A: 0
v3.56	Tue Mar 12 07:36:43 2019	1000	0.448	-x1	CYC: 0 (k=0)	RND:-	i waves/animals/seal_vnd_ex3_Dsech.txt (956 bp) REC:1000	428	N/A: 0
v3.56	Tue Mar 12 07:36:45 2019	1000	0.446	-x1	CYC: 0 (k=0)	RND:-	i waves/animals/seal_vnd_ex3_Dsimu.txt (956 bp) REC:1000	426	N/A: 0
v3.56	Tue Mar 12 07:36:46 2019	1000	0.417	-x1	CYC: 0 (k=0)	RND:-	i waves/animals/seal_vnd_ex3_Derec.txt (962 bp) REC:1000	401	check_raqia1: 1
v3.56	Tue Mar 12 07:36:48 2019	1000	0.407	-x1	CYC: 3 (k=3)	RND:-	i waves/animals/seal_vnd_ex3_Dsant.txt (959 bp) REC:1000	390	N/A: 0
v3.56	Tue Mar 12 07:36:49 2019	1000	0.396	-x1	CYC: 3 (k=3)	RND:-	i waves/animals/seal_vnd_ex3_Dyaku.txt (957 bp) REC:1000	379	N/A: 0
v3.56	Tue Mar 12 07:36:51 2019	 994	0.407	-x1	CYC:14 (k=3)	RND:-	i waves/animals/seal_vnd_ex3_Dbiar.txt (974 bp) REC:1000	396	check_raqia1: 1
v3.56	Tue Mar 12 07:36:53 2019	1000	0.386	-x1	CYC: 0 (k=0)	RND:-	i waves/animals/seal_vnd_ex3_Dsuzu.txt (980 bp) REC:1000	378	check_raqia1: 1
v3.56	Tue Mar 12 07:36:54 2019	1000	0.380	-x1	CYC: 4 (k=3)	RND:-	i waves/animals/seal_vnd_ex3_Danan.txt (962 bp) REC:1000	366	check_raqia1: 1
v3.56	Tue Mar 12 07:36:56 2019	1000	0.387	-x1	CYC: 0 (k=0)	RND:-	i waves/animals/seal_vnd_ex3_Dbipe.txt (950 bp) REC:1000	368	check_raqia1: 1
v3.56	Tue Mar 12 07:36:57 2019	1000	0.447	-x1	CYC: 0 (k=0)	RND:-	i waves/animals/shark_vnd_NEE_Dmela.txt (1008 bp) REC:1000	451	check_raqia1: 1
v3.56	Tue Mar 12 07:36:59 2019	1000	0.459	-x1	CYC: 0 (k=0)	RND:-	i waves/animals/shark_vnd_NEE_Dmaur.txt (1006 bp) REC:1000	462	check_raqia1: 1
v3.56	Tue Mar 12 07:37:01 2019	1000	0.468	-x1	CYC: 0 (k=0)	RND:-	i waves/animals/shark_vnd_NEE_Dsech.txt (1002 bp) REC:1000	469	N/A: 0
v3.56	Tue Mar 12 07:37:03 2019	1000	0.462	-x1	CYC: 0 (k=0)	RND:-	i waves/animals/shark_vnd_NEE_Dsimu.txt (1007 bp) REC:1000	465	N/A: 0
v3.56	Tue Mar 12 07:37:05 2019	1000	0.436	-x1	CYC: 0 (k=0)	RND:-	i waves/animals/shark_vnd_NEE_Derec.txt (1005 bp) REC:1000	438	check_raqia1: 1
v3.56	Tue Mar 12 07:37:06 2019	1000	0.413	-x1	CYC: 0 (k=0)	RND:-	i waves/animals/shark_vnd_NEE_Dsant.txt (1093 bp) REC:1000	451	N/A: 0
v3.56	Tue Mar 12 07:37:08 2019	1000	0.410	-x1	CYC: 0 (k=0)	RND:-	i waves/animals/shark_vnd_NEE_Dyaku.txt (1063 bp) REC:1000	436	check_raqia1: 1
v3.56	Tue Mar 12 07:37:10 2019	1000	0.452	-x1	CYC: 0 (k=0)	RND:-	i waves/animals/shark_vnd_NEE_Dbiar.txt (1063 bp) REC:1000	481	check_raqia1: 1
v3.56	Tue Mar 12 07:37:12 2019	1000	0.448	-x1	CYC: 0 (k=0)	RND:-	i waves/animals/shark_vnd_NEE_Dsuzu.txt (1064 bp) REC:1000	477	N/A: 0
v3.56	Tue Mar 12 07:37:14 2019	1000	0.390	-x1	CYC: 0 (k=0)	RND:-	i waves/animals/shark_nab_DWME_Dmela.txt (764 bp) REC:1000	298	check_raqia1: 1
v3.56	Tue Mar 12 07:37:15 2019	1000	0.347	-x1	CYC: 0 (k=0)	RND:-	i waves/tubespit/tubespit-01-toslip.txt (72 bp) REC:1000	25	check_raqia1: 1
v3.56	Tue Mar 12 07:37:15 2019	1000	0.394	-x1	CYC: 0 (k=0)	RND:-	i waves/tubespit/tubespit-02-toslip.txt (66 bp) REC:1000	26	N/A: 0
v3.56	Tue Mar 12 07:37:16 2019	1000	0.557	-x1	CYC: 0 (k=0)	RND:-	i waves/tubespit/tubespit-03-tosSt1.txt (61 bp) REC:1000	34	check_raqia1: 1
v3.56	Tue Mar 12 07:37:16 2019	1000	0.408	-x1	CYC: 0 (k=0)	RND:-	i waves/tubespit/tubespit-04-tos-ct.txt (71 bp) REC:1000	29	N/A: 0
v3.56	Tue Mar 12 07:37:16 2019	1000	0.532	-x1	CYC: 0 (k=0)	RND:-	i waves/tubespit/tubespit-05-koshp1.txt (62 bp) REC:1000	33	check_raqia1: 1
v3.56	Tue Mar 12 07:37:17 2019	1000	0.449	-x1	CYC: 0 (k=0)	RND:-	i waves/tubespit/tubespit-06-koslip.txt (138 bp) REC:1000	62	check_raqia1: 1
v3.56	Tue Mar 12 07:37:17 2019	1000	0.512	-x1	CYC: 0 (k=0)	RND:-	i waves/tubespit/tubespit-07-koslip.txt (84 bp) REC:1000	43	N/A: 0
v3.56	Tue Mar 12 07:37:18 2019	1000	0.481	-x1	CYC: 3 (k=3)	RND:-	i waves/tubespit/tubespit-08-koslp2.txt (81 bp) REC:1000	39	N/A: 0
v3.56	Tue Mar 12 07:37:18 2019	1000	0.477	-x1	CYC: 0 (k=0)	RND:-	i waves/tubespit/tubespit-09-koslp3.txt (65 bp) REC:1000	31	N/A: 0
v3.56	Tue Mar 12 07:37:18 2019	1000	0.425	-x1	CYC: 0 (k=0)	RND:-	i waves/tubespit/tubespit-10-cycle1.txt (106 bp) REC:1000	45	check_raqia1: 1
v3.56	Tue Mar 12 07:37:19 2019	1000	0.421	-x1	CYC: 0 (k=0)	RND:-	i waves/tubespit/tubespit-11-cycle1.txt (159 bp) REC:1000	67	N/A: 0
v3.56	Tue Mar 12 07:37:19 2019	1000	0.400	-x1	CYC: 4 (k=3)	RND:-	i waves/tubespit/tubespit-12-cycle1.txt (55 bp) REC:1000	22	N/A: 0
v3.56	Tue Mar 12 07:37:20 2019	1000	0.407	-x1	CYC: 1 (k=2)	RND:-	i waves/tubespit/tubespit-13-cycle2.txt (123 bp) REC:1000	50	N/A: 0
v3.56	Tue Mar 12 07:37:20 2019	1000	0.500	-x1	CYC: 4 (k=3)	RND:-	i waves/tubespit/tubespit-14-cycle3.txt (138 bp) REC:1000	69	N/A: 0
v3.56	Tue Mar 12 07:37:20 2019	1000	0.484	-x1	CYC: 1 (k=2)	RND:-	i waves/tubespit/tubespit-15-cycle4.txt (157 bp) REC:1000	76	N/A: 0
v3.56	Tue Mar 12 07:37:21 2019	1000	0.324	-x1	CYC: 3 (k=3)	RND:-	i waves/tubespit/tubespit-16-cyc3_a.txt (68 bp) REC:1000	22	N/A: 0
v3.56	Tue Mar 12 07:37:21 2019	1000	0.538	-x1	CYC: 0 (k=0)	RND:-	i waves/tubespit/tubespit-17-cycle5.txt (39 bp) REC:1000	21	check_raqia1: 1
v3.56	Tue Mar 12 07:37:22 2019	1000	0.514	-x1	CYC: 0 (k=0)	RND:-	i waves/tubespit/tubespit-18-koshp2.txt (74 bp) REC:1000	38	check_raqia1: 1
v3.56	Tue Mar 12 07:37:22 2019	1000	0.426	-x1	CYC: 0 (k=0)	RND:-	i waves/tubespit/tubespit-19-koslp4.txt (68 bp) REC:1000	29	check_raqia1: 1
v3.56	Tue Mar 12 07:37:22 2019	1000	0.390	-x1	CYC: 0 (k=0)	RND:-	i waves/tubespit/tubespit-20-cyc3_b.txt (77 bp) REC:1000	30	check_raqia1: 1
v3.56	Tue Mar 12 07:37:23 2019	1000	0.337	-x1	CYC: 0 (k=0)	RND:-	i waves/tubespit/tubespit-21-cyc3_c.txt (95 bp) REC:1000	32	check_raqia1: 1
v3.56	Tue Mar 12 07:37:23 2019	1000	0.538	-x1	CYC: 0 (k=0)	RND:-	i waves/tubespit/tubespit-22-tosSt2.txt (65 bp) REC:1000	35	N/A: 0
v3.56	Tue Mar 12 07:37:24 2019	1000	0.488	-x1	CYC: 0 (k=0)	RND:-	i waves/tubespit/tubespit-23-tosSt2.txt (84 bp) REC:1000	41	N/A: 0
v3.56	Tue Mar 12 07:37:24 2019	1000	0.340	-x1	CYC: 0 (k=0)	RND:-	i waves/tubespit/tubespit-24-tosSt2.txt (100 bp) REC:1000	34	N/A: 0
v3.56	Tue Mar 12 07:37:24 2019	1000	0.364	-x1	CYC: 0 (k=0)	RND:-	i waves/tubespit/tubespit-25-tosSt2.txt (195 bp) REC:1000	71	N/A: 0
v3.56	Tue Mar 12 07:37:25 2019	1000	0.373	-x1	CYC: 3 (k=3)	RND:-	i waves/tubespit/tubespit-26-tosSt2.txt (400 bp) REC:1000	149	N/A: 0
v3.56	Tue Mar 12 07:37:26 2019	1000	0.445	-x1	CYC: 1 (k=2)	RND:-	i waves/tubespit/tubespit-27-cycleX.txt (400 bp) REC:1000	178	N/A: 0
v3.56	Tue Mar 12 07:37:26 2019	1000	0.288	-x1	CYC: 4 (k=3)	RND:-	i waves/tubespit/tubespit-28-scrtch.txt (52 bp) REC:1000	15	N/A: 0
v3.56	Tue Mar 12 07:37:27 2019	1000	0.386	-x1	CYC: 0 (k=0)	RND:-	i waves/tubespit/tubespit-29-toslp2.txt (57 bp) REC:1000	22	N/A: 0
v3.56	Tue Mar 12 07:37:27 2019	1000	0.482	-x1	CYC: 0 (k=0)	RND:-	i waves/tubespit/tubespit-30-toslp2.txt (56 bp) REC:1000	27	N/A: 0
v3.56	Tue Mar 12 07:37:27 2019	1000	0.297	-x1	CYC: 1 (k=2)	RND:-	i waves/tubespit/tubespit-31-t0edge.txt (37 bp) REC:1000	11	N/A: 0
v3.56	Tue Mar 12 07:37:28 2019	1000	0.419	-x1	CYC: 0 (k=0)	RND:-	i waves/tubespit/tubespit-32-combo1.txt (265 bp) REC:1000	111	check_raqia1: 1
v3.56	Tue Mar 12 07:37:28 2019	1000	0.545	-x1	CYC: 0 (k=0)	RND:-	i waves/tubespit/tubespit-33-imprf1.txt (66 bp) REC:1000	36	N/A: 0
v3.56	Tue Mar 12 07:37:29 2019	1000	0.552	-x1	CYC: 0 (k=0)	RND:-	i waves/tubespit/tubespit-34-imprf2.txt (67 bp) REC:1000	37	check_raqia1: 1
v3.56	Tue Mar 12 07:37:29 2019	1000	0.638	-x1	CYC: 0 (k=0)	RND:-	i waves/tubespit/tubespit-35-imprf3.txt (58 bp) REC:1000	37	N/A: 0
v3.56	Tue Mar 12 07:37:30 2019	1000	0.602	-x1	CYC: 0 (k=0)	RND:-	i waves/tubespit/tubespit-36-imprf4.txt (83 bp) REC:1000	50	N/A: 0
v3.56	Tue Mar 12 07:37:30 2019	1000	0.559	-x1	CYC: 0 (k=0)	RND:-	i waves/tubespit/tubespit-37-imprfk.txt (93 bp) REC:1000	52	N/A: 0
v3.56	Tue Mar 12 07:37:30 2019	1000	0.456	-x1	CYC: 0 (k=0)	RND:-	i waves/tubespit/tubespit-38-imprft.txt (103 bp) REC:1000	47	check_raqia1: 1
v3.56	Tue Mar 12 07:37:31 2019	1000	0.449	-x1	CYC: 0 (k=0)	RND:-	i waves/tubespit/tubespit-39-imprfk.txt (118 bp) REC:1000	53	check_raqia1: 1
v3.56	Tue Mar 12 07:37:31 2019	1000	0.433	-x1	CYC: 0 (k=0)	RND:-	i waves/tubespit/tubespit-40-imprfk.txt (104 bp) REC:1000	45	N/A: 0
v3.56	Tue Mar 12 07:37:32 2019	1000	0.667	-x1	CYC: 0 (k=0)	RND:-	i waves/tubespit/tubespit-41-RNAnuc.txt (42 nt) REC:1000	28	N/A: 0
v3.56	Tue Mar 12 07:37:32 2019	1000	0.524	-x1	CYC: 0 (k=0)	RND:-	i waves/tubespit/tubespit-41-notRNA.txt (42 char) REC:1000	22	N/A: 0
v3.56	Tue Mar 12 07:37:32 2019	1000	0.846	-x1	CYC: 0 (k=0)	RND:-	i waves/tubespit/tubespit-41-protin.txt (312 aa) REC:1000	264	N/A: 0
v3.56	Tue Mar 12 07:37:33 2019	1000	0.414	-x1	CYC: 0 (k=0)	RND:-	i waves/tubespit/tubespit-42-fasta1.txt (140 bp) REC:1000	58	N/A: 0
v3.56	Tue Mar 12 07:37:33 2019	1000	0.846	-x1	CYC: 0 (k=0)	RND:-	i waves/tubespit/tubespit-42-fasta2.txt (312 aa) REC:1000	264	N/A: 0
v3.56	Tue Mar 12 07:37:34 2019	1000	0.500	-x1	CYC: 0 (k=0)	RND:-	i waves/tubespit/tubespit-43-timprf.txt (34 bp) REC:1000	17	check_raqia1: 1
v3.56	Tue Mar 12 07:37:34 2019	1000	0.375	-x1	CYC: 0 (k=0)	RND:-	i waves/tubespit/tubespit-44-tosimp.txt (88 bp) REC:1000	33	check_raqia1: 1
v3.56	Tue Mar 12 07:37:35 2019	1000	0.575	-x1	CYC: 0 (k=0)	RND:-	i waves/tubespit/tubespit-45-cinky1.txt (134 bp) REC:1000	77	N/A: 0
v3.56	Tue Mar 12 07:37:35 2019	1000	0.418	-x1	CYC: 0 (k=0)	RND:-	i waves/tubespit/tubespit-46-cinky2.txt (182 bp) REC:1000	76	check_raqia1: 1
v3.56	Tue Mar 12 07:37:36 2019	1000	0.400	-x1	CYC: 0 (k=0)	RND:-	i waves/tubespit/tubespit-47-cycle6.txt (40 bp) REC:1000	16	N/A: 0
v3.56	Tue Mar 12 07:37:36 2019	1000	0.426	-x1	CYC: 0 (k=0)	RND:-	i waves/tubespit/tubespit-48-tbdslp.txt (122 bp) REC:1000	52	check_raqia1: 1
v3.56	Tue Mar 12 07:37:36 2019	1000	0.459	-x1	CYC: 0 (k=0)	RND:-	i waves/tubespit/tubespit-49-cyctip.txt (800 bp) REC:1000	367	check_raqia1: 1
v3.56	Tue Mar 12 07:37:38 2019	1000	0.509	-x1	CYC: 0 (k=0)	RND:-	i waves/tubespit/tubespit-50-cyctip.txt (800 bp) REC:1000	407	check_raqia1: 1
v3.56	Tue Mar 12 07:37:39 2019	1000	0.368	-x1	CYC: 9 (k=3)	RND:-	i waves/tubespit/tubespit-51-cyctip.txt (800 bp) REC:1000	294	N/A: 0
v3.56	Tue Mar 12 07:37:40 2019	1000	0.409	-x1	CYC: 8 (k=3)	RND:-	i waves/tubespit/tubespit-52-cyctip.txt (800 bp) REC:1000	327	N/A: 0
v3.56	Tue Mar 12 07:37:42 2019	1000	0.433	-x1	CYC: 0 (k=0)	RND:-	i waves/tubespit/tubespit-53-impkhp.txt (800 bp) REC:1000	346	N/A: 0
v3.56	Tue Mar 12 07:37:43 2019	1000	0.394	-x1	CYC: 5 (k=3)	RND:-	i waves/tubespit/tubespit-54-impkhp.txt (800 bp) REC:1000	315	N/A: 0
v3.56	Tue Mar 12 07:37:44 2019	1000	0.461	-x1	CYC: 0 (k=0)	RND:-	i waves/tubespit/tubespit-55-impkhp.txt (800 bp) REC:1000	369	N/A: 0
v3.56	Tue Mar 12 07:37:45 2019	1000	0.406	-x1	CYC: 0 (k=0)	RND:-	i waves/tubespit/tubespit-56-tbslp2.txt (800 bp) REC:1000	325	N/A: 0
v3.56	Tue Mar 12 07:37:47 2019	1000	0.373	-x1	CYC: 2 (k=3)	RND:-	i waves/tubespit/tubespit-57-tbslp2.txt (800 bp) REC:1000	298	check_raqia1: 1
v3.56	Tue Mar 12 07:37:48 2019	1000	0.416	-x1	CYC: 0 (k=0)	RND:-	i waves/tubespit/tubespit-58-tcycle.txt (800 bp) REC:1000	333	check_raqia1: 1
v3.56	Tue Mar 12 07:37:49 2019	1000	0.459	-x1	CYC: 0 (k=0)	RND:-	i waves/tubespit/tubespit-59-tcycle.txt (800 bp) REC:1000	367	check_raqia1: 1
v3.56	Tue Mar 12 07:37:51 2019	 994	0.456	-x1	CYC: 0 (k=0)	RND:-	i waves/tubespit/tubespit-60-tbslp2.txt (800 bp) REC: 370	365	N/A: 0
v3.56	Tue Mar 12 07:37:52 2019	1000	0.403	-x1	CYC: 0 (k=0)	RND:-	i waves/tubespit/tubespit-61-tghost.txt (800 bp) REC:1000	322	check_raqia1: 1
v3.56	Tue Mar 12 07:37:53 2019	1000	0.370	-x1	CYC: 0 (k=0)	RND:-	i waves/tubespit/tubespit-62-tuckup.txt (100 bp) REC:1000	37	check_raqia1: 1
v3.56	Tue Mar 12 07:37:54 2019	1000	0.340	-x1	CYC: 0 (k=0)	RND:-	i waves/tubespit/tubespit-63-cnudge.txt (100 bp) REC:1000	34	check_raqia1: 1
v3.56	Tue Mar 12 07:37:54 2019	1000	0.400	-x1	CYC: 0 (k=0)	RND:-	i waves/tubespit/tubespit-64-sndge0.txt (100 bp) REC:1000	40	N/A: 0
v3.56	Tue Mar 12 07:37:55 2019	1000	0.480	-x1	CYC: 0 (k=0)	RND:-	i waves/tubespit/tubespit-64-sndge1.txt (100 bp) REC:1000	48	N/A: 0
v3.56	Tue Mar 12 07:37:55 2019	1000	0.440	-x1	CYC: 0 (k=0)	RND:-	i waves/tubespit/tubespit-64-sndge2.txt (100 bp) REC:1000	44	check_raqia1: 1
v3.56	Tue Mar 12 07:37:55 2019	1000	0.400	-x1	CYC: 0 (k=0)	RND:-	i waves/tubespit/tubespit-64-sndge3.txt (100 bp) REC:1000	40	check_raqia1: 1
v3.56	Tue Mar 12 07:37:56 2019	1000	0.380	-x1	CYC: 0 (k=0)	RND:-	i waves/tubespit/tubespit-64-sndge4.txt (100 bp) REC:1000	38	check_raqia1: 1
v3.56	Tue Mar 12 07:37:56 2019	1000	0.490	-x1	CYC: 8 (k=3)	RND:-	i waves/tubespit/tubespit-64-sndge5.txt (100 bp) REC:1000	49	check_raqia1: 1
v3.56	Tue Mar 12 07:37:57 2019	1000	0.430	-x1	CYC: 0 (k=0)	RND:-	i waves/tubespit/tubespit-64-sndge6.txt (100 bp) REC:1000	43	check_raqia1: 1
v3.56	Tue Mar 12 07:37:57 2019	1000	0.410	-x1	CYC: 0 (k=0)	RND:-	i waves/tubespit/tubespit-64-sndge7.txt (100 bp) REC:1000	41	N/A: 0
v3.56	Tue Mar 12 07:37:57 2019	1000	0.460	-x1	CYC:15 (k=3)	RND:-	i waves/tubespit/tubespit-64-sndge8.txt (100 bp) REC:1000	46	N/A: 0
v3.56	Tue Mar 12 07:37:58 2019	1000	0.300	-x1	CYC: 0 (k=0)	RND:-	i waves/tubespit/tubespit-64-sndge9.txt (100 bp) REC:1000	30	check_raqia1: 1
v3.56	Tue Mar 12 07:37:58 2019	1000	0.330	-x1	CYC: 3 (k=3)	RND:-	i waves/tubespit/tubespit-65-consen.txt (100 bp) REC:1000	33	check_raqia1: 1
v3.56	Tue Mar 12 07:37:59 2019	1000	0.350	-x1	CYC: 2 (k=3)	RND:-	i waves/tubespit/tubespit-66-consen.txt (100 bp) REC:1000	35	N/A: 0
v3.56	Tue Mar 12 07:37:59 2019	1000	0.410	-x1	CYC: 0 (k=0)	RND:-	i waves/tubespit/tubespit-67-bslclr.txt (100 bp) REC:1000	41	N/A: 0
v3.56	Tue Mar 12 07:38:00 2019	1000	0.420	-x1	CYC: 0 (k=0)	RND:-	i waves/tubespit/tubespit-68-dRaggd.txt (100 bp) REC:1000	42	N/A: 0
v3.56	Tue Mar 12 07:38:00 2019	1000	0.490	-x1	CYC: 0 (k=0)	RND:-	i waves/tubespit/tubespit-69-ktrans.txt (100 bp) REC:1000	49	N/A: 0
v3.56	Tue Mar 12 07:38:00 2019	1000	0.350	-x1	CYC: 0 (k=0)	RND:-	i waves/tubespit/tubespit-70-ktrans.txt (100 bp) REC:1000	35	N/A: 0
v3.56	Tue Mar 12 07:38:01 2019	1000	0.400	-x1	CYC: 0 (k=0)	RND:-	i waves/tubespit/tubespit-71-ktrans.txt (100 bp) REC:1000	40	N/A: 0
v3.56	Tue Mar 12 07:38:01 2019	1000	0.350	-x1	CYC: 0 (k=0)	RND:-	i waves/tubespit/tubespit-72-ktrans.txt (100 bp) REC:1000	35	check_raqia1: 1
v3.56	Tue Mar 12 07:38:02 2019	1000	0.450	-x1	CYC: 0 (k=0)	RND:-	i waves/tubespit/tubespit-73-ktrans.txt (100 bp) REC:1000	45	N/A: 0
v3.56	Tue Mar 12 07:38:02 2019	 957	0.470	-x1	CYC: 0 (k=0)	RND:-	i waves/tubespit/tubespit-74-ktrans.txt (100 bp) REC: 840	47	N/A: 0
v3.56	Tue Mar 12 07:38:02 2019	1000	0.370	-x1	CYC: 0 (k=0)	RND:-	i waves/tubespit/tubespit-75-ktrans.txt (100 bp) REC:1000	37	N/A: 0
v3.56	Tue Mar 12 07:38:03 2019	1000	0.460	-x1	CYC: 0 (k=0)	RND:-	i waves/tubespit/tubespit-76-ktrans.txt (100 bp) REC:1000	46	check_raqia1: 1
v3.56	Tue Mar 12 07:38:03 2019	1000	0.460	-x1	CYC: 0 (k=0)	RND:-	i waves/tubespit/tubespit-77-ktrans.txt (100 bp) REC:1000	46	N/A: 0
v3.56	Tue Mar 12 07:38:04 2019	1000	0.440	-x1	CYC: 0 (k=0)	RND:-	i waves/tubespit/tubespit-78-ktrans.txt (100 bp) REC:1000	44	N/A: 0
v3.56	Tue Mar 12 07:38:04 2019	1000	0.440	-x1	CYC: 0 (k=0)	RND:-	i waves/tubespit/tubespit-79-kcheck.txt (100 bp) REC:1000	44	check_raqia1: 1
v3.56	Tue Mar 12 07:38:04 2019	1000	0.440	-x1	CYC: 0 (k=0)	RND:-	i waves/tubespit/tubespit-80-kcheck.txt (100 bp) REC:1000	44	check_raqia1: 1
v3.56	Tue Mar 12 07:38:05 2019	1000	0.410	-x1	CYC: 0 (k=0)	RND:-	i waves/tubespit/tubespit-81-kcheck.txt (100 bp) REC:1000	41	N/A: 0
v3.56	Tue Mar 12 07:38:05 2019	1000	0.440	-x1	CYC: 0 (k=0)	RND:-	i waves/tubespit/tubespit-82-kcheck.txt (100 bp) REC:1000	44	N/A: 0
v3.56	Tue Mar 12 07:38:06 2019	1000	0.390	-x1	CYC: 9 (k=3)	RND:-	i waves/tubespit/tubespit-83-shadow.txt (100 bp) REC:1000	39	N/A: 0
v3.56	Tue Mar 12 07:38:06 2019	1000	0.530	-x1	CYC: 0 (k=0)	RND:-	i waves/tubespit/tubespit-84-shadow.txt (100 bp) REC:1000	53	check_raqia1: 1
v3.56	Tue Mar 12 07:38:06 2019	1000	0.440	-x1	CYC: 0 (k=0)	RND:-	i waves/tubespit/tubespit-85-adjDTH.txt (100 bp) REC:1000	44	N/A: 0
v3.56	Tue Mar 12 07:38:07 2019	1000	0.450	-x1	CYC:13 (k=3)	RND:-	i waves/tubespit/tubespit-86-adjDTH.txt (100 bp) REC:1000	45	check_raqia1: 1
v3.56	Tue Mar 12 07:38:07 2019	1000	0.440	-x1	CYC: 0 (k=0)	RND:-	i waves/tubespit/tubespit-87-adjDTH.txt (100 bp) REC:1000	44	check_raqia1: 1
v3.56	Tue Mar 12 07:38:08 2019	1000	0.440	-x1	CYC: 2 (k=3)	RND:-	i waves/tubespit/tubespit_v343_14.txt (100 bp) REC:1000	44	N/A: 0
v3.56	Tue Mar 12 07:38:08 2019	1000	0.360	-x1	CYC: 0 (k=0)	RND:-	i waves/tubespit/tubespit_v343_19.txt (100 bp) REC:1000	36	N/A: 0
v3.56	Tue Mar 12 07:38:09 2019	 976	0.420	-x1	CYC:60060 (k=2)	RND:-	i waves/tubespit/tubespit_v344_03.txt (100 bp) REC:1000	42	N/A: 0
v3.56	Tue Mar 12 07:38:09 2019	1000	0.320	-x1	CYC: 0 (k=0)	RND:-	i waves/tubespit/tubespit_v344_05.txt (100 bp) REC:1000	32	check_raqia1: 1
v3.56	Tue Mar 12 07:38:10 2019	1000	0.480	-x1	CYC: 0 (k=0)	RND:-	i waves/tubespit/tubespit_v344_06.txt (100 bp) REC:1000	48	N/A: 0
v3.56	Tue Mar 12 07:38:10 2019	1000	0.430	-x1	CYC: 0 (k=0)	RND:-	i waves/tubespit/tubespit_v344_11.txt (100 bp) REC:1000	43	check_raqia1: 1
v3.56	Tue Mar 12 07:38:10 2019	1000	0.360	-x1	CYC: 0 (k=0)	RND:-	i waves/tubespit/tubespit_v344_14.txt (100 bp) REC:1000	36	check_raqia1: 1
v3.56	Tue Mar 12 07:38:11 2019	1000	0.400	-x1	CYC: 0 (k=0)	RND:-	i waves/tubespit/tubespit_v344_15.txt (100 bp) REC:1000	40	check_raqia1: 1
v3.56	Tue Mar 12 07:38:11 2019	1000	0.410	-x1	CYC: 5 (k=3)	RND:-	i waves/tubespit/tubespit_v344_19.txt (100 bp) REC:1000	41	N/A: 0
v3.56	Tue Mar 12 07:38:12 2019	 976	0.420	-x1	CYC:60060 (k=2)	RND:-	i waves/tubespit/tubespit_v344_20.txt (100 bp) REC:1000	42	N/A: 0
v3.56	Tue Mar 12 07:38:12 2019	1000	0.370	-x1	CYC: 0 (k=0)	RND:-	i waves/tubespit/tubespit_v344_21.txt (100 bp) REC:1000	37	check_raqia1: 1
v3.56	Tue Mar 12 07:38:13 2019	1000	0.400	-x1	CYC: 0 (k=0)	RND:-	i waves/tubespit/tubespit_v344_31.txt (100 bp) REC:1000	40	check_raqia1: 1
v3.56	Tue Mar 12 07:38:13 2019	1000	0.520	-x1	CYC: 0 (k=0)	RND:-	i waves/tubespit/tubespit_v344_32.txt (100 bp) REC:1000	52	N/A: 0
v3.56	Tue Mar 12 07:38:14 2019	1000	0.370	-x1	CYC: 0 (k=0)	RND:-	i waves/tubespit/tubespit_v344_35.txt (100 bp) REC:1000	37	N/A: 0
v3.56	Tue Mar 12 07:38:14 2019	1000	0.500	-x1	CYC: 5 (k=3)	RND:-	i waves/tubespit/tubespit_v344_36.txt (100 bp) REC:1000	50	check_raqia1: 1
v3.56	Tue Mar 12 07:38:14 2019	 940	0.500	-x1	CYC: 6 (k=3)	RND:-	i waves/chowder/chowder_v327_52.txt (100 bp) REC: 670	50	N/A: 0
v3.56	Tue Mar 12 07:38:15 2019	 829	0.470	-x1	CYC: 1 (k=3)	RND:-	i waves/chowder/chowder_v343_01.txt (100 bp) REC: 310	47	check_raqia1: 1
v3.56	Tue Mar 12 07:38:15 2019	1000	0.490	-x1	CYC: 0 (k=0)	RND:-	i waves/chowder/chowder_v343_02.txt (100 bp) REC:1000	49	check_raqia1: 1
v3.56	Tue Mar 12 07:38:16 2019	1000	0.380	-x1	CYC: 0 (k=0)	RND:-	i waves/chowder/chowder_v343_03.txt (100 bp) REC:1000	38	check_raqia1: 1
v3.56	Tue Mar 12 07:38:16 2019	 934	0.460	-x1	CYC: 5 (k=3)	RND:-	i waves/chowder/chowder_v343_04.txt (100 bp) REC:1000	46	N/A: 0
v3.56	Tue Mar 12 07:38:17 2019	1000	0.440	-x1	CYC: 0 (k=0)	RND:-	i waves/chowder/chowder_v343_05.txt (100 bp) REC:1000	44	check_raqia1: 1
v3.56	Tue Mar 12 07:38:17 2019	1000	0.460	-x1	CYC: 0 (k=0)	RND:-	i waves/chowder/chowder_v343_06.txt (100 bp) REC:1000	46	check_raqia1: 1
v3.56	Tue Mar 12 07:38:17 2019	1000	0.440	-x1	CYC: 0 (k=0)	RND:-	i waves/chowder/chowder_v343_07.txt (100 bp) REC:1000	44	N/A: 0
v3.56	Tue Mar 12 07:38:18 2019	1000	0.430	-x1	CYC: 0 (k=0)	RND:-	i waves/chowder/chowder_v343_08.txt (100 bp) REC:1000	43	check_raqia1: 1
v3.56	Tue Mar 12 07:38:18 2019	1000	0.290	-x1	CYC: 0 (k=0)	RND:-	i waves/chowder/chowder_v343_09.txt (100 bp) REC:1000	29	N/A: 0
v3.56	Tue Mar 12 07:38:18 2019	1000	0.300	-x1	CYC: 0 (k=0)	RND:-	i waves/chowder/chowder_v343_10.txt (100 bp) REC:1000	30	check_raqia1: 1
v3.56	Tue Mar 12 07:38:19 2019	1000	0.340	-x1	CYC: 0 (k=0)	RND:-	i waves/chowder/chowder_v343_11.txt (100 bp) REC:1000	34	check_raqia1: 1
v3.56	Tue Mar 12 07:38:19 2019	1000	0.530	-x1	CYC: 0 (k=0)	RND:-	i waves/chowder/chowder_v343_12.txt (100 bp) REC:1000	53	N/A: 0
v3.56	Tue Mar 12 07:38:20 2019	1000	0.410	-x1	CYC: 3 (k=3)	RND:-	i waves/chowder/chowder_v343_13.txt (100 bp) REC:1000	41	check_raqia1: 1
v3.56	Tue Mar 12 07:38:20 2019	1000	0.420	-x1	CYC: 0 (k=0)	RND:-	i waves/chowder/chowder_v343_17.txt (100 bp) REC:1000	42	check_raqia1: 1
v3.56	Tue Mar 12 07:38:20 2019	1000	0.530	-x1	CYC: 0 (k=0)	RND:-	i waves/chowder/chowder_v343_18.txt (100 bp) REC:1000	53	N/A: 0
v3.56	Tue Mar 12 07:38:21 2019	1000	0.530	-x1	CYC: 0 (k=0)	RND:-	i waves/chowder/chowder_v343_20.txt (100 bp) REC:1000	53	N/A: 0
v3.56	Tue Mar 12 07:38:21 2019	1000	0.530	-x1	CYC: 0 (k=0)	RND:-	i waves/chowder/chowder_v343_21.txt (100 bp) REC:1000	53	check_raqia1: 1
v3.56	Tue Mar 12 07:38:22 2019	1000	0.410	-x1	CYC: 0 (k=0)	RND:-	i waves/chowder/chowder_v343_22.txt (100 bp) REC:1000	41	check_raqia1: 1
v3.56	Tue Mar 12 07:38:22 2019	1000	0.490	-x1	CYC: 0 (k=0)	RND:-	i waves/chowder/chowder_v343_23.txt (100 bp) REC:1000	49	N/A: 0
v3.56	Tue Mar 12 07:38:22 2019	1000	0.420	-x1	CYC: 0 (k=0)	RND:-	i waves/chowder/chowder_v343_24.txt (100 bp) REC:1000	42	check_raqia1: 1
v3.56	Tue Mar 12 07:38:23 2019	1000	0.440	-x1	CYC: 0 (k=0)	RND:-	i waves/chowder/chowder_v343_25.txt (100 bp) REC:1000	44	N/A: 0
v3.56	Tue Mar 12 07:38:23 2019	1000	0.440	-x1	CYC: 0 (k=0)	RND:-	i waves/chowder/chowder_v344_01.txt (100 bp) REC:1000	44	N/A: 0
v3.56	Tue Mar 12 07:38:24 2019	1000	0.450	-x1	CYC: 0 (k=0)	RND:-	i waves/chowder/chowder_v344_02.txt (100 bp) REC:1000	45	N/A: 0
v3.56	Tue Mar 12 07:38:24 2019	1000	0.450	-x1	CYC: 0 (k=0)	RND:-	i waves/chowder/chowder_v344_04.txt (100 bp) REC:1000	45	check_raqia1: 1
v3.56	Tue Mar 12 07:38:24 2019	1000	0.420	-x1	CYC: 0 (k=0)	RND:-	i waves/chowder/chowder_v344_07.txt (100 bp) REC:1000	42	N/A: 0
v3.56	Tue Mar 12 07:38:25 2019	 961	0.520	-x1	CYC: 1 (k=2)	RND:-	i waves/chowder/chowder_v344_08.txt (100 bp) REC: 440	52	N/A: 0
v3.56	Tue Mar 12 07:38:25 2019	 977	0.440	-x1	CYC:60060 (k=2)	RND:-	i waves/chowder/chowder_v344_09.txt (100 bp) REC:1000	44	N/A: 0
v3.56	Tue Mar 12 07:38:26 2019	1000	0.540	-x1	CYC: 0 (k=0)	RND:-	i waves/chowder/chowder_v344_10.txt (100 bp) REC:1000	54	check_raqia1: 1
v3.56	Tue Mar 12 07:38:26 2019	1000	0.490	-x1	CYC: 0 (k=0)	RND:-	i waves/chowder/chowder_v344_12.txt (100 bp) REC:1000	49	check_raqia1: 1
v3.56	Tue Mar 12 07:38:27 2019	1000	0.400	-x1	CYC: 0 (k=0)	RND:-	i waves/chowder/chowder_v344_13.txt (100 bp) REC:1000	40	check_raqia1: 1
v3.56	Tue Mar 12 07:38:27 2019	1000	0.350	-x1	CYC: 0 (k=0)	RND:-	i waves/chowder/chowder_v344_16.txt (100 bp) REC:1000	35	N/A: 0
v3.56	Tue Mar 12 07:38:28 2019	 980	0.520	-x1	CYC:60060 (k=2)	RND:-	i waves/chowder/chowder_v344_17.txt (100 bp) REC:1000	52	N/A: 0
v3.56	Tue Mar 12 07:38:28 2019	1000	0.390	-x1	CYC: 0 (k=0)	RND:-	i waves/chowder/chowder_v344_18.txt (100 bp) REC:1000	39	check_raqia1: 1
v3.56	Tue Mar 12 07:38:29 2019	1000	0.380	-x1	CYC: 0 (k=0)	RND:-	i waves/chowder/chowder_v344_22.txt (100 bp) REC:1000	38	check_raqia1: 1
v3.56	Tue Mar 12 07:38:29 2019	1000	0.470	-x1	CYC: 0 (k=0)	RND:-	i waves/chowder/chowder_v344_23.txt (100 bp) REC:1000	47	N/A: 0
v3.56	Tue Mar 12 07:38:30 2019	1000	0.490	-x1	CYC: 0 (k=0)	RND:-	i waves/chowder/chowder_v344_24.txt (100 bp) REC:1000	49	check_raqia1: 1
v3.56	Tue Mar 12 07:38:30 2019	1000	0.300	-x1	CYC: 0 (k=0)	RND:-	i waves/chowder/chowder_v344_25.txt (100 bp) REC:1000	30	check_raqia1: 1
v3.56	Tue Mar 12 07:38:30 2019	1000	0.560	-x1	CYC: 2 (k=3)	RND:-	i waves/chowder/chowder_v344_26.txt (100 bp) REC:1000	56	N/A: 0
v3.56	Tue Mar 12 07:38:31 2019	1000	0.440	-x1	CYC: 0 (k=0)	RND:-	i waves/chowder/chowder_v344_27.txt (100 bp) REC:1000	44	check_raqia1: 1
v3.56	Tue Mar 12 07:38:31 2019	1000	0.360	-x1	CYC: 0 (k=0)	RND:-	i waves/chowder/chowder_v344_28.txt (100 bp) REC:1000	36	N/A: 0
v3.56	Tue Mar 12 07:38:32 2019	1000	0.490	-x1	CYC: 0 (k=0)	RND:-	i waves/chowder/chowder_v344_29.txt (100 bp) REC:1000	49	check_raqia1: 1
v3.56	Tue Mar 12 07:38:32 2019	1000	0.370	-x1	CYC: 0 (k=0)	RND:-	i waves/chowder/chowder_v344_30.txt (100 bp) REC:1000	37	check_raqia1: 1
v3.56	Tue Mar 12 07:38:32 2019	1000	0.460	-x1	CYC: 0 (k=0)	RND:-	i waves/chowder/chowder_v344_33.txt (100 bp) REC:1000	46	N/A: 0
v3.56	Tue Mar 12 07:38:33 2019	1000	0.490	-x1	CYC: 0 (k=0)	RND:-	i waves/chowder/chowder_v344_34.txt (100 bp) REC:1000	49	check_raqia1: 1
v3.56	Tue Mar 12 07:38:33 2019	1000	0.356	-x2	CYC: 0 (k=0)	RND:-	a example sequence (87 char) REC:1000	31	N/A: 0
v3.56	Tue Mar 12 07:38:34 2019	1000	0.250	-x2	CYC: 0 (k=0)	RND:-	b example sequence (84 char) REC:1000	21	N/A: 0
v3.56	Tue Mar 12 07:38:34 2019	1000	0.235	-x2	CYC: 0 (k=0)	RND:-	c example sequence (102 char) REC:1000	24	N/A: 0
v3.56	Tue Mar 12 07:38:34 2019	1000	0.455	-x2	CYC: 0 (k=0)	RND:-	d example sequence (121 char) REC:1000	55	N/A: 0
v3.56	Tue Mar 12 07:38:35 2019	1000	0.446	-x2	CYC: 0 (k=0)	RND:-	e example sequence (139 char) REC:1000	62	N/A: 0
v3.56	Tue Mar 12 07:38:35 2019	1000	0.269	-x2	CYC: 0 (k=0)	RND:-	f example sequence (156 char) REC:1000	42	N/A: 0
v3.56	Tue Mar 12 07:38:35 2019	1000	0.533	-x2	CYC: 0 (k=0)	RND:-	g example sequence (45 char) REC:1000	24	N/A: 0
v3.56	Tue Mar 12 07:38:36 2019	1000	0.507	-x2	CYC: 1 (k=2)	RND:-	h example sequence (69 bp) REC:1000	35	N/A: 0
v3.56	Tue Mar 12 07:38:36 2019	1000	0.424	-x2	CYC: 0 (k=0)	RND:-	i waves/animals/seal_vnd_ex3_Dmela.txt (956 bp) REC:1000	405	N/A: 0
v3.56	Tue Mar 12 07:38:38 2019	1000	0.406	-x2	CYC: 0 (k=0)	RND:-	i waves/animals/seal_vnd_ex3_Dmaur.txt (956 bp) REC:1000	388	N/A: 0
v3.56	Tue Mar 12 07:38:41 2019	1000	0.418	-x2	CYC: 0 (k=0)	RND:-	i waves/animals/seal_vnd_ex3_Dsech.txt (956 bp) REC:1000	400	N/A: 0
v3.56	Tue Mar 12 07:38:43 2019	1000	0.416	-x2	CYC: 0 (k=0)	RND:-	i waves/animals/seal_vnd_ex3_Dsimu.txt (956 bp) REC:1000	398	N/A: 0
v3.56	Tue Mar 12 07:38:45 2019	1000	0.410	-x2	CYC: 0 (k=0)	RND:-	i waves/animals/seal_vnd_ex3_Derec.txt (962 bp) REC:1000	394	N/A: 0
v3.56	Tue Mar 12 07:38:47 2019	1000	0.386	-x2	CYC: 3 (k=3)	RND:-	i waves/animals/seal_vnd_ex3_Dsant.txt (959 bp) REC:1000	370	N/A: 0
v3.56	Tue Mar 12 07:38:50 2019	1000	0.393	-x2	CYC: 3 (k=3)	RND:-	i waves/animals/seal_vnd_ex3_Dyaku.txt (957 bp) REC:1000	376	N/A: 0
v3.56	Tue Mar 12 07:38:52 2019	1000	0.391	-x2	CYC: 6 (k=3)	RND:-	i waves/animals/seal_vnd_ex3_Dbiar.txt (974 bp) REC:1000	381	N/A: 0
v3.56	Tue Mar 12 07:38:54 2019	1000	0.380	-x2	CYC: 4 (k=3)	RND:-	i waves/animals/seal_vnd_ex3_Dsuzu.txt (980 bp) REC:1000	372	N/A: 0
v3.56	Tue Mar 12 07:38:57 2019	1000	0.394	-x2	CYC: 6 (k=3)	RND:-	i waves/animals/seal_vnd_ex3_Danan.txt (962 bp) REC:1000	379	N/A: 0
v3.56	Tue Mar 12 07:38:59 2019	1000	0.396	-x2	CYC: 0 (k=0)	RND:-	i waves/animals/seal_vnd_ex3_Dbipe.txt (950 bp) REC:1000	376	N/A: 0
v3.56	Tue Mar 12 07:39:01 2019	1000	0.446	-x2	CYC: 5 (k=3)	RND:-	i waves/animals/shark_vnd_NEE_Dmela.txt (1008 bp) REC:1000	450	N/A: 0
v3.56	Tue Mar 12 07:39:03 2019	1000	0.461	-x2	CYC: 5 (k=3)	RND:-	i waves/animals/shark_vnd_NEE_Dmaur.txt (1006 bp) REC:1000	464	N/A: 0
v3.56	Tue Mar 12 07:39:05 2019	1000	0.454	-x2	CYC: 5 (k=3)	RND:-	i waves/animals/shark_vnd_NEE_Dsech.txt (1002 bp) REC:1000	455	N/A: 0
v3.56	Tue Mar 12 07:39:08 2019	1000	0.454	-x2	CYC: 5 (k=3)	RND:-	i waves/animals/shark_vnd_NEE_Dsimu.txt (1007 bp) REC:1000	457	N/A: 0
v3.56	Tue Mar 12 07:39:10 2019	1000	0.439	-x2	CYC: 0 (k=0)	RND:-	i waves/animals/shark_vnd_NEE_Derec.txt (1005 bp) REC:1000	441	N/A: 0
v3.56	Tue Mar 12 07:39:12 2019	1000	0.422	-x2	CYC:16 (k=3)	RND:-	i waves/animals/shark_vnd_NEE_Dsant.txt (1093 bp) REC:1000	461	N/A: 0
v3.56	Tue Mar 12 07:39:15 2019	1000	0.424	-x2	CYC: 5 (k=3)	RND:-	i waves/animals/shark_vnd_NEE_Dyaku.txt (1063 bp) REC:1000	451	N/A: 0
v3.56	Tue Mar 12 07:39:17 2019	1000	0.437	-x2	CYC: 0 (k=0)	RND:-	i waves/animals/shark_vnd_NEE_Dbiar.txt (1063 bp) REC:1000	464	N/A: 0
v3.56	Tue Mar 12 07:39:20 2019	1000	0.436	-x2	CYC: 0 (k=0)	RND:-	i waves/animals/shark_vnd_NEE_Dsuzu.txt (1064 bp) REC:1000	464	N/A: 0
v3.56	Tue Mar 12 07:39:22 2019	1000	0.394	-x2	CYC: 0 (k=0)	RND:-	i waves/animals/shark_nab_DWME_Dmela.txt (764 bp) REC:1000	301	N/A: 0
v3.56	Tue Mar 12 07:39:24 2019	1000	0.444	-x2	CYC: 4 (k=3)	RND:-	i waves/tubespit/tubespit-01-toslip.txt (72 bp) REC:1000	32	N/A: 0
v3.56	Tue Mar 12 07:39:24 2019	1000	0.364	-x2	CYC: 3 (k=3)	RND:-	i waves/tubespit/tubespit-02-toslip.txt (66 bp) REC:1000	24	N/A: 0
v3.56	Tue Mar 12 07:39:25 2019	1000	0.574	-x2	CYC: 0 (k=0)	RND:-	i waves/tubespit/tubespit-03-tosSt1.txt (61 bp) REC:1000	35	N/A: 0
v3.56	Tue Mar 12 07:39:25 2019	1000	0.451	-x2	CYC: 4 (k=3)	RND:-	i waves/tubespit/tubespit-04-tos-ct.txt (71 bp) REC:1000	32	N/A: 0
v3.56	Tue Mar 12 07:39:26 2019	1000	0.516	-x2	CYC: 0 (k=0)	RND:-	i waves/tubespit/tubespit-05-koshp1.txt (62 bp) REC:1000	32	N/A: 0
v3.56	Tue Mar 12 07:39:26 2019	1000	0.428	-x2	CYC: 2 (k=3)	RND:-	i waves/tubespit/tubespit-06-koslip.txt (138 bp) REC:1000	59	N/A: 0
v3.56	Tue Mar 12 07:39:27 2019	1000	0.512	-x2	CYC: 5 (k=3)	RND:-	i waves/tubespit/tubespit-07-koslip.txt (84 bp) REC:1000	43	N/A: 0
v3.56	Tue Mar 12 07:39:27 2019	1000	0.370	-x2	CYC: 0 (k=0)	RND:-	i waves/tubespit/tubespit-08-koslp2.txt (81 bp) REC:1000	30	N/A: 0
v3.56	Tue Mar 12 07:39:27 2019	1000	0.477	-x2	CYC: 0 (k=0)	RND:-	i waves/tubespit/tubespit-09-koslp3.txt (65 bp) REC:1000	31	N/A: 0
v3.56	Tue Mar 12 07:39:28 2019	1000	0.425	-x2	CYC: 1 (k=2)	RND:-	i waves/tubespit/tubespit-10-cycle1.txt (106 bp) REC:1000	45	N/A: 0
v3.56	Tue Mar 12 07:39:28 2019	1000	0.428	-x2	CYC: 1 (k=2)	RND:-	i waves/tubespit/tubespit-11-cycle1.txt (159 bp) REC:1000	68	N/A: 0
v3.56	Tue Mar 12 07:39:29 2019	1000	0.400	-x2	CYC: 1 (k=2)	RND:-	i waves/tubespit/tubespit-12-cycle1.txt (55 bp) REC:1000	22	N/A: 0
v3.56	Tue Mar 12 07:39:29 2019	1000	0.415	-x2	CYC: 2 (k=4)	RND:-	i waves/tubespit/tubespit-13-cycle2.txt (123 bp) REC:1000	51	N/A: 0
v3.56	Tue Mar 12 07:39:30 2019	1000	0.493	-x2	CYC: 1 (k=2)	RND:-	i waves/tubespit/tubespit-14-cycle3.txt (138 bp) REC:1000	68	N/A: 0
v3.56	Tue Mar 12 07:39:30 2019	1000	0.516	-x2	CYC: 3 (k=2)	RND:-	i waves/tubespit/tubespit-15-cycle4.txt (157 bp) REC:1000	81	N/A: 0
v3.56	Tue Mar 12 07:39:31 2019	1000	0.279	-x2	CYC: 3 (k=3)	RND:-	i waves/tubespit/tubespit-16-cyc3_a.txt (68 bp) REC:1000	19	N/A: 0
v3.56	Tue Mar 12 07:39:31 2019	1000	0.538	-x2	CYC: 0 (k=0)	RND:-	i waves/tubespit/tubespit-17-cycle5.txt (39 bp) REC:1000	21	N/A: 0
v3.56	Tue Mar 12 07:39:31 2019	1000	0.486	-x2	CYC: 0 (k=0)	RND:-	i waves/tubespit/tubespit-18-koshp2.txt (74 bp) REC:1000	36	N/A: 0
v3.56	Tue Mar 12 07:39:32 2019	1000	0.426	-x2	CYC: 0 (k=0)	RND:-	i waves/tubespit/tubespit-19-koslp4.txt (68 bp) REC:1000	29	N/A: 0
v3.56	Tue Mar 12 07:39:32 2019	1000	0.416	-x2	CYC: 3 (k=3)	RND:-	i waves/tubespit/tubespit-20-cyc3_b.txt (77 bp) REC:1000	32	N/A: 0
v3.56	Tue Mar 12 07:39:33 2019	1000	0.284	-x2	CYC: 3 (k=3)	RND:-	i waves/tubespit/tubespit-21-cyc3_c.txt (95 bp) REC:1000	27	N/A: 0
v3.56	Tue Mar 12 07:39:33 2019	1000	0.538	-x2	CYC: 1 (k=2)	RND:-	i waves/tubespit/tubespit-22-tosSt2.txt (65 bp) REC:1000	35	N/A: 0
v3.56	Tue Mar 12 07:39:33 2019	1000	0.500	-x2	CYC: 1 (k=2)	RND:-	i waves/tubespit/tubespit-23-tosSt2.txt (84 bp) REC:1000	42	N/A: 0
v3.56	Tue Mar 12 07:39:34 2019	1000	0.380	-x2	CYC: 1 (k=2)	RND:-	i waves/tubespit/tubespit-24-tosSt2.txt (100 bp) REC:1000	38	N/A: 0
v3.56	Tue Mar 12 07:39:34 2019	1000	0.364	-x2	CYC: 3 (k=3)	RND:-	i waves/tubespit/tubespit-25-tosSt2.txt (195 bp) REC:1000	71	N/A: 0
v3.56	Tue Mar 12 07:39:35 2019	1000	0.357	-x2	CYC: 1 (k=3)	RND:-	i waves/tubespit/tubespit-26-tosSt2.txt (400 bp) REC:1000	143	N/A: 0
v3.56	Tue Mar 12 07:39:36 2019	1000	0.425	-x2	CYC: 1 (k=2)	RND:-	i waves/tubespit/tubespit-27-cycleX.txt (400 bp) REC:1000	170	N/A: 0
v3.56	Tue Mar 12 07:39:37 2019	1000	0.308	-x2	CYC: 4 (k=3)	RND:-	i waves/tubespit/tubespit-28-scrtch.txt (52 bp) REC:1000	16	N/A: 0
v3.56	Tue Mar 12 07:39:37 2019	1000	0.386	-x2	CYC: 4 (k=3)	RND:-	i waves/tubespit/tubespit-29-toslp2.txt (57 bp) REC:1000	22	N/A: 0
v3.56	Tue Mar 12 07:39:37 2019	1000	0.446	-x2	CYC: 1 (k=3)	RND:-	i waves/tubespit/tubespit-30-toslp2.txt (56 bp) REC:1000	25	N/A: 0
v3.56	Tue Mar 12 07:39:38 2019	 888	0.243	-x2	CYC: 0 (k=0)	RND:-	i waves/tubespit/tubespit-31-t0edge.txt (37 bp) REC: 378	9	N/A: 0
v3.56	Tue Mar 12 07:39:38 2019	1000	0.423	-x2	CYC: 2 (k=2)	RND:-	i waves/tubespit/tubespit-32-combo1.txt (265 bp) REC:1000	112	N/A: 0
v3.56	Tue Mar 12 07:39:39 2019	1000	0.576	-x2	CYC: 0 (k=0)	RND:-	i waves/tubespit/tubespit-33-imprf1.txt (66 bp) REC:1000	38	N/A: 0
v3.56	Tue Mar 12 07:39:39 2019	1000	0.582	-x2	CYC: 0 (k=0)	RND:-	i waves/tubespit/tubespit-34-imprf2.txt (67 bp) REC:1000	39	N/A: 0
v3.56	Tue Mar 12 07:39:40 2019	1000	0.603	-x2	CYC: 0 (k=0)	RND:-	i waves/tubespit/tubespit-35-imprf3.txt (58 bp) REC:1000	35	N/A: 0
v3.56	Tue Mar 12 07:39:40 2019	1000	0.530	-x2	CYC: 0 (k=0)	RND:-	i waves/tubespit/tubespit-36-imprf4.txt (83 bp) REC:1000	44	N/A: 0
v3.56	Tue Mar 12 07:39:40 2019	1000	0.473	-x2	CYC: 0 (k=0)	RND:-	i waves/tubespit/tubespit-37-imprfk.txt (93 bp) REC:1000	44	N/A: 0
v3.56	Tue Mar 12 07:39:41 2019	1000	0.456	-x2	CYC: 0 (k=0)	RND:-	i waves/tubespit/tubespit-38-imprft.txt (103 bp) REC:1000	47	N/A: 0
v3.56	Tue Mar 12 07:39:41 2019	1000	0.441	-x2	CYC: 5 (k=3)	RND:-	i waves/tubespit/tubespit-39-imprfk.txt (118 bp) REC:1000	52	N/A: 0
v3.56	Tue Mar 12 07:39:42 2019	1000	0.404	-x2	CYC: 0 (k=0)	RND:-	i waves/tubespit/tubespit-40-imprfk.txt (104 bp) REC:1000	42	N/A: 0
v3.56	Tue Mar 12 07:39:42 2019	1000	0.667	-x2	CYC: 0 (k=0)	RND:-	i waves/tubespit/tubespit-41-RNAnuc.txt (42 nt) REC:1000	28	N/A: 0
v3.56	Tue Mar 12 07:39:42 2019	1000	0.524	-x2	CYC: 0 (k=0)	RND:-	i waves/tubespit/tubespit-41-notRNA.txt (42 char) REC:1000	22	N/A: 0
v3.56	Tue Mar 12 07:39:43 2019	1000	0.846	-x2	CYC: 0 (k=0)	RND:-	i waves/tubespit/tubespit-41-protin.txt (312 aa) REC:1000	264	N/A: 0
v3.56	Tue Mar 12 07:39:44 2019	1000	0.400	-x2	CYC: 0 (k=0)	RND:-	i waves/tubespit/tubespit-42-fasta1.txt (140 bp) REC:1000	56	N/A: 0
v3.56	Tue Mar 12 07:39:44 2019	1000	0.846	-x2	CYC: 0 (k=0)	RND:-	i waves/tubespit/tubespit-42-fasta2.txt (312 aa) REC:1000	264	N/A: 0
v3.56	Tue Mar 12 07:39:45 2019	1000	0.559	-x2	CYC: 0 (k=0)	RND:-	i waves/tubespit/tubespit-43-timprf.txt (34 bp) REC:1000	19	N/A: 0
v3.56	Tue Mar 12 07:39:45 2019	1000	0.364	-x2	CYC: 4 (k=3)	RND:-	i waves/tubespit/tubespit-44-tosimp.txt (88 bp) REC:1000	32	N/A: 0
v3.56	Tue Mar 12 07:39:45 2019	1000	0.761	-x2	CYC: 0 (k=0)	RND:-	i waves/tubespit/tubespit-45-cinky1.txt (134 bp) REC:1000	102	N/A: 0
v3.56	Tue Mar 12 07:39:46 2019	1000	0.412	-x2	CYC: 4 (k=3)	RND:-	i waves/tubespit/tubespit-46-cinky2.txt (182 bp) REC:1000	75	N/A: 0
v3.56	Tue Mar 12 07:39:46 2019	1000	0.350	-x2	CYC: 1 (k=2)	RND:-	i waves/tubespit/tubespit-47-cycle6.txt (40 bp) REC:1000	14	N/A: 0
v3.56	Tue Mar 12 07:39:47 2019	1000	0.336	-x2	CYC: 6 (k=3)	RND:-	i waves/tubespit/tubespit-48-tbdslp.txt (122 bp) REC:1000	41	N/A: 0
v3.56	Tue Mar 12 07:39:47 2019	1000	0.438	-x2	CYC: 6 (k=3)	RND:-	i waves/tubespit/tubespit-49-cyctip.txt (800 bp) REC:1000	350	N/A: 0
v3.56	Tue Mar 12 07:39:49 2019	1000	0.499	-x2	CYC: 5 (k=3)	RND:-	i waves/tubespit/tubespit-50-cyctip.txt (800 bp) REC:1000	399	N/A: 0
v3.56	Tue Mar 12 07:39:51 2019	1000	0.340	-x2	CYC: 6 (k=3)	RND:-	i waves/tubespit/tubespit-51-cyctip.txt (800 bp) REC:1000	272	N/A: 0
v3.56	Tue Mar 12 07:39:52 2019	1000	0.415	-x2	CYC: 5 (k=3)	RND:-	i waves/tubespit/tubespit-52-cyctip.txt (800 bp) REC:1000	332	N/A: 0
v3.56	Tue Mar 12 07:39:54 2019	1000	0.423	-x2	CYC: 1 (k=3)	RND:-	i waves/tubespit/tubespit-53-impkhp.txt (800 bp) REC:1000	338	N/A: 0
v3.56	Tue Mar 12 07:39:55 2019	1000	0.371	-x2	CYC: 0 (k=0)	RND:-	i waves/tubespit/tubespit-54-impkhp.txt (800 bp) REC:1000	297	N/A: 0
v3.56	Tue Mar 12 07:39:57 2019	1000	0.466	-x2	CYC: 7 (k=4)	RND:-	i waves/tubespit/tubespit-55-impkhp.txt (800 bp) REC:1000	373	N/A: 0
v3.56	Tue Mar 12 07:39:59 2019	1000	0.409	-x2	CYC: 0 (k=0)	RND:-	i waves/tubespit/tubespit-56-tbslp2.txt (800 bp) REC:1000	327	N/A: 0
v3.56	Tue Mar 12 07:40:01 2019	1000	0.354	-x2	CYC: 0 (k=0)	RND:-	i waves/tubespit/tubespit-57-tbslp2.txt (800 bp) REC:1000	283	N/A: 0
v3.56	Tue Mar 12 07:40:02 2019	1000	0.415	-x2	CYC: 0 (k=0)	RND:-	i waves/tubespit/tubespit-58-tcycle.txt (800 bp) REC:1000	332	N/A: 0
v3.56	Tue Mar 12 07:40:04 2019	1000	0.450	-x2	CYC: 0 (k=0)	RND:-	i waves/tubespit/tubespit-59-tcycle.txt (800 bp) REC:1000	360	N/A: 0
v3.56	Tue Mar 12 07:40:06 2019	1000	0.445	-x2	CYC: 0 (k=0)	RND:-	i waves/tubespit/tubespit-60-tbslp2.txt (800 bp) REC:1000	356	N/A: 0
v3.56	Tue Mar 12 07:40:07 2019	1000	0.389	-x2	CYC: 0 (k=0)	RND:-	i waves/tubespit/tubespit-61-tghost.txt (800 bp) REC:1000	311	N/A: 0
v3.56	Tue Mar 12 07:40:09 2019	1000	0.400	-x2	CYC: 2 (k=3)	RND:-	i waves/tubespit/tubespit-62-tuckup.txt (100 bp) REC:1000	40	N/A: 0
v3.56	Tue Mar 12 07:40:10 2019	1000	0.380	-x2	CYC: 3 (k=3)	RND:-	i waves/tubespit/tubespit-63-cnudge.txt (100 bp) REC:1000	38	N/A: 0
v3.56	Tue Mar 12 07:40:10 2019	1000	0.470	-x2	CYC: 2 (k=3)	RND:-	i waves/tubespit/tubespit-64-sndge0.txt (100 bp) REC:1000	47	N/A: 0
v3.56	Tue Mar 12 07:40:10 2019	1000	0.540	-x2	CYC: 0 (k=0)	RND:-	i waves/tubespit/tubespit-64-sndge1.txt (100 bp) REC:1000	54	N/A: 0
v3.56	Tue Mar 12 07:40:11 2019	1000	0.360	-x2	CYC: 0 (k=0)	RND:-	i waves/tubespit/tubespit-64-sndge2.txt (100 bp) REC:1000	36	N/A: 0
v3.56	Tue Mar 12 07:40:11 2019	1000	0.450	-x2	CYC: 0 (k=0)	RND:-	i waves/tubespit/tubespit-64-sndge3.txt (100 bp) REC:1000	45	N/A: 0
v3.56	Tue Mar 12 07:40:12 2019	1000	0.400	-x2	CYC: 0 (k=0)	RND:-	i waves/tubespit/tubespit-64-sndge4.txt (100 bp) REC:1000	40	N/A: 0
v3.56	Tue Mar 12 07:40:12 2019	1000	0.380	-x2	CYC: 0 (k=0)	RND:-	i waves/tubespit/tubespit-64-sndge5.txt (100 bp) REC:1000	38	N/A: 0
v3.56	Tue Mar 12 07:40:13 2019	1000	0.430	-x2	CYC: 0 (k=0)	RND:-	i waves/tubespit/tubespit-64-sndge6.txt (100 bp) REC:1000	43	N/A: 0
v3.56	Tue Mar 12 07:40:13 2019	1000	0.480	-x2	CYC: 0 (k=0)	RND:-	i waves/tubespit/tubespit-64-sndge7.txt (100 bp) REC:1000	48	N/A: 0
v3.56	Tue Mar 12 07:40:13 2019	1000	0.530	-x2	CYC: 0 (k=0)	RND:-	i waves/tubespit/tubespit-64-sndge8.txt (100 bp) REC:1000	53	N/A: 0
v3.56	Tue Mar 12 07:40:14 2019	1000	0.340	-x2	CYC: 0 (k=0)	RND:-	i waves/tubespit/tubespit-64-sndge9.txt (100 bp) REC:1000	34	N/A: 0
v3.56	Tue Mar 12 07:40:14 2019	1000	0.340	-x2	CYC: 0 (k=0)	RND:-	i waves/tubespit/tubespit-65-consen.txt (100 bp) REC:1000	34	N/A: 0
v3.56	Tue Mar 12 07:40:15 2019	1000	0.230	-x2	CYC: 1 (k=3)	RND:-	i waves/tubespit/tubespit-66-consen.txt (100 bp) REC:1000	23	N/A: 0
v3.56	Tue Mar 12 07:40:15 2019	1000	0.380	-x2	CYC: 0 (k=0)	RND:-	i waves/tubespit/tubespit-67-bslclr.txt (100 bp) REC:1000	38	N/A: 0
v3.56	Tue Mar 12 07:40:15 2019	1000	0.430	-x2	CYC: 0 (k=0)	RND:-	i waves/tubespit/tubespit-68-dRaggd.txt (100 bp) REC:1000	43	N/A: 0
v3.56	Tue Mar 12 07:40:16 2019	1000	0.470	-x2	CYC: 0 (k=0)	RND:-	i waves/tubespit/tubespit-69-ktrans.txt (100 bp) REC:1000	47	N/A: 0
v3.56	Tue Mar 12 07:40:16 2019	1000	0.420	-x2	CYC: 0 (k=0)	RND:-	i waves/tubespit/tubespit-70-ktrans.txt (100 bp) REC:1000	42	N/A: 0
v3.56	Tue Mar 12 07:40:17 2019	1000	0.390	-x2	CYC: 0 (k=0)	RND:-	i waves/tubespit/tubespit-71-ktrans.txt (100 bp) REC:1000	39	N/A: 0
v3.56	Tue Mar 12 07:40:17 2019	1000	0.340	-x2	CYC: 0 (k=0)	RND:-	i waves/tubespit/tubespit-72-ktrans.txt (100 bp) REC:1000	34	N/A: 0
v3.56	Tue Mar 12 07:40:18 2019	1000	0.430	-x2	CYC: 0 (k=0)	RND:-	i waves/tubespit/tubespit-73-ktrans.txt (100 bp) REC:1000	43	N/A: 0
v3.56	Tue Mar 12 07:40:18 2019	1000	0.460	-x2	CYC: 0 (k=0)	RND:-	i waves/tubespit/tubespit-74-ktrans.txt (100 bp) REC:1000	46	N/A: 0
v3.56	Tue Mar 12 07:40:18 2019	1000	0.370	-x2	CYC: 0 (k=0)	RND:-	i waves/tubespit/tubespit-75-ktrans.txt (100 bp) REC:1000	37	N/A: 0
v3.56	Tue Mar 12 07:40:19 2019	1000	0.390	-x2	CYC: 1 (k=3)	RND:-	i waves/tubespit/tubespit-76-ktrans.txt (100 bp) REC:1000	39	N/A: 0
v3.56	Tue Mar 12 07:40:19 2019	1000	0.490	-x2	CYC: 0 (k=0)	RND:-	i waves/tubespit/tubespit-77-ktrans.txt (100 bp) REC:1000	49	N/A: 0
v3.56	Tue Mar 12 07:40:20 2019	1000	0.420	-x2	CYC: 0 (k=0)	RND:-	i waves/tubespit/tubespit-78-ktrans.txt (100 bp) REC:1000	42	N/A: 0
v3.56	Tue Mar 12 07:40:20 2019	1000	0.500	-x2	CYC: 0 (k=0)	RND:-	i waves/tubespit/tubespit-79-kcheck.txt (100 bp) REC:1000	50	N/A: 0
v3.56	Tue Mar 12 07:40:20 2019	1000	0.410	-x2	CYC: 0 (k=0)	RND:-	i waves/tubespit/tubespit-80-kcheck.txt (100 bp) REC:1000	41	N/A: 0
v3.56	Tue Mar 12 07:40:21 2019	1000	0.380	-x2	CYC: 0 (k=0)	RND:-	i waves/tubespit/tubespit-81-kcheck.txt (100 bp) REC:1000	38	N/A: 0
v3.56	Tue Mar 12 07:40:21 2019	1000	0.540	-x2	CYC: 0 (k=0)	RND:-	i waves/tubespit/tubespit-82-kcheck.txt (100 bp) REC:1000	54	N/A: 0
v3.56	Tue Mar 12 07:40:22 2019	1000	0.420	-x2	CYC: 0 (k=0)	RND:-	i waves/tubespit/tubespit-83-shadow.txt (100 bp) REC:1000	42	N/A: 0
v3.56	Tue Mar 12 07:40:22 2019	1000	0.490	-x2	CYC: 0 (k=0)	RND:-	i waves/tubespit/tubespit-84-shadow.txt (100 bp) REC:1000	49	N/A: 0
v3.56	Tue Mar 12 07:40:23 2019	1000	0.430	-x2	CYC: 0 (k=0)	RND:-	i waves/tubespit/tubespit-85-adjDTH.txt (100 bp) REC:1000	43	N/A: 0
v3.56	Tue Mar 12 07:40:23 2019	1000	0.430	-x2	CYC: 0 (k=0)	RND:-	i waves/tubespit/tubespit-86-adjDTH.txt (100 bp) REC:1000	43	N/A: 0
v3.56	Tue Mar 12 07:40:23 2019	1000	0.440	-x2	CYC: 0 (k=0)	RND:-	i waves/tubespit/tubespit-87-adjDTH.txt (100 bp) REC:1000	44	N/A: 0
v3.56	Tue Mar 12 07:40:24 2019	1000	0.330	-x2	CYC: 2 (k=3)	RND:-	i waves/tubespit/tubespit_v343_14.txt (100 bp) REC:1000	33	N/A: 0
v3.56	Tue Mar 12 07:40:24 2019	1000	0.420	-x2	CYC: 0 (k=0)	RND:-	i waves/tubespit/tubespit_v343_19.txt (100 bp) REC:1000	42	N/A: 0
v3.56	Tue Mar 12 07:40:25 2019	1000	0.430	-x2	CYC: 0 (k=0)	RND:-	i waves/tubespit/tubespit_v344_03.txt (100 bp) REC:1000	43	N/A: 0
v3.56	Tue Mar 12 07:40:25 2019	1000	0.340	-x2	CYC: 0 (k=0)	RND:-	i waves/tubespit/tubespit_v344_05.txt (100 bp) REC:1000	34	N/A: 0
v3.56	Tue Mar 12 07:40:26 2019	1000	0.500	-x2	CYC: 0 (k=0)	RND:-	i waves/tubespit/tubespit_v344_06.txt (100 bp) REC:1000	50	N/A: 0
v3.56	Tue Mar 12 07:40:26 2019	1000	0.450	-x2	CYC: 0 (k=0)	RND:-	i waves/tubespit/tubespit_v344_11.txt (100 bp) REC:1000	45	N/A: 0
v3.56	Tue Mar 12 07:40:26 2019	1000	0.320	-x2	CYC: 0 (k=0)	RND:-	i waves/tubespit/tubespit_v344_14.txt (100 bp) REC:1000	32	N/A: 0
v3.56	Tue Mar 12 07:40:27 2019	1000	0.390	-x2	CYC: 0 (k=0)	RND:-	i waves/tubespit/tubespit_v344_15.txt (100 bp) REC:1000	39	N/A: 0
v3.56	Tue Mar 12 07:40:27 2019	1000	0.440	-x2	CYC: 0 (k=0)	RND:-	i waves/tubespit/tubespit_v344_19.txt (100 bp) REC:1000	44	N/A: 0
v3.56	Tue Mar 12 07:40:28 2019	1000	0.430	-x2	CYC: 0 (k=0)	RND:-	i waves/tubespit/tubespit_v344_20.txt (100 bp) REC:1000	43	N/A: 0
v3.56	Tue Mar 12 07:40:28 2019	1000	0.280	-x2	CYC: 0 (k=0)	RND:-	i waves/tubespit/tubespit_v344_21.txt (100 bp) REC:1000	28	N/A: 0
v3.56	Tue Mar 12 07:40:28 2019	1000	0.520	-x2	CYC: 0 (k=0)	RND:-	i waves/tubespit/tubespit_v344_31.txt (100 bp) REC:1000	52	N/A: 0
v3.56	Tue Mar 12 07:40:29 2019	1000	0.450	-x2	CYC: 0 (k=0)	RND:-	i waves/tubespit/tubespit_v344_32.txt (100 bp) REC:1000	45	N/A: 0
v3.56	Tue Mar 12 07:40:29 2019	1000	0.410	-x2	CYC: 0 (k=0)	RND:-	i waves/tubespit/tubespit_v344_35.txt (100 bp) REC:1000	41	N/A: 0
v3.56	Tue Mar 12 07:40:30 2019	1000	0.520	-x2	CYC: 0 (k=0)	RND:-	i waves/tubespit/tubespit_v344_36.txt (100 bp) REC:1000	52	N/A: 0
v3.56	Tue Mar 12 07:40:30 2019	1000	0.580	-x2	CYC: 0 (k=0)	RND:-	i waves/chowder/chowder_v327_52.txt (100 bp) REC:1000	58	N/A: 0
v3.56	Tue Mar 12 07:40:30 2019	1000	0.430	-x2	CYC: 0 (k=0)	RND:-	i waves/chowder/chowder_v343_01.txt (100 bp) REC:1000	43	N/A: 0
v3.56	Tue Mar 12 07:40:31 2019	1000	0.570	-x2	CYC: 0 (k=0)	RND:-	i waves/chowder/chowder_v343_02.txt (100 bp) REC:1000	57	N/A: 0
v3.56	Tue Mar 12 07:40:31 2019	1000	0.340	-x2	CYC: 0 (k=0)	RND:-	i waves/chowder/chowder_v343_03.txt (100 bp) REC:1000	34	N/A: 0
v3.56	Tue Mar 12 07:40:32 2019	1000	0.380	-x2	CYC: 0 (k=0)	RND:-	i waves/chowder/chowder_v343_04.txt (100 bp) REC:1000	38	N/A: 0
v3.56	Tue Mar 12 07:40:32 2019	 959	0.490	-x2	CYC: 1 (k=3)	RND:-	i waves/chowder/chowder_v343_05.txt (100 bp) REC: 290	49	N/A: 0
v3.56	Tue Mar 12 07:40:33 2019	1000	0.470	-x2	CYC: 0 (k=0)	RND:-	i waves/chowder/chowder_v343_06.txt (100 bp) REC:1000	47	N/A: 0
v3.56	Tue Mar 12 07:40:33 2019	1000	0.410	-x2	CYC: 0 (k=0)	RND:-	i waves/chowder/chowder_v343_07.txt (100 bp) REC:1000	41	N/A: 0
v3.56	Tue Mar 12 07:40:33 2019	 857	0.350	-x2	CYC: 1 (k=3)	RND:-	i waves/chowder/chowder_v343_08.txt (100 bp) REC: 310	35	N/A: 0
v3.56	Tue Mar 12 07:40:34 2019	1000	0.290	-x2	CYC: 1 (k=3)	RND:-	i waves/chowder/chowder_v343_09.txt (100 bp) REC:1000	29	N/A: 0
v3.56	Tue Mar 12 07:40:34 2019	 923	0.260	-x2	CYC: 0 (k=0)	RND:-	i waves/chowder/chowder_v343_10.txt (100 bp) REC: 430	26	N/A: 0
v3.56	Tue Mar 12 07:40:35 2019	 935	0.310	-x2	CYC: 0 (k=0)	RND:-	i waves/chowder/chowder_v343_11.txt (100 bp) REC: 370	31	N/A: 0
v3.56	Tue Mar 12 07:40:35 2019	1000	0.490	-x2	CYC: 0 (k=0)	RND:-	i waves/chowder/chowder_v343_12.txt (100 bp) REC:1000	49	N/A: 0
v3.56	Tue Mar 12 07:40:36 2019	1000	0.380	-x2	CYC: 0 (k=0)	RND:-	i waves/chowder/chowder_v343_13.txt (100 bp) REC:1000	38	N/A: 0
v3.56	Tue Mar 12 07:40:36 2019	1000	0.370	-x2	CYC: 0 (k=0)	RND:-	i waves/chowder/chowder_v343_17.txt (100 bp) REC:1000	37	N/A: 0
v3.56	Tue Mar 12 07:40:36 2019	1000	0.520	-x2	CYC: 0 (k=0)	RND:-	i waves/chowder/chowder_v343_18.txt (100 bp) REC:1000	52	N/A: 0
v3.56	Tue Mar 12 07:40:37 2019	 961	0.520	-x2	CYC: 1 (k=3)	RND:-	i waves/chowder/chowder_v343_20.txt (100 bp) REC: 290	52	N/A: 0
v3.56	Tue Mar 12 07:40:37 2019	 962	0.530	-x2	CYC: 1 (k=3)	RND:-	i waves/chowder/chowder_v343_21.txt (100 bp) REC: 260	53	N/A: 0
v3.56	Tue Mar 12 07:40:38 2019	1000	0.500	-x2	CYC: 0 (k=0)	RND:-	i waves/chowder/chowder_v343_22.txt (100 bp) REC:1000	50	N/A: 0
v3.56	Tue Mar 12 07:40:38 2019	1000	0.480	-x2	CYC: 0 (k=0)	RND:-	i waves/chowder/chowder_v343_23.txt (100 bp) REC:1000	48	N/A: 0
v3.56	Tue Mar 12 07:40:39 2019	1000	0.360	-x2	CYC: 0 (k=0)	RND:-	i waves/chowder/chowder_v343_24.txt (100 bp) REC:1000	36	N/A: 0
v3.56	Tue Mar 12 07:40:39 2019	1000	0.360	-x2	CYC: 0 (k=0)	RND:-	i waves/chowder/chowder_v343_25.txt (100 bp) REC:1000	36	N/A: 0
v3.56	Tue Mar 12 07:40:39 2019	1000	0.430	-x2	CYC: 0 (k=0)	RND:-	i waves/chowder/chowder_v344_01.txt (100 bp) REC:1000	43	N/A: 0
v3.56	Tue Mar 12 07:40:40 2019	1000	0.510	-x2	CYC: 0 (k=0)	RND:-	i waves/chowder/chowder_v344_02.txt (100 bp) REC:1000	51	N/A: 0
v3.56	Tue Mar 12 07:40:40 2019	 977	0.450	-x2	CYC: 0 (k=0)	RND:-	i waves/chowder/chowder_v344_04.txt (100 bp) REC: 270	45	N/A: 0
v3.56	Tue Mar 12 07:40:41 2019	1000	0.400	-x2	CYC: 0 (k=0)	RND:-	i waves/chowder/chowder_v344_07.txt (100 bp) REC:1000	40	N/A: 0
v3.56	Tue Mar 12 07:40:41 2019	1000	0.470	-x2	CYC: 0 (k=0)	RND:-	i waves/chowder/chowder_v344_08.txt (100 bp) REC:1000	47	N/A: 0
v3.56	Tue Mar 12 07:40:42 2019	1000	0.390	-x2	CYC: 0 (k=0)	RND:-	i waves/chowder/chowder_v344_09.txt (100 bp) REC:1000	39	N/A: 0
v3.56	Tue Mar 12 07:40:42 2019	1000	0.500	-x2	CYC: 0 (k=0)	RND:-	i waves/chowder/chowder_v344_10.txt (100 bp) REC:1000	50	N/A: 0
v3.56	Tue Mar 12 07:40:42 2019	1000	0.490	-x2	CYC: 0 (k=0)	RND:-	i waves/chowder/chowder_v344_12.txt (100 bp) REC:1000	49	N/A: 0
v3.56	Tue Mar 12 07:40:43 2019	1000	0.430	-x2	CYC: 0 (k=0)	RND:-	i waves/chowder/chowder_v344_13.txt (100 bp) REC:1000	43	N/A: 0
v3.56	Tue Mar 12 07:40:43 2019	 935	0.310	-x2	CYC: 1 (k=3)	RND:-	i waves/chowder/chowder_v344_16.txt (100 bp) REC: 280	31	N/A: 0
v3.56	Tue Mar 12 07:40:44 2019	1000	0.520	-x2	CYC: 0 (k=0)	RND:-	i waves/chowder/chowder_v344_17.txt (100 bp) REC:1000	52	N/A: 0
v3.56	Tue Mar 12 07:40:44 2019	 861	0.360	-x2	CYC: 1 (k=3)	RND:-	i waves/chowder/chowder_v344_18.txt (100 bp) REC: 320	36	N/A: 0
v3.56	Tue Mar 12 07:40:45 2019	1000	0.340	-x2	CYC: 0 (k=0)	RND:-	i waves/chowder/chowder_v344_22.txt (100 bp) REC:1000	34	N/A: 0
v3.56	Tue Mar 12 07:40:45 2019	 976	0.430	-x2	CYC: 1 (k=2)	RND:-	i waves/chowder/chowder_v344_23.txt (100 bp) REC: 770	43	N/A: 0
v3.56	Tue Mar 12 07:40:45 2019	1000	0.490	-x2	CYC: 0 (k=0)	RND:-	i waves/chowder/chowder_v344_24.txt (100 bp) REC:1000	49	N/A: 0
v3.56	Tue Mar 12 07:40:46 2019	1000	0.350	-x2	CYC: 0 (k=0)	RND:-	i waves/chowder/chowder_v344_25.txt (100 bp) REC:1000	35	N/A: 0
v3.56	Tue Mar 12 07:40:46 2019	 912	0.570	-x2	CYC: 1 (k=3)	RND:-	i waves/chowder/chowder_v344_26.txt (100 bp) REC: 320	57	N/A: 0
v3.56	Tue Mar 12 07:40:47 2019	1000	0.390	-x2	CYC: 0 (k=0)	RND:-	i waves/chowder/chowder_v344_27.txt (100 bp) REC:1000	39	N/A: 0
v3.56	Tue Mar 12 07:40:47 2019	1000	0.380	-x2	CYC: 0 (k=0)	RND:-	i waves/chowder/chowder_v344_28.txt (100 bp) REC:1000	38	N/A: 0
v3.56	Tue Mar 12 07:40:47 2019	1000	0.430	-x2	CYC: 0 (k=0)	RND:-	i waves/chowder/chowder_v344_29.txt (100 bp) REC:1000	43	N/A: 0
v3.56	Tue Mar 12 07:40:48 2019	1000	0.410	-x2	CYC: 0 (k=0)	RND:-	i waves/chowder/chowder_v344_30.txt (100 bp) REC:1000	41	N/A: 0
v3.56	Tue Mar 12 07:40:48 2019	1000	0.420	-x2	CYC: 1 (k=3)	RND:-	i waves/chowder/chowder_v344_33.txt (100 bp) REC:1000	42	N/A: 0
v3.56	Tue Mar 12 07:40:49 2019	1000	0.490	-x2	CYC: 0 (k=0)	RND:-	i waves/chowder/chowder_v344_34.txt (100 bp) REC:1000	49	N/A: 0
v3.56	Tue Mar 12 07:40:49 2019	1000	0.356	-x3	CYC: 0 (k=0)	RND:-	a example sequence (87 char) REC:1000	31	N/A: 0
v3.56	Tue Mar 12 07:40:50 2019	1000	0.250	-x3	CYC: 0 (k=0)	RND:-	b example sequence (84 char) REC:1000	21	N/A: 0
v3.56	Tue Mar 12 07:40:50 2019	1000	0.235	-x3	CYC: 0 (k=0)	RND:-	c example sequence (102 char) REC:1000	24	N/A: 0
v3.56	Tue Mar 12 07:40:50 2019	1000	0.455	-x3	CYC: 0 (k=0)	RND:-	d example sequence (121 char) REC:1000	55	N/A: 0
v3.56	Tue Mar 12 07:40:51 2019	1000	0.446	-x3	CYC: 0 (k=0)	RND:-	e example sequence (139 char) REC:1000	62	N/A: 0
v3.56	Tue Mar 12 07:40:51 2019	1000	0.269	-x3	CYC: 0 (k=0)	RND:-	f example sequence (156 char) REC:1000	42	N/A: 0
v3.56	Tue Mar 12 07:40:51 2019	1000	0.533	-x3	CYC: 0 (k=0)	RND:-	g example sequence (45 char) REC:1000	24	N/A: 0
v3.56	Tue Mar 12 07:40:52 2019	1000	0.507	-x3	CYC: 1 (k=2)	RND:-	h example sequence (69 bp) REC:1000	35	N/A: 0
v3.56	Tue Mar 12 07:40:52 2019	1000	0.424	-x3	CYC: 0 (k=0)	RND:-	i waves/animals/seal_vnd_ex3_Dmela.txt (956 bp) REC:1000	405	N/A: 0
v3.56	Tue Mar 12 07:40:54 2019	1000	0.406	-x3	CYC: 0 (k=0)	RND:-	i waves/animals/seal_vnd_ex3_Dmaur.txt (956 bp) REC:1000	388	N/A: 0
v3.56	Tue Mar 12 07:40:57 2019	1000	0.418	-x3	CYC: 0 (k=0)	RND:-	i waves/animals/seal_vnd_ex3_Dsech.txt (956 bp) REC:1000	400	N/A: 0
v3.56	Tue Mar 12 07:40:59 2019	1000	0.416	-x3	CYC: 0 (k=0)	RND:-	i waves/animals/seal_vnd_ex3_Dsimu.txt (956 bp) REC:1000	398	N/A: 0
v3.56	Tue Mar 12 07:41:01 2019	1000	0.410	-x3	CYC: 0 (k=0)	RND:-	i waves/animals/seal_vnd_ex3_Derec.txt (962 bp) REC:1000	394	N/A: 0
v3.56	Tue Mar 12 07:41:03 2019	1000	0.386	-x3	CYC: 3 (k=3)	RND:-	i waves/animals/seal_vnd_ex3_Dsant.txt (959 bp) REC:1000	370	N/A: 0
v3.56	Tue Mar 12 07:41:06 2019	1000	0.393	-x3	CYC: 3 (k=3)	RND:-	i waves/animals/seal_vnd_ex3_Dyaku.txt (957 bp) REC:1000	376	N/A: 0
v3.56	Tue Mar 12 07:41:08 2019	1000	0.391	-x3	CYC: 6 (k=3)	RND:-	i waves/animals/seal_vnd_ex3_Dbiar.txt (974 bp) REC:1000	381	N/A: 0
v3.56	Tue Mar 12 07:41:10 2019	1000	0.380	-x3	CYC: 4 (k=3)	RND:-	i waves/animals/seal_vnd_ex3_Dsuzu.txt (980 bp) REC:1000	372	N/A: 0
v3.56	Tue Mar 12 07:41:13 2019	1000	0.394	-x3	CYC: 6 (k=3)	RND:-	i waves/animals/seal_vnd_ex3_Danan.txt (962 bp) REC:1000	379	N/A: 0
v3.56	Tue Mar 12 07:41:15 2019	1000	0.396	-x3	CYC: 0 (k=0)	RND:-	i waves/animals/seal_vnd_ex3_Dbipe.txt (950 bp) REC:1000	376	N/A: 0
v3.56	Tue Mar 12 07:41:17 2019	1000	0.446	-x3	CYC: 5 (k=3)	RND:-	i waves/animals/shark_vnd_NEE_Dmela.txt (1008 bp) REC:1000	450	N/A: 0
v3.56	Tue Mar 12 07:41:19 2019	1000	0.461	-x3	CYC: 5 (k=3)	RND:-	i waves/animals/shark_vnd_NEE_Dmaur.txt (1006 bp) REC:1000	464	N/A: 0
v3.56	Tue Mar 12 07:41:22 2019	1000	0.454	-x3	CYC: 5 (k=3)	RND:-	i waves/animals/shark_vnd_NEE_Dsech.txt (1002 bp) REC:1000	455	N/A: 0
v3.56	Tue Mar 12 07:41:24 2019	1000	0.454	-x3	CYC: 5 (k=3)	RND:-	i waves/animals/shark_vnd_NEE_Dsimu.txt (1007 bp) REC:1000	457	N/A: 0
v3.56	Tue Mar 12 07:41:26 2019	1000	0.439	-x3	CYC: 0 (k=0)	RND:-	i waves/animals/shark_vnd_NEE_Derec.txt (1005 bp) REC:1000	441	N/A: 0
v3.56	Tue Mar 12 07:41:28 2019	1000	0.422	-x3	CYC:16 (k=3)	RND:-	i waves/animals/shark_vnd_NEE_Dsant.txt (1093 bp) REC:1000	461	N/A: 0
v3.56	Tue Mar 12 07:41:31 2019	1000	0.424	-x3	CYC: 5 (k=3)	RND:-	i waves/animals/shark_vnd_NEE_Dyaku.txt (1063 bp) REC:1000	451	N/A: 0
v3.56	Tue Mar 12 07:41:33 2019	1000	0.437	-x3	CYC: 0 (k=0)	RND:-	i waves/animals/shark_vnd_NEE_Dbiar.txt (1063 bp) REC:1000	464	N/A: 0
v3.56	Tue Mar 12 07:41:36 2019	1000	0.436	-x3	CYC: 0 (k=0)	RND:-	i waves/animals/shark_vnd_NEE_Dsuzu.txt (1064 bp) REC:1000	464	N/A: 0
v3.56	Tue Mar 12 07:41:38 2019	1000	0.394	-x3	CYC: 0 (k=0)	RND:-	i waves/animals/shark_nab_DWME_Dmela.txt (764 bp) REC:1000	301	N/A: 0
v3.56	Tue Mar 12 07:41:40 2019	1000	0.444	-x3	CYC: 4 (k=3)	RND:-	i waves/tubespit/tubespit-01-toslip.txt (72 bp) REC:1000	32	N/A: 0
v3.56	Tue Mar 12 07:41:40 2019	1000	0.364	-x3	CYC: 3 (k=3)	RND:-	i waves/tubespit/tubespit-02-toslip.txt (66 bp) REC:1000	24	N/A: 0
v3.56	Tue Mar 12 07:41:41 2019	1000	0.574	-x3	CYC: 0 (k=0)	RND:-	i waves/tubespit/tubespit-03-tosSt1.txt (61 bp) REC:1000	35	N/A: 0
v3.56	Tue Mar 12 07:41:41 2019	1000	0.451	-x3	CYC: 4 (k=3)	RND:-	i waves/tubespit/tubespit-04-tos-ct.txt (71 bp) REC:1000	32	N/A: 0
v3.56	Tue Mar 12 07:41:42 2019	1000	0.516	-x3	CYC: 0 (k=0)	RND:-	i waves/tubespit/tubespit-05-koshp1.txt (62 bp) REC:1000	32	N/A: 0
v3.56	Tue Mar 12 07:41:42 2019	1000	0.428	-x3	CYC: 2 (k=3)	RND:-	i waves/tubespit/tubespit-06-koslip.txt (138 bp) REC:1000	59	N/A: 0
v3.56	Tue Mar 12 07:41:43 2019	1000	0.512	-x3	CYC: 5 (k=3)	RND:-	i waves/tubespit/tubespit-07-koslip.txt (84 bp) REC:1000	43	N/A: 0
v3.56	Tue Mar 12 07:41:43 2019	1000	0.370	-x3	CYC: 0 (k=0)	RND:-	i waves/tubespit/tubespit-08-koslp2.txt (81 bp) REC:1000	30	N/A: 0
v3.56	Tue Mar 12 07:41:43 2019	1000	0.477	-x3	CYC: 0 (k=0)	RND:-	i waves/tubespit/tubespit-09-koslp3.txt (65 bp) REC:1000	31	N/A: 0
v3.56	Tue Mar 12 07:41:44 2019	1000	0.425	-x3	CYC: 1 (k=2)	RND:-	i waves/tubespit/tubespit-10-cycle1.txt (106 bp) REC:1000	45	N/A: 0
v3.56	Tue Mar 12 07:41:44 2019	1000	0.428	-x3	CYC: 1 (k=2)	RND:-	i waves/tubespit/tubespit-11-cycle1.txt (159 bp) REC:1000	68	N/A: 0
v3.56	Tue Mar 12 07:41:45 2019	1000	0.400	-x3	CYC: 1 (k=2)	RND:-	i waves/tubespit/tubespit-12-cycle1.txt (55 bp) REC:1000	22	N/A: 0
v3.56	Tue Mar 12 07:41:45 2019	1000	0.415	-x3	CYC: 2 (k=4)	RND:-	i waves/tubespit/tubespit-13-cycle2.txt (123 bp) REC:1000	51	N/A: 0
v3.56	Tue Mar 12 07:41:46 2019	1000	0.493	-x3	CYC: 1 (k=2)	RND:-	i waves/tubespit/tubespit-14-cycle3.txt (138 bp) REC:1000	68	N/A: 0
v3.56	Tue Mar 12 07:41:46 2019	1000	0.516	-x3	CYC: 3 (k=2)	RND:-	i waves/tubespit/tubespit-15-cycle4.txt (157 bp) REC:1000	81	N/A: 0
v3.56	Tue Mar 12 07:41:47 2019	1000	0.279	-x3	CYC: 3 (k=3)	RND:-	i waves/tubespit/tubespit-16-cyc3_a.txt (68 bp) REC:1000	19	N/A: 0
v3.56	Tue Mar 12 07:41:47 2019	1000	0.538	-x3	CYC: 0 (k=0)	RND:-	i waves/tubespit/tubespit-17-cycle5.txt (39 bp) REC:1000	21	N/A: 0
v3.56	Tue Mar 12 07:41:47 2019	1000	0.486	-x3	CYC: 0 (k=0)	RND:-	i waves/tubespit/tubespit-18-koshp2.txt (74 bp) REC:1000	36	N/A: 0
v3.56	Tue Mar 12 07:41:48 2019	1000	0.426	-x3	CYC: 0 (k=0)	RND:-	i waves/tubespit/tubespit-19-koslp4.txt (68 bp) REC:1000	29	N/A: 0
v3.56	Tue Mar 12 07:41:48 2019	1000	0.416	-x3	CYC: 3 (k=3)	RND:-	i waves/tubespit/tubespit-20-cyc3_b.txt (77 bp) REC:1000	32	N/A: 0
v3.56	Tue Mar 12 07:41:49 2019	1000	0.284	-x3	CYC: 3 (k=3)	RND:-	i waves/tubespit/tubespit-21-cyc3_c.txt (95 bp) REC:1000	27	N/A: 0
v3.56	Tue Mar 12 07:41:49 2019	1000	0.538	-x3	CYC: 1 (k=2)	RND:-	i waves/tubespit/tubespit-22-tosSt2.txt (65 bp) REC:1000	35	N/A: 0
v3.56	Tue Mar 12 07:41:49 2019	1000	0.500	-x3	CYC: 1 (k=2)	RND:-	i waves/tubespit/tubespit-23-tosSt2.txt (84 bp) REC:1000	42	N/A: 0
v3.56	Tue Mar 12 07:41:50 2019	1000	0.380	-x3	CYC: 1 (k=2)	RND:-	i waves/tubespit/tubespit-24-tosSt2.txt (100 bp) REC:1000	38	N/A: 0
v3.56	Tue Mar 12 07:41:50 2019	1000	0.364	-x3	CYC: 3 (k=3)	RND:-	i waves/tubespit/tubespit-25-tosSt2.txt (195 bp) REC:1000	71	N/A: 0
v3.56	Tue Mar 12 07:41:51 2019	1000	0.357	-x3	CYC: 1 (k=3)	RND:-	i waves/tubespit/tubespit-26-tosSt2.txt (400 bp) REC:1000	143	N/A: 0
v3.56	Tue Mar 12 07:41:52 2019	1000	0.425	-x3	CYC: 1 (k=2)	RND:-	i waves/tubespit/tubespit-27-cycleX.txt (400 bp) REC:1000	170	N/A: 0
v3.56	Tue Mar 12 07:41:53 2019	1000	0.308	-x3	CYC: 4 (k=3)	RND:-	i waves/tubespit/tubespit-28-scrtch.txt (52 bp) REC:1000	16	N/A: 0
v3.56	Tue Mar 12 07:41:53 2019	1000	0.386	-x3	CYC: 4 (k=3)	RND:-	i waves/tubespit/tubespit-29-toslp2.txt (57 bp) REC:1000	22	N/A: 0
v3.56	Tue Mar 12 07:41:54 2019	1000	0.446	-x3	CYC: 1 (k=3)	RND:-	i waves/tubespit/tubespit-30-toslp2.txt (56 bp) REC:1000	25	N/A: 0
v3.56	Tue Mar 12 07:41:54 2019	 888	0.243	-x3	CYC: 0 (k=0)	RND:-	i waves/tubespit/tubespit-31-t0edge.txt (37 bp) REC: 378	9	N/A: 0
v3.56	Tue Mar 12 07:41:54 2019	1000	0.423	-x3	CYC: 2 (k=2)	RND:-	i waves/tubespit/tubespit-32-combo1.txt (265 bp) REC:1000	112	N/A: 0
v3.56	Tue Mar 12 07:41:55 2019	1000	0.576	-x3	CYC: 0 (k=0)	RND:-	i waves/tubespit/tubespit-33-imprf1.txt (66 bp) REC:1000	38	N/A: 0
v3.56	Tue Mar 12 07:41:55 2019	1000	0.582	-x3	CYC: 0 (k=0)	RND:-	i waves/tubespit/tubespit-34-imprf2.txt (67 bp) REC:1000	39	N/A: 0
v3.56	Tue Mar 12 07:41:56 2019	1000	0.603	-x3	CYC: 0 (k=0)	RND:-	i waves/tubespit/tubespit-35-imprf3.txt (58 bp) REC:1000	35	N/A: 0
v3.56	Tue Mar 12 07:41:56 2019	1000	0.530	-x3	CYC: 0 (k=0)	RND:-	i waves/tubespit/tubespit-36-imprf4.txt (83 bp) REC:1000	44	N/A: 0
v3.56	Tue Mar 12 07:41:56 2019	1000	0.473	-x3	CYC: 0 (k=0)	RND:-	i waves/tubespit/tubespit-37-imprfk.txt (93 bp) REC:1000	44	N/A: 0
v3.56	Tue Mar 12 07:41:57 2019	1000	0.456	-x3	CYC: 0 (k=0)	RND:-	i waves/tubespit/tubespit-38-imprft.txt (103 bp) REC:1000	47	N/A: 0
v3.56	Tue Mar 12 07:41:57 2019	1000	0.441	-x3	CYC: 5 (k=3)	RND:-	i waves/tubespit/tubespit-39-imprfk.txt (118 bp) REC:1000	52	N/A: 0
v3.56	Tue Mar 12 07:41:58 2019	1000	0.404	-x3	CYC: 0 (k=0)	RND:-	i waves/tubespit/tubespit-40-imprfk.txt (104 bp) REC:1000	42	N/A: 0
v3.56	Tue Mar 12 07:41:58 2019	1000	0.667	-x3	CYC: 0 (k=0)	RND:-	i waves/tubespit/tubespit-41-RNAnuc.txt (42 nt) REC:1000	28	N/A: 0
v3.56	Tue Mar 12 07:41:59 2019	1000	0.524	-x3	CYC: 0 (k=0)	RND:-	i waves/tubespit/tubespit-41-notRNA.txt (42 char) REC:1000	22	N/A: 0
v3.56	Tue Mar 12 07:41:59 2019	1000	0.846	-x3	CYC: 0 (k=0)	RND:-	i waves/tubespit/tubespit-41-protin.txt (312 aa) REC:1000	264	N/A: 0
v3.56	Tue Mar 12 07:42:00 2019	1000	0.400	-x3	CYC: 0 (k=0)	RND:-	i waves/tubespit/tubespit-42-fasta1.txt (140 bp) REC:1000	56	N/A: 0
v3.56	Tue Mar 12 07:42:00 2019	1000	0.846	-x3	CYC: 0 (k=0)	RND:-	i waves/tubespit/tubespit-42-fasta2.txt (312 aa) REC:1000	264	N/A: 0
v3.56	Tue Mar 12 07:42:01 2019	1000	0.559	-x3	CYC: 0 (k=0)	RND:-	i waves/tubespit/tubespit-43-timprf.txt (34 bp) REC:1000	19	N/A: 0
v3.56	Tue Mar 12 07:42:01 2019	1000	0.364	-x3	CYC: 4 (k=3)	RND:-	i waves/tubespit/tubespit-44-tosimp.txt (88 bp) REC:1000	32	N/A: 0
v3.56	Tue Mar 12 07:42:02 2019	1000	0.761	-x3	CYC: 0 (k=0)	RND:-	i waves/tubespit/tubespit-45-cinky1.txt (134 bp) REC:1000	102	N/A: 0
v3.56	Tue Mar 12 07:42:02 2019	1000	0.412	-x3	CYC: 4 (k=3)	RND:-	i waves/tubespit/tubespit-46-cinky2.txt (182 bp) REC:1000	75	N/A: 0
v3.56	Tue Mar 12 07:42:03 2019	1000	0.350	-x3	CYC: 1 (k=2)	RND:-	i waves/tubespit/tubespit-47-cycle6.txt (40 bp) REC:1000	14	N/A: 0
v3.56	Tue Mar 12 07:42:03 2019	1000	0.336	-x3	CYC: 6 (k=3)	RND:-	i waves/tubespit/tubespit-48-tbdslp.txt (122 bp) REC:1000	41	N/A: 0
v3.56	Tue Mar 12 07:42:03 2019	1000	0.438	-x3	CYC: 6 (k=3)	RND:-	i waves/tubespit/tubespit-49-cyctip.txt (800 bp) REC:1000	350	N/A: 0
v3.56	Tue Mar 12 07:42:05 2019	1000	0.499	-x3	CYC: 5 (k=3)	RND:-	i waves/tubespit/tubespit-50-cyctip.txt (800 bp) REC:1000	399	N/A: 0
v3.56	Tue Mar 12 07:42:07 2019	1000	0.340	-x3	CYC: 6 (k=3)	RND:-	i waves/tubespit/tubespit-51-cyctip.txt (800 bp) REC:1000	272	N/A: 0
v3.56	Tue Mar 12 07:42:08 2019	1000	0.415	-x3	CYC: 5 (k=3)	RND:-	i waves/tubespit/tubespit-52-cyctip.txt (800 bp) REC:1000	332	N/A: 0
v3.56	Tue Mar 12 07:42:10 2019	1000	0.423	-x3	CYC: 1 (k=3)	RND:-	i waves/tubespit/tubespit-53-impkhp.txt (800 bp) REC:1000	338	N/A: 0
v3.56	Tue Mar 12 07:42:12 2019	1000	0.371	-x3	CYC: 0 (k=0)	RND:-	i waves/tubespit/tubespit-54-impkhp.txt (800 bp) REC:1000	297	N/A: 0
v3.56	Tue Mar 12 07:42:13 2019	1000	0.466	-x3	CYC: 7 (k=4)	RND:-	i waves/tubespit/tubespit-55-impkhp.txt (800 bp) REC:1000	373	N/A: 0
v3.56	Tue Mar 12 07:42:15 2019	1000	0.409	-x3	CYC: 0 (k=0)	RND:-	i waves/tubespit/tubespit-56-tbslp2.txt (800 bp) REC:1000	327	N/A: 0
v3.56	Tue Mar 12 07:42:17 2019	1000	0.354	-x3	CYC: 0 (k=0)	RND:-	i waves/tubespit/tubespit-57-tbslp2.txt (800 bp) REC:1000	283	N/A: 0
v3.56	Tue Mar 12 07:42:18 2019	1000	0.415	-x3	CYC: 0 (k=0)	RND:-	i waves/tubespit/tubespit-58-tcycle.txt (800 bp) REC:1000	332	N/A: 0
v3.56	Tue Mar 12 07:42:20 2019	1000	0.450	-x3	CYC: 0 (k=0)	RND:-	i waves/tubespit/tubespit-59-tcycle.txt (800 bp) REC:1000	360	N/A: 0
v3.56	Tue Mar 12 07:42:22 2019	1000	0.445	-x3	CYC: 0 (k=0)	RND:-	i waves/tubespit/tubespit-60-tbslp2.txt (800 bp) REC:1000	356	N/A: 0
v3.56	Tue Mar 12 07:42:23 2019	1000	0.389	-x3	CYC: 0 (k=0)	RND:-	i waves/tubespit/tubespit-61-tghost.txt (800 bp) REC:1000	311	N/A: 0
v3.56	Tue Mar 12 07:42:25 2019	1000	0.400	-x3	CYC: 2 (k=3)	RND:-	i waves/tubespit/tubespit-62-tuckup.txt (100 bp) REC:1000	40	N/A: 0
v3.56	Tue Mar 12 07:42:26 2019	1000	0.380	-x3	CYC: 3 (k=3)	RND:-	i waves/tubespit/tubespit-63-cnudge.txt (100 bp) REC:1000	38	N/A: 0
v3.56	Tue Mar 12 07:42:26 2019	1000	0.470	-x3	CYC: 2 (k=3)	RND:-	i waves/tubespit/tubespit-64-sndge0.txt (100 bp) REC:1000	47	N/A: 0
v3.56	Tue Mar 12 07:42:26 2019	1000	0.540	-x3	CYC: 0 (k=0)	RND:-	i waves/tubespit/tubespit-64-sndge1.txt (100 bp) REC:1000	54	N/A: 0
v3.56	Tue Mar 12 07:42:27 2019	1000	0.360	-x3	CYC: 0 (k=0)	RND:-	i waves/tubespit/tubespit-64-sndge2.txt (100 bp) REC:1000	36	N/A: 0
v3.56	Tue Mar 12 07:42:27 2019	1000	0.450	-x3	CYC: 0 (k=0)	RND:-	i waves/tubespit/tubespit-64-sndge3.txt (100 bp) REC:1000	45	N/A: 0
v3.56	Tue Mar 12 07:42:28 2019	1000	0.400	-x3	CYC: 0 (k=0)	RND:-	i waves/tubespit/tubespit-64-sndge4.txt (100 bp) REC:1000	40	N/A: 0
v3.56	Tue Mar 12 07:42:28 2019	1000	0.380	-x3	CYC: 0 (k=0)	RND:-	i waves/tubespit/tubespit-64-sndge5.txt (100 bp) REC:1000	38	N/A: 0
v3.56	Tue Mar 12 07:42:29 2019	1000	0.430	-x3	CYC: 0 (k=0)	RND:-	i waves/tubespit/tubespit-64-sndge6.txt (100 bp) REC:1000	43	N/A: 0
v3.56	Tue Mar 12 07:42:29 2019	1000	0.480	-x3	CYC: 0 (k=0)	RND:-	i waves/tubespit/tubespit-64-sndge7.txt (100 bp) REC:1000	48	N/A: 0
v3.56	Tue Mar 12 07:42:29 2019	1000	0.530	-x3	CYC: 0 (k=0)	RND:-	i waves/tubespit/tubespit-64-sndge8.txt (100 bp) REC:1000	53	N/A: 0
v3.56	Tue Mar 12 07:42:30 2019	1000	0.340	-x3	CYC: 0 (k=0)	RND:-	i waves/tubespit/tubespit-64-sndge9.txt (100 bp) REC:1000	34	N/A: 0
v3.56	Tue Mar 12 07:42:30 2019	1000	0.340	-x3	CYC: 0 (k=0)	RND:-	i waves/tubespit/tubespit-65-consen.txt (100 bp) REC:1000	34	N/A: 0
v3.56	Tue Mar 12 07:42:31 2019	1000	0.230	-x3	CYC: 1 (k=3)	RND:-	i waves/tubespit/tubespit-66-consen.txt (100 bp) REC:1000	23	N/A: 0
v3.56	Tue Mar 12 07:42:31 2019	1000	0.380	-x3	CYC: 0 (k=0)	RND:-	i waves/tubespit/tubespit-67-bslclr.txt (100 bp) REC:1000	38	N/A: 0
v3.56	Tue Mar 12 07:42:32 2019	1000	0.430	-x3	CYC: 0 (k=0)	RND:-	i waves/tubespit/tubespit-68-dRaggd.txt (100 bp) REC:1000	43	N/A: 0
v3.56	Tue Mar 12 07:42:32 2019	1000	0.470	-x3	CYC: 0 (k=0)	RND:-	i waves/tubespit/tubespit-69-ktrans.txt (100 bp) REC:1000	47	N/A: 0
v3.56	Tue Mar 12 07:42:32 2019	1000	0.420	-x3	CYC: 0 (k=0)	RND:-	i waves/tubespit/tubespit-70-ktrans.txt (100 bp) REC:1000	42	N/A: 0
v3.56	Tue Mar 12 07:42:33 2019	1000	0.390	-x3	CYC: 0 (k=0)	RND:-	i waves/tubespit/tubespit-71-ktrans.txt (100 bp) REC:1000	39	N/A: 0
v3.56	Tue Mar 12 07:42:33 2019	1000	0.340	-x3	CYC: 0 (k=0)	RND:-	i waves/tubespit/tubespit-72-ktrans.txt (100 bp) REC:1000	34	N/A: 0
v3.56	Tue Mar 12 07:42:34 2019	1000	0.430	-x3	CYC: 0 (k=0)	RND:-	i waves/tubespit/tubespit-73-ktrans.txt (100 bp) REC:1000	43	N/A: 0
v3.56	Tue Mar 12 07:42:34 2019	1000	0.460	-x3	CYC: 0 (k=0)	RND:-	i waves/tubespit/tubespit-74-ktrans.txt (100 bp) REC:1000	46	N/A: 0
v3.56	Tue Mar 12 07:42:34 2019	1000	0.370	-x3	CYC: 0 (k=0)	RND:-	i waves/tubespit/tubespit-75-ktrans.txt (100 bp) REC:1000	37	N/A: 0
v3.56	Tue Mar 12 07:42:35 2019	1000	0.390	-x3	CYC: 1 (k=3)	RND:-	i waves/tubespit/tubespit-76-ktrans.txt (100 bp) REC:1000	39	N/A: 0
v3.56	Tue Mar 12 07:42:35 2019	1000	0.490	-x3	CYC: 0 (k=0)	RND:-	i waves/tubespit/tubespit-77-ktrans.txt (100 bp) REC:1000	49	N/A: 0
v3.56	Tue Mar 12 07:42:36 2019	1000	0.420	-x3	CYC: 0 (k=0)	RND:-	i waves/tubespit/tubespit-78-ktrans.txt (100 bp) REC:1000	42	N/A: 0
v3.56	Tue Mar 12 07:42:36 2019	1000	0.500	-x3	CYC: 0 (k=0)	RND:-	i waves/tubespit/tubespit-79-kcheck.txt (100 bp) REC:1000	50	N/A: 0
v3.56	Tue Mar 12 07:42:37 2019	1000	0.410	-x3	CYC: 0 (k=0)	RND:-	i waves/tubespit/tubespit-80-kcheck.txt (100 bp) REC:1000	41	N/A: 0
v3.56	Tue Mar 12 07:42:37 2019	1000	0.380	-x3	CYC: 0 (k=0)	RND:-	i waves/tubespit/tubespit-81-kcheck.txt (100 bp) REC:1000	38	N/A: 0
v3.56	Tue Mar 12 07:42:37 2019	1000	0.540	-x3	CYC: 0 (k=0)	RND:-	i waves/tubespit/tubespit-82-kcheck.txt (100 bp) REC:1000	54	N/A: 0
v3.56	Tue Mar 12 07:42:38 2019	1000	0.420	-x3	CYC: 0 (k=0)	RND:-	i waves/tubespit/tubespit-83-shadow.txt (100 bp) REC:1000	42	N/A: 0
v3.56	Tue Mar 12 07:42:38 2019	1000	0.490	-x3	CYC: 0 (k=0)	RND:-	i waves/tubespit/tubespit-84-shadow.txt (100 bp) REC:1000	49	N/A: 0
v3.56	Tue Mar 12 07:42:39 2019	1000	0.430	-x3	CYC: 0 (k=0)	RND:-	i waves/tubespit/tubespit-85-adjDTH.txt (100 bp) REC:1000	43	N/A: 0
v3.56	Tue Mar 12 07:42:39 2019	1000	0.430	-x3	CYC: 0 (k=0)	RND:-	i waves/tubespit/tubespit-86-adjDTH.txt (100 bp) REC:1000	43	N/A: 0
v3.56	Tue Mar 12 07:42:40 2019	1000	0.440	-x3	CYC: 0 (k=0)	RND:-	i waves/tubespit/tubespit-87-adjDTH.txt (100 bp) REC:1000	44	N/A: 0
v3.56	Tue Mar 12 07:42:40 2019	1000	0.330	-x3	CYC: 2 (k=3)	RND:-	i waves/tubespit/tubespit_v343_14.txt (100 bp) REC:1000	33	N/A: 0
v3.56	Tue Mar 12 07:42:40 2019	1000	0.420	-x3	CYC: 0 (k=0)	RND:-	i waves/tubespit/tubespit_v343_19.txt (100 bp) REC:1000	42	N/A: 0
v3.56	Tue Mar 12 07:42:41 2019	1000	0.430	-x3	CYC: 0 (k=0)	RND:-	i waves/tubespit/tubespit_v344_03.txt (100 bp) REC:1000	43	N/A: 0
v3.56	Tue Mar 12 07:42:41 2019	1000	0.340	-x3	CYC: 0 (k=0)	RND:-	i waves/tubespit/tubespit_v344_05.txt (100 bp) REC:1000	34	N/A: 0
v3.56	Tue Mar 12 07:42:42 2019	1000	0.500	-x3	CYC: 0 (k=0)	RND:-	i waves/tubespit/tubespit_v344_06.txt (100 bp) REC:1000	50	N/A: 0
v3.56	Tue Mar 12 07:42:42 2019	1000	0.450	-x3	CYC: 0 (k=0)	RND:-	i waves/tubespit/tubespit_v344_11.txt (100 bp) REC:1000	45	N/A: 0
v3.56	Tue Mar 12 07:42:42 2019	1000	0.320	-x3	CYC: 0 (k=0)	RND:-	i waves/tubespit/tubespit_v344_14.txt (100 bp) REC:1000	32	N/A: 0
v3.56	Tue Mar 12 07:42:43 2019	1000	0.390	-x3	CYC: 0 (k=0)	RND:-	i waves/tubespit/tubespit_v344_15.txt (100 bp) REC:1000	39	N/A: 0
v3.56	Tue Mar 12 07:42:43 2019	1000	0.440	-x3	CYC: 0 (k=0)	RND:-	i waves/tubespit/tubespit_v344_19.txt (100 bp) REC:1000	44	N/A: 0
v3.56	Tue Mar 12 07:42:44 2019	1000	0.430	-x3	CYC: 0 (k=0)	RND:-	i waves/tubespit/tubespit_v344_20.txt (100 bp) REC:1000	43	N/A: 0
v3.56	Tue Mar 12 07:42:44 2019	1000	0.280	-x3	CYC: 0 (k=0)	RND:-	i waves/tubespit/tubespit_v344_21.txt (100 bp) REC:1000	28	N/A: 0
v3.56	Tue Mar 12 07:42:45 2019	1000	0.520	-x3	CYC: 0 (k=0)	RND:-	i waves/tubespit/tubespit_v344_31.txt (100 bp) REC:1000	52	N/A: 0
v3.56	Tue Mar 12 07:42:45 2019	1000	0.450	-x3	CYC: 0 (k=0)	RND:-	i waves/tubespit/tubespit_v344_32.txt (100 bp) REC:1000	45	N/A: 0
v3.56	Tue Mar 12 07:42:45 2019	1000	0.410	-x3	CYC: 0 (k=0)	RND:-	i waves/tubespit/tubespit_v344_35.txt (100 bp) REC:1000	41	N/A: 0
v3.56	Tue Mar 12 07:42:46 2019	1000	0.520	-x3	CYC: 0 (k=0)	RND:-	i waves/tubespit/tubespit_v344_36.txt (100 bp) REC:1000	52	N/A: 0
v3.56	Tue Mar 12 07:42:46 2019	1000	0.580	-x3	CYC: 0 (k=0)	RND:-	i waves/chowder/chowder_v327_52.txt (100 bp) REC:1000	58	N/A: 0
v3.56	Tue Mar 12 07:42:47 2019	1000	0.430	-x3	CYC: 0 (k=0)	RND:-	i waves/chowder/chowder_v343_01.txt (100 bp) REC:1000	43	N/A: 0
v3.56	Tue Mar 12 07:42:47 2019	1000	0.570	-x3	CYC: 0 (k=0)	RND:-	i waves/chowder/chowder_v343_02.txt (100 bp) REC:1000	57	N/A: 0
v3.56	Tue Mar 12 07:42:47 2019	1000	0.340	-x3	CYC: 0 (k=0)	RND:-	i waves/chowder/chowder_v343_03.txt (100 bp) REC:1000	34	N/A: 0
v3.56	Tue Mar 12 07:42:48 2019	1000	0.380	-x3	CYC: 0 (k=0)	RND:-	i waves/chowder/chowder_v343_04.txt (100 bp) REC:1000	38	N/A: 0
v3.56	Tue Mar 12 07:42:48 2019	 959	0.490	-x3	CYC: 1 (k=3)	RND:-	i waves/chowder/chowder_v343_05.txt (100 bp) REC: 290	49	N/A: 0
v3.56	Tue Mar 12 07:42:49 2019	1000	0.470	-x3	CYC: 0 (k=0)	RND:-	i waves/chowder/chowder_v343_06.txt (100 bp) REC:1000	47	N/A: 0
v3.56	Tue Mar 12 07:42:49 2019	1000	0.410	-x3	CYC: 0 (k=0)	RND:-	i waves/chowder/chowder_v343_07.txt (100 bp) REC:1000	41	N/A: 0
v3.56	Tue Mar 12 07:42:50 2019	 857	0.350	-x3	CYC: 1 (k=3)	RND:-	i waves/chowder/chowder_v343_08.txt (100 bp) REC: 310	35	N/A: 0
v3.56	Tue Mar 12 07:42:50 2019	1000	0.290	-x3	CYC: 1 (k=3)	RND:-	i waves/chowder/chowder_v343_09.txt (100 bp) REC:1000	29	N/A: 0
v3.56	Tue Mar 12 07:42:50 2019	 923	0.260	-x3	CYC: 0 (k=0)	RND:-	i waves/chowder/chowder_v343_10.txt (100 bp) REC: 430	26	N/A: 0
v3.56	Tue Mar 12 07:42:51 2019	 935	0.310	-x3	CYC: 0 (k=0)	RND:-	i waves/chowder/chowder_v343_11.txt (100 bp) REC: 370	31	N/A: 0
v3.56	Tue Mar 12 07:42:51 2019	1000	0.490	-x3	CYC: 0 (k=0)	RND:-	i waves/chowder/chowder_v343_12.txt (100 bp) REC:1000	49	N/A: 0
v3.56	Tue Mar 12 07:42:52 2019	1000	0.380	-x3	CYC: 0 (k=0)	RND:-	i waves/chowder/chowder_v343_13.txt (100 bp) REC:1000	38	N/A: 0
v3.56	Tue Mar 12 07:42:52 2019	1000	0.370	-x3	CYC: 0 (k=0)	RND:-	i waves/chowder/chowder_v343_17.txt (100 bp) REC:1000	37	N/A: 0
v3.56	Tue Mar 12 07:42:53 2019	1000	0.520	-x3	CYC: 0 (k=0)	RND:-	i waves/chowder/chowder_v343_18.txt (100 bp) REC:1000	52	N/A: 0
v3.56	Tue Mar 12 07:42:53 2019	 961	0.520	-x3	CYC: 1 (k=3)	RND:-	i waves/chowder/chowder_v343_20.txt (100 bp) REC: 290	52	N/A: 0
v3.56	Tue Mar 12 07:42:53 2019	 962	0.530	-x3	CYC: 1 (k=3)	RND:-	i waves/chowder/chowder_v343_21.txt (100 bp) REC: 260	53	N/A: 0
v3.56	Tue Mar 12 07:42:54 2019	1000	0.500	-x3	CYC: 0 (k=0)	RND:-	i waves/chowder/chowder_v343_22.txt (100 bp) REC:1000	50	N/A: 0
v3.56	Tue Mar 12 07:42:54 2019	1000	0.480	-x3	CYC: 0 (k=0)	RND:-	i waves/chowder/chowder_v343_23.txt (100 bp) REC:1000	48	N/A: 0
v3.56	Tue Mar 12 07:42:55 2019	1000	0.360	-x3	CYC: 0 (k=0)	RND:-	i waves/chowder/chowder_v343_24.txt (100 bp) REC:1000	36	N/A: 0
v3.56	Tue Mar 12 07:42:55 2019	1000	0.360	-x3	CYC: 0 (k=0)	RND:-	i waves/chowder/chowder_v343_25.txt (100 bp) REC:1000	36	N/A: 0
v3.56	Tue Mar 12 07:42:56 2019	1000	0.430	-x3	CYC: 0 (k=0)	RND:-	i waves/chowder/chowder_v344_01.txt (100 bp) REC:1000	43	N/A: 0
v3.56	Tue Mar 12 07:42:56 2019	1000	0.510	-x3	CYC: 0 (k=0)	RND:-	i waves/chowder/chowder_v344_02.txt (100 bp) REC:1000	51	N/A: 0
v3.56	Tue Mar 12 07:42:56 2019	 977	0.450	-x3	CYC: 0 (k=0)	RND:-	i waves/chowder/chowder_v344_04.txt (100 bp) REC: 270	45	N/A: 0
v3.56	Tue Mar 12 07:42:57 2019	1000	0.400	-x3	CYC: 0 (k=0)	RND:-	i waves/chowder/chowder_v344_07.txt (100 bp) REC:1000	40	N/A: 0
v3.56	Tue Mar 12 07:42:57 2019	1000	0.470	-x3	CYC: 0 (k=0)	RND:-	i waves/chowder/chowder_v344_08.txt (100 bp) REC:1000	47	N/A: 0
v3.56	Tue Mar 12 07:42:58 2019	1000	0.390	-x3	CYC: 0 (k=0)	RND:-	i waves/chowder/chowder_v344_09.txt (100 bp) REC:1000	39	N/A: 0
v3.56	Tue Mar 12 07:42:58 2019	1000	0.500	-x3	CYC: 0 (k=0)	RND:-	i waves/chowder/chowder_v344_10.txt (100 bp) REC:1000	50	N/A: 0
v3.56	Tue Mar 12 07:42:58 2019	1000	0.490	-x3	CYC: 0 (k=0)	RND:-	i waves/chowder/chowder_v344_12.txt (100 bp) REC:1000	49	N/A: 0
v3.56	Tue Mar 12 07:42:59 2019	1000	0.430	-x3	CYC: 0 (k=0)	RND:-	i waves/chowder/chowder_v344_13.txt (100 bp) REC:1000	43	N/A: 0
v3.56	Tue Mar 12 07:42:59 2019	 935	0.310	-x3	CYC: 1 (k=3)	RND:-	i waves/chowder/chowder_v344_16.txt (100 bp) REC: 280	31	N/A: 0
v3.56	Tue Mar 12 07:43:00 2019	1000	0.520	-x3	CYC: 0 (k=0)	RND:-	i waves/chowder/chowder_v344_17.txt (100 bp) REC:1000	52	N/A: 0
v3.56	Tue Mar 12 07:43:00 2019	 861	0.360	-x3	CYC: 1 (k=3)	RND:-	i waves/chowder/chowder_v344_18.txt (100 bp) REC: 320	36	N/A: 0
v3.56	Tue Mar 12 07:43:01 2019	1000	0.340	-x3	CYC: 0 (k=0)	RND:-	i waves/chowder/chowder_v344_22.txt (100 bp) REC:1000	34	N/A: 0
v3.56	Tue Mar 12 07:43:01 2019	 976	0.430	-x3	CYC: 1 (k=2)	RND:-	i waves/chowder/chowder_v344_23.txt (100 bp) REC: 770	43	N/A: 0
v3.56	Tue Mar 12 07:43:01 2019	1000	0.490	-x3	CYC: 0 (k=0)	RND:-	i waves/chowder/chowder_v344_24.txt (100 bp) REC:1000	49	N/A: 0
v3.56	Tue Mar 12 07:43:02 2019	1000	0.350	-x3	CYC: 0 (k=0)	RND:-	i waves/chowder/chowder_v344_25.txt (100 bp) REC:1000	35	N/A: 0
v3.56	Tue Mar 12 07:43:02 2019	 912	0.570	-x3	CYC: 1 (k=3)	RND:-	i waves/chowder/chowder_v344_26.txt (100 bp) REC: 320	57	N/A: 0
v3.56	Tue Mar 12 07:43:03 2019	1000	0.390	-x3	CYC: 0 (k=0)	RND:-	i waves/chowder/chowder_v344_27.txt (100 bp) REC:1000	39	N/A: 0
v3.56	Tue Mar 12 07:43:03 2019	1000	0.380	-x3	CYC: 0 (k=0)	RND:-	i waves/chowder/chowder_v344_28.txt (100 bp) REC:1000	38	N/A: 0
v3.56	Tue Mar 12 07:43:04 2019	1000	0.430	-x3	CYC: 0 (k=0)	RND:-	i waves/chowder/chowder_v344_29.txt (100 bp) REC:1000	43	N/A: 0
v3.56	Tue Mar 12 07:43:04 2019	1000	0.410	-x3	CYC: 0 (k=0)	RND:-	i waves/chowder/chowder_v344_30.txt (100 bp) REC:1000	41	N/A: 0
v3.56	Tue Mar 12 07:43:04 2019	1000	0.420	-x3	CYC: 1 (k=3)	RND:-	i waves/chowder/chowder_v344_33.txt (100 bp) REC:1000	42	N/A: 0
v3.56	Tue Mar 12 07:43:05 2019	1000	0.490	-x3	CYC: 0 (k=0)	RND:-	i waves/chowder/chowder_v344_34.txt (100 bp) REC:1000	49	N/A: 0
